00:02	账号37角色1 每日任务换角色出错
00:02	重新开始登陆
00:07	账号37 江苏6区每日任务开始时间： 00:07
00:09	账号37角色1 每日任务换角色出错
00:09	重新开始登陆
00:14	账号37 江苏6区每日任务开始时间： 00:14
00:18	账号37角色1 每日任务换角色出错
00:18	重新开始登陆
00:26	选频道出错
00:26	重新开始登陆
00:29	重新开始登陆
00:36	选角色出错
00:36	重新开始登陆
00:50	重新开始登陆
00:59	重新开始登陆
01:19	选频道出错
01:20	重新开始登陆
01:26	选频道出错
01:26	重新开始登陆
01:29	重新开始登陆
01:38	选频道出错
01:38	重新开始登陆
01:50	选频道出错
01:50	重新开始登陆
01:59	重新开始登陆
02:19	选频道出错
02:19	重新开始登陆
02:21	重新开始登陆
02:29	选频道出错
02:29	重新开始登陆
02:37	账号39 四川3区每日任务开始时间： 02:37
02:39	账号39角色1 每日任务换角色出错
02:39	重新开始登陆
02:41	重新开始登陆
02:51	重新开始登陆
03:02	重新开始登陆
03:12	账号39 四川3区每日任务开始时间： 03:12
03:14	账号39角色1 每日任务换角色出错
03:14	重新开始登陆
03:23	重新开始登陆
03:29	账号39 四川3区每日任务开始时间： 03:29
03:31	账号39角色1 每日任务换角色出错
03:31	重新开始登陆
03:36	账号39 四川3区每日任务开始时间： 03:36
03:38	账号39角色1 每日任务换角色出错
03:38	重新开始登陆
03:46	重新开始登陆
03:52	账号39 四川3区每日任务开始时间： 03:52
03:54	账号39角色1 每日任务换角色出错
03:54	重新开始登陆
03:59	账号39 四川3区每日任务开始时间： 03:59
04:05	账号39 四川3区每日任务完成
04:05	账号39 四川3区每日任务结束时间： 04:05
04:05	四川3区-角色1	开始
04:09	！！！大区39 四川3区角色1开始扫拍
04:09	！！！大区39 四川3区角色1结束扫拍
04:09	！！！大区39 四川3区角色1开始变换
04:13	！！大区39 四川3区角色1结束变换
04:18	账号39 四川3区每日任务完成
04:18	账号39 四川3区每日任务结束时间： 04:18
04:18	四川3区-角色1	开始
04:23	超过上架上限
04:25	账号39 四川3区每日任务结束时间： 04:25
04:25	四川3区-角色2	开始
04:31	！！！大区39 四川3区角色2开始扫拍
04:33	扫拍价格: 60000自己上架价格: 0
04:33	扫拍价格: 55555自己上架价格: 0
04:34	扫拍价格: 102003自己上架价格: 0
04:34	扫拍价格: 102003自己上架价格: 0
04:34	扫拍价格: 126294自己上架价格: 0
04:34	扫拍价格: 49800自己上架价格: 0
04:34	扫拍价格: 50000自己上架价格: 0
04:34	扫拍价格: 95208自己上架价格: 0
04:35	扫拍价格: 44899自己上架价格: 0
04:35	扫拍价格: 64899自己上架价格: 0
04:35	扫拍价格: 133845自己上架价格: 0
04:35	扫拍价格: 133845自己上架价格: 0
04:35	扫拍价格: 133845自己上架价格: 0
04:35	扫拍价格: 80000自己上架价格: 0
04:35	扫拍价格: 129766自己上架价格: 0
04:36	扫拍价格: 77689自己上架价格: 0
04:36	扫拍价格: 147689自己上架价格: 0
04:37	扫拍价格: 131708自己上架价格: 0
04:37	扫拍价格: 131708自己上架价格: 0
04:37	扫拍价格: 131708自己上架价格: 0
04:38	扫拍价格: 60000自己上架价格: 0
04:38	扫拍价格: 106457自己上架价格: 115000
04:38	扫拍价格: 132997自己上架价格: 115000
04:38	扫拍价格: 144455自己上架价格: 110000
04:38	扫拍价格: 167716自己上架价格: 0
04:38	扫拍价格: 167716自己上架价格: 0
04:38	扫拍价格: 264164自己上架价格: 115000
04:40	扫拍价格: 50000自己上架价格: 0
04:40	扫拍价格: 100000自己上架价格: 0
04:40	扫拍价格: 122222自己上架价格: 115800
04:40	扫拍价格: 155370自己上架价格: 0
04:40	扫拍价格: 155370自己上架价格: 0
04:40	扫拍价格: 166666自己上架价格: 115800
04:41	扫拍价格: 201259自己上架价格: 115800
04:41	扫拍价格: 201259自己上架价格: 117200
04:41	扫拍价格: 211111自己上架价格: 110128
04:41	扫拍价格: 211111自己上架价格: 110008
04:41	扫拍价格: 300000自己上架价格: 190512
04:41	！！！大区39 四川3区角色2结束扫拍
04:41	！！！大区39 四川3区角色2开始变换
04:45	！！大区39 四川3区角色2结束变换
04:45	账号39 四川3区每日任务结束时间： 04:45
04:45	四川3区-角色2	开始
04:49	账号39 四川3区每日任务结束时间： 04:49
04:49	四川3区-角色3	开始
04:53	！！！大区39 四川3区角色3开始扫拍
04:53	扫拍价格: 88888自己上架价格: 0
04:53	扫拍价格: 189999自己上架价格: 0
04:53	扫拍价格: 243602自己上架价格: 0
04:53	扫拍价格: 243602自己上架价格: 0
04:54	扫拍价格: 50000自己上架价格: 0
04:54	扫拍价格: 80000自己上架价格: 0
04:54	扫拍价格: 111322自己上架价格: 0
04:54	扫拍价格: 111322自己上架价格: 0
04:54	扫拍价格: 130000自己上架价格: 115000
04:55	扫拍价格: 150850自己上架价格: 110000
04:55	扫拍价格: 188888自己上架价格: 110000
04:55	扫拍价格: 400000自己上架价格: 179800
04:55	扫拍价格: 32269自己上架价格: 0
04:55	扫拍价格: 32270自己上架价格: 0
04:55	扫拍价格: 32271自己上架价格: 0
04:55	扫拍价格: 32272自己上架价格: 0
04:56	扫拍价格: 32273自己上架价格: 0
04:56	扫拍价格: 32274自己上架价格: 0
04:56	扫拍价格: 32275自己上架价格: 0
04:56	扫拍价格: 37750自己上架价格: 0
04:56	扫拍价格: 37751自己上架价格: 0
04:56	扫拍价格: 37752自己上架价格: 0
04:56	扫拍价格: 37753自己上架价格: 0
04:56	扫拍价格: 37754自己上架价格: 0
04:56	扫拍价格: 37754自己上架价格: 0
04:56	扫拍价格: 37754自己上架价格: 0
04:56	扫拍价格: 37756自己上架价格: 0
04:56	扫拍价格: 37756自己上架价格: 0
04:56	扫拍价格: 60000自己上架价格: 0
04:57	扫拍价格: 82317自己上架价格: 0
04:58	扫拍价格: 73341自己上架价格: 0
04:58	扫拍价格: 77777自己上架价格: 0
04:58	扫拍价格: 77777自己上架价格: 0
04:58	扫拍价格: 77777自己上架价格: 0
04:58	扫拍价格: 77777自己上架价格: 0
04:58	扫拍价格: 77777自己上架价格: 0
04:58	扫拍价格: 153341自己上架价格: 0
04:58	扫拍价格: 153341自己上架价格: 0
04:59	扫拍价格: 156461自己上架价格: 0
04:59	扫拍价格: 58564自己上架价格: 0
04:59	扫拍价格: 77777自己上架价格: 0
04:59	扫拍价格: 100000自己上架价格: 0
04:59	扫拍价格: 155555自己上架价格: 0
04:59	扫拍价格: 158564自己上架价格: 0
04:59	扫拍价格: 158564自己上架价格: 0
05:00	扫拍价格: 40000自己上架价格: 0
05:00	扫拍价格: 130000自己上架价格: 0
05:00	扫拍价格: 67110自己上架价格: 0
05:01	扫拍价格: 77777自己上架价格: 0
05:02	扫拍价格: 48888自己上架价格: 0
05:02	扫拍价格: 51000自己上架价格: 0
05:02	扫拍价格: 89674自己上架价格: 0
05:02	扫拍价格: 89674自己上架价格: 0
05:03	扫拍价格: 110002自己上架价格: 0
05:03	扫拍价格: 110555自己上架价格: 0
05:03	扫拍价格: 191357自己上架价格: 195000
05:03	扫拍价格: 203596自己上架价格: 0
05:03	扫拍价格: 60000自己上架价格: 0
05:03	扫拍价格: 80000自己上架价格: 0
05:03	扫拍价格: 100000自己上架价格: 0
05:05	扫拍价格: 88888自己上架价格: 0
05:05	扫拍价格: 189999自己上架价格: 0
05:05	扫拍价格: 243602自己上架价格: 0
05:05	扫拍价格: 243602自己上架价格: 0
05:06	扫拍价格: 50000自己上架价格: 0
05:06	扫拍价格: 80000自己上架价格: 0
05:06	扫拍价格: 111322自己上架价格: 0
05:06	扫拍价格: 111322自己上架价格: 0
05:06	扫拍价格: 130000自己上架价格: 115000
05:06	扫拍价格: 150850自己上架价格: 110000
05:06	扫拍价格: 188888自己上架价格: 110000
05:06	扫拍价格: 400000自己上架价格: 179800
05:06	！！！大区39 四川3区角色3结束扫拍
05:06	！！！大区39 四川3区角色3开始变换
05:12	！！大区39 四川3区角色3结束变换
05:12	账号39 四川3区每日任务结束时间： 05:12
05:13	四川3区-角色3	开始
05:18	账号39 四川3区每日任务结束时间： 05:18
05:18	四川3区-角色4	开始
05:21	！！！大区39 四川3区角色4开始扫拍
05:22	扫拍价格: 32983自己上架价格: 0
05:22	扫拍价格: 32984自己上架价格: 0
05:22	扫拍价格: 32985自己上架价格: 0
05:23	扫拍价格: 39999自己上架价格: 0
05:23	扫拍价格: 51110自己上架价格: 0
05:23	扫拍价格: 66666自己上架价格: 0
05:23	扫拍价格: 115483自己上架价格: 0
05:24	扫拍价格: 157432自己上架价格: 0
05:24	扫拍价格: 60000自己上架价格: 0
05:24	扫拍价格: 120000自己上架价格: 0
05:24	扫拍价格: 141968自己上架价格: 0
05:25	扫拍价格: 197010自己上架价格: 110000
05:25	扫拍价格: 197110自己上架价格: 0
05:25	扫拍价格: 39200自己上架价格: 0
05:25	扫拍价格: 40000自己上架价格: 0
05:25	扫拍价格: 44443自己上架价格: 0
05:25	扫拍价格: 44443自己上架价格: 0
05:25	扫拍价格: 44444自己上架价格: 0
05:25	扫拍价格: 46660自己上架价格: 0
05:25	扫拍价格: 60000自己上架价格: 0
05:25	扫拍价格: 69111自己上架价格: 0
05:26	扫拍价格: 146660自己上架价格: 0
05:26	扫拍价格: 50000自己上架价格: 0
05:27	扫拍价格: 147832自己上架价格: 0
05:27	扫拍价格: 151111自己上架价格: 0
05:27	扫拍价格: 200000自己上架价格: 115800
05:27	扫拍价格: 50000自己上架价格: 0
05:27	扫拍价格: 80991自己上架价格: 0
05:28	扫拍价格: 38306自己上架价格: 0
05:28	扫拍价格: 38499自己上架价格: 0
05:29	扫拍价格: 50000自己上架价格: 0
05:29	扫拍价格: 55555自己上架价格: 0
05:29	扫拍价格: 100000自己上架价格: 0
05:29	扫拍价格: 103750自己上架价格: 115000
05:29	扫拍价格: 109118自己上架价格: 0
05:29	扫拍价格: 120442自己上架价格: 115000
05:30	扫拍价格: 88888自己上架价格: 0
05:30	扫拍价格: 100000自己上架价格: 0
05:30	扫拍价格: 122288自己上架价格: 0
05:30	扫拍价格: 222288自己上架价格: 0
05:30	扫拍价格: 222288自己上架价格: 0
05:30	扫拍价格: 222288自己上架价格: 0
05:30	扫拍价格: 222288自己上架价格: 0
05:31	扫拍价格: 150000自己上架价格: 0
05:31	扫拍价格: 196453自己上架价格: 115000
05:31	扫拍价格: 200000自己上架价格: 0
05:31	扫拍价格: 222159自己上架价格: 0
05:31	扫拍价格: 273601自己上架价格: 115800
05:31	扫拍价格: 340107自己上架价格: 130000
05:31	扫拍价格: 2221590自己上架价格: 0
05:32	扫拍价格: 125297自己上架价格: 0
05:32	扫拍价格: 146374自己上架价格: 0
05:34	扫拍价格: 39999自己上架价格: 0
05:34	扫拍价格: 51110自己上架价格: 0
05:35	扫拍价格: 66666自己上架价格: 0
05:35	扫拍价格: 115483自己上架价格: 0
05:35	扫拍价格: 157432自己上架价格: 0
05:35	扫拍价格: 60000自己上架价格: 0
05:35	扫拍价格: 120000自己上架价格: 0
05:36	扫拍价格: 141968自己上架价格: 0
05:36	扫拍价格: 197010自己上架价格: 110000
05:36	扫拍价格: 197110自己上架价格: 0
05:37	扫拍价格: 39200自己上架价格: 0
05:37	扫拍价格: 40000自己上架价格: 0
05:37	扫拍价格: 44443自己上架价格: 0
05:37	扫拍价格: 44443自己上架价格: 0
05:37	扫拍价格: 44444自己上架价格: 0
05:37	扫拍价格: 46660自己上架价格: 0
05:37	扫拍价格: 60000自己上架价格: 0
05:37	扫拍价格: 69111自己上架价格: 0
05:37	扫拍价格: 146660自己上架价格: 0
05:38	扫拍价格: 50000自己上架价格: 0
05:38	扫拍价格: 147832自己上架价格: 0
05:38	扫拍价格: 151111自己上架价格: 0
05:38	扫拍价格: 200000自己上架价格: 115800
05:39	扫拍价格: 50000自己上架价格: 0
05:39	扫拍价格: 80991自己上架价格: 0
05:40	扫拍价格: 88888自己上架价格: 0
05:40	扫拍价格: 100000自己上架价格: 0
05:40	扫拍价格: 122288自己上架价格: 0
05:40	扫拍价格: 222288自己上架价格: 0
05:40	扫拍价格: 222288自己上架价格: 0
05:40	扫拍价格: 222288自己上架价格: 0
05:40	扫拍价格: 222288自己上架价格: 0
05:41	扫拍价格: 150000自己上架价格: 0
05:41	扫拍价格: 196453自己上架价格: 115000
05:41	扫拍价格: 200000自己上架价格: 0
05:42	扫拍价格: 222159自己上架价格: 0
05:42	扫拍价格: 273601自己上架价格: 115800
05:42	扫拍价格: 340107自己上架价格: 130000
05:42	扫拍价格: 2221590自己上架价格: 0
05:42	扫拍价格: 125297自己上架价格: 0
05:42	扫拍价格: 146374自己上架价格: 0
05:43	！！！大区39 四川3区角色4结束扫拍
05:43	！！！大区39 四川3区角色4开始变换
05:47	！！大区39 四川3区角色4结束变换
05:47	账号39 四川3区每日任务结束时间： 05:47
05:47	四川3区-角色4	开始
05:53	超过上架上限
05:55	账号39 四川3区每日任务结束时间： 05:55
05:55	四川3区-角色5	开始
06:01	超过上架上限
06:02	重新开始登陆
06:09	账号37 江苏6区每日任务开始时间： 06:09
06:40	账号37 江苏6区每日任务完成
06:41	账号37 江苏6区每日任务结束时间： 06:41
06:41	江苏6区-角色1	开始
06:47	！！！大区37 江苏6区角色1开始扫拍
06:47	！！！大区37 江苏6区角色1结束扫拍
06:47	！！！大区37 江苏6区角色1开始变换
06:50	！！大区37 江苏6区角色1结束变换
07:23	账号37 江苏6区每日任务完成
07:24	账号37 江苏6区每日任务结束时间： 07:24
07:24	江苏6区-角色1	开始
07:28	！！！大区37 江苏6区角色1开始扫拍
07:28	！！！大区37 江苏6区角色1结束扫拍
07:28	！！！大区37 江苏6区角色1开始变换
07:31	！！大区37 江苏6区角色1结束变换
08:00	账号37 江苏6区每日任务完成
08:01	账号37 江苏6区每日任务结束时间： 08:01
08:01	江苏6区-角色1	开始
08:05	！！！大区37 江苏6区角色1开始扫拍
08:05	！！！大区37 江苏6区角色1结束扫拍
08:05	！！！大区37 江苏6区角色1开始变换
08:07	！！大区37 江苏6区角色1结束变换
08:39	账号37 江苏6区每日任务完成
08:40	账号37 江苏6区每日任务结束时间： 08:40
08:40	江苏6区-角色1	开始
08:44	！！！大区37 江苏6区角色1开始扫拍
08:44	！！！大区37 江苏6区角色1结束扫拍
08:44	！！！大区37 江苏6区角色1开始变换
08:46	！！大区37 江苏6区角色1结束变换
