00:01	账号33角色1 每日任务换角色出错
00:01	重新开始登陆
00:11	重新开始登陆
00:14	重新开始登陆
00:20	登录失败
00:20	重新开始登陆
00:32	选频道出错
00:32	重新开始登陆
00:45	登录失败
00:45	重新开始登陆
00:58	初始化配置出错
02:09	初始化配置出错
02:09	初始化配置出错
02:17	重新开始登陆
02:19	重新开始登陆
02:31	重新开始登陆
02:38	账号31 广西2区每日任务开始时间： 02:38
02:38	账号31 广西2区每日任务结束时间： 02:38
02:38	广西2区-角色1	开始
02:44	上架出错，下一个角色
02:45	账号31角色2 换角色出错
02:45	重新开始登陆
02:54	重新开始登陆
03:04	重新开始登陆
03:14	选频道出错
03:14	重新开始登陆
03:23	金币取仓失败
03:23	账号31 广西2区每日任务开始时间： 03:23
03:23	账号31 广西2区每日任务结束时间： 03:23
03:23	广西2区-角色2	开始
03:25	上架出错，下一个角色
03:27	账号31角色3 换角色出错
03:27	重新开始登陆
03:32	账号31 广西2区每日任务开始时间： 03:32
03:32	账号31 广西2区每日任务结束时间： 03:32
03:32	广西2区-角色3	开始
03:35	上架出错，下一个角色
03:37	账号31角色4 换角色出错
03:37	重新开始登陆
03:46	重新开始登陆
03:54	账号31 广西2区每日任务开始时间： 03:54
03:54	账号31 广西2区每日任务结束时间： 03:54
03:54	广西2区-角色4	开始
03:57	上架出错，下一个角色
03:58	账号31角色5 换角色出错
03:58	重新开始登陆
04:03	账号31 广西2区每日任务开始时间： 04:03
04:03	账号31 广西2区每日任务结束时间： 04:03
04:03	广西2区-角色5	开始
04:18	超过上架上限
04:18	重新开始登陆
04:23	账号32 广西3区每日任务开始时间： 04:23
04:34	账号32 广西3区每日任务完成
04:34	账号32 广西3区每日任务结束时间： 04:34
04:34	广西3区-角色1	开始
04:42	上架出错，下一个角色
04:43	账号32 广西3区每日任务结束时间： 04:43
04:43	广西3区-角色2	开始
04:48	上架出错，下一个角色
04:48	账号32 广西3区每日任务结束时间： 04:48
04:48	广西3区-角色3	开始
04:49	打开物品栏并整理失败-变换前失败
04:50	上架出错，下一个角色
04:50	账号32角色4 换角色出错
04:50	重新开始登陆
04:56	选频道出错
04:56	重新开始登陆
04:59	重新开始登陆
05:03	重新开始登陆
05:09	重新开始登陆
05:18	重新开始登陆
05:31	重新开始登陆
05:32	重新开始登陆
05:34	重新开始登陆
05:38	重新开始登陆
05:44	重新开始登陆
05:53	重新开始登陆
06:06	初始化配置出错
