Windows 系统字体替换工具 v1.6.0.2
操作开始时间：12/01/2015 19:59:08
-----------------------------------------------------------------------------------
正在等待父进程结束，如果十秒钟后还未结束，将会强行中止
主进程已经退出
正在结束资源管理器........成功
正在强行终止所有非系统进程
　　　　正在终止：SGTool .......成功
　　　　正在终止：SogouCloud .......成功
终止非系统进程完成
正在删除字体缓存........成功
正在创建备份目录.....2015-12-01 19-59-08.......完成
正在扫描系统字体.......成功
正在添加任务........
　　已添加替换任务：simsun.ttc

开始处理任务
　　正在运行替换任务：simsun.ttc
　　　　正在取得所有权...simsun.ttc成功
　　　　正在备份原始字体......成功
　　　　正在删除......
　　　　　　正在移动文件.......成功
　　　　正在复制新文件......成功复制，文件已经成功替换！



-----------------------------------------------------------------------------------
任务操作完成，成功处理字体 1 个，失败 0 个。
