Windows 系统字体替换工具 v1.6.0.2
操作开始时间：11/06/2015 21:41:29
-----------------------------------------------------------------------------------
正在等待父进程结束，如果十秒钟后还未结束，将会强行中止
主进程已经退出
正在结束资源管理器........成功
正在强行终止所有非系统进程
　　　　正在终止：ePowerEvent .......成功
　　　　正在终止：QQProtect .......成功
　　　　正在终止：XMP .......成功
　　　　正在终止：IAStorDataMgrSvc .......成功
　　　　正在终止：RtHDVBg .......成功
　　　　正在终止：Tencentdl .......成功
　　　　正在终止：iNodeMon .......成功
　　　　正在终止：TeamViewer_Service .......成功
　　　　正在终止：AuthenMngService .......成功
　　　　正在终止：mysqld .......成功
　　　　正在终止：LMutilps32 .......成功
　　　　正在终止：LMworker .......成功
　　　　正在终止：ePowerSvc .......成功
　　　　正在终止：AppleMobileDeviceService .......成功
　　　　正在终止：ePowerTray .......成功
　　　　正在终止：ZhuDongFangYu .......失败：拒绝访问。，跳过后续操作
　　　　正在终止：sqlwriter .......成功
　　　　正在终止：KKV .......成功
　　　　正在终止：IAStorIcon .......成功
　　　　正在终止：SynTPEnh .......成功
　　　　正在终止：pcee4 .......成功
　　　　正在终止：dsiwmis .......成功
　　　　正在终止：LManager .......成功
终止非系统进程完成
正在删除字体缓存........成功
正在创建备份目录.....2015-11-06 21-41-32.......完成
正在扫描系统字体.......成功
正在添加任务........
　　已添加替换任务：simsun.ttc

开始处理任务
　　正在运行替换任务：simsun.ttc
　　　　正在取得所有权...simsun.ttc成功
　　　　正在备份原始字体......成功
　　　　正在删除......
　　　　正在取得所有权...simsun.ttc.bak成功
　　　　　　正在删除已存在的临时文件：simsun.ttc.bak成功
　　　　　　正在移动文件.......成功
　　　　正在复制新文件......成功复制，文件已经成功替换！



-----------------------------------------------------------------------------------
任务操作完成，成功处理字体 1 个，失败 0 个。
