00:04	账号35 山西1区每日任务开始时间： 00:04
00:07	账号35角色1 每日任务换角色出错
00:07	重新开始登陆
00:11	登录失败
00:11	重新开始登陆
00:19	选频道出错
00:19	重新开始登陆
00:25	登录失败
00:25	重新开始登陆
00:37	选频道出错
00:37	重新开始登陆
00:47	重新开始登陆
01:05	选频道出错
01:05	重新开始登陆
01:07	重新开始登陆
01:16	重新开始登陆
01:27	重新开始登陆
01:36	登录失败
01:36	重新开始登陆
01:45	重新开始登陆
02:02	选角色出错
02:02	重新开始登陆
02:04	重新开始登陆
02:13	重新开始登陆
02:23	选频道出错
02:23	重新开始登陆
02:35	选频道出错
02:35	重新开始登陆
02:52	重新开始登陆
03:12	重新开始登陆
03:16	账号35 山西1区每日任务开始时间： 03:16
03:18	账号35角色1 每日任务换角色出错
03:18	重新开始登陆
03:23	账号35 山西1区每日任务开始时间： 03:23
03:25	账号35角色1 每日任务换角色出错
03:25	重新开始登陆
03:30	账号35 山西1区每日任务开始时间： 03:30
03:32	账号35角色1 每日任务换角色出错
03:32	重新开始登陆
03:36	账号35 山西1区每日任务开始时间： 03:36
03:38	账号35角色1 每日任务换角色出错
03:38	重新开始登陆
03:43	账号35 山西1区每日任务开始时间： 03:43
03:53	账号35 山西1区每日任务完成
03:54	账号35 山西1区每日任务结束时间： 03:54
03:54	山西1区-角色1	开始
03:57	！！！大区35 山西1区角色1开始扫拍
03:59	扫拍价格: 150000自己上架价格: 0
03:59	扫拍价格: 228385自己上架价格: 0
03:59	扫拍价格: 228385自己上架价格: 0
03:59	扫拍价格: 228385自己上架价格: 0
03:59	扫拍价格: 63887自己上架价格: 0
04:00	扫拍价格: 103887自己上架价格: 0
04:00	扫拍价格: 103887自己上架价格: 0
04:00	扫拍价格: 100000自己上架价格: 0
04:00	扫拍价格: 120000自己上架价格: 0
04:00	扫拍价格: 134328自己上架价格: 0
04:01	扫拍价格: 72969自己上架价格: 0
04:01	扫拍价格: 100000自己上架价格: 0
04:01	扫拍价格: 122182自己上架价格: 0
04:02	扫拍价格: 626411自己上架价格: 0
04:02	扫拍价格: 626411自己上架价格: 0
04:02	扫拍价格: 626411自己上架价格: 0
04:03	扫拍价格: 45000自己上架价格: 0
04:03	扫拍价格: 95170自己上架价格: 0
04:03	扫拍价格: 100000自己上架价格: 0
04:03	扫拍价格: 105170自己上架价格: 0
04:03	扫拍价格: 135170自己上架价格: 0
04:03	扫拍价格: 135170自己上架价格: 0
04:03	扫拍价格: 135170自己上架价格: 0
04:04	扫拍价格: 111111自己上架价格: 0
04:04	扫拍价格: 140000自己上架价格: 0
04:04	扫拍价格: 150000自己上架价格: 0
04:04	扫拍价格: 158277自己上架价格: 0
04:04	扫拍价格: 158277自己上架价格: 0
04:04	扫拍价格: 158277自己上架价格: 0
04:04	扫拍价格: 158277自己上架价格: 0
04:04	扫拍价格: 211111自己上架价格: 115000
04:04	扫拍价格: 211111自己上架价格: 135000
04:05	扫拍价格: 103952自己上架价格: 0
04:05	扫拍价格: 104475自己上架价格: 0
04:05	扫拍价格: 104475自己上架价格: 0
04:05	扫拍价格: 104475自己上架价格: 0
04:05	扫拍价格: 171417自己上架价格: 0
04:05	扫拍价格: 171417自己上架价格: 0
04:05	扫拍价格: 171417自己上架价格: 0
04:05	扫拍价格: 171417自己上架价格: 0
04:06	扫拍价格: 79600自己上架价格: 0
04:06	扫拍价格: 79600自己上架价格: 0
04:06	扫拍价格: 79600自己上架价格: 0
04:06	扫拍价格: 80705自己上架价格: 0
04:07	扫拍价格: 124896自己上架价格: 0
04:07	扫拍价格: 147691自己上架价格: 0
04:07	扫拍价格: 159776自己上架价格: 179800
04:07	扫拍价格: 200000自己上架价格: 138800
04:07	扫拍价格: 202236自己上架价格: 110000
04:07	扫拍价格: 211111自己上架价格: 173600
04:07	扫拍价格: 247691自己上架价格: 0
04:07	扫拍价格: 247691自己上架价格: 0
04:07	扫拍价格: 247691自己上架价格: 0
04:07	扫拍价格: 247691自己上架价格: 0
04:07	扫拍价格: 247691自己上架价格: 0
04:07	扫拍价格: 247691自己上架价格: 0
04:07	扫拍价格: 279776自己上架价格: 122200
04:08	扫拍价格: 169911自己上架价格: 0
04:08	扫拍价格: 232673自己上架价格: 0
04:08	扫拍价格: 47749自己上架价格: 0
04:09	扫拍价格: 163437自己上架价格: 115000
04:09	扫拍价格: 163437自己上架价格: 115000
04:09	扫拍价格: 199999自己上架价格: 0
04:09	扫拍价格: 206028自己上架价格: 115128
04:09	扫拍价格: 211111自己上架价格: 0
04:09	扫拍价格: 211111自己上架价格: 0
04:09	扫拍价格: 243318自己上架价格: 0
04:09	扫拍价格: 243318自己上架价格: 0
04:09	扫拍价格: 260000自己上架价格: 258200
04:09	扫拍价格: 324670自己上架价格: 0
04:10	扫拍价格: 150000自己上架价格: 0
04:10	扫拍价格: 228385自己上架价格: 0
04:10	扫拍价格: 228385自己上架价格: 0
04:11	扫拍价格: 228385自己上架价格: 0
04:11	扫拍价格: 63887自己上架价格: 0
04:11	扫拍价格: 103887自己上架价格: 0
04:11	扫拍价格: 103887自己上架价格: 0
04:11	扫拍价格: 100000自己上架价格: 0
04:11	扫拍价格: 120000自己上架价格: 0
04:11	扫拍价格: 134328自己上架价格: 0
04:12	扫拍价格: 72969自己上架价格: 0
04:12	扫拍价格: 100000自己上架价格: 0
04:12	扫拍价格: 122182自己上架价格: 0
04:13	扫拍价格: 626411自己上架价格: 0
04:13	扫拍价格: 626411自己上架价格: 0
04:13	扫拍价格: 626411自己上架价格: 0
04:13	扫拍价格: 45000自己上架价格: 0
04:14	扫拍价格: 95170自己上架价格: 0
04:14	扫拍价格: 100000自己上架价格: 0
04:14	扫拍价格: 105170自己上架价格: 0
04:14	扫拍价格: 135170自己上架价格: 0
04:14	扫拍价格: 135170自己上架价格: 0
04:14	扫拍价格: 135170自己上架价格: 0
04:15	扫拍价格: 111111自己上架价格: 0
04:15	扫拍价格: 140000自己上架价格: 0
04:15	扫拍价格: 150000自己上架价格: 0
04:15	扫拍价格: 158277自己上架价格: 0
04:15	扫拍价格: 158277自己上架价格: 0
04:15	扫拍价格: 158277自己上架价格: 0
04:15	扫拍价格: 158277自己上架价格: 0
04:15	扫拍价格: 211111自己上架价格: 115000
04:15	扫拍价格: 211111自己上架价格: 135000
04:15	扫拍价格: 103952自己上架价格: 0
04:15	扫拍价格: 104475自己上架价格: 0
04:15	扫拍价格: 104475自己上架价格: 0
04:15	扫拍价格: 104475自己上架价格: 0
04:16	扫拍价格: 171417自己上架价格: 0
04:16	扫拍价格: 171417自己上架价格: 0
04:16	扫拍价格: 171417自己上架价格: 0
04:16	扫拍价格: 171417自己上架价格: 0
04:17	扫拍价格: 79600自己上架价格: 0
04:17	扫拍价格: 80705自己上架价格: 0
04:17	扫拍价格: 124896自己上架价格: 0
04:17	扫拍价格: 147691自己上架价格: 0
04:17	扫拍价格: 159776自己上架价格: 179800
04:17	扫拍价格: 200000自己上架价格: 138800
04:17	扫拍价格: 202236自己上架价格: 110000
04:17	扫拍价格: 211111自己上架价格: 173600
04:17	扫拍价格: 247691自己上架价格: 0
04:17	扫拍价格: 247691自己上架价格: 0
04:17	扫拍价格: 247691自己上架价格: 0
04:17	扫拍价格: 247691自己上架价格: 0
04:17	扫拍价格: 247691自己上架价格: 0
04:17	扫拍价格: 247691自己上架价格: 0
04:18	扫拍价格: 279776自己上架价格: 122200
04:18	扫拍价格: 298887自己上架价格: 122200
04:18	扫拍价格: 169911自己上架价格: 0
04:18	扫拍价格: 232673自己上架价格: 0
04:19	扫拍价格: 47749自己上架价格: 0
04:19	扫拍价格: 163437自己上架价格: 115000
04:19	扫拍价格: 163437自己上架价格: 115000
04:19	扫拍价格: 199999自己上架价格: 0
04:19	扫拍价格: 206028自己上架价格: 115128
04:19	扫拍价格: 211111自己上架价格: 0
04:19	扫拍价格: 211111自己上架价格: 0
04:19	扫拍价格: 243318自己上架价格: 0
04:19	扫拍价格: 243318自己上架价格: 0
04:19	扫拍价格: 260000自己上架价格: 258200
04:19	扫拍价格: 324670自己上架价格: 0
04:20	！！！大区35 山西1区角色1结束扫拍
04:20	！！！大区35 山西1区角色1开始变换
04:40	！！大区35 山西1区角色1结束变换
04:46	账号35 山西1区每日任务完成
04:46	账号35 山西1区每日任务结束时间： 04:46
04:46	山西1区-角色1	开始
04:56	！！！大区35 山西1区角色1开始扫拍
04:57	扫拍价格: 150000自己上架价格: 0
04:57	扫拍价格: 228385自己上架价格: 0
04:57	扫拍价格: 228385自己上架价格: 0
04:57	扫拍价格: 228385自己上架价格: 0
04:58	扫拍价格: 63887自己上架价格: 0
04:58	扫拍价格: 103887自己上架价格: 0
04:58	扫拍价格: 103887自己上架价格: 0
04:58	扫拍价格: 100000自己上架价格: 0
04:58	扫拍价格: 120000自己上架价格: 0
04:58	扫拍价格: 134328自己上架价格: 0
04:59	扫拍价格: 72969自己上架价格: 0
04:59	扫拍价格: 100000自己上架价格: 0
04:59	扫拍价格: 122182自己上架价格: 0
04:59	扫拍价格: 626411自己上架价格: 0
04:59	扫拍价格: 626411自己上架价格: 0
04:59	扫拍价格: 626411自己上架价格: 0
05:00	扫拍价格: 45000自己上架价格: 0
05:00	扫拍价格: 95170自己上架价格: 0
05:00	扫拍价格: 100000自己上架价格: 0
05:00	扫拍价格: 105170自己上架价格: 0
05:01	扫拍价格: 135170自己上架价格: 0
05:01	扫拍价格: 135170自己上架价格: 0
05:01	扫拍价格: 135170自己上架价格: 0
05:02	扫拍价格: 111111自己上架价格: 0
05:02	扫拍价格: 140000自己上架价格: 0
05:02	扫拍价格: 150000自己上架价格: 0
05:02	扫拍价格: 158277自己上架价格: 0
05:02	扫拍价格: 158277自己上架价格: 0
05:02	扫拍价格: 158277自己上架价格: 0
05:02	扫拍价格: 158277自己上架价格: 0
05:02	扫拍价格: 211111自己上架价格: 115000
05:02	扫拍价格: 211111自己上架价格: 135000
05:02	扫拍价格: 103952自己上架价格: 0
05:02	扫拍价格: 104475自己上架价格: 0
05:02	扫拍价格: 104475自己上架价格: 0
05:02	扫拍价格: 104475自己上架价格: 0
05:03	扫拍价格: 171417自己上架价格: 0
05:03	扫拍价格: 171417自己上架价格: 0
05:03	扫拍价格: 171417自己上架价格: 0
05:03	扫拍价格: 171417自己上架价格: 0
05:04	扫拍价格: 79600自己上架价格: 0
05:04	扫拍价格: 80705自己上架价格: 0
05:04	扫拍价格: 124896自己上架价格: 0
05:04	扫拍价格: 147691自己上架价格: 0
05:04	扫拍价格: 159776自己上架价格: 179800
05:04	扫拍价格: 200000自己上架价格: 138800
05:04	扫拍价格: 202236自己上架价格: 110000
05:04	扫拍价格: 211111自己上架价格: 173600
05:04	扫拍价格: 247691自己上架价格: 0
05:04	扫拍价格: 247691自己上架价格: 0
05:04	扫拍价格: 247691自己上架价格: 0
05:04	扫拍价格: 247691自己上架价格: 0
05:04	扫拍价格: 247691自己上架价格: 0
05:04	扫拍价格: 247691自己上架价格: 0
05:04	扫拍价格: 279776自己上架价格: 122200
05:05	扫拍价格: 298887自己上架价格: 122200
05:05	扫拍价格: 169911自己上架价格: 0
05:05	扫拍价格: 232673自己上架价格: 0
05:06	扫拍价格: 47749自己上架价格: 0
05:06	扫拍价格: 115800自己上架价格: 115800
05:06	扫拍价格: 163437自己上架价格: 115000
05:06	扫拍价格: 163437自己上架价格: 115000
05:06	扫拍价格: 199999自己上架价格: 0
05:06	扫拍价格: 206028自己上架价格: 115128
05:06	扫拍价格: 211111自己上架价格: 0
05:06	扫拍价格: 211111自己上架价格: 0
05:06	扫拍价格: 243318自己上架价格: 0
05:06	扫拍价格: 243318自己上架价格: 0
05:06	扫拍价格: 260000自己上架价格: 258200
05:06	扫拍价格: 324670自己上架价格: 0
05:08	扫拍价格: 150000自己上架价格: 0
05:08	扫拍价格: 228385自己上架价格: 0
05:08	扫拍价格: 228385自己上架价格: 0
05:08	扫拍价格: 228385自己上架价格: 0
05:08	扫拍价格: 63887自己上架价格: 0
05:08	扫拍价格: 103887自己上架价格: 0
05:08	扫拍价格: 103887自己上架价格: 0
05:09	扫拍价格: 100000自己上架价格: 0
05:09	扫拍价格: 120000自己上架价格: 0
05:09	扫拍价格: 134328自己上架价格: 0
05:09	扫拍价格: 72969自己上架价格: 0
05:09	扫拍价格: 100000自己上架价格: 0
05:10	扫拍价格: 122182自己上架价格: 0
05:10	扫拍价格: 626411自己上架价格: 0
05:10	扫拍价格: 626411自己上架价格: 0
05:10	扫拍价格: 626411自己上架价格: 0
05:11	扫拍价格: 45000自己上架价格: 0
05:11	扫拍价格: 95170自己上架价格: 0
05:11	扫拍价格: 100000自己上架价格: 0
05:11	扫拍价格: 105170自己上架价格: 0
05:11	扫拍价格: 135170自己上架价格: 0
05:11	扫拍价格: 135170自己上架价格: 0
05:11	扫拍价格: 135170自己上架价格: 0
05:12	扫拍价格: 111111自己上架价格: 0
05:12	扫拍价格: 140000自己上架价格: 0
05:12	扫拍价格: 150000自己上架价格: 0
05:12	扫拍价格: 158277自己上架价格: 0
05:12	扫拍价格: 158277自己上架价格: 0
05:12	扫拍价格: 158277自己上架价格: 0
05:12	扫拍价格: 158277自己上架价格: 0
05:13	扫拍价格: 211111自己上架价格: 115000
05:13	扫拍价格: 211111自己上架价格: 135000
05:13	扫拍价格: 103952自己上架价格: 0
05:13	扫拍价格: 104475自己上架价格: 0
05:13	扫拍价格: 104475自己上架价格: 0
05:13	扫拍价格: 104475自己上架价格: 0
05:13	扫拍价格: 171417自己上架价格: 0
05:13	扫拍价格: 171417自己上架价格: 0
05:13	扫拍价格: 171417自己上架价格: 0
05:13	扫拍价格: 171417自己上架价格: 0
05:14	扫拍价格: 80705自己上架价格: 0
05:14	扫拍价格: 124896自己上架价格: 0
05:14	扫拍价格: 147691自己上架价格: 0
05:15	扫拍价格: 159776自己上架价格: 179800
05:15	扫拍价格: 200000自己上架价格: 138800
05:15	扫拍价格: 202236自己上架价格: 110000
05:15	扫拍价格: 211111自己上架价格: 173600
05:15	扫拍价格: 247691自己上架价格: 0
05:15	扫拍价格: 247691自己上架价格: 0
05:15	扫拍价格: 247691自己上架价格: 0
05:15	扫拍价格: 247691自己上架价格: 0
05:15	扫拍价格: 247691自己上架价格: 0
05:15	扫拍价格: 247691自己上架价格: 0
05:15	扫拍价格: 279776自己上架价格: 122200
05:15	扫拍价格: 298887自己上架价格: 122200
05:15	扫拍价格: 169911自己上架价格: 0
05:16	扫拍价格: 232673自己上架价格: 0
05:16	扫拍价格: 47749自己上架价格: 0
05:16	扫拍价格: 115800自己上架价格: 115800
05:16	扫拍价格: 163437自己上架价格: 115000
05:16	扫拍价格: 163437自己上架价格: 115000
05:16	扫拍价格: 199999自己上架价格: 0
05:17	扫拍价格: 206028自己上架价格: 115128
05:17	扫拍价格: 211111自己上架价格: 0
05:17	扫拍价格: 211111自己上架价格: 0
05:17	扫拍价格: 243318自己上架价格: 0
05:17	扫拍价格: 243318自己上架价格: 0
05:17	扫拍价格: 260000自己上架价格: 258200
05:17	扫拍价格: 324670自己上架价格: 0
05:17	！！！大区35 山西1区角色1结束扫拍
05:17	！！！大区35 山西1区角色1开始变换
05:19	！！大区35 山西1区角色1结束变换
05:22	账号35角色1 每日任务换角色出错
05:22	重新开始登陆
05:28	账号35 山西1区每日任务开始时间： 05:28
05:33	账号35角色1 每日任务换角色出错
05:33	重新开始登陆
05:37	账号35 山西1区每日任务开始时间： 05:37
05:40	账号35 山西1区每日任务完成
05:40	账号35 山西1区每日任务结束时间： 05:40
05:40	山西1区-角色1	开始
05:43	！！！大区35 山西1区角色1开始扫拍
05:44	扫拍价格: 150000自己上架价格: 0
05:44	扫拍价格: 228385自己上架价格: 0
05:44	扫拍价格: 228385自己上架价格: 0
05:44	扫拍价格: 228385自己上架价格: 0
05:45	扫拍价格: 63887自己上架价格: 0
05:45	扫拍价格: 103887自己上架价格: 0
05:45	扫拍价格: 103887自己上架价格: 0
05:45	扫拍价格: 100000自己上架价格: 0
05:45	扫拍价格: 120000自己上架价格: 0
05:45	扫拍价格: 134328自己上架价格: 0
05:46	扫拍价格: 72969自己上架价格: 0
05:46	扫拍价格: 100000自己上架价格: 0
05:46	扫拍价格: 122182自己上架价格: 0
05:46	扫拍价格: 626411自己上架价格: 0
05:46	扫拍价格: 626411自己上架价格: 0
05:46	扫拍价格: 626411自己上架价格: 0
05:47	扫拍价格: 45000自己上架价格: 0
05:47	扫拍价格: 100000自己上架价格: 0
05:47	扫拍价格: 105170自己上架价格: 0
05:47	扫拍价格: 135170自己上架价格: 0
05:48	扫拍价格: 135170自己上架价格: 0
05:48	扫拍价格: 111111自己上架价格: 0
05:48	扫拍价格: 140000自己上架价格: 0
05:49	扫拍价格: 150000自己上架价格: 0
05:49	扫拍价格: 158277自己上架价格: 0
05:49	扫拍价格: 158277自己上架价格: 0
05:49	扫拍价格: 158277自己上架价格: 0
05:49	扫拍价格: 158277自己上架价格: 0
05:49	扫拍价格: 211111自己上架价格: 115000
05:49	扫拍价格: 211111自己上架价格: 135000
05:49	扫拍价格: 103952自己上架价格: 0
05:49	扫拍价格: 104475自己上架价格: 0
05:49	扫拍价格: 104475自己上架价格: 0
05:49	扫拍价格: 104475自己上架价格: 0
05:49	扫拍价格: 171417自己上架价格: 0
05:49	扫拍价格: 171417自己上架价格: 0
05:50	扫拍价格: 171417自己上架价格: 0
05:50	扫拍价格: 171417自己上架价格: 0
05:50	扫拍价格: 80705自己上架价格: 0
05:51	扫拍价格: 124896自己上架价格: 0
05:51	扫拍价格: 147691自己上架价格: 0
05:51	扫拍价格: 159776自己上架价格: 179800
05:51	扫拍价格: 200000自己上架价格: 138800
05:51	扫拍价格: 202236自己上架价格: 110000
05:51	扫拍价格: 211111自己上架价格: 173600
05:51	扫拍价格: 247691自己上架价格: 0
05:51	扫拍价格: 247691自己上架价格: 0
05:51	扫拍价格: 247691自己上架价格: 0
05:51	扫拍价格: 247691自己上架价格: 0
05:51	扫拍价格: 247691自己上架价格: 0
05:51	扫拍价格: 247691自己上架价格: 0
05:51	扫拍价格: 279776自己上架价格: 122200
05:51	扫拍价格: 298887自己上架价格: 122200
05:52	扫拍价格: 169911自己上架价格: 0
05:52	扫拍价格: 232673自己上架价格: 0
05:53	扫拍价格: 47749自己上架价格: 0
05:53	扫拍价格: 115800自己上架价格: 115800
05:53	扫拍价格: 163437自己上架价格: 115000
05:53	扫拍价格: 163437自己上架价格: 115000
05:53	扫拍价格: 199999自己上架价格: 0
05:53	扫拍价格: 206028自己上架价格: 115128
05:53	扫拍价格: 211111自己上架价格: 0
05:53	扫拍价格: 211111自己上架价格: 0
05:53	扫拍价格: 243318自己上架价格: 0
05:53	扫拍价格: 243318自己上架价格: 0
05:53	扫拍价格: 260000自己上架价格: 258200
05:53	扫拍价格: 324670自己上架价格: 0
05:55	扫拍价格: 150000自己上架价格: 0
05:55	扫拍价格: 228385自己上架价格: 0
05:55	扫拍价格: 228385自己上架价格: 0
05:55	扫拍价格: 228385自己上架价格: 0
05:55	扫拍价格: 63887自己上架价格: 0
05:55	扫拍价格: 103887自己上架价格: 0
05:55	扫拍价格: 103887自己上架价格: 0
05:55	扫拍价格: 100000自己上架价格: 0
05:55	扫拍价格: 120000自己上架价格: 0
05:55	扫拍价格: 134328自己上架价格: 0
05:56	扫拍价格: 72969自己上架价格: 0
05:56	扫拍价格: 100000自己上架价格: 0
05:56	扫拍价格: 122182自己上架价格: 0
05:57	扫拍价格: 626411自己上架价格: 0
05:57	扫拍价格: 626411自己上架价格: 0
05:57	扫拍价格: 626411自己上架价格: 0
05:58	扫拍价格: 45000自己上架价格: 0
05:58	扫拍价格: 100000自己上架价格: 0
05:58	扫拍价格: 105170自己上架价格: 0
05:58	扫拍价格: 135170自己上架价格: 0
05:58	扫拍价格: 135170自己上架价格: 0
05:59	扫拍价格: 111111自己上架价格: 0
05:59	扫拍价格: 140000自己上架价格: 0
05:59	扫拍价格: 150000自己上架价格: 0
05:59	扫拍价格: 158277自己上架价格: 0
05:59	扫拍价格: 158277自己上架价格: 0
05:59	扫拍价格: 158277自己上架价格: 0
05:59	扫拍价格: 158277自己上架价格: 0
05:59	扫拍价格: 211111自己上架价格: 115000
05:59	扫拍价格: 211111自己上架价格: 135000
06:00	扫拍价格: 103952自己上架价格: 0
06:00	扫拍价格: 104475自己上架价格: 0
06:00	扫拍价格: 104475自己上架价格: 0
06:00	扫拍价格: 104475自己上架价格: 0
06:00	扫拍价格: 171417自己上架价格: 0
06:00	扫拍价格: 171417自己上架价格: 0
06:00	扫拍价格: 171417自己上架价格: 0
06:00	扫拍价格: 171417自己上架价格: 0
06:01	扫拍价格: 124896自己上架价格: 0
06:01	扫拍价格: 147691自己上架价格: 0
06:01	扫拍价格: 159776自己上架价格: 179800
06:01	扫拍价格: 200000自己上架价格: 138800
06:01	扫拍价格: 202236自己上架价格: 110000
06:01	扫拍价格: 211111自己上架价格: 110000
06:01	扫拍价格: 247691自己上架价格: 0
06:01	扫拍价格: 247691自己上架价格: 0
06:01	扫拍价格: 247691自己上架价格: 0
06:01	扫拍价格: 247691自己上架价格: 0
06:01	扫拍价格: 247691自己上架价格: 0
06:01	扫拍价格: 247691自己上架价格: 0
06:02	扫拍价格: 279776自己上架价格: 122200
06:02	扫拍价格: 298887自己上架价格: 122200
06:02	扫拍价格: 169911自己上架价格: 0
06:02	扫拍价格: 232673自己上架价格: 0
06:03	扫拍价格: 47749自己上架价格: 0
06:03	扫拍价格: 115800自己上架价格: 115800
06:03	扫拍价格: 163437自己上架价格: 115000
06:03	扫拍价格: 163437自己上架价格: 115000
06:03	扫拍价格: 199999自己上架价格: 0
06:03	扫拍价格: 206028自己上架价格: 115128
06:03	扫拍价格: 211111自己上架价格: 0
06:03	扫拍价格: 211111自己上架价格: 0
06:03	扫拍价格: 243318自己上架价格: 0
06:03	扫拍价格: 243318自己上架价格: 0
06:03	扫拍价格: 260000自己上架价格: 258200
06:03	扫拍价格: 324670自己上架价格: 0
06:04	！！！大区35 山西1区角色1结束扫拍
06:04	！！！大区35 山西1区角色1开始变换
06:06	！！大区35 山西1区角色1结束变换
06:16	账号35 山西1区每日任务完成
06:17	账号35 山西1区每日任务结束时间： 06:17
06:17	山西1区-角色1	开始
06:20	！！！大区35 山西1区角色1开始扫拍
06:21	扫拍价格: 150000自己上架价格: 0
06:21	扫拍价格: 228385自己上架价格: 0
06:21	扫拍价格: 228385自己上架价格: 0
06:21	扫拍价格: 228385自己上架价格: 0
06:21	扫拍价格: 63887自己上架价格: 0
06:21	扫拍价格: 103887自己上架价格: 0
06:21	扫拍价格: 103887自己上架价格: 0
06:21	扫拍价格: 100000自己上架价格: 0
06:22	扫拍价格: 120000自己上架价格: 0
06:22	扫拍价格: 134328自己上架价格: 0
06:22	扫拍价格: 72969自己上架价格: 0
06:22	扫拍价格: 122182自己上架价格: 0
06:23	扫拍价格: 626411自己上架价格: 0
06:23	扫拍价格: 626411自己上架价格: 0
06:23	扫拍价格: 626411自己上架价格: 0
06:24	扫拍价格: 100000自己上架价格: 0
06:24	扫拍价格: 105170自己上架价格: 0
06:24	扫拍价格: 135170自己上架价格: 0
06:24	扫拍价格: 135170自己上架价格: 0
06:25	扫拍价格: 111111自己上架价格: 0
06:25	扫拍价格: 140000自己上架价格: 0
06:25	扫拍价格: 150000自己上架价格: 0
06:25	扫拍价格: 158277自己上架价格: 0
06:25	扫拍价格: 158277自己上架价格: 0
06:25	扫拍价格: 158277自己上架价格: 0
06:25	扫拍价格: 158277自己上架价格: 0
06:25	扫拍价格: 211111自己上架价格: 115000
06:25	扫拍价格: 211111自己上架价格: 135000
06:25	扫拍价格: 103952自己上架价格: 0
06:25	扫拍价格: 104475自己上架价格: 0
06:25	扫拍价格: 104475自己上架价格: 0
06:26	扫拍价格: 104475自己上架价格: 0
06:26	扫拍价格: 171417自己上架价格: 0
06:26	扫拍价格: 171417自己上架价格: 0
06:26	扫拍价格: 171417自己上架价格: 0
06:26	扫拍价格: 171417自己上架价格: 0
06:27	扫拍价格: 124896自己上架价格: 0
06:27	扫拍价格: 147691自己上架价格: 0
06:27	扫拍价格: 159776自己上架价格: 179800
06:27	扫拍价格: 200000自己上架价格: 138800
06:27	扫拍价格: 202236自己上架价格: 110000
06:27	扫拍价格: 211111自己上架价格: 173600
06:27	扫拍价格: 247691自己上架价格: 0
06:27	扫拍价格: 247691自己上架价格: 0
06:27	扫拍价格: 247691自己上架价格: 0
06:27	扫拍价格: 247691自己上架价格: 0
06:27	扫拍价格: 247691自己上架价格: 0
06:27	扫拍价格: 247691自己上架价格: 0
06:27	扫拍价格: 279776自己上架价格: 122200
06:28	扫拍价格: 298887自己上架价格: 122200
06:28	扫拍价格: 169911自己上架价格: 0
06:28	扫拍价格: 232673自己上架价格: 0
06:29	扫拍价格: 47749自己上架价格: 0
06:29	扫拍价格: 115800自己上架价格: 115800
06:29	扫拍价格: 163437自己上架价格: 115000
06:29	扫拍价格: 163437自己上架价格: 115000
06:29	扫拍价格: 199999自己上架价格: 0
06:29	扫拍价格: 206028自己上架价格: 115128
06:29	扫拍价格: 211111自己上架价格: 0
06:29	扫拍价格: 211111自己上架价格: 0
06:29	扫拍价格: 243318自己上架价格: 0
06:29	扫拍价格: 243318自己上架价格: 0
06:29	扫拍价格: 260000自己上架价格: 258200
06:29	扫拍价格: 324670自己上架价格: 0
06:31	扫拍价格: 150000自己上架价格: 0
06:31	扫拍价格: 228385自己上架价格: 0
06:31	扫拍价格: 228385自己上架价格: 0
06:31	扫拍价格: 228385自己上架价格: 0
06:31	扫拍价格: 63887自己上架价格: 0
06:31	扫拍价格: 103887自己上架价格: 0
06:31	扫拍价格: 103887自己上架价格: 0
06:32	扫拍价格: 100000自己上架价格: 0
06:32	扫拍价格: 120000自己上架价格: 0
06:32	扫拍价格: 134328自己上架价格: 0
06:32	扫拍价格: 72969自己上架价格: 0
06:33	扫拍价格: 122182自己上架价格: 0
06:33	扫拍价格: 626411自己上架价格: 0
06:33	扫拍价格: 626411自己上架价格: 0
06:33	扫拍价格: 626411自己上架价格: 0
06:34	扫拍价格: 100000自己上架价格: 0
06:34	扫拍价格: 105170自己上架价格: 0
06:34	扫拍价格: 135170自己上架价格: 0
06:34	扫拍价格: 135170自己上架价格: 0
06:35	扫拍价格: 111111自己上架价格: 0
06:35	扫拍价格: 140000自己上架价格: 0
06:35	扫拍价格: 150000自己上架价格: 0
06:35	扫拍价格: 158277自己上架价格: 0
06:35	扫拍价格: 158277自己上架价格: 0
06:35	扫拍价格: 158277自己上架价格: 0
06:35	扫拍价格: 158277自己上架价格: 0
06:35	扫拍价格: 211111自己上架价格: 115000
06:35	扫拍价格: 211111自己上架价格: 135000
06:36	扫拍价格: 104475自己上架价格: 0
06:36	扫拍价格: 104475自己上架价格: 0
06:36	扫拍价格: 104475自己上架价格: 0
06:36	扫拍价格: 171417自己上架价格: 0
06:36	扫拍价格: 171417自己上架价格: 0
06:36	扫拍价格: 171417自己上架价格: 0
06:36	扫拍价格: 171417自己上架价格: 0
06:37	扫拍价格: 124896自己上架价格: 0
06:37	扫拍价格: 147691自己上架价格: 0
06:37	扫拍价格: 159776自己上架价格: 179800
06:37	扫拍价格: 200000自己上架价格: 138800
06:37	扫拍价格: 202236自己上架价格: 110000
06:37	扫拍价格: 211111自己上架价格: 173600
06:37	扫拍价格: 247691自己上架价格: 0
06:37	扫拍价格: 247691自己上架价格: 0
06:37	扫拍价格: 247691自己上架价格: 0
06:37	扫拍价格: 247691自己上架价格: 0
06:37	扫拍价格: 247691自己上架价格: 0
06:37	扫拍价格: 247691自己上架价格: 0
06:38	扫拍价格: 279776自己上架价格: 122200
06:38	扫拍价格: 298887自己上架价格: 122200
06:38	扫拍价格: 169911自己上架价格: 0
06:38	扫拍价格: 232673自己上架价格: 0
06:39	扫拍价格: 47749自己上架价格: 0
06:39	扫拍价格: 115800自己上架价格: 115800
06:39	扫拍价格: 163437自己上架价格: 115000
06:39	扫拍价格: 163437自己上架价格: 115000
06:39	扫拍价格: 199999自己上架价格: 0
06:39	扫拍价格: 206028自己上架价格: 115128
06:39	扫拍价格: 211111自己上架价格: 0
06:39	扫拍价格: 211111自己上架价格: 0
06:39	扫拍价格: 243318自己上架价格: 0
06:39	扫拍价格: 243318自己上架价格: 0
06:39	扫拍价格: 260000自己上架价格: 258200
06:39	扫拍价格: 324670自己上架价格: 0
06:40	！！！大区35 山西1区角色1结束扫拍
06:40	！！！大区35 山西1区角色1开始变换
06:42	！！大区35 山西1区角色1结束变换
06:47	账号35 山西1区每日任务完成
06:48	账号35 山西1区每日任务结束时间： 06:48
06:48	山西1区-角色1	开始
06:50	！！！大区35 山西1区角色1开始扫拍
06:51	扫拍价格: 150000自己上架价格: 0
06:51	扫拍价格: 228385自己上架价格: 0
06:52	扫拍价格: 228385自己上架价格: 0
06:52	扫拍价格: 228385自己上架价格: 0
06:52	扫拍价格: 63887自己上架价格: 0
06:52	扫拍价格: 103887自己上架价格: 0
06:52	扫拍价格: 103887自己上架价格: 0
06:52	扫拍价格: 100000自己上架价格: 0
06:52	扫拍价格: 120000自己上架价格: 0
06:52	扫拍价格: 134328自己上架价格: 0
06:53	扫拍价格: 72969自己上架价格: 0
06:53	扫拍价格: 122182自己上架价格: 0
06:54	扫拍价格: 626411自己上架价格: 0
06:54	扫拍价格: 626411自己上架价格: 0
06:54	扫拍价格: 626411自己上架价格: 0
06:55	扫拍价格: 100000自己上架价格: 0
06:55	扫拍价格: 105170自己上架价格: 0
06:55	扫拍价格: 135170自己上架价格: 0
06:55	扫拍价格: 135170自己上架价格: 0
06:56	扫拍价格: 111111自己上架价格: 0
06:56	扫拍价格: 140000自己上架价格: 0
06:56	扫拍价格: 150000自己上架价格: 0
06:56	扫拍价格: 158277自己上架价格: 0
06:56	扫拍价格: 158277自己上架价格: 0
06:56	扫拍价格: 158277自己上架价格: 0
06:56	扫拍价格: 158277自己上架价格: 0
06:56	扫拍价格: 211111自己上架价格: 115000
06:56	扫拍价格: 211111自己上架价格: 135000
06:56	扫拍价格: 104475自己上架价格: 0
06:56	扫拍价格: 104475自己上架价格: 0
06:56	扫拍价格: 104475自己上架价格: 0
06:56	扫拍价格: 171417自己上架价格: 0
06:57	扫拍价格: 171417自己上架价格: 0
06:57	扫拍价格: 171417自己上架价格: 0
06:57	扫拍价格: 171417自己上架价格: 0
06:58	扫拍价格: 124896自己上架价格: 0
06:58	扫拍价格: 147691自己上架价格: 0
06:58	扫拍价格: 159776自己上架价格: 179800
06:58	扫拍价格: 200000自己上架价格: 138800
06:58	扫拍价格: 202236自己上架价格: 110000
06:58	扫拍价格: 211111自己上架价格: 173600
06:58	扫拍价格: 247691自己上架价格: 0
06:58	扫拍价格: 247691自己上架价格: 0
06:58	扫拍价格: 247691自己上架价格: 0
06:58	扫拍价格: 247691自己上架价格: 0
06:58	扫拍价格: 247691自己上架价格: 0
06:58	扫拍价格: 247691自己上架价格: 0
06:58	扫拍价格: 279776自己上架价格: 122200
06:58	扫拍价格: 298887自己上架价格: 122200
06:59	扫拍价格: 169911自己上架价格: 0
06:59	扫拍价格: 232673自己上架价格: 0
06:59	扫拍价格: 47749自己上架价格: 0
07:00	扫拍价格: 115800自己上架价格: 115800
07:00	扫拍价格: 163437自己上架价格: 115000
07:00	扫拍价格: 163437自己上架价格: 115000
07:00	扫拍价格: 199999自己上架价格: 0
07:00	扫拍价格: 206028自己上架价格: 115128
07:00	扫拍价格: 211111自己上架价格: 0
07:00	扫拍价格: 211111自己上架价格: 0
07:00	扫拍价格: 243318自己上架价格: 0
07:00	扫拍价格: 243318自己上架价格: 0
07:00	扫拍价格: 260000自己上架价格: 258200
07:00	扫拍价格: 324670自己上架价格: 0
07:01	扫拍价格: 150000自己上架价格: 0
07:02	扫拍价格: 228385自己上架价格: 0
07:02	扫拍价格: 228385自己上架价格: 0
07:02	扫拍价格: 228385自己上架价格: 0
07:02	扫拍价格: 63887自己上架价格: 0
07:02	扫拍价格: 103887自己上架价格: 0
07:02	扫拍价格: 103887自己上架价格: 0
07:02	扫拍价格: 100000自己上架价格: 0
07:02	扫拍价格: 120000自己上架价格: 0
07:02	扫拍价格: 134328自己上架价格: 0
07:03	扫拍价格: 72969自己上架价格: 0
07:03	扫拍价格: 122182自己上架价格: 0
07:04	扫拍价格: 116411自己上架价格: 0
07:04	扫拍价格: 626411自己上架价格: 0
07:04	扫拍价格: 626411自己上架价格: 0
07:04	扫拍价格: 626411自己上架价格: 0
07:05	扫拍价格: 85170自己上架价格: 0
07:05	扫拍价格: 100000自己上架价格: 0
07:05	扫拍价格: 105170自己上架价格: 0
07:05	扫拍价格: 135170自己上架价格: 0
07:05	扫拍价格: 135170自己上架价格: 0
07:06	扫拍价格: 111111自己上架价格: 0
07:06	扫拍价格: 140000自己上架价格: 0
07:06	扫拍价格: 150000自己上架价格: 0
07:06	扫拍价格: 158277自己上架价格: 0
07:06	扫拍价格: 158277自己上架价格: 0
07:06	扫拍价格: 158277自己上架价格: 0
07:06	扫拍价格: 158277自己上架价格: 0
07:06	扫拍价格: 211111自己上架价格: 115000
07:06	扫拍价格: 211111自己上架价格: 135000
07:06	扫拍价格: 104475自己上架价格: 0
07:07	扫拍价格: 104475自己上架价格: 0
07:07	扫拍价格: 104475自己上架价格: 0
07:07	扫拍价格: 171417自己上架价格: 0
07:07	扫拍价格: 171417自己上架价格: 0
07:07	扫拍价格: 171417自己上架价格: 0
07:07	扫拍价格: 171417自己上架价格: 0
07:08	扫拍价格: 124896自己上架价格: 0
07:08	扫拍价格: 147691自己上架价格: 0
07:08	扫拍价格: 159776自己上架价格: 179800
07:08	扫拍价格: 200000自己上架价格: 138800
07:08	扫拍价格: 202236自己上架价格: 110000
07:08	扫拍价格: 211111自己上架价格: 173600
07:08	扫拍价格: 247691自己上架价格: 0
07:08	扫拍价格: 247691自己上架价格: 0
07:08	扫拍价格: 247691自己上架价格: 0
07:08	扫拍价格: 247691自己上架价格: 0
07:08	扫拍价格: 247691自己上架价格: 0
07:08	扫拍价格: 247691自己上架价格: 0
07:08	扫拍价格: 279776自己上架价格: 122200
07:09	扫拍价格: 298887自己上架价格: 122200
07:09	扫拍价格: 169911自己上架价格: 0
07:09	扫拍价格: 232673自己上架价格: 0
07:10	扫拍价格: 47749自己上架价格: 0
07:10	扫拍价格: 115800自己上架价格: 115800
07:10	扫拍价格: 163437自己上架价格: 115000
07:10	扫拍价格: 163437自己上架价格: 115000
07:10	扫拍价格: 199999自己上架价格: 0
07:10	扫拍价格: 206028自己上架价格: 115128
07:10	扫拍价格: 211111自己上架价格: 0
07:10	扫拍价格: 211111自己上架价格: 0
07:10	扫拍价格: 243318自己上架价格: 0
07:10	扫拍价格: 243318自己上架价格: 0
07:10	扫拍价格: 260000自己上架价格: 258200
07:10	扫拍价格: 324670自己上架价格: 0
07:11	！！！大区35 山西1区角色1结束扫拍
07:11	！！！大区35 山西1区角色1开始变换
07:13	！！大区35 山西1区角色1结束变换
07:18	账号35 山西1区每日任务完成
07:19	账号35 山西1区每日任务结束时间： 07:19
07:19	山西1区-角色1	开始
07:21	！！！大区35 山西1区角色1开始扫拍
07:22	扫拍价格: 150000自己上架价格: 0
07:23	扫拍价格: 228385自己上架价格: 0
07:23	扫拍价格: 228385自己上架价格: 0
07:23	扫拍价格: 228385自己上架价格: 0
07:23	扫拍价格: 63887自己上架价格: 0
07:23	扫拍价格: 103887自己上架价格: 0
07:23	扫拍价格: 103887自己上架价格: 0
07:23	扫拍价格: 100000自己上架价格: 0
07:23	扫拍价格: 120000自己上架价格: 0
07:23	扫拍价格: 134328自己上架价格: 0
07:24	扫拍价格: 72969自己上架价格: 0
07:24	扫拍价格: 122182自己上架价格: 0
07:25	扫拍价格: 116411自己上架价格: 0
07:25	扫拍价格: 626411自己上架价格: 0
07:25	扫拍价格: 626411自己上架价格: 0
07:25	扫拍价格: 626411自己上架价格: 0
07:26	扫拍价格: 85170自己上架价格: 0
07:26	扫拍价格: 100000自己上架价格: 0
07:26	扫拍价格: 105170自己上架价格: 0
07:26	扫拍价格: 135170自己上架价格: 0
07:26	扫拍价格: 135170自己上架价格: 0
07:27	扫拍价格: 111111自己上架价格: 0
07:27	扫拍价格: 140000自己上架价格: 0
07:27	扫拍价格: 150000自己上架价格: 0
07:27	扫拍价格: 158277自己上架价格: 0
07:27	扫拍价格: 158277自己上架价格: 0
07:27	扫拍价格: 158277自己上架价格: 0
07:27	扫拍价格: 158277自己上架价格: 0
07:27	扫拍价格: 211111自己上架价格: 115000
07:27	扫拍价格: 211111自己上架价格: 135000
07:27	扫拍价格: 104475自己上架价格: 0
07:27	扫拍价格: 104475自己上架价格: 0
07:28	扫拍价格: 104475自己上架价格: 0
07:28	扫拍价格: 171417自己上架价格: 0
07:28	扫拍价格: 171417自己上架价格: 0
07:28	扫拍价格: 171417自己上架价格: 0
07:28	扫拍价格: 171417自己上架价格: 0
07:29	扫拍价格: 124896自己上架价格: 0
07:29	扫拍价格: 147691自己上架价格: 0
07:29	扫拍价格: 159776自己上架价格: 179800
07:29	扫拍价格: 200000自己上架价格: 138800
07:29	扫拍价格: 202236自己上架价格: 110000
07:29	扫拍价格: 211111自己上架价格: 173600
07:29	扫拍价格: 247691自己上架价格: 0
07:29	扫拍价格: 247691自己上架价格: 0
07:29	扫拍价格: 247691自己上架价格: 0
07:29	扫拍价格: 247691自己上架价格: 0
07:29	扫拍价格: 247691自己上架价格: 0
07:29	扫拍价格: 247691自己上架价格: 0
07:29	扫拍价格: 279776自己上架价格: 122200
07:29	扫拍价格: 298887自己上架价格: 122200
07:30	扫拍价格: 232673自己上架价格: 0
07:30	扫拍价格: 47749自己上架价格: 0
07:31	扫拍价格: 115800自己上架价格: 115800
07:31	扫拍价格: 163437自己上架价格: 115000
07:31	扫拍价格: 163437自己上架价格: 115000
07:31	扫拍价格: 199999自己上架价格: 0
07:31	扫拍价格: 206028自己上架价格: 115128
07:31	扫拍价格: 211111自己上架价格: 0
07:31	扫拍价格: 211111自己上架价格: 0
07:31	扫拍价格: 243318自己上架价格: 0
07:31	扫拍价格: 243318自己上架价格: 0
07:31	扫拍价格: 324670自己上架价格: 0
07:32	扫拍价格: 150000自己上架价格: 0
07:33	扫拍价格: 228385自己上架价格: 0
07:33	扫拍价格: 228385自己上架价格: 0
07:33	扫拍价格: 228385自己上架价格: 0
07:33	扫拍价格: 63887自己上架价格: 0
07:33	扫拍价格: 103887自己上架价格: 0
07:33	扫拍价格: 103887自己上架价格: 0
07:33	扫拍价格: 100000自己上架价格: 0
07:33	扫拍价格: 120000自己上架价格: 0
07:33	扫拍价格: 134328自己上架价格: 0
07:34	扫拍价格: 72969自己上架价格: 0
07:34	扫拍价格: 122182自己上架价格: 0
07:35	扫拍价格: 116411自己上架价格: 0
07:35	扫拍价格: 626411自己上架价格: 0
07:35	扫拍价格: 626411自己上架价格: 0
07:35	扫拍价格: 626411自己上架价格: 0
07:36	扫拍价格: 85170自己上架价格: 0
07:36	扫拍价格: 100000自己上架价格: 0
07:36	扫拍价格: 105170自己上架价格: 0
07:36	扫拍价格: 135170自己上架价格: 0
07:36	扫拍价格: 135170自己上架价格: 0
07:37	扫拍价格: 111111自己上架价格: 0
07:37	扫拍价格: 140000自己上架价格: 0
07:37	扫拍价格: 150000自己上架价格: 0
07:37	扫拍价格: 158277自己上架价格: 0
07:37	扫拍价格: 158277自己上架价格: 0
07:37	扫拍价格: 158277自己上架价格: 0
07:37	扫拍价格: 158277自己上架价格: 0
07:37	扫拍价格: 211111自己上架价格: 115000
07:37	扫拍价格: 211111自己上架价格: 135000
07:37	扫拍价格: 104475自己上架价格: 0
07:37	扫拍价格: 104475自己上架价格: 0
07:37	扫拍价格: 104475自己上架价格: 0
07:38	扫拍价格: 171417自己上架价格: 0
07:38	扫拍价格: 171417自己上架价格: 0
07:38	扫拍价格: 171417自己上架价格: 0
07:38	扫拍价格: 171417自己上架价格: 0
07:39	扫拍价格: 124896自己上架价格: 0
07:39	扫拍价格: 147691自己上架价格: 0
07:39	扫拍价格: 159776自己上架价格: 179800
07:39	扫拍价格: 200000自己上架价格: 138800
07:39	扫拍价格: 202236自己上架价格: 110000
07:39	扫拍价格: 211111自己上架价格: 173600
07:39	扫拍价格: 247691自己上架价格: 0
07:39	扫拍价格: 247691自己上架价格: 0
07:39	扫拍价格: 247691自己上架价格: 0
07:39	扫拍价格: 247691自己上架价格: 0
07:39	扫拍价格: 247691自己上架价格: 0
07:39	扫拍价格: 247691自己上架价格: 0
07:39	扫拍价格: 279776自己上架价格: 122200
07:39	扫拍价格: 298887自己上架价格: 122200
07:40	扫拍价格: 232673自己上架价格: 0
07:40	扫拍价格: 47749自己上架价格: 0
07:40	扫拍价格: 115800自己上架价格: 115800
07:41	扫拍价格: 163437自己上架价格: 115000
07:41	扫拍价格: 163437自己上架价格: 115000
07:41	扫拍价格: 199999自己上架价格: 0
07:41	扫拍价格: 206028自己上架价格: 115128
07:41	扫拍价格: 211111自己上架价格: 0
07:41	扫拍价格: 211111自己上架价格: 0
07:41	扫拍价格: 243318自己上架价格: 0
07:41	扫拍价格: 243318自己上架价格: 0
07:41	扫拍价格: 324670自己上架价格: 0
07:41	！！！大区35 山西1区角色1结束扫拍
07:41	！！！大区35 山西1区角色1开始变换
07:43	！！大区35 山西1区角色1结束变换
07:47	账号35角色1 每日任务换角色出错
07:47	重新开始登陆
07:53	账号35 山西1区每日任务开始时间： 07:53
07:56	账号35 山西1区每日任务完成
07:56	账号35 山西1区每日任务结束时间： 07:56
07:56	山西1区-角色1	开始
07:59	！！！大区35 山西1区角色1开始扫拍
08:00	扫拍价格: 150000自己上架价格: 0
08:00	扫拍价格: 228385自己上架价格: 0
08:00	扫拍价格: 228385自己上架价格: 0
08:00	扫拍价格: 228385自己上架价格: 0
08:01	扫拍价格: 63887自己上架价格: 0
08:01	扫拍价格: 103887自己上架价格: 0
08:01	扫拍价格: 103887自己上架价格: 0
08:01	扫拍价格: 100000自己上架价格: 0
08:01	扫拍价格: 120000自己上架价格: 0
08:01	扫拍价格: 134328自己上架价格: 0
08:02	扫拍价格: 72969自己上架价格: 0
08:02	扫拍价格: 122182自己上架价格: 0
08:02	扫拍价格: 116411自己上架价格: 0
08:02	扫拍价格: 626411自己上架价格: 0
08:02	扫拍价格: 626411自己上架价格: 0
08:02	扫拍价格: 626411自己上架价格: 0
08:03	扫拍价格: 85170自己上架价格: 0
08:03	扫拍价格: 100000自己上架价格: 0
08:03	扫拍价格: 105170自己上架价格: 0
08:03	扫拍价格: 135170自己上架价格: 0
08:04	扫拍价格: 135170自己上架价格: 0
08:04	扫拍价格: 111111自己上架价格: 0
08:04	扫拍价格: 140000自己上架价格: 0
08:05	扫拍价格: 150000自己上架价格: 0
08:05	扫拍价格: 158277自己上架价格: 0
08:05	扫拍价格: 158277自己上架价格: 0
08:05	扫拍价格: 158277自己上架价格: 0
08:05	扫拍价格: 158277自己上架价格: 0
08:05	扫拍价格: 158277自己上架价格: 0
08:05	扫拍价格: 211111自己上架价格: 115000
08:05	扫拍价格: 211111自己上架价格: 135000
08:05	扫拍价格: 104475自己上架价格: 0
08:05	扫拍价格: 104475自己上架价格: 0
08:05	扫拍价格: 104475自己上架价格: 0
08:05	扫拍价格: 171417自己上架价格: 0
08:05	扫拍价格: 171417自己上架价格: 0
08:06	扫拍价格: 171417自己上架价格: 0
08:06	扫拍价格: 171417自己上架价格: 0
08:06	扫拍价格: 124896自己上架价格: 0
08:07	扫拍价格: 147691自己上架价格: 0
08:07	扫拍价格: 159776自己上架价格: 179800
08:07	扫拍价格: 200000自己上架价格: 138800
08:07	扫拍价格: 202236自己上架价格: 110000
08:07	扫拍价格: 211111自己上架价格: 173600
08:07	扫拍价格: 247691自己上架价格: 0
08:07	扫拍价格: 247691自己上架价格: 0
08:07	扫拍价格: 247691自己上架价格: 0
08:07	扫拍价格: 247691自己上架价格: 0
08:07	扫拍价格: 247691自己上架价格: 0
08:07	扫拍价格: 247691自己上架价格: 0
08:07	扫拍价格: 279776自己上架价格: 122200
08:07	扫拍价格: 298887自己上架价格: 122200
08:08	扫拍价格: 232673自己上架价格: 0
08:08	扫拍价格: 47749自己上架价格: 0
08:08	扫拍价格: 115800自己上架价格: 115800
08:08	扫拍价格: 163437自己上架价格: 115000
08:08	扫拍价格: 163437自己上架价格: 115000
08:09	扫拍价格: 199999自己上架价格: 0
08:09	扫拍价格: 206028自己上架价格: 115128
08:09	扫拍价格: 211111自己上架价格: 0
08:09	扫拍价格: 211111自己上架价格: 0
08:09	扫拍价格: 243318自己上架价格: 0
08:09	扫拍价格: 243318自己上架价格: 0
08:09	扫拍价格: 324670自己上架价格: 0
08:10	扫拍价格: 150000自己上架价格: 0
08:10	扫拍价格: 228385自己上架价格: 0
08:10	扫拍价格: 228385自己上架价格: 0
08:10	扫拍价格: 228385自己上架价格: 0
08:11	扫拍价格: 63887自己上架价格: 0
08:11	扫拍价格: 103887自己上架价格: 0
08:11	扫拍价格: 103887自己上架价格: 0
08:11	扫拍价格: 100000自己上架价格: 0
08:11	扫拍价格: 120000自己上架价格: 0
08:11	扫拍价格: 134328自己上架价格: 0
08:12	扫拍价格: 72969自己上架价格: 0
08:12	扫拍价格: 122182自己上架价格: 0
08:12	扫拍价格: 116411自己上架价格: 0
08:12	扫拍价格: 626411自己上架价格: 0
08:12	扫拍价格: 626411自己上架价格: 0
08:12	扫拍价格: 626411自己上架价格: 0
08:13	扫拍价格: 85170自己上架价格: 0
08:13	扫拍价格: 100000自己上架价格: 0
08:14	扫拍价格: 105170自己上架价格: 0
08:14	扫拍价格: 135170自己上架价格: 0
08:14	扫拍价格: 135170自己上架价格: 0
08:15	扫拍价格: 111111自己上架价格: 0
08:15	扫拍价格: 140000自己上架价格: 0
08:15	扫拍价格: 150000自己上架价格: 0
08:15	扫拍价格: 158277自己上架价格: 0
08:15	扫拍价格: 158277自己上架价格: 0
08:15	扫拍价格: 158277自己上架价格: 0
08:15	扫拍价格: 158277自己上架价格: 0
08:15	扫拍价格: 158277自己上架价格: 0
08:15	扫拍价格: 211111自己上架价格: 115000
08:15	扫拍价格: 211111自己上架价格: 135000
08:15	扫拍价格: 104475自己上架价格: 0
08:15	扫拍价格: 104475自己上架价格: 0
08:15	扫拍价格: 104475自己上架价格: 0
08:15	扫拍价格: 171417自己上架价格: 0
08:16	扫拍价格: 171417自己上架价格: 0
08:16	扫拍价格: 171417自己上架价格: 0
08:16	扫拍价格: 171417自己上架价格: 0
08:17	扫拍价格: 124896自己上架价格: 0
08:17	扫拍价格: 147691自己上架价格: 0
08:17	扫拍价格: 159776自己上架价格: 179800
08:17	扫拍价格: 200000自己上架价格: 138800
08:17	扫拍价格: 202236自己上架价格: 110000
08:17	扫拍价格: 211111自己上架价格: 173600
08:17	扫拍价格: 247691自己上架价格: 0
08:17	扫拍价格: 247691自己上架价格: 0
08:17	扫拍价格: 247691自己上架价格: 0
08:17	扫拍价格: 247691自己上架价格: 0
08:17	扫拍价格: 247691自己上架价格: 0
08:17	扫拍价格: 247691自己上架价格: 0
08:17	扫拍价格: 279776自己上架价格: 122200
08:17	扫拍价格: 298887自己上架价格: 122200
08:18	扫拍价格: 232673自己上架价格: 0
08:18	扫拍价格: 232673自己上架价格: 0
08:18	扫拍价格: 47749自己上架价格: 0
08:19	扫拍价格: 115800自己上架价格: 115800
08:19	扫拍价格: 163437自己上架价格: 115000
08:19	扫拍价格: 163437自己上架价格: 115000
08:19	扫拍价格: 199999自己上架价格: 0
08:19	扫拍价格: 211111自己上架价格: 0
08:19	扫拍价格: 211111自己上架价格: 0
08:19	扫拍价格: 243318自己上架价格: 0
08:19	扫拍价格: 243318自己上架价格: 0
08:19	扫拍价格: 324670自己上架价格: 0
08:19	！！！大区35 山西1区角色1结束扫拍
08:19	！！！大区35 山西1区角色1开始变换
08:21	！！大区35 山西1区角色1结束变换
08:27	账号35 山西1区每日任务完成
08:27	账号35 山西1区每日任务结束时间： 08:27
08:27	山西1区-角色1	开始
08:30	！！！大区35 山西1区角色1开始扫拍
08:31	扫拍价格: 150000自己上架价格: 0
08:31	扫拍价格: 228385自己上架价格: 0
08:31	扫拍价格: 228385自己上架价格: 0
08:31	扫拍价格: 228385自己上架价格: 0
08:31	扫拍价格: 63887自己上架价格: 0
08:32	扫拍价格: 103887自己上架价格: 0
08:32	扫拍价格: 103887自己上架价格: 0
08:32	扫拍价格: 100000自己上架价格: 0
08:32	扫拍价格: 120000自己上架价格: 0
08:32	扫拍价格: 134328自己上架价格: 0
08:32	扫拍价格: 72969自己上架价格: 0
08:33	扫拍价格: 122182自己上架价格: 0
08:33	扫拍价格: 116411自己上架价格: 0
08:33	扫拍价格: 626411自己上架价格: 0
08:33	扫拍价格: 626411自己上架价格: 0
08:33	扫拍价格: 626411自己上架价格: 0
08:34	扫拍价格: 85170自己上架价格: 0
08:34	扫拍价格: 100000自己上架价格: 0
08:34	扫拍价格: 105170自己上架价格: 0
08:34	扫拍价格: 135170自己上架价格: 0
08:34	扫拍价格: 135170自己上架价格: 0
08:35	扫拍价格: 111111自己上架价格: 0
08:35	扫拍价格: 140000自己上架价格: 0
08:35	扫拍价格: 150000自己上架价格: 0
08:35	扫拍价格: 158277自己上架价格: 0
08:35	扫拍价格: 158277自己上架价格: 0
08:36	扫拍价格: 158277自己上架价格: 0
08:36	扫拍价格: 158277自己上架价格: 0
08:36	扫拍价格: 158277自己上架价格: 0
08:36	扫拍价格: 211111自己上架价格: 115000
08:36	扫拍价格: 211111自己上架价格: 135000
08:36	扫拍价格: 104475自己上架价格: 0
08:36	扫拍价格: 104475自己上架价格: 0
08:36	扫拍价格: 104475自己上架价格: 0
08:36	扫拍价格: 171417自己上架价格: 0
08:36	扫拍价格: 171417自己上架价格: 0
08:36	扫拍价格: 171417自己上架价格: 0
08:36	扫拍价格: 171417自己上架价格: 0
08:37	扫拍价格: 124896自己上架价格: 0
08:37	扫拍价格: 147691自己上架价格: 0
08:37	扫拍价格: 159776自己上架价格: 179800
08:38	扫拍价格: 200000自己上架价格: 138800
08:38	扫拍价格: 202236自己上架价格: 110000
08:38	扫拍价格: 211111自己上架价格: 173600
08:38	扫拍价格: 247691自己上架价格: 0
08:38	扫拍价格: 247691自己上架价格: 0
08:38	扫拍价格: 247691自己上架价格: 0
08:38	扫拍价格: 247691自己上架价格: 0
08:38	扫拍价格: 247691自己上架价格: 0
08:38	扫拍价格: 247691自己上架价格: 0
08:38	扫拍价格: 279776自己上架价格: 122200
08:38	扫拍价格: 298887自己上架价格: 122200
08:38	扫拍价格: 232673自己上架价格: 0
08:39	扫拍价格: 232673自己上架价格: 0
08:39	扫拍价格: 47749自己上架价格: 0
08:39	扫拍价格: 106028自己上架价格: 115128
08:39	扫拍价格: 115800自己上架价格: 115800
08:40	扫拍价格: 163437自己上架价格: 115000
08:40	扫拍价格: 163437自己上架价格: 115000
08:40	扫拍价格: 199999自己上架价格: 0
08:40	扫拍价格: 211111自己上架价格: 0
08:40	扫拍价格: 211111自己上架价格: 0
08:40	扫拍价格: 243318自己上架价格: 0
08:40	扫拍价格: 243318自己上架价格: 0
08:40	扫拍价格: 324670自己上架价格: 0
08:41	扫拍价格: 150000自己上架价格: 0
08:41	扫拍价格: 228385自己上架价格: 0
08:41	扫拍价格: 228385自己上架价格: 0
08:42	扫拍价格: 228385自己上架价格: 0
08:42	扫拍价格: 63887自己上架价格: 0
08:42	扫拍价格: 103887自己上架价格: 0
08:42	扫拍价格: 103887自己上架价格: 0
08:42	扫拍价格: 100000自己上架价格: 0
08:42	扫拍价格: 120000自己上架价格: 0
08:42	扫拍价格: 134328自己上架价格: 0
08:43	扫拍价格: 72969自己上架价格: 0
08:43	扫拍价格: 122182自己上架价格: 0
08:43	扫拍价格: 116411自己上架价格: 0
08:44	扫拍价格: 626411自己上架价格: 0
08:44	扫拍价格: 626411自己上架价格: 0
08:44	扫拍价格: 85170自己上架价格: 0
08:45	扫拍价格: 100000自己上架价格: 0
08:45	扫拍价格: 105170自己上架价格: 0
08:45	扫拍价格: 135170自己上架价格: 0
08:45	扫拍价格: 135170自己上架价格: 0
08:46	扫拍价格: 111111自己上架价格: 0
08:46	扫拍价格: 150000自己上架价格: 0
08:46	扫拍价格: 158277自己上架价格: 0
08:46	扫拍价格: 158277自己上架价格: 0
08:46	扫拍价格: 158277自己上架价格: 0
08:46	扫拍价格: 158277自己上架价格: 0
08:46	扫拍价格: 158277自己上架价格: 0
08:46	扫拍价格: 211111自己上架价格: 115000
08:46	扫拍价格: 211111自己上架价格: 135000
08:46	扫拍价格: 104475自己上架价格: 0
08:46	扫拍价格: 104475自己上架价格: 0
08:46	扫拍价格: 104475自己上架价格: 0
08:47	扫拍价格: 171417自己上架价格: 0
08:47	扫拍价格: 171417自己上架价格: 0
08:47	扫拍价格: 171417自己上架价格: 0
08:47	扫拍价格: 171417自己上架价格: 0
08:48	扫拍价格: 124896自己上架价格: 0
08:48	扫拍价格: 147691自己上架价格: 0
08:48	扫拍价格: 159776自己上架价格: 179800
08:48	扫拍价格: 200000自己上架价格: 138800
08:48	扫拍价格: 202236自己上架价格: 110000
08:48	扫拍价格: 211111自己上架价格: 173600
08:48	扫拍价格: 247691自己上架价格: 0
08:48	扫拍价格: 247691自己上架价格: 0
08:48	扫拍价格: 247691自己上架价格: 0
08:48	扫拍价格: 247691自己上架价格: 0
08:48	扫拍价格: 247691自己上架价格: 0
08:48	扫拍价格: 247691自己上架价格: 0
08:48	扫拍价格: 279776自己上架价格: 122200
08:48	扫拍价格: 298887自己上架价格: 122200
08:49	扫拍价格: 232673自己上架价格: 0
08:49	扫拍价格: 232673自己上架价格: 0
08:49	扫拍价格: 47749自己上架价格: 0
08:50	扫拍价格: 106028自己上架价格: 115128
08:50	扫拍价格: 115800自己上架价格: 115800
08:50	扫拍价格: 163437自己上架价格: 115000
08:50	扫拍价格: 163437自己上架价格: 115000
08:50	扫拍价格: 199999自己上架价格: 0
08:50	扫拍价格: 211111自己上架价格: 0
08:50	扫拍价格: 211111自己上架价格: 0
08:50	扫拍价格: 243318自己上架价格: 0
08:50	扫拍价格: 243318自己上架价格: 0
08:50	扫拍价格: 324670自己上架价格: 0
08:50	！！！大区35 山西1区角色1结束扫拍
08:50	！！！大区35 山西1区角色1开始变换
08:52	！！大区35 山西1区角色1结束变换
08:58	账号35 山西1区每日任务完成
08:59	账号35 山西1区每日任务结束时间： 08:59
08:59	山西1区-角色1	开始
09:02	！！！大区35 山西1区角色1开始扫拍
09:03	扫拍价格: 150000自己上架价格: 0
09:03	扫拍价格: 228385自己上架价格: 0
09:03	扫拍价格: 228385自己上架价格: 0
09:03	扫拍价格: 228385自己上架价格: 0
09:03	扫拍价格: 63887自己上架价格: 0
09:03	扫拍价格: 103887自己上架价格: 0
09:03	扫拍价格: 103887自己上架价格: 0
09:04	扫拍价格: 100000自己上架价格: 0
09:04	扫拍价格: 120000自己上架价格: 0
09:04	扫拍价格: 134328自己上架价格: 0
09:04	扫拍价格: 72969自己上架价格: 0
09:05	扫拍价格: 122182自己上架价格: 0
09:05	扫拍价格: 116411自己上架价格: 0
09:05	扫拍价格: 626411自己上架价格: 0
09:05	扫拍价格: 626411自己上架价格: 0
09:06	扫拍价格: 85170自己上架价格: 0
09:06	扫拍价格: 100000自己上架价格: 0
09:06	扫拍价格: 105170自己上架价格: 0
09:06	扫拍价格: 135170自己上架价格: 0
09:06	扫拍价格: 135170自己上架价格: 0
09:07	扫拍价格: 111111自己上架价格: 0
09:07	扫拍价格: 150000自己上架价格: 0
09:07	扫拍价格: 158277自己上架价格: 0
09:07	扫拍价格: 158277自己上架价格: 0
09:07	扫拍价格: 158277自己上架价格: 0
09:07	扫拍价格: 158277自己上架价格: 0
09:08	扫拍价格: 158277自己上架价格: 0
09:08	扫拍价格: 211111自己上架价格: 115000
09:08	扫拍价格: 211111自己上架价格: 135000
09:08	扫拍价格: 104475自己上架价格: 0
09:08	扫拍价格: 104475自己上架价格: 0
09:08	扫拍价格: 104475自己上架价格: 0
09:08	扫拍价格: 171417自己上架价格: 0
09:08	扫拍价格: 171417自己上架价格: 0
09:08	扫拍价格: 171417自己上架价格: 0
09:09	扫拍价格: 124896自己上架价格: 0
09:09	扫拍价格: 147691自己上架价格: 0
09:09	扫拍价格: 159776自己上架价格: 179800
09:09	扫拍价格: 200000自己上架价格: 138800
09:09	扫拍价格: 202236自己上架价格: 110000
09:09	扫拍价格: 211111自己上架价格: 173600
09:09	扫拍价格: 247691自己上架价格: 0
09:09	扫拍价格: 247691自己上架价格: 0
09:09	扫拍价格: 247691自己上架价格: 0
09:10	扫拍价格: 247691自己上架价格: 0
09:10	扫拍价格: 247691自己上架价格: 0
09:10	扫拍价格: 247691自己上架价格: 0
09:10	扫拍价格: 279776自己上架价格: 122200
09:10	扫拍价格: 298887自己上架价格: 122200
09:10	扫拍价格: 232673自己上架价格: 0
09:10	扫拍价格: 232673自己上架价格: 0
09:11	扫拍价格: 47749自己上架价格: 0
09:11	扫拍价格: 106028自己上架价格: 115128
09:11	扫拍价格: 115800自己上架价格: 115800
09:11	扫拍价格: 163437自己上架价格: 115000
09:11	扫拍价格: 163437自己上架价格: 115000
09:11	扫拍价格: 199999自己上架价格: 0
09:11	扫拍价格: 211111自己上架价格: 0
09:11	扫拍价格: 211111自己上架价格: 0
09:11	扫拍价格: 243318自己上架价格: 0
09:12	扫拍价格: 243318自己上架价格: 0
09:12	扫拍价格: 324670自己上架价格: 0
09:13	扫拍价格: 150000自己上架价格: 0
09:13	扫拍价格: 228385自己上架价格: 0
09:13	扫拍价格: 228385自己上架价格: 0
09:13	扫拍价格: 228385自己上架价格: 0
09:13	扫拍价格: 63887自己上架价格: 0
09:14	扫拍价格: 103887自己上架价格: 0
09:14	扫拍价格: 103887自己上架价格: 0
09:14	扫拍价格: 100000自己上架价格: 0
09:14	扫拍价格: 120000自己上架价格: 0
09:14	扫拍价格: 134328自己上架价格: 0
09:14	扫拍价格: 72969自己上架价格: 0
09:15	扫拍价格: 122182自己上架价格: 0
09:15	扫拍价格: 116411自己上架价格: 0
09:15	扫拍价格: 626411自己上架价格: 0
09:15	扫拍价格: 626411自己上架价格: 0
09:16	扫拍价格: 100000自己上架价格: 0
09:16	扫拍价格: 105170自己上架价格: 0
09:16	扫拍价格: 135170自己上架价格: 0
09:16	扫拍价格: 135170自己上架价格: 0
09:17	扫拍价格: 111111自己上架价格: 0
09:17	扫拍价格: 150000自己上架价格: 0
09:17	扫拍价格: 158277自己上架价格: 0
09:17	扫拍价格: 158277自己上架价格: 0
09:17	扫拍价格: 158277自己上架价格: 0
09:17	扫拍价格: 158277自己上架价格: 0
09:18	扫拍价格: 158277自己上架价格: 0
09:18	扫拍价格: 211111自己上架价格: 115000
09:18	扫拍价格: 211111自己上架价格: 135000
09:18	扫拍价格: 104475自己上架价格: 0
09:18	扫拍价格: 104475自己上架价格: 0
09:18	扫拍价格: 104475自己上架价格: 0
09:18	扫拍价格: 171417自己上架价格: 0
09:18	扫拍价格: 171417自己上架价格: 0
09:18	扫拍价格: 171417自己上架价格: 0
09:19	扫拍价格: 111111自己上架价格: 0
09:19	扫拍价格: 124896自己上架价格: 0
09:19	扫拍价格: 147691自己上架价格: 0
09:19	扫拍价格: 159776自己上架价格: 179800
09:19	扫拍价格: 200000自己上架价格: 138800
09:19	扫拍价格: 202236自己上架价格: 110000
09:20	扫拍价格: 211111自己上架价格: 173600
09:20	扫拍价格: 247691自己上架价格: 0
09:20	扫拍价格: 247691自己上架价格: 0
09:20	扫拍价格: 247691自己上架价格: 0
09:20	扫拍价格: 247691自己上架价格: 0
09:20	扫拍价格: 247691自己上架价格: 0
09:20	扫拍价格: 247691自己上架价格: 0
09:20	扫拍价格: 279776自己上架价格: 122200
09:20	扫拍价格: 232673自己上架价格: 0
09:20	扫拍价格: 232673自己上架价格: 0
09:21	！！！大区35 山西1区角色1结束扫拍
09:21	！！！大区35 山西1区角色1开始变换
09:24	！！大区35 山西1区角色1结束变换
09:29	账号35 山西1区每日任务完成
09:30	账号35 山西1区每日任务结束时间： 09:30
09:30	山西1区-角色1	开始
09:33	！！！大区35 山西1区角色1开始扫拍
09:34	扫拍价格: 150000自己上架价格: 0
09:34	扫拍价格: 228385自己上架价格: 0
09:34	扫拍价格: 228385自己上架价格: 0
09:34	扫拍价格: 228385自己上架价格: 0
09:34	扫拍价格: 63887自己上架价格: 0
09:34	扫拍价格: 103887自己上架价格: 0
09:34	扫拍价格: 103887自己上架价格: 0
09:35	扫拍价格: 100000自己上架价格: 0
09:35	扫拍价格: 120000自己上架价格: 0
09:35	扫拍价格: 134328自己上架价格: 0
09:35	扫拍价格: 72969自己上架价格: 0
09:36	扫拍价格: 122182自己上架价格: 0
09:36	扫拍价格: 116411自己上架价格: 0
09:36	扫拍价格: 626411自己上架价格: 0
09:36	扫拍价格: 626411自己上架价格: 0
09:37	扫拍价格: 100000自己上架价格: 0
09:37	扫拍价格: 105170自己上架价格: 0
09:37	扫拍价格: 135170自己上架价格: 0
09:37	扫拍价格: 135170自己上架价格: 0
09:38	扫拍价格: 111111自己上架价格: 0
09:38	扫拍价格: 150000自己上架价格: 0
09:38	扫拍价格: 158277自己上架价格: 0
09:38	扫拍价格: 158277自己上架价格: 0
09:38	扫拍价格: 158277自己上架价格: 0
09:38	扫拍价格: 158277自己上架价格: 0
09:38	扫拍价格: 158277自己上架价格: 0
09:39	扫拍价格: 211111自己上架价格: 115000
09:39	扫拍价格: 211111自己上架价格: 135000
09:39	扫拍价格: 104475自己上架价格: 0
09:39	扫拍价格: 104475自己上架价格: 0
09:39	扫拍价格: 171417自己上架价格: 0
09:39	扫拍价格: 171417自己上架价格: 0
09:39	扫拍价格: 171417自己上架价格: 0
09:40	扫拍价格: 111111自己上架价格: 0
09:40	扫拍价格: 124896自己上架价格: 0
09:40	扫拍价格: 147691自己上架价格: 0
09:40	扫拍价格: 200000自己上架价格: 138800
09:40	扫拍价格: 202236自己上架价格: 110000
09:40	扫拍价格: 211111自己上架价格: 173600
09:40	扫拍价格: 247691自己上架价格: 0
09:40	扫拍价格: 247691自己上架价格: 0
09:40	扫拍价格: 247691自己上架价格: 0
09:40	扫拍价格: 247691自己上架价格: 0
09:41	扫拍价格: 247691自己上架价格: 0
09:41	扫拍价格: 247691自己上架价格: 0
09:41	扫拍价格: 279776自己上架价格: 122200
09:41	扫拍价格: 232673自己上架价格: 0
09:41	扫拍价格: 232673自己上架价格: 0
09:42	扫拍价格: 47749自己上架价格: 0
09:42	扫拍价格: 106028自己上架价格: 115128
09:42	扫拍价格: 115800自己上架价格: 115800
09:42	扫拍价格: 163437自己上架价格: 115000
09:42	扫拍价格: 163437自己上架价格: 115000
09:42	扫拍价格: 199999自己上架价格: 0
09:42	扫拍价格: 211111自己上架价格: 0
09:42	扫拍价格: 211111自己上架价格: 0
09:42	扫拍价格: 243318自己上架价格: 0
09:42	扫拍价格: 243318自己上架价格: 0
09:42	扫拍价格: 324670自己上架价格: 0
09:44	扫拍价格: 150000自己上架价格: 0
09:44	扫拍价格: 228385自己上架价格: 0
09:44	扫拍价格: 228385自己上架价格: 0
09:44	扫拍价格: 228385自己上架价格: 0
09:44	扫拍价格: 103887自己上架价格: 0
09:44	扫拍价格: 103887自己上架价格: 0
09:45	扫拍价格: 100000自己上架价格: 0
09:45	扫拍价格: 120000自己上架价格: 0
09:45	扫拍价格: 134328自己上架价格: 0
09:45	扫拍价格: 72969自己上架价格: 0
09:46	扫拍价格: 122182自己上架价格: 0
09:46	扫拍价格: 116411自己上架价格: 0
09:46	扫拍价格: 626411自己上架价格: 0
09:46	扫拍价格: 626411自己上架价格: 0
09:47	扫拍价格: 100000自己上架价格: 0
09:47	扫拍价格: 105170自己上架价格: 0
09:47	扫拍价格: 135170自己上架价格: 0
09:47	扫拍价格: 135170自己上架价格: 0
09:48	扫拍价格: 111111自己上架价格: 0
09:48	扫拍价格: 150000自己上架价格: 0
09:48	扫拍价格: 158277自己上架价格: 0
09:48	扫拍价格: 158277自己上架价格: 0
09:48	扫拍价格: 158277自己上架价格: 0
09:48	扫拍价格: 158277自己上架价格: 0
09:48	扫拍价格: 158277自己上架价格: 0
09:48	扫拍价格: 211111自己上架价格: 115000
09:49	扫拍价格: 211111自己上架价格: 135000
09:49	扫拍价格: 104475自己上架价格: 0
09:49	扫拍价格: 104475自己上架价格: 0
09:49	扫拍价格: 171417自己上架价格: 0
09:49	扫拍价格: 171417自己上架价格: 0
09:49	扫拍价格: 171417自己上架价格: 0
09:50	扫拍价格: 111111自己上架价格: 0
09:50	扫拍价格: 124896自己上架价格: 0
09:50	扫拍价格: 147691自己上架价格: 0
09:50	扫拍价格: 200000自己上架价格: 138800
09:50	扫拍价格: 202236自己上架价格: 110000
09:50	扫拍价格: 211111自己上架价格: 173600
09:50	扫拍价格: 247691自己上架价格: 0
09:50	扫拍价格: 247691自己上架价格: 0
09:50	扫拍价格: 247691自己上架价格: 0
09:50	扫拍价格: 247691自己上架价格: 0
09:50	扫拍价格: 247691自己上架价格: 0
09:51	扫拍价格: 247691自己上架价格: 0
09:51	扫拍价格: 279776自己上架价格: 122200
09:51	扫拍价格: 99092自己上架价格: 110128
09:51	扫拍价格: 232673自己上架价格: 0
09:51	扫拍价格: 232673自己上架价格: 0
09:52	扫拍价格: 47749自己上架价格: 0
09:52	扫拍价格: 106028自己上架价格: 115128
09:52	扫拍价格: 115800自己上架价格: 115800
09:52	扫拍价格: 163437自己上架价格: 115000
09:52	扫拍价格: 163437自己上架价格: 115000
09:52	扫拍价格: 199999自己上架价格: 0
09:52	扫拍价格: 211111自己上架价格: 0
09:52	扫拍价格: 211111自己上架价格: 0
09:52	扫拍价格: 243318自己上架价格: 0
09:52	扫拍价格: 243318自己上架价格: 0
09:52	扫拍价格: 324670自己上架价格: 0
09:53	！！！大区35 山西1区角色1结束扫拍
09:53	！！！大区35 山西1区角色1开始变换
09:55	！！大区35 山西1区角色1结束变换
10:01	账号35 山西1区每日任务完成
10:01	账号35 山西1区每日任务结束时间： 10:01
10:01	山西1区-角色1	开始
10:04	！！！大区35 山西1区角色1开始扫拍
10:05	扫拍价格: 150000自己上架价格: 0
10:05	扫拍价格: 228385自己上架价格: 0
10:05	扫拍价格: 228385自己上架价格: 0
10:05	扫拍价格: 228385自己上架价格: 0
10:06	扫拍价格: 103887自己上架价格: 0
10:06	扫拍价格: 103887自己上架价格: 0
10:06	扫拍价格: 100000自己上架价格: 0
10:06	扫拍价格: 120000自己上架价格: 0
10:06	扫拍价格: 134328自己上架价格: 0
10:07	扫拍价格: 72969自己上架价格: 0
10:07	扫拍价格: 122182自己上架价格: 0
10:07	扫拍价格: 116411自己上架价格: 0
10:07	扫拍价格: 626411自己上架价格: 0
10:07	扫拍价格: 626411自己上架价格: 0
10:08	扫拍价格: 135170自己上架价格: 0
10:09	扫拍价格: 111111自己上架价格: 0
10:10	扫拍价格: 150000自己上架价格: 0
10:10	扫拍价格: 158277自己上架价格: 0
10:10	扫拍价格: 158277自己上架价格: 0
10:10	扫拍价格: 158277自己上架价格: 0
10:10	扫拍价格: 158277自己上架价格: 0
10:10	扫拍价格: 158277自己上架价格: 0
10:10	扫拍价格: 211111自己上架价格: 115000
10:10	扫拍价格: 211111自己上架价格: 135000
10:10	扫拍价格: 104475自己上架价格: 0
10:10	扫拍价格: 104475自己上架价格: 0
10:10	扫拍价格: 171417自己上架价格: 0
10:10	扫拍价格: 171417自己上架价格: 0
10:10	扫拍价格: 171417自己上架价格: 0
10:11	扫拍价格: 111111自己上架价格: 0
10:11	扫拍价格: 124896自己上架价格: 0
10:11	扫拍价格: 147691自己上架价格: 0
10:12	扫拍价格: 200000自己上架价格: 138800
10:12	扫拍价格: 202236自己上架价格: 110000
10:12	扫拍价格: 211111自己上架价格: 173600
10:12	扫拍价格: 247691自己上架价格: 0
10:12	扫拍价格: 247691自己上架价格: 0
10:12	扫拍价格: 247691自己上架价格: 0
10:12	扫拍价格: 247691自己上架价格: 0
10:12	扫拍价格: 247691自己上架价格: 0
10:12	扫拍价格: 247691自己上架价格: 0
10:12	扫拍价格: 279776自己上架价格: 122200
10:13	扫拍价格: 232673自己上架价格: 0
10:13	扫拍价格: 232673自己上架价格: 0
10:13	扫拍价格: 47749自己上架价格: 0
10:13	扫拍价格: 106028自己上架价格: 115128
10:13	扫拍价格: 115800自己上架价格: 115800
10:13	扫拍价格: 163437自己上架价格: 115000
10:14	扫拍价格: 163437自己上架价格: 115000
10:14	扫拍价格: 199999自己上架价格: 0
10:14	扫拍价格: 200000自己上架价格: 0
10:14	扫拍价格: 211111自己上架价格: 0
10:14	扫拍价格: 211111自己上架价格: 0
10:14	扫拍价格: 243318自己上架价格: 0
10:14	扫拍价格: 243318自己上架价格: 0
10:14	扫拍价格: 324670自己上架价格: 0
10:15	扫拍价格: 150000自己上架价格: 0
10:15	扫拍价格: 228385自己上架价格: 0
10:15	扫拍价格: 228385自己上架价格: 0
10:16	扫拍价格: 228385自己上架价格: 0
10:16	扫拍价格: 103887自己上架价格: 0
10:16	扫拍价格: 103887自己上架价格: 0
10:16	扫拍价格: 100000自己上架价格: 0
10:16	扫拍价格: 120000自己上架价格: 0
10:16	扫拍价格: 134328自己上架价格: 0
10:17	扫拍价格: 72969自己上架价格: 0
10:17	扫拍价格: 122182自己上架价格: 0
10:17	扫拍价格: 116411自己上架价格: 0
10:17	扫拍价格: 626411自己上架价格: 0
10:17	扫拍价格: 626411自己上架价格: 0
10:18	扫拍价格: 135170自己上架价格: 0
10:19	扫拍价格: 111111自己上架价格: 0
10:19	扫拍价格: 150000自己上架价格: 0
10:19	扫拍价格: 158277自己上架价格: 0
10:19	扫拍价格: 158277自己上架价格: 0
10:20	扫拍价格: 158277自己上架价格: 0
10:20	扫拍价格: 158277自己上架价格: 0
10:20	扫拍价格: 158277自己上架价格: 0
10:20	扫拍价格: 211111自己上架价格: 115000
10:20	扫拍价格: 211111自己上架价格: 135000
10:20	扫拍价格: 104475自己上架价格: 0
10:20	扫拍价格: 104475自己上架价格: 0
10:20	扫拍价格: 171417自己上架价格: 0
10:20	扫拍价格: 171417自己上架价格: 0
10:20	扫拍价格: 171417自己上架价格: 0
10:21	扫拍价格: 111111自己上架价格: 0
10:21	扫拍价格: 124896自己上架价格: 0
10:21	扫拍价格: 147691自己上架价格: 0
10:22	扫拍价格: 200000自己上架价格: 138800
10:22	扫拍价格: 202236自己上架价格: 110000
10:22	扫拍价格: 211111自己上架价格: 173600
10:22	扫拍价格: 247691自己上架价格: 0
10:22	扫拍价格: 247691自己上架价格: 0
10:22	扫拍价格: 247691自己上架价格: 0
10:22	扫拍价格: 247691自己上架价格: 0
10:22	扫拍价格: 247691自己上架价格: 0
10:22	扫拍价格: 247691自己上架价格: 0
10:22	扫拍价格: 279776自己上架价格: 122200
10:22	扫拍价格: 232673自己上架价格: 0
10:23	扫拍价格: 232673自己上架价格: 0
10:23	扫拍价格: 47749自己上架价格: 0
10:23	扫拍价格: 106028自己上架价格: 115128
10:23	扫拍价格: 115800自己上架价格: 115800
10:23	扫拍价格: 163437自己上架价格: 115000
10:24	扫拍价格: 163437自己上架价格: 115000
10:24	扫拍价格: 199999自己上架价格: 0
10:24	扫拍价格: 200000自己上架价格: 0
10:24	扫拍价格: 211111自己上架价格: 0
10:24	扫拍价格: 211111自己上架价格: 0
10:24	扫拍价格: 243318自己上架价格: 0
10:24	扫拍价格: 243318自己上架价格: 0
10:24	扫拍价格: 324670自己上架价格: 0
10:24	！！！大区35 山西1区角色1结束扫拍
10:24	！！！大区35 山西1区角色1开始变换
10:27	！！大区35 山西1区角色1结束变换
10:32	账号35 山西1区每日任务完成
10:32	账号35 山西1区每日任务结束时间： 10:32
10:32	山西1区-角色1	开始
