04:29	115800	密制提花短靴	智力+17	
04:30	130000	密制芭芭拉手套	智力+18	
04:30	122800	密制铜绿护肩	智力+20	
04:31	115800	密制铜绿胸甲	智力+17	
04:31	149200	密制铜绿胸甲	智力+23	
04:31	110800	密制铜绿胸甲	智力+17	
04:32	122800	密制铂铜腰带	智力+20	
04:32	174800	密制灵龟雕纹胸甲	智力+25	
04:33	122200	密制灵龟雕纹胸甲	智力+19	
04:33	115800	密制铜绿胸甲	智力+17	体力+28	
04:33	115800	密制铜绿胸甲	智力+17	
04:34	492200	密制铂铜护肩	智力+19	魔法暴击率+4.5	
04:34	110000	密制铜绿护肩	智力+16	
04:35	174800	密制灵龟雕纹腰带	智力+25	
04:35	110000	密制铜绿胸甲	智力+16	
04:49	200000	密制没落贵族臂章	力量+13	物理暴击率+1.7	
04:50	118200	密制没落贵族臂章	力量+15	
04:50	117200	密制铜绿胸甲	智力+19	
04:51	115800	密制芭芭拉手套	力量+14	
04:51	245200	密制铜绿胸甲	智力+29	
04:51	118200	密制铜绿胸甲	智力+18	
04:52	117200	密制铜绿胸甲	智力+19	
04:52	122800	密制天鹅绒衬衫	智力+20	
04:55	245200	密制漆皮长袍	力量+29	
04:55	113200	密制蟒皮护肩	力量+18	
04:55	377800	密制貂皮护肩	力量+20	物理暴击率+3.3	
04:56	113200	密制漆皮护腿	力量+18	
04:56	117200	密制指战员制服	力量+19	
04:57	403800	密制貂皮护肩	力量+35	
04:57	230200	密制貂皮护肩	力量+28	
04:57	113200	密制貂皮长袍	力量+18	
04:58	110800	密制漆皮长袍	力量+17	
04:58	127800	密制漆皮长袍	力量+20	
04:59	248200	密制漆皮护腿	力量+18	物理暴击率+2.1	
04:59	138800	密制貂皮长袍	力量+22	
05:00	122800	密制漆皮长袍	力量+20	
05:00	179800	密制漆皮长袍	力量+25	
05:00	138800	密制漆皮护腿	力量+22	
05:01	138800	密制貂皮长袍	力量+22	
05:01	117200	密制貂皮长袍	力量+19	
