03:57	122200	密制锦丝腰带	智力+19	
03:57	118200	密制蚕纱护腿	智力+18	
03:57	118200	密制提花护肩	智力+18	
03:58	174800	密制蚕纱护腿	智力+25	
04:00	297200	密制年轮石	智力+16	魔法暴击率+2.6	
04:00	154200	密制黑云母	智力+20	
04:01	118200	密制黑云母	智力+15	
04:01	195000	密制薄纱斗篷	智力+26	
04:02	143800	密制蚕纱护肩	智力+22	
04:02	195000	密制提花腰带	智力+26	
04:02	110000	密制漆皮长袍	力量+16	
04:03	138800	密制漆皮长袍	力量+22	
04:03	110000	密制漆皮长袍	力量+16	
04:04	174800	密制薄纱斗篷	智力+25	
04:23	115800	密制伊利石手镯	智力+14	
04:24	118200	密制薄纱护腿	智力+18	
04:24	127800	密制薄纱护腿	智力+20	
04:25	363400	密制铜绿护腿	智力+15	魔法暴击率+3.3	
04:25	149200	密制雪纺缎带	智力+20	
04:25	110800	密制秘银腰带	力量+17	
04:26	411200	密制精锐长靴	力量+24	物理暴击率+3.3	
04:26	122800	密制精锐长靴	力量+20	
