10:47	重新开始登陆
10:51	登录失败
10:51	重新开始登陆
10:59	选频道出错
10:59	重新开始登陆
11:08	选频道出错
11:08	重新开始登陆
11:18	账号52 河南2区每日任务开始时间： 11:18
11:23	账号52 河南2区每日任务完成
11:24	账号52 河南2区每日任务结束时间： 11:24
11:24	河南2区-角色1	开始
11:26	超过上架上限
11:27	账号52 河南2区每日任务结束时间： 11:27
11:27	河南2区-角色2	开始
11:29	！！！大区52 河南2区角色2开始扫拍
11:30	扫拍价格: 79000自己上架价格: 0
11:30	扫拍价格: 103952自己上架价格: 0
11:30	扫拍价格: 104475自己上架价格: 0
11:30	扫拍价格: 105000自己上架价格: 0
11:30	扫拍价格: 116000自己上架价格: 0
11:30	扫拍价格: 116440自己上架价格: 0
11:30	扫拍价格: 116440自己上架价格: 0
11:30	扫拍价格: 116440自己上架价格: 0
11:30	扫拍价格: 116440自己上架价格: 0
11:31	扫拍价格: 61750自己上架价格: 0
11:31	扫拍价格: 65000自己上架价格: 0
11:31	扫拍价格: 100000自己上架价格: 0
11:31	扫拍价格: 100000自己上架价格: 0
11:31	扫拍价格: 100000自己上架价格: 0
11:31	扫拍价格: 104991自己上架价格: 0
11:31	扫拍价格: 104991自己上架价格: 0
11:31	扫拍价格: 104991自己上架价格: 0
11:31	扫拍价格: 50000自己上架价格: 0
11:31	扫拍价格: 40000自己上架价格: 0
11:31	扫拍价格: 50000自己上架价格: 0
11:31	扫拍价格: 55000自己上架价格: 0
11:31	扫拍价格: 55555自己上架价格: 0
11:31	扫拍价格: 61111自己上架价格: 0
11:31	扫拍价格: 113512自己上架价格: 0
11:31	扫拍价格: 113512自己上架价格: 0
11:31	扫拍价格: 113512自己上架价格: 0
11:31	扫拍价格: 113512自己上架价格: 0
11:32	扫拍价格: 40000自己上架价格: 0
11:32	扫拍价格: 51111自己上架价格: 0
11:32	扫拍价格: 66000自己上架价格: 0
11:32	扫拍价格: 66002自己上架价格: 0
11:32	扫拍价格: 55555自己上架价格: 0
11:32	扫拍价格: 100000自己上架价格: 0
11:32	扫拍价格: 100000自己上架价格: 0
11:32	扫拍价格: 100000自己上架价格: 0
11:32	扫拍价格: 184303自己上架价格: 0
11:32	扫拍价格: 184303自己上架价格: 0
11:32	扫拍价格: 184303自己上架价格: 0
11:32	扫拍价格: 62133自己上架价格: 0
11:33	扫拍价格: 55223自己上架价格: 0
11:37	扫拍价格: 97899自己上架价格: 0
11:37	扫拍价格: 98000自己上架价格: 0
11:37	扫拍价格: 98788自己上架价格: 0
11:37	扫拍价格: 98887自己上架价格: 0
11:37	扫拍价格: 99999自己上架价格: 0
11:37	扫拍价格: 100000自己上架价格: 0
11:37	扫拍价格: 109898自己上架价格: 0
11:37	扫拍价格: 109899自己上架价格: 0
11:37	扫拍价格: 109999自己上架价格: 0
11:37	扫拍价格: 110000自己上架价格: 0
11:37	扫拍价格: 125284自己上架价格: 0
11:37	扫拍价格: 125285自己上架价格: 0
11:38	扫拍价格: 125299自己上架价格: 0
11:38	扫拍价格: 125299自己上架价格: 0
11:38	扫拍价格: 125299自己上架价格: 0
11:38	扫拍价格: 125299自己上架价格: 0
11:38	扫拍价格: 97898自己上架价格: 0
11:38	扫拍价格: 97898自己上架价格: 0
11:38	扫拍价格: 97899自己上架价格: 0
11:38	扫拍价格: 61504自己上架价格: 0
11:38	扫拍价格: 61504自己上架价格: 0
11:38	扫拍价格: 125284自己上架价格: 0
11:38	扫拍价格: 68082自己上架价格: 0
11:38	扫拍价格: 68082自己上架价格: 0
11:38	扫拍价格: 68082自己上架价格: 0
11:38	扫拍价格: 109998自己上架价格: 0
11:38	扫拍价格: 97899自己上架价格: 0
11:38	扫拍价格: 155555自己上架价格: 0
11:39	扫拍价格: 38000自己上架价格: 0
11:39	扫拍价格: 51107自己上架价格: 0
11:39	扫拍价格: 51108自己上架价格: 0
11:39	扫拍价格: 51109自己上架价格: 0
11:39	扫拍价格: 51111自己上架价格: 0
11:39	扫拍价格: 51111自己上架价格: 0
11:39	扫拍价格: 58691自己上架价格: 0
11:39	扫拍价格: 61111自己上架价格: 0
11:39	扫拍价格: 90000自己上架价格: 0
11:39	扫拍价格: 98691自己上架价格: 0
11:40	扫拍价格: 98691自己上架价格: 0
11:40	扫拍价格: 98691自己上架价格: 0
11:40	扫拍价格: 79000自己上架价格: 0
11:40	扫拍价格: 103952自己上架价格: 0
11:40	扫拍价格: 104475自己上架价格: 0
11:40	扫拍价格: 105000自己上架价格: 0
11:40	扫拍价格: 116000自己上架价格: 0
11:40	扫拍价格: 116440自己上架价格: 0
11:40	扫拍价格: 116440自己上架价格: 0
11:40	扫拍价格: 116440自己上架价格: 0
11:40	扫拍价格: 36896自己上架价格: 0
11:40	扫拍价格: 900000自己上架价格: 0
11:40	扫拍价格: 62987自己上架价格: 0
11:40	扫拍价格: 90000自己上架价格: 0
11:41	扫拍价格: 61750自己上架价格: 0
11:41	扫拍价格: 65000自己上架价格: 0
11:41	扫拍价格: 100000自己上架价格: 0
11:41	扫拍价格: 100000自己上架价格: 0
11:41	扫拍价格: 100000自己上架价格: 0
11:41	扫拍价格: 104991自己上架价格: 0
11:41	扫拍价格: 104991自己上架价格: 0
11:41	扫拍价格: 104991自己上架价格: 0
11:41	扫拍价格: 50000自己上架价格: 0
11:41	扫拍价格: 71111自己上架价格: 0
11:41	扫拍价格: 40000自己上架价格: 0
11:41	扫拍价格: 50000自己上架价格: 0
11:41	扫拍价格: 55000自己上架价格: 0
11:41	扫拍价格: 55555自己上架价格: 0
11:41	扫拍价格: 61111自己上架价格: 0
11:42	扫拍价格: 113512自己上架价格: 0
11:42	扫拍价格: 113512自己上架价格: 0
11:42	扫拍价格: 113512自己上架价格: 0
11:42	扫拍价格: 113512自己上架价格: 0
11:42	扫拍价格: 40000自己上架价格: 0
11:42	扫拍价格: 51111自己上架价格: 0
11:42	扫拍价格: 66000自己上架价格: 0
11:42	扫拍价格: 66002自己上架价格: 0
11:42	扫拍价格: 55555自己上架价格: 0
11:42	扫拍价格: 100000自己上架价格: 0
11:42	扫拍价格: 100000自己上架价格: 0
11:42	扫拍价格: 100000自己上架价格: 0
11:43	扫拍价格: 184303自己上架价格: 0
11:43	扫拍价格: 184303自己上架价格: 0
11:43	扫拍价格: 184303自己上架价格: 0
11:43	扫拍价格: 62133自己上架价格: 0
11:43	扫拍价格: 55223自己上架价格: 0
11:47	！！！大区52 河南2区角色2结束扫拍
11:47	！！！大区52 河南2区角色2开始变换
11:55	！！大区52 河南2区角色2结束变换
11:55	账号52 河南2区每日任务结束时间： 11:55
11:55	河南2区-角色2	开始
11:58	账号52 河南2区每日任务结束时间： 11:58
11:58	河南2区-角色3	开始
12:01	！！！大区52 河南2区角色3开始扫拍
12:01	扫拍价格: 38592自己上架价格: 0
12:01	扫拍价格: 38592自己上架价格: 0
12:01	扫拍价格: 38593自己上架价格: 0
12:01	扫拍价格: 38593自己上架价格: 0
12:01	扫拍价格: 38594自己上架价格: 0
12:01	扫拍价格: 38594自己上架价格: 0
12:01	扫拍价格: 38888自己上架价格: 0
12:01	扫拍价格: 55555自己上架价格: 0
12:01	扫拍价格: 63894自己上架价格: 0
12:01	扫拍价格: 65000自己上架价格: 0
12:01	扫拍价格: 80000自己上架价格: 0
12:01	扫拍价格: 80000自己上架价格: 0
12:01	扫拍价格: 83894自己上架价格: 0
12:01	扫拍价格: 103894自己上架价格: 0
12:01	扫拍价格: 103894自己上架价格: 0
12:02	扫拍价格: 57000自己上架价格: 0
12:02	扫拍价格: 38592自己上架价格: 0
12:02	扫拍价格: 55555自己上架价格: 0
12:02	扫拍价格: 110000自己上架价格: 0
12:02	扫拍价格: 52224自己上架价格: 0
12:04	扫拍价格: 39799自己上架价格: 0
12:04	扫拍价格: 39799自己上架价格: 0
12:04	扫拍价格: 39999自己上架价格: 0
12:04	扫拍价格: 48888自己上架价格: 0
12:04	扫拍价格: 49253自己上架价格: 0
12:04	扫拍价格: 70000自己上架价格: 0
12:04	扫拍价格: 161738自己上架价格: 0
12:04	扫拍价格: 161738自己上架价格: 0
12:04	扫拍价格: 161738自己上架价格: 0
12:04	扫拍价格: 161738自己上架价格: 0
12:04	扫拍价格: 161738自己上架价格: 0
12:04	扫拍价格: 161738自己上架价格: 0
12:04	扫拍价格: 2005000自己上架价格: 0
12:04	扫拍价格: 70000自己上架价格: 0
12:04	扫拍价格: 57251自己上架价格: 0
12:04	扫拍价格: 39799自己上架价格: 0
12:04	扫拍价格: 78486自己上架价格: 0
12:05	扫拍价格: 50000自己上架价格: 0
12:05	扫拍价格: 622221自己上架价格: 0
12:05	扫拍价格: 622222自己上架价格: 0
12:05	扫拍价格: 689582自己上架价格: 0
12:05	扫拍价格: 911110自己上架价格: 0
12:05	扫拍价格: 1239582自己上架价格: 0
12:05	扫拍价格: 1239582自己上架价格: 0
12:05	扫拍价格: 1239582自己上架价格: 0
12:05	扫拍价格: 1239582自己上架价格: 0
12:05	扫拍价格: 1239582自己上架价格: 0
12:05	扫拍价格: 1239582自己上架价格: 0
12:05	扫拍价格: 1239582自己上架价格: 0
12:05	扫拍价格: 1239582自己上架价格: 0
12:05	扫拍价格: 1239582自己上架价格: 0
12:05	扫拍价格: 45678自己上架价格: 0
12:05	扫拍价格: 55553自己上架价格: 0
12:05	扫拍价格: 67923自己上架价格: 0
12:05	扫拍价格: 911109自己上架价格: 0
12:05	扫拍价格: 117245自己上架价格: 0
12:05	扫拍价格: 57693自己上架价格: 0
12:05	扫拍价格: 1239582自己上架价格: 0
12:05	扫拍价格: 1239582自己上架价格: 0
12:05	扫拍价格: 1239582自己上架价格: 0
12:05	扫拍价格: 1239582自己上架价格: 0
12:05	扫拍价格: 45678自己上架价格: 0
12:05	扫拍价格: 55553自己上架价格: 0
12:05	扫拍价格: 67923自己上架价格: 0
12:05	扫拍价格: 911109自己上架价格: 0
12:05	扫拍价格: 117245自己上架价格: 0
12:06	扫拍价格: 57693自己上架价格: 0
12:06	扫拍价格: 44220自己上架价格: 0
12:06	扫拍价格: 51111自己上架价格: 0
12:06	扫拍价格: 60000自己上架价格: 0
12:06	扫拍价格: 66666自己上架价格: 0
12:06	扫拍价格: 100000自己上架价格: 0
12:06	扫拍价格: 111111自己上架价格: 0
12:06	扫拍价格: 120000自己上架价格: 0
12:06	扫拍价格: 134220自己上架价格: 0
12:06	扫拍价格: 44639自己上架价格: 0
12:11	扫拍价格: 38592自己上架价格: 0
12:11	扫拍价格: 38592自己上架价格: 0
12:11	扫拍价格: 38593自己上架价格: 0
12:11	扫拍价格: 38593自己上架价格: 0
12:11	扫拍价格: 38594自己上架价格: 0
12:11	扫拍价格: 38594自己上架价格: 0
12:11	扫拍价格: 38888自己上架价格: 0
12:11	扫拍价格: 55555自己上架价格: 0
12:11	扫拍价格: 63894自己上架价格: 0
12:11	扫拍价格: 65000自己上架价格: 0
12:11	扫拍价格: 80000自己上架价格: 0
12:11	扫拍价格: 80000自己上架价格: 0
12:11	扫拍价格: 83894自己上架价格: 0
12:11	扫拍价格: 103894自己上架价格: 0
12:11	扫拍价格: 103894自己上架价格: 0
12:11	扫拍价格: 57000自己上架价格: 0
12:11	扫拍价格: 38592自己上架价格: 0
12:11	扫拍价格: 55555自己上架价格: 0
12:11	扫拍价格: 110000自己上架价格: 0
12:11	扫拍价格: 52224自己上架价格: 0
12:11	扫拍价格: 80000自己上架价格: 0
12:11	扫拍价格: 80000自己上架价格: 0
12:12	扫拍价格: 83894自己上架价格: 0
12:12	扫拍价格: 103894自己上架价格: 0
12:12	扫拍价格: 103894自己上架价格: 0
12:12	扫拍价格: 57000自己上架价格: 0
12:12	扫拍价格: 38592自己上架价格: 0
12:12	扫拍价格: 55555自己上架价格: 0
12:12	扫拍价格: 110000自己上架价格: 0
12:12	扫拍价格: 52224自己上架价格: 0
12:13	扫拍价格: 51111自己上架价格: 0
12:13	扫拍价格: 65000自己上架价格: 0
12:13	扫拍价格: 79999自己上架价格: 0
12:13	扫拍价格: 80000自己上架价格: 0
12:13	扫拍价格: 80000自己上架价格: 0
12:13	扫拍价格: 88888自己上架价格: 0
12:13	扫拍价格: 90000自己上架价格: 0
12:13	扫拍价格: 95000自己上架价格: 0
12:13	扫拍价格: 162109自己上架价格: 0
12:13	扫拍价格: 162109自己上架价格: 0
12:13	扫拍价格: 162109自己上架价格: 0
12:13	扫拍价格: 162109自己上架价格: 0
12:13	扫拍价格: 162109自己上架价格: 0
12:13	扫拍价格: 39998自己上架价格: 0
12:13	扫拍价格: 51110自己上架价格: 0
12:14	扫拍价格: 50000自己上架价格: 0
12:14	扫拍价格: 50000自己上架价格: 0
12:14	扫拍价格: 61111自己上架价格: 0
12:14	扫拍价格: 67800自己上架价格: 0
12:14	扫拍价格: 70000自己上架价格: 0
12:14	扫拍价格: 80000自己上架价格: 0
12:14	扫拍价格: 100000自己上架价格: 0
12:14	扫拍价格: 154722自己上架价格: 0
12:14	扫拍价格: 154722自己上架价格: 0
12:14	扫拍价格: 154722自己上架价格: 0
12:14	扫拍价格: 154722自己上架价格: 0
12:14	扫拍价格: 154722自己上架价格: 0
12:14	扫拍价格: 154722自己上架价格: 0
12:14	扫拍价格: 39799自己上架价格: 0
12:14	扫拍价格: 39799自己上架价格: 0
12:14	扫拍价格: 39999自己上架价格: 0
12:15	扫拍价格: 48888自己上架价格: 0
12:15	扫拍价格: 49253自己上架价格: 0
12:15	扫拍价格: 70000自己上架价格: 0
12:15	扫拍价格: 161738自己上架价格: 0
12:15	扫拍价格: 161738自己上架价格: 0
12:15	扫拍价格: 161738自己上架价格: 0
12:15	扫拍价格: 161738自己上架价格: 0
12:15	扫拍价格: 161738自己上架价格: 0
12:15	扫拍价格: 161738自己上架价格: 0
12:15	扫拍价格: 2005000自己上架价格: 0
12:15	扫拍价格: 70000自己上架价格: 0
12:15	扫拍价格: 57251自己上架价格: 0
12:15	扫拍价格: 39799自己上架价格: 0
12:15	扫拍价格: 78486自己上架价格: 0
12:15	扫拍价格: 50000自己上架价格: 0
12:15	扫拍价格: 622221自己上架价格: 0
12:15	扫拍价格: 622222自己上架价格: 0
12:15	扫拍价格: 689582自己上架价格: 0
12:15	扫拍价格: 911110自己上架价格: 0
12:15	扫拍价格: 1239582自己上架价格: 0
12:15	扫拍价格: 1239582自己上架价格: 0
12:15	扫拍价格: 1239582自己上架价格: 0
12:15	扫拍价格: 1239582自己上架价格: 0
12:15	扫拍价格: 1239582自己上架价格: 0
12:16	扫拍价格: 1239582自己上架价格: 0
12:16	扫拍价格: 1239582自己上架价格: 0
12:16	扫拍价格: 1239582自己上架价格: 0
12:16	扫拍价格: 1239582自己上架价格: 0
12:16	扫拍价格: 45678自己上架价格: 0
12:16	扫拍价格: 55553自己上架价格: 0
12:16	扫拍价格: 67923自己上架价格: 0
12:16	扫拍价格: 911109自己上架价格: 0
12:16	扫拍价格: 117245自己上架价格: 0
12:16	扫拍价格: 57693自己上架价格: 0
12:16	扫拍价格: 1239582自己上架价格: 0
12:16	扫拍价格: 1239582自己上架价格: 0
12:16	扫拍价格: 1239582自己上架价格: 0
12:16	扫拍价格: 1239582自己上架价格: 0
12:16	扫拍价格: 45678自己上架价格: 0
12:16	扫拍价格: 55553自己上架价格: 0
12:16	扫拍价格: 67923自己上架价格: 0
12:16	扫拍价格: 911109自己上架价格: 0
12:16	扫拍价格: 117245自己上架价格: 0
12:16	扫拍价格: 57693自己上架价格: 0
12:16	扫拍价格: 69999自己上架价格: 0
12:16	扫拍价格: 111111自己上架价格: 0
12:16	扫拍价格: 122222自己上架价格: 0
12:17	扫拍价格: 144444自己上架价格: 0
12:17	扫拍价格: 155555自己上架价格: 0
12:17	扫拍价格: 200000自己上架价格: 0
12:17	扫拍价格: 250000自己上架价格: 0
12:17	扫拍价格: 250000自己上架价格: 0
12:17	扫拍价格: 250000自己上架价格: 0
12:17	扫拍价格: 250000自己上架价格: 0
12:17	扫拍价格: 250000自己上架价格: 0
12:17	扫拍价格: 250000自己上架价格: 0
12:17	扫拍价格: 250000自己上架价格: 0
12:17	扫拍价格: 250000自己上架价格: 0
12:17	扫拍价格: 70000自己上架价格: 0
12:17	扫拍价格: 75855自己上架价格: 0
12:17	扫拍价格: 75000自己上架价格: 0
12:17	扫拍价格: 44220自己上架价格: 0
12:17	扫拍价格: 51111自己上架价格: 0
12:17	扫拍价格: 60000自己上架价格: 0
12:17	扫拍价格: 66666自己上架价格: 0
12:17	扫拍价格: 100000自己上架价格: 0
12:17	扫拍价格: 111111自己上架价格: 0
12:18	扫拍价格: 120000自己上架价格: 0
12:18	扫拍价格: 134220自己上架价格: 0
12:18	扫拍价格: 44639自己上架价格: 0
12:20	扫拍价格: 120000自己上架价格: 0
12:20	扫拍价格: 128888自己上架价格: 0
12:20	扫拍价格: 209000自己上架价格: 0
12:20	扫拍价格: 209987自己上架价格: 0
12:20	扫拍价格: 209987自己上架价格: 0
12:20	扫拍价格: 39000自己上架价格: 0
12:20	扫拍价格: 66111自己上架价格: 0
12:20	扫拍价格: 188236自己上架价格: 0
12:22	！！！大区52 河南2区角色3结束扫拍
12:22	！！！大区52 河南2区角色3开始变换
12:26	！！大区52 河南2区角色3结束变换
12:26	账号52 河南2区每日任务结束时间： 12:26
12:26	河南2区-角色3	开始
12:30	账号52 河南2区每日任务结束时间： 12:30
12:30	河南2区-角色4	开始
12:33	！！！大区52 河南2区角色4开始扫拍
12:33	扫拍价格: 86666自己上架价格: 0
12:33	扫拍价格: 100000自己上架价格: 0
12:33	扫拍价格: 200000自己上架价格: 0
12:33	扫拍价格: 212109自己上架价格: 0
12:33	扫拍价格: 212110自己上架价格: 0
12:33	扫拍价格: 212110自己上架价格: 0
12:33	扫拍价格: 212110自己上架价格: 0
12:33	扫拍价格: 212110自己上架价格: 0
12:33	扫拍价格: 212110自己上架价格: 0
12:33	扫拍价格: 390000自己上架价格: 0
12:33	扫拍价格: 412110自己上架价格: 0
12:34	扫拍价格: 79999自己上架价格: 0
12:34	扫拍价格: 84444自己上架价格: 0
12:34	扫拍价格: 212108自己上架价格: 0
12:34	扫拍价格: 212109自己上架价格: 0
12:34	扫拍价格: 65416自己上架价格: 0
12:34	扫拍价格: 80999自己上架价格: 0
12:34	扫拍价格: 50362自己上架价格: 0
12:34	扫拍价格: 80998自己上架价格: 0
12:35	扫拍价格: 40000自己上架价格: 0
12:35	扫拍价格: 42000自己上架价格: 0
12:35	扫拍价格: 42222自己上架价格: 0
12:35	扫拍价格: 46600自己上架价格: 0
12:35	扫拍价格: 51111自己上架价格: 0
12:35	扫拍价格: 55555自己上架价格: 0
12:35	扫拍价格: 65487自己上架价格: 0
12:35	扫拍价格: 65488自己上架价格: 0
12:35	扫拍价格: 112662自己上架价格: 0
12:35	扫拍价格: 112662自己上架价格: 0
12:35	扫拍价格: 112662自己上架价格: 0
12:35	扫拍价格: 112662自己上架价格: 0
12:35	扫拍价格: 112662自己上架价格: 0
12:35	扫拍价格: 46661自己上架价格: 0
12:35	扫拍价格: 77777自己上架价格: 0
12:35	扫拍价格: 47283自己上架价格: 0
12:35	扫拍价格: 41999自己上架价格: 0
12:35	扫拍价格: 45000自己上架价格: 0
12:36	扫拍价格: 99999自己上架价格: 0
12:36	扫拍价格: 205771自己上架价格: 0
12:36	扫拍价格: 205771自己上架价格: 0
12:36	扫拍价格: 55555自己上架价格: 0
12:36	扫拍价格: 51111自己上架价格: 0
12:36	扫拍价格: 59241自己上架价格: 0
12:36	扫拍价格: 50491自己上架价格: 0
12:36	扫拍价格: 56967自己上架价格: 0
12:36	扫拍价格: 80000自己上架价格: 0
12:36	扫拍价格: 91111自己上架价格: 0
12:36	扫拍价格: 99997自己上架价格: 0
12:36	扫拍价格: 500000自己上架价格: 0
12:36	扫拍价格: 800000自己上架价格: 0
12:36	扫拍价格: 800000自己上架价格: 0
12:36	扫拍价格: 800000自己上架价格: 0
12:36	扫拍价格: 800000自己上架价格: 0
12:37	扫拍价格: 99996自己上架价格: 0
12:37	扫拍价格: 109815自己上架价格: 0
12:37	扫拍价格: 511111自己上架价格: 0
12:37	扫拍价格: 33333自己上架价格: 0
12:37	扫拍价格: 100000自己上架价格: 0
12:37	扫拍价格: 93971自己上架价格: 0
12:37	扫拍价格: 120871自己上架价格: 0
12:37	扫拍价格: 120871自己上架价格: 0
12:37	扫拍价格: 120871自己上架价格: 0
12:37	扫拍价格: 120871自己上架价格: 0
12:37	扫拍价格: 120871自己上架价格: 0
12:37	扫拍价格: 120871自己上架价格: 0
12:37	扫拍价格: 130000自己上架价格: 0
12:37	扫拍价格: 130000自己上架价格: 0
12:37	扫拍价格: 67749自己上架价格: 0
12:37	扫拍价格: 67749自己上架价格: 0
12:47	重新开始登陆
12:49	重新开始登陆
12:57	金币取仓失败
12:57	账号52 河南2区每日任务开始时间： 12:57
12:57	账号52 河南2区每日任务结束时间： 12:57
12:57	河南2区-角色1	开始
12:57	打开物品栏并整理失败-变换前失败
12:58	上架出错，下一个角色
13:00	账号52角色2 换角色出错
13:00	重新开始登陆
13:04	选角色出错
13:04	重新开始登陆
13:11	账号52 河南2区每日任务开始时间： 13:11
13:11	账号52 河南2区每日任务结束时间： 13:11
13:11	河南2区-角色2	开始
13:14	！！！大区52 河南2区角色2开始扫拍
13:14	扫拍价格: 37111自己上架价格: 0
13:14	扫拍价格: 38000自己上架价格: 0
13:14	扫拍价格: 40000自己上架价格: 0
13:14	扫拍价格: 50111自己上架价格: 0
13:14	扫拍价格: 51107自己上架价格: 0
13:14	扫拍价格: 51108自己上架价格: 0
13:14	扫拍价格: 51109自己上架价格: 0
13:14	扫拍价格: 51111自己上架价格: 0
13:14	扫拍价格: 51111自己上架价格: 0
13:14	扫拍价格: 58691自己上架价格: 0
13:14	扫拍价格: 61111自己上架价格: 0
13:14	扫拍价格: 98691自己上架价格: 0
13:14	扫拍价格: 98691自己上架价格: 0
13:14	扫拍价格: 49810自己上架价格: 0
13:15	扫拍价格: 49810自己上架价格: 0
13:15	扫拍价格: 51107自己上架价格: 0
13:15	扫拍价格: 51108自己上架价格: 0
13:15	扫拍价格: 51111自己上架价格: 0
13:15	扫拍价格: 51107自己上架价格: 0
13:15	扫拍价格: 51111自己上架价格: 0
13:15	扫拍价格: 77720自己上架价格: 0
13:15	扫拍价格: 78111自己上架价格: 0
13:15	扫拍价格: 79000自己上架价格: 0
13:15	扫拍价格: 103952自己上架价格: 0
13:15	扫拍价格: 104475自己上架价格: 0
13:15	扫拍价格: 105000自己上架价格: 0
13:15	扫拍价格: 116000自己上架价格: 0
13:15	扫拍价格: 116440自己上架价格: 0
13:15	扫拍价格: 116440自己上架价格: 0
13:15	扫拍价格: 116440自己上架价格: 0
13:16	扫拍价格: 36896自己上架价格: 0
13:16	扫拍价格: 900000自己上架价格: 0
13:16	扫拍价格: 62987自己上架价格: 0
13:16	扫拍价格: 90000自己上架价格: 0
13:16	扫拍价格: 43685自己上架价格: 0
13:16	扫拍价格: 43685自己上架价格: 0
13:16	扫拍价格: 43685自己上架价格: 0
13:16	扫拍价格: 61750自己上架价格: 0
13:16	扫拍价格: 65000自己上架价格: 0
13:16	扫拍价格: 100000自己上架价格: 0
13:16	扫拍价格: 104991自己上架价格: 0
13:16	扫拍价格: 104991自己上架价格: 0
13:16	扫拍价格: 104991自己上架价格: 0
13:16	扫拍价格: 104991自己上架价格: 0
13:16	扫拍价格: 50000自己上架价格: 0
13:16	扫拍价格: 71111自己上架价格: 0
13:16	扫拍价格: 40000自己上架价格: 0
13:17	扫拍价格: 58610自己上架价格: 0
13:17	扫拍价格: 39799自己上架价格: 0
13:17	扫拍价格: 39800自己上架价格: 0
13:17	扫拍价格: 39800自己上架价格: 0
13:17	扫拍价格: 40000自己上架价格: 0
13:17	扫拍价格: 50000自己上架价格: 0
13:17	扫拍价格: 54999自己上架价格: 0
13:17	扫拍价格: 55000自己上架价格: 0
13:17	扫拍价格: 55555自己上架价格: 0
13:17	扫拍价格: 61111自己上架价格: 0
13:17	扫拍价格: 113512自己上架价格: 0
13:17	扫拍价格: 113512自己上架价格: 0
13:17	扫拍价格: 113512自己上架价格: 0
13:17	扫拍价格: 113512自己上架价格: 0
13:17	扫拍价格: 40000自己上架价格: 0
13:17	扫拍价格: 51111自己上架价格: 0
13:18	扫拍价格: 55555自己上架价格: 0
13:18	扫拍价格: 100000自己上架价格: 0
13:18	扫拍价格: 100000自己上架价格: 0
13:18	扫拍价格: 100000自己上架价格: 0
13:18	扫拍价格: 184303自己上架价格: 0
13:18	扫拍价格: 184303自己上架价格: 0
13:18	扫拍价格: 184303自己上架价格: 0
13:18	扫拍价格: 62133自己上架价格: 0
13:18	扫拍价格: 55223自己上架价格: 0
13:18	扫拍价格: 88888自己上架价格: 0
13:18	扫拍价格: 55555自己上架价格: 0
13:18	扫拍价格: 100000自己上架价格: 0
13:18	扫拍价格: 100000自己上架价格: 0
13:18	扫拍价格: 100000自己上架价格: 0
13:18	扫拍价格: 184303自己上架价格: 0
13:18	扫拍价格: 184303自己上架价格: 0
13:18	扫拍价格: 184303自己上架价格: 0
13:18	扫拍价格: 62133自己上架价格: 0
