00:02	金币存仓失败
00:03	金币存仓失败
00:03	金币存仓失败
00:03	！！！大区36 上海4区角色5开始扫拍
00:03	！！！大区36 上海4区角色5结束扫拍
00:03	！！！大区36 上海4区角色5开始变换
00:05	由于变换失败装备过多过多,而导致变换失败
00:06	由于变换失败装备过多过多,而导致变换失败
00:07	打开物品栏并整理失败-变换前失败
00:07	打开物品栏并整理失败-变换前失败
00:07	由于变换前操作失败导致变换失败
00:08	打开物品栏并整理失败-变换前失败
00:08	打开物品栏并整理失败-变换前失败
00:08	由于变换前操作失败导致变换失败
00:09	打开物品栏并整理失败-变换前失败
00:09	打开物品栏并整理失败-变换前失败
00:09	由于变换前操作失败导致变换失败
00:09	！！！大区36 上海4区角色5变换次数过多，重新登录
00:09	重新开始登陆
00:15	选角色出错
00:15	重新开始登陆
00:23	选频道出错
00:23	重新开始登陆
00:30	登录失败
00:30	重新开始登陆
00:40	金币取仓失败
00:40	账号36 上海4区每日任务开始时间： 00:40
00:40	！！！大区36 上海4区角色5开始变换
00:40	打开物品栏并整理失败-变换前失败
00:41	打开物品栏并整理失败-变换前失败
00:41	由于变换前操作失败导致变换失败
00:42	打开物品栏并整理失败-变换前失败
00:42	打开物品栏并整理失败-变换前失败
00:42	由于变换前操作失败导致变换失败
00:43	打开物品栏并整理失败-变换前失败
00:43	打开物品栏并整理失败-变换前失败
00:43	由于变换前操作失败导致变换失败
00:44	打开物品栏并整理失败-变换前失败
00:44	打开物品栏并整理失败-变换前失败
00:44	由于变换前操作失败导致变换失败
00:45	打开物品栏并整理失败-变换前失败
00:45	打开物品栏并整理失败-变换前失败
00:45	由于变换前操作失败导致变换失败
00:45	！！！大区36 上海4区角色5变换次数过多，重新登录
00:45	重新开始登陆
00:50	账号36 上海4区每日任务开始时间： 00:50
00:50	！！！大区36 上海4区角色5开始变换
00:51	打开物品栏并整理失败-变换前失败
00:51	打开物品栏并整理失败-变换前失败
00:51	由于变换前操作失败导致变换失败
00:52	打开物品栏并整理失败-变换前失败
00:52	打开物品栏并整理失败-变换前失败
00:52	由于变换前操作失败导致变换失败
00:53	打开物品栏并整理失败-变换前失败
00:53	打开物品栏并整理失败-变换前失败
00:53	由于变换前操作失败导致变换失败
00:54	打开物品栏并整理失败-变换前失败
00:54	打开物品栏并整理失败-变换前失败
00:54	由于变换前操作失败导致变换失败
00:55	打开物品栏并整理失败-变换前失败
00:56	打开物品栏并整理失败-变换前失败
00:56	由于变换前操作失败导致变换失败
00:56	！！！大区36 上海4区角色5变换次数过多，重新登录
00:56	重新开始登陆
01:03	选频道出错
01:03	重新开始登陆
01:12	重新开始登陆
01:19	登录失败
01:19	重新开始登陆
01:28	选角色出错
01:28	重新开始登陆
01:44	重新开始登陆
01:49	登录失败
01:49	重新开始登陆
02:01	重新开始登陆
02:05	重新开始登陆
02:16	选频道出错
02:16	重新开始登陆
02:34	重新开始登陆
02:54	初始化配置出错
03:34	初始化配置出错
03:37	重新开始登陆
03:44	账号34 浙江2区每日任务开始时间： 03:44
03:46	账号34角色1 每日任务换角色出错
03:46	重新开始登陆
03:53	账号34 浙江2区每日任务开始时间： 03:53
03:55	账号34角色1 每日任务换角色出错
03:55	重新开始登陆
04:00	账号34 浙江2区每日任务开始时间： 04:00
04:02	账号34角色1 每日任务换角色出错
04:02	重新开始登陆
04:07	账号34 浙江2区每日任务开始时间： 04:07
04:09	账号34角色1 每日任务换角色出错
04:09	重新开始登陆
04:15	账号34 浙江2区每日任务开始时间： 04:15
04:18	账号34角色1 每日任务换角色出错
04:18	重新开始登陆
04:23	账号34 浙江2区每日任务开始时间： 04:23
04:29	账号34 浙江2区每日任务完成
04:30	账号34 浙江2区每日任务结束时间： 04:30
04:30	浙江2区-角色1	开始
04:38	上架出错，下一个角色
04:38	账号34 浙江2区每日任务结束时间： 04:38
04:38	浙江2区-角色2	开始
04:43	上架出错，下一个角色
04:44	账号34 浙江2区每日任务结束时间： 04:44
04:44	浙江2区-角色3	开始
04:49	上架出错，下一个角色
04:49	账号34 浙江2区每日任务结束时间： 04:49
04:49	浙江2区-角色4	开始
04:50	打开物品栏并整理失败-变换前失败
04:51	上架出错，下一个角色
04:51	账号34角色5 换角色出错
04:51	重新开始登陆
04:57	选频道出错
04:57	重新开始登陆
05:00	重新开始登陆
05:04	重新开始登陆
05:10	重新开始登陆
05:19	重新开始登陆
05:32	重新开始登陆
05:33	重新开始登陆
05:35	重新开始登陆
05:39	重新开始登陆
05:45	重新开始登陆
05:55	重新开始登陆
06:08	重新开始登陆
06:09	重新开始登陆
06:11	重新开始登陆
06:15	重新开始登陆
06:21	重新开始登陆
06:30	重新开始登陆
06:43	初始化配置出错
09:45	重新开始登陆
09:54	账号34 角色1开始清理
09:56	清理失败
09:56	清理失败
09:57	清理失败
09:59	魔力结晶存仓失败
10:00	魔力结晶存仓失败
10:01	重新开始登陆
10:05	账号34 角色2开始清理
10:09	清理失败
10:10	清理失败
10:11	清理失败
10:13	魔力结晶存仓失败
10:14	魔力结晶存仓失败
10:15	重新开始登陆
10:19	账号34 角色3开始清理
10:25	账号34 角色4开始清理
10:41	清理失败
10:41	金币取仓失败
10:41	金币取仓失败
10:42	金币取仓失败
10:42	魔力结晶存仓失败
10:42	金币取仓失败
10:42	金币取仓失败
10:43	金币取仓失败
10:43	魔力结晶存仓失败
10:46	重新开始登陆
10:50	账号34 角色5开始清理
10:55	魔力结晶存仓失败
10:55	魔力结晶存仓失败
10:55	重新开始登陆
10:59	账号35 角色1开始清理
11:04	清理失败
11:04	清理失败
11:05	清理失败
11:07	魔力结晶存仓失败
11:09	魔力结晶存仓失败
11:09	重新开始登陆
11:13	账号35 角色2开始清理
11:17	魔力结晶存仓失败
11:18	魔力结晶存仓失败
11:19	账号35 角色3开始清理
11:38	魔力结晶存仓失败
11:39	魔力结晶存仓失败
11:39	账号35 角色4开始清理
11:54	清理失败
12:00	魔力结晶存仓失败
12:00	魔力结晶存仓失败
12:01	账号35 角色5开始清理
12:15	魔力结晶存仓失败
12:15	魔力结晶存仓失败
12:15	重新开始登陆
12:26	重新开始登陆
12:30	账号36 角色1开始清理
12:35	魔力结晶存仓失败
12:35	魔力结晶存仓失败
12:36	账号36 角色2开始清理
12:40	魔力结晶存仓失败
12:41	魔力结晶存仓失败
12:41	账号36 角色3开始清理
12:46	魔力结晶存仓失败
12:46	魔力结晶存仓失败
12:47	账号36 角色4开始清理
13:04	魔力结晶存仓失败
13:05	魔力结晶存仓失败
13:05	账号36 角色5开始清理
13:09	魔力结晶存仓失败
13:10	魔力结晶存仓失败
13:10	重新开始登陆
13:19	重新开始登陆
13:24	账号34 角色1开始清理
13:28	账号34 角色2开始清理
13:36	账号34 角色3开始清理
13:40	魔力结晶存仓失败
13:40	魔力结晶存仓失败
13:41	账号34 角色4开始清理
14:03	清理失败
14:04	账号34 角色5开始清理
14:08	魔力结晶存仓失败
14:09	魔力结晶存仓失败
14:09	重新开始登陆
14:14	账号35 角色1开始清理
14:47	清理失败
14:58	魔力结晶存仓失败
14:59	魔力结晶存仓失败
15:00	账号35 角色2开始清理
15:04	魔力结晶存仓失败
15:04	魔力结晶存仓失败
15:05	账号35 角色3开始清理
15:31	清理失败
15:31	魔力结晶存仓失败
15:32	魔力结晶存仓失败
15:33	账号35 角色4开始清理
