06:35	115800	密制提花长裤	智力+17	
06:36	118200	密制提花长裤	智力+18	
06:36	110800	密制提花护肩	智力+17	
06:36	115800	密制提花护肩	智力+17	
06:37	115000	密制蚕纱腰带	智力+16	
06:37	174800	密制提花护肩	智力+25	
06:37	122200	密制提花护肩	智力+19	
06:38	319800	密制蚕纱护肩	智力+32	
06:38	206800	密制锦丝护肩	智力+27	
06:39	117200	密制提花护肩	智力+19	
06:39	115800	密制提花护肩	智力+17	
06:39	115000	密制提花护肩	智力+16	
06:40	400000	密制锦丝短靴	智力+26	魔法暴击率+2.9	
06:40	110000	密制提花护肩	智力+16	
06:41	110000	密制提花护肩	智力+16	
06:41	110800	密制提花护肩	智力+17	
06:42	195000	密制提花护肩	智力+26	
06:42	122200	密制提花护肩	智力+19	
06:42	403800	密制锦丝短靴	智力+35	
06:55	110800	密制蚕纱腰带	智力+17	
06:55	143800	密制蚕纱腰带	智力+22	
06:56	211800	密制锦丝短靴	智力+27	
06:56	179800	密制提花护肩	智力+25	
