03:59	113200	密制蚕纱护肩	智力+18	
04:00	115800	密制锦丝护肩	智力+17	
04:00	118200	密制锦丝长袍	智力+18	
04:01	179800	密制锦丝长袍	智力+25	
04:01	117200	密制提花短靴	智力+19	
04:02	115800	密制提花长裤	智力+17	
04:02	297200	密制提花长裤	智力+19	魔法暴击率+2.6	
04:02	118200	密制提花长裤	智力+18	
04:03	135000	密制锦丝腰带	智力+21	
04:03	110000	密制提花长袍	智力+16	
04:04	127800	密制锦丝腰带	智力+20	
04:04	135000	密制锦丝腰带	智力+21	
04:05	313400	密制锦丝长裤	智力+15	魔法暴击率+2.8	
04:05	115000	密制提花长裤	智力+16	
04:05	110000	密制提花腰带	智力+16	
04:06	118200	密制提花长裤	智力+18	
04:06	110800	密制蚕纱腰带	智力+17	
04:07	166200	密制提花护肩	智力+24	
04:07	115800	密制提花长裤	智力+17	
04:07	211800	密制锦丝腰带	智力+27	
04:08	110000	密制提花腰带	智力+16	
04:21	117200	密制提花腰带	智力+19	
04:24	195000	密制神木短靴	力量+26	
04:24	115800	密制神木护腿	力量+17	
04:25	110800	密制神木护腿	力量+17	
04:25	110800	密制神木胸甲	力量+17	
04:26	110800	密制神木护腿	力量+17	
04:26	110800	密制神木护腿	力量+17	
04:26	122200	密制纤尘护腿	力量+19	
04:27	110000	密制神木护腿	力量+16	
04:57	118200	密制角斗士腰带	力量+18	
05:00	110800	密制秘银胸甲	力量+17	
05:00	110000	密制秘银长靴	力量+16	
05:01	117200	密制秘银长靴	力量+19	
05:01	113200	密制秘银长靴	力量+18	
05:02	127800	密制秘银长靴	力量+20	
05:02	127800	密制秘银长靴	力量+20	
05:02	138800	密制复合式长靴	力量+22	
05:03	494200	密制秘银腰带	力量+23	物理暴击率+4.2	
05:03	174800	密制复合式长靴	力量+25	
05:04	117200	密制秘银腰带	力量+19	
05:04	195000	密制秘银腰带	力量+26	
05:04	377200	密制秘银护腿	力量+19	物理暴击率+3.4	
05:05	195000	密制精锐长靴	力量+26	
05:05	115800	密制秘银腰带	力量+17	
05:06	115800	密制秘银腰带	力量+17	
05:37	110000	密制复合式腰带	力量+16	
05:37	138800	密制精锐胫甲	力量+22	
05:38	117200	密制雪纺缎带	力量+16	
05:38	206800	密制雪纺缎带	智力+24	
05:41	110800	密制铂铜战靴	智力+17	
05:41	127800	密制铂铜战靴	智力+20	
05:42	130000	密制铂铜护肩	智力+21	
05:42	166200	密制铜绿胸甲	智力+24	
05:43	122200	密制铜绿护肩	智力+19	
05:43	110800	密制铜绿胸甲	智力+17	
05:44	118200	密制铜绿护腿	智力+18	
05:44	127800	密制铜绿护腿	智力+20	
05:44	149200	密制铜绿胸甲	智力+23	
05:45	110800	密制战地短靴	智力+17	
05:45	117200	密制铂铜护肩	智力+19	
05:46	418800	密制铜绿胸甲	智力+22	魔法暴击率+3.6	
05:46	118200	密制铜绿胸甲	智力+18	
05:46	130000	密制铂铜护肩	智力+21	
05:47	110800	密制铜绿护肩	智力+17	
05:47	115800	密制铜绿护肩	智力+17	
05:48	113200	密制铜绿护腿	智力+18	
05:48	367200	密制铜绿护肩	智力+19	魔法暴击率+3.3	
05:55	174800	密制战地护肩	智力+25	
05:55	118200	密制铂铜战靴	智力+18	
05:55	118200	密制铜绿腰带	智力+18	
05:56	110000	密制战地腰带	智力+16	
05:56	115800	密制铂铜护肩	智力+17	
05:59	211800	密制蟒皮短靴	力量+27	
06:00	110800	密制漆皮长袍	力量+17	
06:00	149200	密制蟒皮护肩	力量+23	
06:00	113200	密制蟒皮腰带	力量+18	
06:01	110000	密制漆皮长袍	力量+16	
06:01	117200	密制漆皮长袍	力量+19	
06:02	110000	密制漆皮护肩	力量+16	
06:02	110000	密制漆皮护肩	力量+16	
06:02	195000	密制蟒皮长袍	力量+26	
06:03	117200	密制貂皮护肩	力量+19	
06:03	110800	密制漆皮长袍	力量+17	
06:04	117200	密制漆皮长袍	力量+19	
06:04	225200	密制漆皮长袍	力量+28	
06:04	117200	密制漆皮长袍	力量+19	
06:05	110000	密制漆皮长袍	力量+16	
06:05	245200	密制貂皮护肩	力量+29	
06:06	122200	密制貂皮绑腿	力量+19	
06:06	117200	密制漆皮长袍	力量+19	
06:06	190000	密制漆皮长袍	力量+26	
06:15	110000	密制漆皮护肩	力量+16	魔法暴击率+2.5	
06:16	138800	密制貂皮绑腿	力量+22	
06:16	250600	密制蟒皮腰带	力量+13	物理暴击率+2.3	
06:16	174800	密制蟒皮短靴	力量+25	
06:17	110800	密制蟒皮腰带	力量+17	
06:17	110000	密制蟒皮腰带	力量+16	
06:18	113200	密制蟒皮腰带	力量+18	
06:18	250200	密制貂皮护肩	力量+29	
06:19	110000	密制漆皮长袍	力量+16	
06:19	130000	密制漆皮长袍	力量+21	
06:19	122200	密制貂皮绑腿	力量+19	
06:20	113200	密制貂皮绑腿	力量+18	
