10:48	重新开始登陆
10:50	重新开始登陆
10:57	选频道出错
10:57	重新开始登陆
11:05	账号49 湖北2区每日任务开始时间： 11:05
11:10	账号49 湖北2区每日任务完成
11:10	账号49 湖北2区每日任务结束时间： 11:10
11:10	湖北2区-角色1	开始
11:12	超过上架上限
11:13	账号49 湖北2区每日任务结束时间： 11:13
11:14	湖北2区-角色2	开始
11:16	！！！大区49 湖北2区角色2开始扫拍
11:17	扫拍价格: 109450自己上架价格: 0
11:17	扫拍价格: 110000自己上架价格: 0
11:17	扫拍价格: 120000自己上架价格: 0
11:17	扫拍价格: 135000自己上架价格: 0
11:17	扫拍价格: 145754自己上架价格: 0
11:17	扫拍价格: 152842自己上架价格: 0
11:17	扫拍价格: 152842自己上架价格: 0
11:17	扫拍价格: 152842自己上架价格: 0
11:17	扫拍价格: 152842自己上架价格: 0
11:19	扫拍价格: 91495自己上架价格: 0
11:19	扫拍价格: 91495自己上架价格: 0
11:19	扫拍价格: 200000自己上架价格: 0
11:19	扫拍价格: 44444自己上架价格: 0
11:19	扫拍价格: 50000自己上架价格: 0
11:19	扫拍价格: 93025自己上架价格: 0
11:19	扫拍价格: 126633自己上架价格: 0
11:25	扫拍价格: 109450自己上架价格: 0
11:25	扫拍价格: 110000自己上架价格: 0
11:25	扫拍价格: 120000自己上架价格: 0
11:25	扫拍价格: 135000自己上架价格: 0
11:25	扫拍价格: 145754自己上架价格: 0
11:26	扫拍价格: 152842自己上架价格: 0
11:26	扫拍价格: 152842自己上架价格: 0
11:26	扫拍价格: 152842自己上架价格: 0
11:26	扫拍价格: 152842自己上架价格: 0
11:26	扫拍价格: 56666自己上架价格: 0
11:26	扫拍价格: 69628自己上架价格: 0
11:26	扫拍价格: 41297自己上架价格: 0
11:26	扫拍价格: 55555自己上架价格: 0
11:26	扫拍价格: 49998自己上架价格: 0
11:26	扫拍价格: 62500自己上架价格: 0
11:26	扫拍价格: 44444自己上架价格: 0
11:26	扫拍价格: 71540自己上架价格: 0
11:26	扫拍价格: 71540自己上架价格: 0
11:26	扫拍价格: 88888自己上架价格: 0
11:27	扫拍价格: 88888自己上架价格: 0
11:27	扫拍价格: 146548自己上架价格: 0
11:27	扫拍价格: 146548自己上架价格: 0
11:27	扫拍价格: 146548自己上架价格: 0
11:27	扫拍价格: 146548自己上架价格: 0
11:27	扫拍价格: 146548自己上架价格: 0
11:27	扫拍价格: 97932自己上架价格: 0
11:27	扫拍价格: 60400自己上架价格: 0
11:27	扫拍价格: 50905自己上架价格: 0
11:27	扫拍价格: 91495自己上架价格: 0
11:27	扫拍价格: 91495自己上架价格: 0
11:27	扫拍价格: 200000自己上架价格: 0
11:27	扫拍价格: 44444自己上架价格: 0
11:27	扫拍价格: 50000自己上架价格: 0
11:27	扫拍价格: 93025自己上架价格: 0
11:27	扫拍价格: 126633自己上架价格: 0
11:32	！！！大区49 湖北2区角色2结束扫拍
11:32	！！！大区49 湖北2区角色2开始变换
12:02	！！大区49 湖北2区角色2结束变换
12:02	账号49 湖北2区每日任务结束时间： 12:02
12:03	湖北2区-角色2	开始
12:15	账号49 湖北2区每日任务结束时间： 12:15
12:15	湖北2区-角色3	开始
12:18	！！！大区49 湖北2区角色3开始扫拍
12:20	扫拍价格: 100324自己上架价格: 0
12:21	扫拍价格: 100000自己上架价格: 0
12:21	扫拍价格: 138735自己上架价格: 0
12:21	扫拍价格: 138735自己上架价格: 0
12:21	扫拍价格: 138735自己上架价格: 0
12:21	扫拍价格: 138735自己上架价格: 0
12:21	扫拍价格: 77153自己上架价格: 0
12:21	扫拍价格: 51256自己上架价格: 0
12:21	扫拍价格: 55555自己上架价格: 0
12:21	扫拍价格: 99799自己上架价格: 0
12:21	扫拍价格: 70582自己上架价格: 0
12:21	扫拍价格: 100000自己上架价格: 0
12:21	扫拍价格: 138735自己上架价格: 0
12:21	扫拍价格: 138735自己上架价格: 0
12:21	扫拍价格: 138735自己上架价格: 0
12:21	扫拍价格: 138735自己上架价格: 0
12:21	扫拍价格: 77153自己上架价格: 0
12:21	扫拍价格: 51256自己上架价格: 0
12:21	扫拍价格: 55555自己上架价格: 0
12:21	扫拍价格: 99799自己上架价格: 0
12:21	扫拍价格: 70582自己上架价格: 0
12:21	扫拍价格: 100000自己上架价格: 0
12:21	扫拍价格: 138735自己上架价格: 0
12:21	扫拍价格: 138735自己上架价格: 0
12:22	扫拍价格: 138735自己上架价格: 0
12:22	扫拍价格: 138735自己上架价格: 0
12:22	扫拍价格: 77153自己上架价格: 0
12:22	扫拍价格: 51256自己上架价格: 0
12:22	扫拍价格: 55555自己上架价格: 0
12:22	扫拍价格: 99799自己上架价格: 0
12:22	扫拍价格: 70582自己上架价格: 0
12:22	扫拍价格: 66376自己上架价格: 0
12:22	扫拍价格: 94780自己上架价格: 0
12:22	扫拍价格: 94780自己上架价格: 0
12:22	扫拍价格: 94780自己上架价格: 0
12:22	扫拍价格: 114379自己上架价格: 0
12:22	扫拍价格: 114379自己上架价格: 0
12:22	扫拍价格: 66376自己上架价格: 0
12:22	扫拍价格: 40000自己上架价格: 0
12:22	扫拍价格: 69999自己上架价格: 0
12:22	扫拍价格: 70000自己上架价格: 0
12:22	扫拍价格: 139634自己上架价格: 0
12:22	扫拍价格: 58422自己上架价格: 0
12:23	扫拍价格: 58422自己上架价格: 0
12:29	扫拍价格: 100324自己上架价格: 0
12:29	扫拍价格: 47911自己上架价格: 0
12:30	扫拍价格: 100000自己上架价格: 0
12:30	扫拍价格: 138735自己上架价格: 0
12:30	扫拍价格: 138735自己上架价格: 0
12:30	扫拍价格: 138735自己上架价格: 0
12:30	扫拍价格: 138735自己上架价格: 0
12:30	扫拍价格: 77153自己上架价格: 0
12:30	扫拍价格: 51256自己上架价格: 0
12:30	扫拍价格: 55555自己上架价格: 0
12:30	扫拍价格: 99799自己上架价格: 0
12:30	扫拍价格: 70582自己上架价格: 0
12:30	扫拍价格: 100000自己上架价格: 0
12:30	扫拍价格: 138735自己上架价格: 0
12:30	扫拍价格: 138735自己上架价格: 0
12:30	扫拍价格: 138735自己上架价格: 0
12:30	扫拍价格: 138735自己上架价格: 0
12:30	扫拍价格: 77153自己上架价格: 0
12:30	扫拍价格: 51256自己上架价格: 0
12:30	扫拍价格: 55555自己上架价格: 0
12:30	扫拍价格: 99799自己上架价格: 0
12:30	扫拍价格: 70582自己上架价格: 0
12:31	扫拍价格: 100000自己上架价格: 0
12:31	扫拍价格: 138735自己上架价格: 0
12:31	扫拍价格: 138735自己上架价格: 0
12:31	扫拍价格: 138735自己上架价格: 0
12:31	扫拍价格: 138735自己上架价格: 0
12:31	扫拍价格: 77153自己上架价格: 0
12:31	扫拍价格: 51256自己上架价格: 0
12:31	扫拍价格: 55555自己上架价格: 0
12:31	扫拍价格: 99799自己上架价格: 0
12:31	扫拍价格: 70582自己上架价格: 0
12:31	扫拍价格: 66376自己上架价格: 0
12:31	扫拍价格: 94780自己上架价格: 0
12:31	扫拍价格: 94780自己上架价格: 0
12:31	扫拍价格: 94780自己上架价格: 0
12:31	扫拍价格: 114379自己上架价格: 0
12:31	扫拍价格: 114379自己上架价格: 0
12:31	扫拍价格: 66376自己上架价格: 0
12:32	扫拍价格: 40000自己上架价格: 0
12:32	扫拍价格: 69999自己上架价格: 0
12:32	扫拍价格: 70000自己上架价格: 0
12:32	扫拍价格: 139634自己上架价格: 0
12:32	扫拍价格: 58422自己上架价格: 0
12:32	扫拍价格: 58422自己上架价格: 0
12:33	扫拍价格: 39529自己上架价格: 0
12:33	扫拍价格: 61111自己上架价格: 0
12:33	扫拍价格: 70000自己上架价格: 0
12:33	扫拍价格: 79529自己上架价格: 0
12:33	扫拍价格: 79529自己上架价格: 0
12:33	扫拍价格: 79529自己上架价格: 0
12:33	扫拍价格: 79529自己上架价格: 0
12:44	重新开始登陆
12:52	账号49 湖北2区每日任务开始时间： 12:52
12:53	！！！大区49 湖北2区角色3开始扫拍
12:54	扫拍价格: 148899自己上架价格: 0
12:54	扫拍价格: 159525自己上架价格: 0
12:54	扫拍价格: 38999自己上架价格: 0
12:54	扫拍价格: 38999自己上架价格: 0
12:55	扫拍价格: 56453自己上架价格: 0
12:55	扫拍价格: 81269自己上架价格: 0
12:55	扫拍价格: 67112自己上架价格: 0
12:55	扫拍价格: 67112自己上架价格: 0
12:55	扫拍价格: 79201自己上架价格: 0
12:55	扫拍价格: 85909自己上架价格: 0
12:56	扫拍价格: 93025自己上架价格: 0
12:56	扫拍价格: 126633自己上架价格: 0
12:57	扫拍价格: 34123自己上架价格: 0
12:57	扫拍价格: 50000自己上架价格: 0
12:57	扫拍价格: 60000自己上架价格: 0
12:57	扫拍价格: 66666自己上架价格: 0
12:57	扫拍价格: 74123自己上架价格: 0
12:57	扫拍价格: 104100自己上架价格: 0
12:57	扫拍价格: 104123自己上架价格: 0
12:57	扫拍价格: 104123自己上架价格: 0
12:57	扫拍价格: 104123自己上架价格: 0
12:57	扫拍价格: 104123自己上架价格: 0
12:58	扫拍价格: 95000自己上架价格: 0
12:58	扫拍价格: 98580自己上架价格: 0
12:58	扫拍价格: 98580自己上架价格: 0
12:58	扫拍价格: 98580自己上架价格: 0
13:00	扫拍价格: 54321自己上架价格: 0
13:00	扫拍价格: 55555自己上架价格: 0
13:00	扫拍价格: 99999自己上架价格: 130000
13:00	扫拍价格: 99999自己上架价格: 0
13:00	扫拍价格: 186631自己上架价格: 115000
13:00	扫拍价格: 231203自己上架价格: 0
13:01	扫拍价格: 38888自己上架价格: 0
13:01	扫拍价格: 48000自己上架价格: 0
13:01	扫拍价格: 51111自己上架价格: 0
13:01	扫拍价格: 55555自己上架价格: 0
13:01	扫拍价格: 66666自己上架价格: 0
13:01	扫拍价格: 66666自己上架价格: 0
13:01	扫拍价格: 88888自己上架价格: 110000
13:02	扫拍价格: 104316自己上架价格: 0
13:02	扫拍价格: 104316自己上架价格: 0
13:02	扫拍价格: 104316自己上架价格: 0
13:02	扫拍价格: 104316自己上架价格: 0
13:02	扫拍价格: 111111自己上架价格: 0
13:02	扫拍价格: 122222自己上架价格: 110512
13:02	扫拍价格: 138447自己上架价格: 118200
13:02	扫拍价格: 158447自己上架价格: 115800
13:02	！！！大区49 湖北2区角色3结束扫拍
13:02	！！！大区49 湖北2区角色3开始变换
13:06	！！大区49 湖北2区角色3结束变换
13:06	账号49 湖北2区每日任务结束时间： 13:06
13:06	湖北2区-角色3	开始
13:09	！！！大区49 湖北2区角色3开始扫拍
13:10	扫拍价格: 148899自己上架价格: 0
13:10	扫拍价格: 159525自己上架价格: 0
13:11	扫拍价格: 38999自己上架价格: 0
13:11	扫拍价格: 38999自己上架价格: 0
13:11	扫拍价格: 56453自己上架价格: 0
13:11	扫拍价格: 81269自己上架价格: 0
13:11	扫拍价格: 561109自己上架价格: 0
13:12	扫拍价格: 67112自己上架价格: 0
13:12	扫拍价格: 67112自己上架价格: 0
13:12	扫拍价格: 79201自己上架价格: 0
13:12	扫拍价格: 85909自己上架价格: 0
13:12	扫拍价格: 93025自己上架价格: 0
13:12	扫拍价格: 126633自己上架价格: 0
13:13	扫拍价格: 34123自己上架价格: 0
13:13	扫拍价格: 50000自己上架价格: 0
13:13	扫拍价格: 60000自己上架价格: 0
13:13	扫拍价格: 66666自己上架价格: 0
13:13	扫拍价格: 74123自己上架价格: 0
13:14	扫拍价格: 104100自己上架价格: 0
13:14	扫拍价格: 104123自己上架价格: 0
13:14	扫拍价格: 104123自己上架价格: 0
13:14	扫拍价格: 104123自己上架价格: 0
13:14	扫拍价格: 104123自己上架价格: 0
13:15	扫拍价格: 95000自己上架价格: 0
13:15	扫拍价格: 98580自己上架价格: 0
13:15	扫拍价格: 98580自己上架价格: 0
13:15	扫拍价格: 98580自己上架价格: 0
13:15	扫拍价格: 98580自己上架价格: 0
13:15	扫拍价格: 129732自己上架价格: 115000
13:17	扫拍价格: 54321自己上架价格: 0
13:17	扫拍价格: 55555自己上架价格: 0
13:17	扫拍价格: 99999自己上架价格: 130000
13:17	扫拍价格: 99999自己上架价格: 0
13:17	扫拍价格: 186631自己上架价格: 115000
13:17	扫拍价格: 231203自己上架价格: 0
13:18	扫拍价格: 34256自己上架价格: 0
13:18	扫拍价格: 116811自己上架价格: 110032
20:11	重新开始登陆
20:15	登录失败
20:15	重新开始登陆
20:28	重新开始登陆
20:35	账号31 广西2区每日任务开始时间： 20:35
20:36	账号31角色1 每日任务换角色出错
20:38	账号31角色1 每日任务换角色出错
20:39	账号31角色1 每日任务换角色出错
20:41	账号31角色1 每日任务换角色出错
20:43	账号31角色1 每日任务换角色出错
20:44	账号31角色1 每日任务换角色出错
20:46	账号31角色1 每日任务换角色出错
20:47	账号31角色1 每日任务换角色出错
20:49	账号31角色1 每日任务换角色出错
20:50	账号31角色1 每日任务换角色出错
20:52	账号31角色1 每日任务换角色出错
20:54	账号31角色1 每日任务换角色出错
20:56	重新开始登陆
21:04	重新开始登陆
21:14	重新开始登陆
21:21	账号31 广西2区每日任务开始时间： 21:21
21:23	账号31角色1 每日任务换角色出错
21:24	账号31角色1 每日任务换角色出错
21:26	账号31角色1 每日任务换角色出错
21:27	账号31角色1 每日任务换角色出错
21:29	账号31角色1 每日任务换角色出错
21:30	账号31角色1 每日任务换角色出错
21:32	账号31角色1 每日任务换角色出错
21:33	账号31角色1 每日任务换角色出错
21:34	账号31角色1 每日任务换角色出错
21:36	账号31角色1 每日任务换角色出错
21:37	账号31角色1 每日任务换角色出错
21:39	账号31角色1 每日任务换角色出错
21:40	账号31角色1 每日任务换角色出错
21:42	账号31角色1 每日任务换角色出错
21:43	账号31角色1 每日任务换角色出错
21:43	账号31 广西2区每日任务完成
21:45	重新开始登陆
21:53	重新开始登陆
21:58	账号31 广西2区每日任务开始时间： 21:58
22:00	账号31角色1 每日任务换角色出错
22:01	账号31角色1 每日任务换角色出错
22:03	账号31角色1 每日任务换角色出错
22:05	账号31角色1 每日任务换角色出错
22:06	账号31角色1 每日任务换角色出错
22:08	账号31角色1 每日任务换角色出错
22:09	账号31角色1 每日任务换角色出错
22:11	账号31角色1 每日任务换角色出错
22:12	账号31角色1 每日任务换角色出错
22:14	账号31角色1 每日任务换角色出错
22:15	账号31角色1 每日任务换角色出错
22:17	账号31角色1 每日任务换角色出错
22:18	账号31角色1 每日任务换角色出错
22:20	账号31角色1 每日任务换角色出错
22:21	账号31角色1 每日任务换角色出错
22:21	账号31 广西2区每日任务完成
22:23	重新开始登陆
22:27	账号31 广西2区每日任务开始时间： 22:27
22:28	账号31角色1 每日任务换角色出错
22:30	账号31角色1 每日任务换角色出错
22:31	重新开始登陆
22:36	账号31 广西2区每日任务开始时间： 22:36
22:36	账号31 广西2区每日任务结束时间： 22:36
22:36	广西2区-角色1	开始
22:37	上架出错，下一个角色
22:41	账号31角色2 换角色出错
22:41	重新开始登陆
22:46	账号31 广西2区每日任务开始时间： 22:46
22:46	账号31 广西2区每日任务结束时间： 22:46
22:46	广西2区-角色2	开始
22:48	上架出错，下一个角色
22:50	账号31角色3 换角色出错
22:50	重新开始登陆
22:55	账号31 广西2区每日任务开始时间： 22:55
22:55	账号31 广西2区每日任务结束时间： 22:55
22:55	广西2区-角色3	开始
22:58	！！！大区31 广西2区角色3开始扫拍
22:59	扫拍价格: 75619自己上架价格: 115000
22:59	扫拍价格: 119999自己上架价格: 0
22:59	扫拍价格: 119999自己上架价格: 0
22:59	扫拍价格: 200000自己上架价格: 115000
22:59	扫拍价格: 200000自己上架价格: 115000
22:59	扫拍价格: 260000自己上架价格: 115000
22:59	扫拍价格: 288888自己上架价格: 115000
22:59	扫拍价格: 320000自己上架价格: 115000
22:59	扫拍价格: 320000自己上架价格: 115000
22:59	扫拍价格: 320000自己上架价格: 115000
22:59	扫拍价格: 322222自己上架价格: 115800
22:59	扫拍价格: 350000自己上架价格: 173064
22:59	扫拍价格: 411111自己上架价格: 127800
22:59	扫拍价格: 611111自己上架价格: 143800
22:59	扫拍价格: 611111自己上架价格: 154200
23:12	！！！大区31 广西2区角色3结束扫拍
23:12	！！！大区31 广西2区角色3开始变换
23:12	打开物品栏并整理失败-变换前失败
23:12	打开物品栏并整理失败-变换前失败
23:13	由于变换前操作失败导致变换失败
23:13	打开物品栏并整理失败-变换前失败
23:13	打开物品栏并整理失败-变换前失败
23:13	由于变换前操作失败导致变换失败
23:14	打开物品栏并整理失败-变换前失败
23:14	打开物品栏并整理失败-变换前失败
23:14	由于变换前操作失败导致变换失败
23:15	打开物品栏并整理失败-变换前失败
23:15	打开物品栏并整理失败-变换前失败
23:15	由于变换前操作失败导致变换失败
23:16	打开物品栏并整理失败-变换前失败
23:16	打开物品栏并整理失败-变换前失败
23:16	由于变换前操作失败导致变换失败
23:16	！！！大区31 广西2区角色3变换次数过多，重新登录
23:16	重新开始登陆
23:21	账号31 广西2区每日任务开始时间： 23:21
23:21	！！！大区31 广西2区角色3开始变换
23:23	！！大区31 广西2区角色3结束变换
23:23	账号31 广西2区每日任务结束时间： 23:23
23:23	广西2区-角色3	开始
23:23	打开物品栏并整理失败-变换前失败
23:24	上架出错，下一个角色
23:26	账号31角色4 换角色出错
23:26	重新开始登陆
23:31	账号31 广西2区每日任务开始时间： 23:31
23:31	账号31 广西2区每日任务结束时间： 23:31
23:31	广西2区-角色4	开始
23:33	上架出错，下一个角色
23:36	账号31角色5 换角色出错
23:36	重新开始登陆
23:42	选频道出错
23:42	重新开始登陆
23:47	账号31 广西2区每日任务开始时间： 23:47
23:47	账号31 广西2区每日任务结束时间： 23:47
23:47	广西2区-角色5	开始
23:49	上架出错，下一个角色
23:51	重新开始登陆
23:55	金币取仓失败
23:55	账号32 广西3区每日任务开始时间： 23:55
23:57	账号32角色1 每日任务换角色出错
23:57	重新开始登陆
