05:17	30000	密制守护石	回避率+1.6	
05:18	44444	密制守护石	力量+14	
05:18	30000	密制青空之蓝手套	
05:19	19999	密制日光石手镯	
05:19	60000	密制伊利石戒指	施放速度+1.9	
05:27	22830	密制日光石手镯	
05:37	24995	密制薄纱护腿	
05:39	27249	密制科堡腰带	
05:45	15000	密制雪纺缎带	
05:45	20000	密制雪纺缎带	
05:46	20000	密制伊利石手镯	智力+14	火属性抗性+5	
05:46	20000	密制伊利石手镯	光属性抗性+7	
05:49	10000	密制蚕纱护肩	
06:02	13998	密制薄纱短靴	
06:02	13999	密制薄纱短靴	
06:06	9999	密制提花短靴	
06:08	30000	密制没落贵族臂章	
06:12	44444	密制芭芭拉手套	智力+13	
06:12	45000	密制芭芭拉手套	物理暴击率+1.5	
06:33	19897	密制天鹅绒护肩	
06:34	22221	密制科堡护肩	
06:37	105940	密制丝绒臂章	力量+21	
06:38	10000	密制提花腰带	
06:39	9860	密制龙魂石	命中率+2.4	
06:39	18000	密制龙魂石	魔法暴击率+1.8	
06:39	17334	密制锦丝长裤	
