00:23	110800	密制锦丝长裤	智力+17	
00:47	110800	密制天鹅绒短靴	智力+17	
00:48	135000	密制薄纱斗篷	智力+21	
00:48	115000	密制日光石戒指	智力+13	
00:49	113200	密制提花长袍	智力+18	
00:49	161200	密制科堡胸甲	力量+24	
00:50	113200	密制天鹅绒短靴	智力+18	
00:50	127800	密制提花护肩	智力+20	
00:50	113200	密制合金长靴	智力+18	
00:51	138800	密制科堡长靴	力量+22	
00:51	118200	密制科堡长靴	力量+18	
01:21	122800	密制科堡绑腿	力量+20	
01:52	166200	密制提花长裤	智力+24	
01:53	110000	密制提花长裤	智力+16	
01:53	110000	密制科堡绑腿	力量+16	
01:53	127800	密制薄纱短靴	智力+20	
01:54	115800	密制薄纱短靴	智力+17	
02:19	110000	密制锦丝长裤	智力+16	
02:20	149200	密制锦丝长裤	智力+23	
02:20	135000	密制龙魂石	智力+18	
02:21	110000	密制龙魂石	力量+13	
02:21	115000	密制提花腰带	智力+16	
02:21	110800	密制提花腰带	智力+17	
02:22	118200	密制蚕纱短靴	智力+18	
02:22	115000	密制蚕纱短靴	智力+16	
02:23	118200	密制科堡护肩	力量+18	
02:23	115000	密制科堡护肩	力量+16	
07:07	110800	密制锦丝长裤	智力+17	
07:07	115800	密制提花长袍	智力+17	
07:43	118200	密制伊利石手镯	智力+15	
07:43	154200	密制伊利石手镯	智力+20	
07:44	122200	密制雪纺缎带	智力+16	
07:44	113200	密制雪纺缎带	力量+15	
07:45	110000	密制锦丝长袍	智力+16	
07:45	110000	密制锦丝长袍	智力+16	
07:45	166200	密制提花长裤	智力+24	
07:46	225200	密制提花长裤	智力+28	
07:46	110000	密制科堡绑腿	力量+16	
07:47	110000	密制科堡绑腿	力量+16	
07:47	117200	密制豹皮胸甲	力量+19	
07:47	173600	密制黄玉手镯	力量+11	攻击速度+1.5	
07:48	118200	密制薄纱短靴	智力+18	
07:48	127800	密制薄纱短靴	智力+20	
07:49	110800	密制天鹅绒衬衫	智力+17	
07:49	135000	密制雪纺缎带	力量+18	
