00:35	before	密制天鹅绒短靴	回避率+2	
00:36	after	密制天鹅绒短靴	智力+17	
00:36	before	密制薄纱斗篷	体力+16	
00:36	after	密制薄纱斗篷	智力+21	
00:36	before	密制日光石戒指	冰属性抗性+6	
00:36	after	密制日光石戒指	智力+13	
00:36	before	密制提花长袍	物理暴击率+3.2	
00:37	after	密制提花长袍	智力+18	
00:37	before	密制科堡胸甲	智力+18	
00:37	after	密制科堡胸甲	力量+24	
00:37	before	密制天鹅绒短靴	精神+18	
00:38	before	密制提花护肩	体力+17	
00:38	before	密制合金长靴	精神+18	
00:39	after	密制合金长靴	智力+18	
00:39	before	密制科堡长靴	MP最大值+88	
00:40	after	密制科堡长靴	力量+22	
00:40	before	密制科堡长靴	力量+13	
00:41	after	密制科堡长靴	力量+18	
00:43	before	密制天鹅绒短靴	回避率+2.1	
00:45	after	密制天鹅绒短靴	智力+18	
00:45	before	密制提花护肩	体力+17	
00:46	after	密制提花护肩	智力+20	
01:27	before	密制提花长裤	魔法暴击率+2.4	
01:27	after	密制提花长裤	智力+24	
01:27	before	密制提花长裤	精神+26	
01:27	before	密制科堡绑腿	智力+14	
01:28	before	密制薄纱短靴	魔法暴击率+2.3	
01:28	before	密制薄纱短靴	体力+15	
01:30	after	密制薄纱短靴	智力+15	
01:30	before	密制伊利石手镯	攻击速度+1.3	
01:31	after	密制伊利石手镯	智力+20	
01:31	before	密制锦丝长袍	回避率+2.9	
01:32	after	密制锦丝长袍	智力+16	
01:32	before	密制锦丝长袍	体力+27	
01:33	after	密制锦丝长袍	智力+16	
01:33	before	密制提花长裤	物理暴击率+3.2	
01:33	after	密制提花长裤	智力+24	
01:33	before	密制提花长裤	精神+17	
01:34	after	密制提花长裤	智力+28	
01:34	before	密制科堡绑腿	力量+13	
01:34	after	密制科堡绑腿	力量+16	
01:34	before	密制科堡绑腿	体力+28	
01:36	after	密制科堡绑腿	力量+16	
01:36	before	密制豹皮胸甲	HP最大值+135	
01:37	after	密制豹皮胸甲	力量+19	
01:37	before	密制黄玉手镯	力量+11	施放速度+1.4	
01:37	after	密制黄玉手镯	力量+11	
01:37	before	密制薄纱短靴	智力+13	
01:37	before	密制薄纱短靴	魔法暴击率+1.9	
01:38	before	密制天鹅绒衬衫	回避率+1.7	
01:40	after	密制天鹅绒衬衫	HP最大值+108	
01:40	before	密制雪纺缎带	力量+11	
01:41	after	密制雪纺缎带	力量+18	
01:41	before	密制年轮石	MP最大值+191	
01:41	after	密制年轮石	智力+14	
01:41	before	密制年轮石	体力+15	
01:41	after	密制年轮石	智力+14	
01:44	before	密制提花长裤	MP最大值+122	
01:45	after	密制提花长裤	智力+16	
01:45	before	密制科堡绑腿	HP最大值+131	
01:45	after	密制科堡绑腿	力量+16	
01:45	before	密制薄纱短靴	魔法暴击率+2.3	
01:46	after	密制薄纱短靴	智力+20	
01:47	before	密制薄纱短靴	智力+15	
01:47	after	密制薄纱短靴	智力+17	
01:48	before	密制薄纱短靴	回避率+2.3	
01:48	after	密制薄纱短靴	智力+18	
01:48	before	密制薄纱短靴	回避率+1.6	
01:49	after	密制薄纱短靴	智力+20	
01:49	before	密制天鹅绒衬衫	HP最大值+108	
01:49	after	密制天鹅绒衬衫	智力+17	
02:08	before	密制锦丝长裤	体力+28	
02:08	after	密制锦丝长裤	智力+16	
02:08	before	密制锦丝长裤	HP最大值+126	
02:09	after	密制锦丝长裤	智力+23	
02:09	before	密制龙魂石	体力+14	
02:09	after	密制龙魂石	力量+13	
02:09	before	密制提花腰带	体力+14	
02:11	after	密制提花腰带	智力+16	
02:11	before	密制提花腰带	HP最大值+179	
02:12	after	密制提花腰带	智力+17	
02:12	before	密制蚕纱短靴	智力+10	
02:13	after	密制蚕纱短靴	智力+16	
02:13	before	密制科堡护肩	回避率+2.1	
02:15	after	密制科堡护肩	力量+18	
02:15	before	密制科堡护肩	HP最大值+104	
02:15	after	密制科堡护肩	力量+16	
