02:39	154200	密制提花长袍	智力+23	
02:40	115800	密制提花长袍	智力+17	
02:40	110000	密制蚕纱短靴	智力+16	物理暴击率+2.3	
02:41	110000	密制提花长裤	智力+16	
02:41	143800	密制提花护肩	智力+22	
03:47	110000	密制复合式长靴	力量+16	
03:48	118200	密制蚕纱护肩	智力+18	
03:48	110000	密制伊利石手镯	力量+13	
03:49	118200	密制伊利石手镯	力量+15	
03:49	130000	密制雪纺缎带	力量+18	
03:50	110800	密制雪纺缎带	智力+14	
03:50	110000	密制蓝宝石手镯	智力+13	
03:50	154200	密制蚕纱护肩	智力+23	
03:51	130000	密制合金腰带	智力+21	
03:51	110800	密制合金腰带	智力+17	
03:52	113200	密制科堡腰带	力量+18	
03:52	110800	密制科堡腰带	力量+17	
03:52	110800	密制紫榆腰带	力量+17	
03:53	211800	密制紫榆腰带	力量+27	
03:53	115000	密制豹皮腰带	力量+16	
04:24	110000	密制战地胸甲	智力+16	
04:25	118200	密制铂铜战靴	智力+18	
04:25	113200	密制芭芭拉手套	力量+15	
04:25	225000	密制没落贵族臂章	智力+13	魔法暴击率+1.9	
04:26	110000	密制没落贵族臂章	智力+13	
08:19	143800	密制提花护肩	智力+22	
