03:33	before	密制蚕纱护肩	精神+17	
03:34	after	密制蚕纱护肩	智力+18	
03:34	before	密制伊利石手镯	施放速度+2.4	
03:35	after	密制伊利石手镯	力量+13	
03:35	before	密制伊利石手镯	移动速度+1.3	
03:35	after	密制伊利石手镯	力量+15	
03:36	before	密制雪纺缎带	力量+12	
03:36	after	密制雪纺缎带	力量+18	
03:36	before	密制雪纺缎带	物理暴击率+2.1	
03:36	after	密制雪纺缎带	智力+14	
03:36	before	密制蓝宝石手镯	智力+8	
03:37	after	密制蓝宝石手镯	智力+13	
03:37	before	密制蚕纱护肩	智力+12	
03:38	after	密制蚕纱护肩	智力+23	
03:38	before	密制合金腰带	MP最大值+115	
03:38	after	密制合金腰带	智力+21	
03:39	before	密制合金腰带	MP最大值+132	
03:39	after	密制合金腰带	智力+17	
03:39	before	密制科堡腰带	体力+12	
03:40	after	密制科堡腰带	力量+18	
03:40	before	密制科堡腰带	MP最大值+113	
03:40	after	密制科堡腰带	力量+17	
03:40	before	密制紫榆腰带	智力+16	
03:41	after	密制紫榆腰带	力量+17	
03:41	before	密制紫榆腰带	智力+21	
03:42	after	密制紫榆腰带	力量+27	
03:42	before	密制豹皮腰带	精神+13	
03:42	after	密制豹皮腰带	力量+16	
04:20	before	密制战地胸甲	力量+21	
04:21	after	密制战地胸甲	智力+16	
04:21	before	密制铂铜战靴	物理暴击率+1.7	
04:21	after	密制铂铜战靴	智力+18	
04:21	before	密制芭芭拉手套	回避率+1.6	
04:21	after	密制芭芭拉手套	力量+15	
