02:48	27399	密制守护石	
02:48	27400	密制守护石	
02:48	24278	密制青空之蓝手套	精神+15	
02:49	9999	密制日光石手镯	
02:49	23000	密制日光石手镯	暗属性抗性+5	
02:49	10600	密制伊利石戒指	
02:50	50000	密制伊利石戒指	移动速度+1.5	
02:50	8431	密制薄纱斗篷	
02:50	8432	密制薄纱斗篷	
02:51	9511	密制天鹅绒短靴	
02:52	9512	密制天鹅绒短靴	
02:52	8649	密制豹皮短靴	
02:52	9896	密制豹皮短靴	
02:53	8957	密制科堡长靴	
02:53	8958	密制科堡长靴	
02:53	2221	密制合金长靴	
02:53	28874	密制合金长靴	
02:59	24278	密制青空之蓝手套	
03:08	9981	密制薄纱护腿	
03:08	9982	密制薄纱护腿	
03:10	9633	密制天鹅绒腰带	
03:10	9634	密制天鹅绒腰带	
03:10	23995	密制豹皮腰带	
03:11	8949	密制紫榆腰带	
03:11	21111	密制紫榆腰带	
03:11	8488	密制科堡腰带	
03:12	8489	密制科堡腰带	
03:12	26499	密制合金腰带	
03:12	26995	密制合金腰带	
03:13	33333	密制蚕纱护肩	
03:16	66666	密制蓝宝石手镯	智力+8	
03:20	7980	密制雪纺缎带	
03:20	11055	密制雪纺缎带	
03:21	58609	密制伊利石手镯	移动速度+1.3	
03:21	66805	密制伊利石手镯	施放速度+2.4	
03:23	14999	密制蚕纱护肩	
03:58	8453	密制薄纱短靴	
03:58	8453	密制薄纱短靴	
03:59	10766	密制天鹅绒衬衫	
03:59	10767	密制天鹅绒衬衫	
04:00	11109	密制豹皮胸甲	
04:00	24997	密制豹皮胸甲	
04:01	9992	密制科堡胸甲	
04:01	9992	密制科堡胸甲	
04:02	9994	密制合金胸甲	
04:05	14925	密制提花短靴	
04:05	15000	密制提花短靴	
04:06	58015	密制没落贵族臂章	智力+13	
04:06	75195	密制没落贵族臂章	智力+13	魔法暴击率+1.9	
04:07	29998	密制锦丝护肩	
04:10	10027	密制芭芭拉手套	
04:10	15000	密制芭芭拉手套	回避率+1.6	
04:31	9982	密制薄纱腰带	
04:31	9983	密制薄纱腰带	
04:32	9078	密制天鹅绒护肩	
04:32	9137	密制天鹅绒护肩	
04:34	30000	密制紫榆护肩	
04:34	7999	密制科堡护肩	
04:34	8000	密制科堡护肩	
04:34	4997	密制合金护肩	
04:35	28743	密制蚕纱短靴	
04:37	9998	密制提花腰带	
04:38	9999	密制提花腰带	
04:38	31812	密制龙魂石	HP最大值+153	
04:39	50000	密制龙魂石	物理暴击率+1.8	
04:39	23238	密制锦丝长裤	
04:39	23238	密制锦丝长裤	
04:43	9070	密制黑云母	
04:43	10000	密制黑云母	
04:43	7000	密制万伤石	
04:44	11111	密制万伤石	命中率+1.6	
04:46	12050	密制紫榆护肩	
08:25	9504	密制天鹅绒短靴	
08:25	9505	密制天鹅绒短靴	
08:26	28651	密制豹皮短靴	
08:27	8949	密制科堡长靴	
08:27	8950	密制科堡长靴	
08:27	28872	密制合金长靴	
08:34	27400	密制守护石	
08:35	66666	密制守护石	力量+11	
08:35	48000	密制青空之蓝手套	智力+15	HP最大值+155	
08:35	49000	密制青空之蓝手套	力量+11	
08:36	20000	密制日光石手镯	
08:36	27711	密制日光石手镯	
08:37	51111	密制伊利石戒指	力量+13	
08:37	51111	密制伊利石戒指	力量+19	
08:38	8414	密制薄纱斗篷	
08:38	8415	密制薄纱斗篷	
08:42	12110	密制提花护肩	
