08:52	110800	密制蚕纱腰带	智力+17	
08:53	195000	密制蚕纱短靴	智力+26	
08:53	122800	密制蚕纱短靴	智力+20	
08:54	117200	密制蚕纱短靴	智力+19	
08:56	154200	密制纤尘肩甲	力量+23	
08:57	113200	密制角斗士护腿	力量+18	
09:04	115800	密制神木护腿	力量+17	
09:05	115800	密制纤尘护腿	力量+17	
09:05	149200	密制纤尘肩甲	力量+23	
09:08	179800	密制秘银护肩	力量+25	
09:32	127800	密制精锐腰带	力量+20	
09:32	290000	密制青锋玄铁腰带	力量+31	
09:32	113200	密制青锋玄铁腰带	力量+18	
09:33	115800	密制精锐胫甲	力量+17	
09:33	115800	密制精锐胫甲	力量+17	
09:34	266800	密制精锐胫甲	力量+30	
09:34	245200	密制精锐长靴	力量+29	
09:34	127800	密制秘银腰带	力量+20	
09:35	122800	密制精锐胫甲	力量+20	
09:35	115800	密制精锐长靴	力量+17	
09:36	332800	密制精锐长靴	力量+20	物理暴击率+2.9	
09:36	115800	密制秘银腰带	力量+17	
09:48	113200	密制提花长裤	智力+18	
09:49	118200	密制提花长裤	智力+18	
09:49	118200	密制蚕纱护肩	智力+18	
09:50	110000	密制紫榆腰带	力量+16	
09:53	206800	密制战地护腿	智力+27	
09:53	115800	密制战地胸甲	智力+17	
09:54	138800	密制铂铜肩甲	智力+22	
09:54	230200	密制战地胸甲	智力+28	
09:55	110800	密制战地护腿	智力+17	
09:55	190000	密制战地护腿	智力+26	
09:55	113200	密制战地护腿	智力+18	
09:56	113200	密制战地护腿	智力+18	
09:56	190000	密制铜绿胸甲	智力+26	
09:57	110000	密制铜绿胸甲	智力+16	
09:57	115800	密制铂铜战靴	智力+17	
09:57	113200	密制铜绿胸甲	智力+18	
09:58	319200	密制铂铜肩甲	智力+23	魔法暴击率+2.5	
09:58	250200	密制铜绿胸甲	智力+29	
09:59	174800	密制铜绿胸甲	智力+25	
10:04	122200	密制铂铜护肩	智力+19	
10:07	154200	密制蟒皮腰带	力量+23	
10:08	117200	密制蟒皮短靴	力量+19	
10:08	113200	密制蟒皮短靴	力量+18	
10:09	118200	密制漆皮短靴	力量+18	
10:09	143800	密制貂皮护肩	力量+22	
10:10	118200	密制貂皮护肩	力量+18	
10:10	130000	密制貂皮绑腿	力量+21	
10:10	138800	密制蟒皮护腿	力量+22	
10:16	110000	密制天鹅绒护肩	智力+16	
