04:33	before	密制角斗士护腿	智力+11	
04:34	after	密制角斗士护腿	力量+17	
04:34	before	密制纤尘腰带	回避率+1.8	
04:35	after	密制纤尘腰带	力量+16	
04:35	before	密制紫榆短靴	体力+12	
04:37	after	密制紫榆短靴	回避率+1.7	
04:38	before	密制紫榆短靴	回避率+1.7	
04:38	after	密制紫榆短靴	力量+16	
04:48	before	密制复合式长靴	回避率+2.1	
04:50	after	密制复合式长靴	力量+27	
04:50	before	密制秘银护腿	HP最大值+128	
04:50	after	密制秘银护腿	力量+20	
05:16	before	密制豹皮胸甲	MP最大值+115	
05:17	after	密制豹皮胸甲	力量+16	
05:17	before	密制豹皮胸甲	力量+14	回避率+2	
05:17	after	密制豹皮胸甲	力量+14	物理暴击率+2.8	
05:18	before	密制薄纱短靴	智力+15	
05:20	after	密制薄纱短靴	体力+17	
05:20	before	密制芭芭拉手套	魔法暴击率+1.4	体力+17	
05:20	after	密制芭芭拉手套	力量+19	魔法暴击率+1.4	
05:21	before	密制芭芭拉手套	物理暴击率+1.9	
05:21	after	密制芭芭拉手套	力量+14	
05:21	before	密制没落贵族臂章	精神+13	
05:21	after	密制没落贵族臂章	智力+22	
05:21	before	密制没落贵族臂章	MP最大值+160	
05:21	after	密制没落贵族臂章	智力+18	
05:21	before	密制提花短靴	体力+15	
05:21	after	密制提花短靴	智力+19	
05:23	before	密制薄纱短靴	体力+17	
05:24	after	密制薄纱短靴	智力+16	
