04:15	110000	密制提花护肩	智力+16	
04:16	117200	密制提花护肩	智力+19	
04:16	113200	密制提花短靴	智力+18	
04:16	122200	密制提花短靴	智力+19	
04:17	110800	密制蚕纱短靴	智力+17	
04:17	225200	密制提花护肩	智力+28	
04:18	143800	密制提花护肩	智力+22	
04:18	117200	密制提花腰带	智力+19	
04:18	115800	密制提花护肩	智力+17	
04:19	110000	密制蚕纱短靴	智力+16	
04:19	113200	密制蚕纱短靴	智力+18	
04:20	122800	密制提花护肩	智力+20	
04:22	127800	密制纤尘护腿	力量+20	
04:23	174800	密制神木护肩	力量+25	
04:23	122800	密制神思者胫甲	力量+20	
04:24	122200	密制神木护肩	力量+19	
04:24	118200	密制纤尘肩甲	力量+18	
04:25	154200	密制纤尘肩甲	力量+23	
04:25	110800	密制神木护肩	力量+17	
04:25	154200	密制神木护肩	力量+23	
04:26	115000	密制神木护肩	力量+16	
04:26	113200	密制神木护腿	力量+18	
04:27	110800	密制神木护腿	力量+17	
04:27	113200	密制神木短靴	力量+18	
04:40	135000	密制神思者铠甲	力量+21	
04:40	110800	密制角斗士护腿	力量+17	
04:41	110000	密制纤尘腰带	力量+16	
04:41	110000	密制紫榆短靴	力量+16	
04:44	143800	密制复合式腰带	力量+22	
04:45	211800	密制秘银护肩	力量+27	
04:45	110000	密制秘银胸甲	力量+16	
04:53	211800	密制复合式长靴	力量+27	
04:54	115800	密制复合式锁甲	力量+17	
04:54	122800	密制秘银护腿	力量+20	
04:57	115000	密制战地护腿	智力+16	
04:57	110000	密制战地护肩	智力+16	
05:26	110000	密制豹皮胸甲	力量+16	
05:27	308600	密制豹皮胸甲	力量+14	物理暴击率+2.8	
05:27	115000	密制薄纱短靴	智力+16	
05:28	198800	密制芭芭拉手套	力量+19	魔法暴击率+1.4	
05:28	110800	密制芭芭拉手套	力量+14	
05:29	174800	密制没落贵族臂章	智力+22	
05:29	135000	密制没落贵族臂章	智力+18	
05:29	122200	密制提花短靴	智力+19	
05:30	117200	密制铂铜腰带	智力+19	
05:30	174800	密制铜绿胸甲	智力+25	
05:31	174800	密制铜绿胸甲	智力+25	
05:33	232200	密制貂皮绑腿	力量+19	物理暴击率+1.9	
05:34	110800	密制貂皮腰带	力量+17	
05:34	122200	密制貂皮腰带	力量+19	
10:43	122800	密制提花护肩	智力+20	
