05:58	211800	密制提花护肩	智力+27	
05:58	110800	密制锦丝腰带	智力+17	
05:58	115000	密制提花短靴	智力+16	
05:59	149200	密制勒格恩腿甲	智力+23	
05:59	230200	密制锦丝腰带	智力+28	
06:00	117200	密制提花短靴	智力+19	
06:00	230200	密制蚕纱短靴	智力+28	
06:20	300800	密制锦丝短靴	智力+17	魔法暴击率+2.7	
06:20	117200	密制提花护肩	智力+19	
06:21	138800	密制提花长袍	智力+22	
06:21	143800	密制提花长袍	智力+22	
06:22	245200	密制锦丝腰带	智力+29	
06:22	115000	密制提花护肩	智力+16	
06:22	143800	密制提花护肩	智力+22	
06:23	122200	密制提花护肩	智力+19	
07:02	117200	密制神木护腿	力量+19	
07:02	115800	密制神木护腿	力量+17	
07:05	122200	密制精锐长靴	力量+19	
07:06	272200	密制复合式腰带	力量+19	物理暴击率+2.3	
07:06	174800	密制秘银护腿	力量+25	
07:06	122800	密制秘银护腿	力量+20	
07:42	122800	密制铜绿护肩	智力+20	
07:43	115800	密制铜绿胸甲	智力+17	
07:43	122800	密制铜绿胸甲	智力+20	
07:44	117200	密制铜绿胸甲	智力+19	
07:44	122800	密制铜绿胸甲	智力+20	
07:44	154200	密制铂铜腰带	智力+23	
07:45	110000	密制战地护腿	智力+16	
07:45	110800	密制灵龟雕纹腰带	智力+17	
07:46	113200	密制铜绿胸甲	智力+18	
07:46	295000	密制铂铜护肩	智力+31	
07:49	115800	密制貂皮短靴	力量+17	
07:50	118200	密制蟒皮短靴	力量+18	
07:50	138800	密制貂皮短靴	力量+22	
07:51	122200	密制貂皮护肩	力量+19	
07:51	113200	密制貂皮护肩	力量+18	
07:51	110800	密制漆皮长袍	力量+17	
08:01	190000	密制貂皮长袍	力量+26	
08:01	113200	密制指战员制服	力量+18	MP最大值+119	
