03:59	31106	密制天鹅绒短靴	
03:59	31107	密制天鹅绒短靴	
04:00	11111	密制豹皮短靴	
04:00	19997	密制科堡长靴	
04:01	19998	密制科堡长靴	
04:06	20000	密制守护石	智力+16	
04:07	73189	密制守护石	智力+11	
04:09	88888	密制伊利石戒指	移动速度+1.8	所有异常状态抗性+4	
04:31	11110	密制天鹅绒腰带	
04:32	11111	密制紫榆腰带	
04:32	12075	密制紫榆腰带	
04:32	22817	密制科堡腰带	
04:32	22818	密制科堡腰带	
04:38	10000	密制雪纺缎带	
04:38	17996	密制雪纺缎带	
04:57	18792	密制薄纱短靴	
04:57	29892	密制薄纱短靴	
05:01	29999	密制合金胸甲	
05:05	39800	密制没落贵族臂章	物理暴击率+2.3	
05:05	60000	密制没落贵族臂章	物理暴击率+1.6	
05:08	19999	密制芭芭拉手套	
05:08	20212	密制芭芭拉手套	智力+16	
