00:24	70000	密制没落贵族臂章	智力+16	
00:25	220000	密制没落贵族臂章	力量+27	
00:25	27000	密制锦丝护肩	
00:29	14249	密制芭芭拉手套	
00:30	50000	密制芭芭拉手套	物理暴击率+1.9	
00:32	8784	密制天鹅绒衬衫	
00:32	8785	密制天鹅绒衬衫	
00:55	9333	密制薄纱腰带	
00:55	9334	密制薄纱腰带	
00:56	8201	密制天鹅绒护肩	
00:56	8202	密制天鹅绒护肩	
00:57	8880	密制科堡护肩	
00:57	8881	密制科堡护肩	
01:01	12000	密制提花腰带	
01:02	40000	密制龙魂石	力量+14	MP最大值+162	
01:03	50000	密制龙魂石	物理暴击率+1.8	
01:03	22999	密制锦丝长裤	
01:03	23000	密制锦丝长裤	
01:05	100000	密制残影手镯	智力+12	HP最大值+149	
01:06	25000	密制日光石项坠	
01:07	18364	密制黑云母	
01:07	30000	密制黑云母	
01:17	18500	密制万伤石	力量+13	
01:17	18501	密制万伤石	
05:34	8787	密制薄纱长袍	
05:34	8788	密制薄纱长袍	
05:36	8460	密制天鹅绒短裤	
05:36	8461	密制天鹅绒短裤	
05:36	7999	密制科堡绑腿	
05:37	8000	密制科堡绑腿	
05:41	22019	密制锦丝短靴	
05:41	22023	密制锦丝短靴	
05:43	19521	密制日光石戒指	
05:43	19521	密制日光石戒指	
05:58	8716	密制薄纱斗篷	
05:58	8717	密制薄纱斗篷	
06:00	19848	密制天鹅绒短靴	
06:00	19848	密制天鹅绒短靴	
06:00	20791	密制科堡长靴	
06:01	20792	密制科堡长靴	
06:07	71504	密制守护石	物理暴击率+3.2	
06:10	60000	密制伊利石戒指	移动速度+2	
06:11	142000	密制伊利石戒指	智力+11	移动速度+1.8	
06:30	7999	密制薄纱护腿	
06:30	7999	密制薄纱护腿	
06:32	9510	密制天鹅绒腰带	
06:32	9511	密制天鹅绒腰带	
06:33	8483	密制科堡腰带	
06:33	8484	密制科堡腰带	
06:38	29999	密制雪纺缎带	
06:39	30000	密制雪纺缎带	
06:57	8665	密制天鹅绒衬衫	
06:57	8666	密制天鹅绒衬衫	
07:02	26993	密制锦丝护肩	
07:06	50000	密制芭芭拉手套	物理暴击率+2.2	
07:06	58250	密制芭芭拉手套	力量+15	
07:22	9292	密制薄纱腰带	
07:23	9293	密制薄纱腰带	
07:23	8188	密制天鹅绒护肩	
07:24	8188	密制天鹅绒护肩	
07:24	8863	密制科堡护肩	
07:24	8864	密制科堡护肩	
07:28	22222	密制龙魂石	MP最大值+155	回避率+1.4	
07:28	60000	密制龙魂石	物理暴击率+2.9	
07:29	22992	密制锦丝长裤	
07:32	40000	密制黑云母	力量+18	
07:33	51111	密制黑云母	智力+16	HP最大值+158	
07:33	20000	密制万伤石	
07:33	20000	密制万伤石	
