01:32	29997	密制紫榆绑腿	
01:36	20000	密制增益石	
01:36	73181	密制增益石	智力+14	
01:46	9160	密制守护石	
01:46	10160	密制守护石	
01:46	29850	密制青空之蓝手套	
01:46	30000	密制青空之蓝手套	
01:47	81498	密制伊利石戒指	力量+21	
01:49	18747	密制天鹅绒短靴	
01:50	10739	密制豹皮短靴	
01:52	11111	密制蚕纱长袍	
01:53	31000	密制提花护肩	
02:05	11110	密制天鹅绒腰带	
03:01	31111	密制没落贵族臂章	
03:04	18900	密制芭芭拉手套	
03:04	20000	密制芭芭拉手套	
03:23	30000	密制豹皮护肩	
03:28	10000	密制龙魂石	回避率+1.9	
03:28	10000	密制龙魂石	MP最大值+150	
03:30	100000	密制残影手镯	智力+9	光属性抗性+5	
03:31	98765	密制日光石项坠	智力+20	
03:31	10000	密制黑云母	MP最大值+171	
03:31	11000	密制黑云母	体力+16	
03:32	7000	密制万伤石	
03:41	8073	密制万伤石	
08:09	65555	密制增益石	物理暴击率+1.8	
08:23	18000	密制檀木名牌	魔法暴击率+2.3	
