00:00	打开物品栏并整理失败-变换前失败
00:00	打开物品栏并整理失败-变换前失败
00:00	由于变换前操作失败导致变换失败
00:01	打开物品栏并整理失败-变换前失败
00:01	打开物品栏并整理失败-变换前失败
00:01	由于变换前操作失败导致变换失败
00:01	打开物品栏并整理失败-变换前失败
00:01	打开物品栏并整理失败-变换前失败
00:01	由于变换前操作失败导致变换失败
00:02	打开物品栏并整理失败-变换前失败
00:02	打开物品栏并整理失败-变换前失败
00:02	由于变换前操作失败导致变换失败
00:03	打开物品栏并整理失败-变换前失败
00:03	打开物品栏并整理失败-变换前失败
00:03	由于变换前操作失败导致变换失败
00:03	！！！大区40 上海3区角色2变换次数过多，重新登录
00:03	重新开始登陆
00:08	账号40 上海3区每日任务开始时间： 00:08
00:08	！！！大区40 上海3区角色2开始变换
00:09	打开物品栏并整理失败-变换前失败
00:09	打开物品栏并整理失败-变换前失败
00:09	由于变换前操作失败导致变换失败
00:10	打开物品栏并整理失败-变换前失败
00:10	打开物品栏并整理失败-变换前失败
00:10	由于变换前操作失败导致变换失败
00:11	打开物品栏并整理失败-变换前失败
00:12	打开物品栏并整理失败-变换前失败
00:12	由于变换前操作失败导致变换失败
00:13	打开物品栏并整理失败-变换前失败
00:13	打开物品栏并整理失败-变换前失败
00:13	由于变换前操作失败导致变换失败
00:14	打开物品栏并整理失败-变换前失败
00:14	打开物品栏并整理失败-变换前失败
00:14	由于变换前操作失败导致变换失败
00:14	！！！大区40 上海3区角色2变换次数过多，重新登录
00:14	重新开始登陆
00:19	账号40 上海3区每日任务开始时间： 00:19
00:19	！！！大区40 上海3区角色2开始变换
00:21	！！大区40 上海3区角色2结束变换
00:21	账号40 上海3区每日任务结束时间： 00:21
00:21	上海3区-角色2	开始
00:22	打开物品栏并整理失败-变换前失败
00:23	上架出错，下一个角色
00:23	账号40角色3 换角色出错
00:23	重新开始登陆
00:31	选频道出错
00:31	重新开始登陆
00:34	重新开始登陆
00:46	重新开始登陆
00:55	登录失败
00:55	重新开始登陆
01:09	账号40 上海3区每日任务开始时间： 01:09
01:09	账号40 上海3区每日任务结束时间： 01:09
01:09	上海3区-角色3	开始
01:11	上架出错，下一个角色
01:13	账号40角色4 换角色出错
01:13	重新开始登陆
01:14	重新开始登陆
01:23	选频道出错
01:23	重新开始登陆
01:34	选频道出错
01:34	重新开始登陆
01:42	登录失败
01:42	重新开始登陆
03:02	重新开始登陆
03:04	重新开始登陆
03:13	选频道出错
03:13	重新开始登陆
03:22	账号40 上海3区每日任务开始时间： 03:22
03:31	！！！大区40 上海3区角色2开始扫拍
03:31	！！！大区40 上海3区角色2结束扫拍
03:31	！！！大区40 上海3区角色2开始变换
03:32	打开物品栏并整理失败-变换前失败
03:33	打开物品栏并整理失败-变换前失败
03:33	由于变换前操作失败导致变换失败
03:34	打开物品栏并整理失败-变换前失败
03:35	打开物品栏并整理失败-变换前失败
03:35	由于变换前操作失败导致变换失败
03:36	打开物品栏并整理失败-变换前失败
03:36	打开物品栏并整理失败-变换前失败
03:36	由于变换前操作失败导致变换失败
03:38	打开物品栏并整理失败-变换前失败
03:38	打开物品栏并整理失败-变换前失败
03:38	由于变换前操作失败导致变换失败
03:39	打开物品栏并整理失败-变换前失败
03:40	打开物品栏并整理失败-变换前失败
03:40	由于变换前操作失败导致变换失败
03:40	！！！大区40 上海3区角色2变换次数过多，重新登录
03:40	重新开始登陆
03:48	账号40 上海3区每日任务开始时间： 03:48
03:48	！！！大区40 上海3区角色2开始变换
03:48	打开物品栏并整理失败-变换前失败
03:49	打开物品栏并整理失败-变换前失败
03:49	由于变换前操作失败导致变换失败
03:50	打开物品栏并整理失败-变换前失败
03:50	打开物品栏并整理失败-变换前失败
03:50	由于变换前操作失败导致变换失败
03:51	打开物品栏并整理失败-变换前失败
03:51	打开物品栏并整理失败-变换前失败
03:51	由于变换前操作失败导致变换失败
03:52	打开物品栏并整理失败-变换前失败
03:52	打开物品栏并整理失败-变换前失败
03:52	由于变换前操作失败导致变换失败
03:53	打开物品栏并整理失败-变换前失败
03:54	打开物品栏并整理失败-变换前失败
03:54	由于变换前操作失败导致变换失败
03:54	！！！大区40 上海3区角色2变换次数过多，重新登录
03:54	重新开始登陆
03:59	账号40 上海3区每日任务开始时间： 03:59
03:59	！！！大区40 上海3区角色2开始变换
04:00	打开物品栏并整理失败-变换前失败
04:00	打开物品栏并整理失败-变换前失败
04:00	由于变换前操作失败导致变换失败
04:01	打开物品栏并整理失败-变换前失败
04:01	打开物品栏并整理失败-变换前失败
04:01	由于变换前操作失败导致变换失败
04:02	打开物品栏并整理失败-变换前失败
04:02	打开物品栏并整理失败-变换前失败
04:02	由于变换前操作失败导致变换失败
04:03	打开物品栏并整理失败-变换前失败
04:03	打开物品栏并整理失败-变换前失败
04:03	由于变换前操作失败导致变换失败
04:04	打开物品栏并整理失败-变换前失败
04:04	打开物品栏并整理失败-变换前失败
04:04	由于变换前操作失败导致变换失败
04:04	！！！大区40 上海3区角色2变换次数过多，重新登录
04:04	重新开始登陆
09:55	重新开始登陆
09:56	重新开始登陆
09:58	重新开始登陆
10:09	账号40 角色2开始清理
11:00	清理失败
11:04	清理失败
11:07	魔力结晶存仓失败
11:10	魔力结晶存仓失败
13:39	重新开始登陆
13:47	魔力结晶存仓失败
13:47	重新开始登陆
13:53	账号40 角色2开始清理
14:03	魔力结晶存仓失败
14:06	魔力结晶存仓失败
14:07	重新开始登陆
14:10	重新开始登陆
14:21	重新开始登陆
14:28	魔力结晶存仓失败
14:28	金币存仓失败
14:29	魔力结晶存仓失败
14:30	重新开始登陆
14:33	账号40 角色1开始清理
14:37	金币存仓失败
14:46	重新开始登陆
14:52	魔力结晶存仓失败
14:54	魔力结晶存仓失败
14:54	账号40 角色1开始清理
14:59	魔力结晶存仓失败
15:01	魔力结晶存仓失败
15:05	账号40 角色2开始清理
15:08	魔力结晶存仓失败
15:08	魔力结晶存仓失败
15:11	重新开始登陆
15:17	魔力结晶存仓失败
15:19	魔力结晶存仓失败
15:20	账号40 角色1开始清理
15:26	魔力结晶存仓失败
15:28	魔力结晶存仓失败
15:29	账号40 角色2开始清理
15:33	魔力结晶存仓失败
15:34	魔力结晶存仓失败
15:35	账号40 角色3开始清理
