11:27	22271	密制天鹅绒短靴	
11:27	24990	密制天鹅绒短靴	
11:28	31010	密制紫榆短靴	
11:28	34441	密制紫榆短靴	
11:29	21006	密制科堡长靴	
11:29	21007	密制科堡长靴	
11:31	30000	密制提花护肩	
11:31	30000	密制提花护肩	
11:32	30000	密制锦丝腰带	
11:35	34998	密制薄纱斗篷	
11:35	13062	密制薄纱斗篷	
11:36	24991	密制天鹅绒短靴	
11:36	24992	密制天鹅绒短靴	
11:37	35000	密制紫榆短靴	
11:40	11111	密制提花护肩	
11:51	23665	密制薄纱护腿	
11:51	23665	密制薄纱护腿	
11:52	11109	密制天鹅绒腰带	
11:52	11110	密制天鹅绒腰带	
11:52	23999	密制豹皮腰带	
11:53	12074	密制紫榆腰带	
11:54	23052	密制科堡腰带	
11:54	23052	密制科堡腰带	
11:54	10109	密制合金腰带	
11:56	15000	密制提花长裤	
12:01	23665	密制薄纱护腿	
12:02	11111	密制天鹅绒腰带	
12:03	22222	密制紫榆腰带	
12:03	34998	密制紫榆腰带	
12:04	23052	密制科堡腰带	
12:04	23052	密制科堡腰带	
