13:19	8840	密制薄纱斗篷	
13:19	8841	密制薄纱斗篷	
13:20	19986	密制天鹅绒短靴	
13:20	19987	密制天鹅绒短靴	
13:21	8870	密制科堡胸甲	
13:21	8871	密制科堡胸甲	
13:24	15093	密制锦丝腰带	
13:25	29767	密制锦丝腰带	
13:25	26207	密制檀木名牌	
13:27	19521	密制日光石戒指	
13:28	19620	密制日光石戒指	
13:28	8838	密制薄纱斗篷	
13:28	8838	密制薄纱斗篷	
13:30	19987	密制天鹅绒短靴	
13:30	19988	密制天鹅绒短靴	
13:30	8869	密制科堡胸甲	
13:31	8870	密制科堡胸甲	
13:33	10000	密制增益石	精神+17	
13:34	30000	密制锦丝腰带	
13:37	22222	密制日光石戒指	
13:37	26202	密制日光石戒指	
13:45	7999	密制薄纱护腿	
13:46	7999	密制薄纱护腿	
13:47	59999	密制翡翠戒指	攻击速度+1.6	
13:47	9633	密制天鹅绒腰带	
13:48	9087	密制科堡护肩	
13:48	9088	密制科堡护肩	
13:55	155555	密制伊利石戒指	力量+13	移动速度+1.7	
13:56	7999	密制薄纱护腿	
13:56	7999	密制薄纱护腿	
13:58	9634	密制天鹅绒腰带	
13:58	9635	密制天鹅绒腰带	
13:58	9089	密制科堡护肩	
13:58	9090	密制科堡护肩	
14:16	8350	密制薄纱短靴	
14:16	8351	密制薄纱短靴	
14:18	8006	密制科堡绑腿	
14:18	8007	密制科堡绑腿	
14:21	25489	密制锦丝长袍	
14:23	30000	密制雪纺缎带	精神+14	
14:23	30000	密制雪纺缎带	
14:25	8352	密制薄纱短靴	
14:25	8353	密制薄纱短靴	
14:27	8006	密制科堡绑腿	
14:27	8007	密制科堡绑腿	
14:32	31111	密制雪纺缎带	
14:33	70000	密制雪纺缎带	物理暴击率+3	
14:40	9468	密制薄纱腰带	
14:40	9469	密制薄纱腰带	
14:41	8993	密制天鹅绒衬衫	
14:41	8994	密制天鹅绒衬衫	
14:42	29236	密制科堡长靴	
14:42	29237	密制科堡长靴	
14:47	20000	密制芭芭拉手套	HP最大值+181	
14:47	22000	密制芭芭拉手套	回避率+2	
14:48	9467	密制薄纱腰带	
14:48	9468	密制薄纱腰带	
14:49	9060	密制天鹅绒衬衫	
14:49	9061	密制天鹅绒衬衫	
14:50	29236	密制科堡长靴	
14:50	29237	密制科堡长靴	
14:53	33333	密制锦丝护肩	
14:55	29000	密制芭芭拉手套	
14:55	29999	密制芭芭拉手套	
