13:13	115800	密制提花护肩	智力+17	
13:14	118200	密制蚕纱护肩	智力+18	
13:41	117200	密制神木胸甲	力量+19	
14:11	230200	密制科堡护肩	力量+28	
14:11	115800	密制科堡护肩	力量+17	
14:12	200000	密制伊利石戒指	力量+13	移动速度+1.7	
19:39	118200	密制蚕纱护肩	智力+18	
19:39	115000	密制提花短靴	智力+16	
21:14	127800	密制雪纺缎带	力量+17	
21:14	130000	密制雪纺缎带	智力+18	
21:15	110800	密制科堡绑腿	力量+17	
21:15	122800	密制科堡绑腿	力量+20	
21:16	149200	密制薄纱短靴	智力+23	
21:16	154200	密制薄纱短靴	智力+23	
21:16	122800	密制雪纺缎带	智力+17	
21:17	161200	密制雪纺缎带	力量+21	
21:17	117200	密制锦丝长袍	智力+19	
21:18	211800	密制科堡绑腿	力量+27	
21:18	122800	密制科堡绑腿	力量+20	
21:19	138800	密制薄纱短靴	智力+22	
21:19	266800	密制薄纱短靴	智力+30	
21:20	117200	密制伊利石手镯	智力+16	
21:20	110800	密制伊利石手镯	力量+14	
21:20	319800	密制提花长裤	智力+32	
22:47	115000	密制提花短靴	智力+16	
22:48	122200	密制锦丝腰带	智力+19	
22:55	225200	密制蚕纱长袍	智力+28	
22:56	110000	密制薄纱长袍	智力+16	
22:56	122800	密制薄纱长袍	智力+20	
