14:07	before	密制科堡护肩	物理暴击率+2.3	
14:07	after	密制科堡护肩	力量+28	
14:08	before	密制科堡护肩	回避率+2.8	
14:08	after	密制科堡护肩	力量+17	
20:25	before	密制翡翠戒指	攻击速度+1.6	
20:26	after	密制翡翠戒指	智力+16	
20:26	before	密制伊利石戒指	光属性抗性+6	
20:27	after	密制伊利石戒指	力量+15	
20:49	before	密制雪纺缎带	物理暴击率+3	
20:51	after	密制雪纺缎带	力量+17	
20:51	before	密制雪纺缎带	命中率+1.5	
20:52	after	密制雪纺缎带	智力+18	
20:52	before	密制科堡绑腿	精神+11	
20:52	after	密制科堡绑腿	力量+17	
20:52	before	密制薄纱短靴	力量+16	
20:52	after	密制薄纱短靴	智力+23	
20:52	before	密制雪纺缎带	MP最大值+226	
20:52	after	密制雪纺缎带	智力+17	
20:53	before	密制雪纺缎带	精神+14	
20:53	after	密制雪纺缎带	力量+21	
20:53	before	密制锦丝长袍	MP最大值+133	
20:55	after	密制锦丝长袍	智力+19	
20:55	before	密制科堡绑腿	物理暴击率+2.4	
20:56	after	密制科堡绑腿	力量+27	
20:56	before	密制科堡绑腿	魔法暴击率+2.8	
20:58	after	密制科堡绑腿	MP最大值+132	
20:58	before	密制薄纱短靴	MP最大值+117	
21:00	after	密制薄纱短靴	智力+22	
21:00	before	密制薄纱短靴	魔法暴击率+2.6	
21:02	after	密制薄纱短靴	智力+30	
21:04	before	密制科堡绑腿	MP最大值+132	
21:05	after	密制科堡绑腿	力量+20	
21:05	before	密制伊利石手镯	火属性抗性+6	
21:08	after	密制伊利石手镯	智力+16	
21:08	before	密制伊利石手镯	体力+11	
21:11	after	密制伊利石手镯	力量+14	
21:11	before	密制提花长裤	回避率+1.9	
21:11	after	密制提花长裤	智力+32	
