05:30	9928	密制薄纱斗篷	
05:30	9929	密制薄纱斗篷	
05:32	8673	密制天鹅绒短靴	
05:32	8674	密制天鹅绒短靴	
05:33	8742	密制科堡长靴	
05:33	8743	密制科堡长靴	
05:35	27999	密制提花护肩	
05:54	28888	密制雪纺缎带	
05:55	44704	密制雪纺缎带	力量+19	
05:55	14286	密制伊利石手镯	力量+20	
05:55	15555	密制伊利石手镯	HP最大值+153	
05:56	12531	密制薄纱护腿	
05:56	12531	密制薄纱护腿	
05:57	8021	密制天鹅绒腰带	
05:57	8021	密制天鹅绒腰带	
05:58	11413	密制科堡腰带	
05:58	11414	密制科堡腰带	
06:21	10973	密制薄纱短靴	
06:22	10974	密制薄纱短靴	
06:22	30844	密制天鹅绒衬衫	
06:23	30845	密制天鹅绒衬衫	
06:24	29533	密制科堡胸甲	
06:24	31088	密制科堡胸甲	
06:37	14896	密制科堡护肩	
06:37	14897	密制科堡护肩	
06:40	19799	密制提花腰带	
06:41	33165	密制锦丝长裤	
06:41	33166	密制锦丝长裤	
06:44	20523	密制黑云母	
