05:23	110000	密制蚕纱护肩	智力+16	
05:23	250200	密制天鹅绒短靴	智力+29	
05:24	135000	密制提花护肩	智力+21	
05:24	110800	密制提花腰带	智力+17	
05:24	143800	密制勒格恩腰带	智力+22	
05:25	113200	密制蚕纱护腿	智力+18	
05:25	110000	密制蚕纱护肩	智力+16	物理暴击率+2.4	
05:42	149200	密制神木短靴	力量+23	
05:42	245200	密制纤尘胸甲	力量+29	
05:43	117200	密制科堡长靴	力量+19	
05:43	149200	密制科堡长靴	力量+23	
05:44	117200	密制神思者铠甲	力量+19	
05:44	117200	密制角斗士护肩	力量+19	
05:44	113200	密制角斗士护肩	力量+18	
05:45	225200	密制角斗士护腿	力量+28	
05:48	118200	密制复合式腰带	力量+18	
06:15	115800	密制复合式护腿	力量+17	
06:15	118200	密制薄纱护腿	智力+18	
06:16	110000	密制薄纱护腿	智力+16	
06:16	115800	密制伊利石手镯	智力+14	
06:30	118200	密制铜绿胸甲	智力+18	
06:30	118200	密制战地护肩	智力+18	
06:31	115800	密制科堡胸甲	力量+17	
06:31	225200	密制科堡胸甲	力量+28	
06:32	115000	密制战地胸甲	智力+16	
07:00	117200	密制貂皮护肩	力量+19	
07:00	122200	密制貂皮长袍	力量+19	
07:00	113200	密制黑云母	智力+15	
07:01	271800	密制锦丝长裤	智力+30	
07:01	127800	密制锦丝长裤	智力+20	
07:02	110800	密制提花腰带	智力+17	
07:02	122800	密制科堡护肩	力量+20	
07:03	122800	密制科堡护肩	力量+20	
07:03	115800	密制貂皮绑腿	力量+17	
