08:10	before	密制增益石	物理暴击率+1.8	
08:11	after	密制增益石	智力+16	
09:06	before	密制角斗士腰带	智力+17	
09:06	after	密制角斗士腰带	力量+32	
09:07	before	密制守护石	HP最大值+160	
09:07	after	密制守护石	智力+15	
09:07	before	密制守护石	魔法暴击率+2.2	回避率+2.4	
09:08	after	密制守护石	力量+15	魔法暴击率+2.2	
09:08	before	密制锦丝腰带	精神+23	
09:08	after	密制锦丝腰带	智力+16	
09:08	before	密制锦丝腰带	体力+15	
09:08	after	密制锦丝腰带	智力+20	
09:29	before	密制伊利石戒指	施放速度+2	
09:30	after	密制伊利石戒指	智力+13	
09:52	before	密制青锋玄铁护腿	精神+16	
09:53	after	密制青锋玄铁护腿	力量+19	
09:53	before	密制伊利石手镯	施放速度+2.1	
09:53	after	密制伊利石手镯	力量+20	
10:33	before	密制蟒皮长袍	精神+13	
10:33	after	密制蟒皮长袍	力量+16	
10:33	before	密制龙魂石	精神+11	
10:34	after	密制龙魂石	智力+24	
10:34	before	密制提花腰带	体力+13	
10:36	after	密制提花腰带	智力+22	
10:36	before	密制蚕纱短靴	魔法暴击率+2.2	
10:36	after	密制蚕纱短靴	智力+17	
10:36	before	密制豹皮护肩	体力+20	
10:37	after	密制豹皮护肩	力量+22	
10:37	before	密制豹皮护肩	回避率+2.8	
10:39	after	密制豹皮护肩	智力+13	
10:41	before	密制豹皮护肩	智力+13	
10:42	after	密制豹皮护肩	力量+26	
