07:57	265000	密制锦丝短靴	智力+21	魔法暴击率+2.1	
07:57	213200	密制蚕纱腰带	智力+18	魔法暴击率+1.8	
08:41	117200	密制增益石	智力+16	
08:41	242200	密制锦丝短靴	智力+19	魔法暴击率+2	
08:42	179800	密制提花长裤	智力+25	
08:42	110000	密制提花长裤	智力+16	
08:42	117200	密制提花护肩	智力+19	
08:43	230200	密制提花护肩	智力+28	
08:43	113200	密制提花护肩	智力+18	
08:44	278600	密制蚕纱护腿	智力+14	魔法暴击率+2.5	
08:44	110800	密制蚕纱护腿	智力+17	
08:44	113200	密制提花护肩	智力+18	
08:45	113200	密制提花护肩	智力+18	
08:45	211800	密制提花护肩	智力+27	
08:46	110800	密制蚕纱护腿	智力+17	
08:46	118200	密制蚕纱护腿	智力+18	
08:47	271800	密制锦丝护肩	智力+30	
08:50	110800	密制纤尘短靴	力量+17	
08:50	138800	密制神木护肩	力量+22	
08:51	118200	密制神木护肩	力量+18	
08:51	206800	密制纤尘短靴	力量+27	HP最大值+100	
08:51	122800	密制神木胸甲	力量+20	
08:52	118200	密制角斗士护肩	力量+18	
08:52	115800	密制角斗士腰带	力量+17	
08:53	115000	密制角斗士腰带	力量+16	
08:53	110800	密制纤尘护腿	力量+17	
08:53	110800	密制纤尘护腿	力量+17	
