08:00	23899	密制日光石戒指	
08:00	23899	密制日光石戒指	
08:06	16000	密制增益石	物理暴击率+1.8	
08:06	20000	密制增益石	回避率+1.6	
08:08	66666	密制檀木名牌	智力+16	
08:08	200000	密制檀木名牌	智力+26	
09:03	21999	密制锦丝腰带	
09:04	22110	密制锦丝腰带	
09:05	20000	密制守护石	
09:05	20000	密制守护石	HP最大值+160	
09:28	55555	密制伊利石戒指	施放速度+2	
09:41	65625	密制伊利石手镯	施放速度+2.1	
09:50	38562	密制雪纺缎带	力量+19	
09:51	150000	密制雪纺缎带	智力+23	
10:06	22222	密制芭芭拉手套	
10:06	22222	密制芭芭拉手套	
10:12	32659	密制提花短靴	
10:13	14701	密制没落贵族臂章	
10:13	14925	密制没落贵族臂章	
10:26	28214	密制豹皮护肩	
10:26	30955	密制豹皮护肩	
10:28	11721	密制蚕纱短靴	
10:30	30000	密制提花腰带	
10:31	9000	密制龙魂石	精神+11	
