04:09	271800	密制蚕纱腰带	智力+30	
04:10	115000	密制蚕纱护腿	智力+16	
04:10	210000	密制蚕纱腰带	智力+16	魔法暴击率+1.8	
04:11	195000	密制提花护肩	智力+26	
04:11	118200	密制提花护肩	智力+18	
04:11	118200	密制锦丝腰带	智力+18	
04:12	118200	密制提花护肩	智力+18	
04:12	110800	密制提花护肩	智力+17	
04:13	110000	密制提花护肩	智力+16	
04:13	113200	密制提花护肩	智力+18	
04:13	110000	密制提花护肩	智力+16	
04:14	115800	密制提花护肩	智力+17	
04:14	110800	密制提花护肩	智力+17	
04:15	143800	密制提花护肩	智力+22	
04:15	113200	密制提花护肩	智力+18	
04:15	115000	密制提花护肩	智力+16	
04:16	195000	密制提花护肩	智力+26	
04:16	113200	密制锦丝短靴	智力+18	
04:17	110800	密制锦丝短靴	智力+17	HP最大值+150	
04:17	117200	密制蚕纱护肩	智力+19	
04:17	135000	密制蚕纱护腿	智力+21	
04:28	311200	密制锦丝长袍	智力+24	魔法暴击率+2.3	
04:29	230200	密制锦丝长裤	智力+28	
04:29	166200	密制蚕纱腰带	智力+24	
04:30	117200	密制锦丝短靴	智力+19	
04:30	143800	密制提花护肩	智力+22	
04:30	130000	密制锦丝短靴	智力+21	
04:31	122200	密制锦丝短靴	智力+19	物理暴击率+2.6	
