00:24	113200	密制蚕纱长袍	智力+18	
00:25	113200	密制蚕纱长袍	智力+18	
00:25	113200	密制蚕纱长袍	智力+18	
00:45	110000	密制没落贵族臂章	智力+13	
01:36	149200	密制日光石项坠	智力+20	
02:15	113200	密制蚕纱长袍	智力+18	
02:16	113200	密制蚕纱长袍	智力+18	
02:16	113200	密制蚕纱长袍	智力+18	
02:28	115800	密制芭芭拉手套	力量+14	
02:28	115000	密制芭芭拉手套	智力+13	
03:29	122800	密制万伤石	智力+17	
03:30	117200	密制万伤石	智力+16	
03:30	115800	密制黑云母	智力+14	
03:31	115000	密制黑云母	力量+13	
03:31	154400	密制残影手镯	智力+9	移动速度+1.5	
03:32	149200	密制龙魂石	力量+20	
03:32	113200	密制龙魂石	智力+15	
03:32	130000	密制豹皮护肩	力量+21	
04:00	110800	密制提花腰带	智力+17	
04:01	122800	密制漆皮长袍	力量+20	
