00:14	before	密制提花护肩	力量+15	
00:16	after	密制提花护肩	力量+15	
00:16	before	密制蚕纱长袍	力量+11	
00:16	after	密制蚕纱长袍	智力+18	
00:17	before	密制豹皮短靴	智力+12	
00:18	before	密制天鹅绒短靴	HP最大值+131	
00:18	before	密制青空之蓝手套	回避率+1.6	
00:19	before	密制守护石	智力+12	
00:19	before	密制守护石	体力+18	
00:19	before	密制天鹅绒短靴	精神+19	
00:19	before	密制伊利石戒指	攻击速度+1.8	
00:19	before	密制守护石	物理暴击率+2.9	
00:19	before	密制紫榆短靴	回避率+1.9	
00:21	before	密制提花护肩	力量+15	
00:21	before	密制豹皮短靴	MP最大值+162	
00:21	before	密制天鹅绒短靴	HP最大值+131	
00:21	before	密制青空之蓝手套	回避率+1.6	
00:21	before	密制守护石	智力+12	
00:22	before	密制守护石	体力+18	
00:22	before	密制天鹅绒短靴	精神+19	
00:22	before	密制伊利石戒指	攻击速度+1.8	
00:22	before	密制守护石	物理暴击率+2.9	
00:22	before	密制紫榆短靴	回避率+1.9	
01:15	before	密制芭芭拉手套	体力+16	
01:15	after	密制芭芭拉手套	力量+14	
01:15	before	密制芭芭拉手套	精神+15	
01:16	after	密制芭芭拉手套	智力+13	
02:08	before	密制提花护肩	力量+15	
02:08	before	密制豹皮短靴	MP最大值+162	
02:09	before	密制天鹅绒短靴	HP最大值+131	
02:09	before	密制青空之蓝手套	回避率+1.6	
02:09	before	密制守护石	智力+12	
02:09	before	密制守护石	体力+18	
02:09	before	密制天鹅绒短靴	精神+19	
02:09	before	密制伊利石戒指	攻击速度+1.8	
02:09	before	密制守护石	物理暴击率+2.9	
02:10	before	密制紫榆短靴	回避率+1.9	
02:11	before	密制提花护肩	力量+15	
02:12	before	密制豹皮短靴	MP最大值+162	
02:12	before	密制天鹅绒短靴	HP最大值+131	
02:12	before	密制青空之蓝手套	回避率+1.6	
02:12	before	密制守护石	智力+12	
02:12	before	密制守护石	体力+18	
02:12	before	密制天鹅绒短靴	精神+19	
02:12	before	密制伊利石戒指	攻击速度+1.8	
02:13	before	密制守护石	物理暴击率+2.9	
02:13	before	密制紫榆短靴	回避率+1.9	
03:23	before	密制万伤石	MP最大值+215	
03:23	after	密制万伤石	智力+17	
03:23	before	密制万伤石	精神+18	
03:24	after	密制万伤石	智力+16	
03:24	before	密制黑云母	体力+16	
03:24	after	密制黑云母	智力+14	
03:24	before	密制黑云母	MP最大值+171	
03:24	after	密制黑云母	力量+13	
03:24	before	密制残影手镯	智力+9	光属性抗性+5	
03:25	after	密制残影手镯	智力+9	移动速度+1.5	
03:25	before	密制龙魂石	MP最大值+150	
03:25	after	密制龙魂石	力量+20	
03:25	before	密制龙魂石	回避率+1.9	
03:25	after	密制龙魂石	智力+15	
03:25	before	密制豹皮护肩	体力+30	
03:26	after	密制豹皮护肩	力量+21	
03:58	before	密制提花腰带	MP最大值+143	
03:58	after	密制提花腰带	智力+17	
