00:00	！！！大区58 湖南2区角色4结束扫拍
00:00	！！！大区58 湖南2区角色4开始变换
00:02	打开物品栏并整理失败-变换前失败
00:03	打开物品栏并整理失败-变换前失败
00:03	由于变换前操作失败导致变换失败
00:05	打开物品栏并整理失败-变换前失败
00:06	打开物品栏并整理失败-变换前失败
00:06	由于变换前操作失败导致变换失败
00:07	打开物品栏并整理失败-变换前失败
00:08	打开物品栏并整理失败-变换前失败
00:08	由于变换前操作失败导致变换失败
00:10	打开物品栏并整理失败-变换前失败
00:10	打开物品栏并整理失败-变换前失败
00:10	由于变换前操作失败导致变换失败
00:12	打开物品栏并整理失败-变换前失败
00:13	打开物品栏并整理失败-变换前失败
00:13	由于变换前操作失败导致变换失败
00:13	！！！大区58 湖南2区角色4变换次数过多，重新登录
00:13	重新开始登陆
00:22	重新开始登陆
00:28	账号58 湖南2区每日任务开始时间： 00:28
00:28	！！！大区58 湖南2区角色4开始变换
00:30	！！大区58 湖南2区角色4结束变换
00:30	账号58 湖南2区每日任务结束时间： 00:30
00:30	湖南2区-角色4	开始
00:34	！！！大区58 湖南2区角色4开始扫拍
00:47	！！！大区58 湖南2区角色4结束扫拍
00:47	！！！大区58 湖南2区角色4开始变换
00:49	打开物品栏并整理失败-变换前失败
00:49	打开物品栏并整理失败-变换前失败
00:49	由于变换前操作失败导致变换失败
00:50	打开物品栏并整理失败-变换前失败
00:50	打开物品栏并整理失败-变换前失败
00:50	由于变换前操作失败导致变换失败
00:51	打开物品栏并整理失败-变换前失败
00:51	打开物品栏并整理失败-变换前失败
00:51	由于变换前操作失败导致变换失败
00:52	打开物品栏并整理失败-变换前失败
00:53	打开物品栏并整理失败-变换前失败
00:53	由于变换前操作失败导致变换失败
00:53	！！！大区58 湖南2区角色4变换次数过多，重新登录
00:53	重新开始登陆
01:01	重新开始登陆
01:07	账号58 湖南2区每日任务开始时间： 01:07
01:07	！！！大区58 湖南2区角色4开始变换
01:08	打开物品栏并整理失败-变换前失败
01:08	打开物品栏并整理失败-变换前失败
01:08	由于变换前操作失败导致变换失败
01:09	打开物品栏并整理失败-变换前失败
01:09	打开物品栏并整理失败-变换前失败
01:10	由于变换前操作失败导致变换失败
01:10	打开物品栏并整理失败-变换前失败
01:11	打开物品栏并整理失败-变换前失败
01:11	由于变换前操作失败导致变换失败
01:11	打开物品栏并整理失败-变换前失败
01:12	打开物品栏并整理失败-变换前失败
01:12	由于变换前操作失败导致变换失败
01:13	打开物品栏并整理失败-变换前失败
01:13	打开物品栏并整理失败-变换前失败
01:13	由于变换前操作失败导致变换失败
01:13	！！！大区58 湖南2区角色4变换次数过多，重新登录
01:13	重新开始登陆
01:18	账号58 湖南2区每日任务开始时间： 01:18
01:18	！！！大区58 湖南2区角色4开始变换
01:19	打开物品栏并整理失败-变换前失败
01:19	打开物品栏并整理失败-变换前失败
01:19	由于变换前操作失败导致变换失败
01:20	打开物品栏并整理失败-变换前失败
01:20	打开物品栏并整理失败-变换前失败
01:21	由于变换前操作失败导致变换失败
01:21	打开物品栏并整理失败-变换前失败
01:22	打开物品栏并整理失败-变换前失败
01:22	由于变换前操作失败导致变换失败
01:23	打开物品栏并整理失败-变换前失败
01:23	打开物品栏并整理失败-变换前失败
01:23	由于变换前操作失败导致变换失败
01:24	打开物品栏并整理失败-变换前失败
01:24	打开物品栏并整理失败-变换前失败
01:24	由于变换前操作失败导致变换失败
01:24	！！！大区58 湖南2区角色4变换次数过多，重新登录
01:24	重新开始登陆
01:33	重新开始登陆
01:39	账号58 湖南2区每日任务开始时间： 01:39
01:39	！！！大区58 湖南2区角色4开始变换
01:40	打开物品栏并整理失败-变换前失败
01:40	打开物品栏并整理失败-变换前失败
01:40	由于变换前操作失败导致变换失败
01:41	打开物品栏并整理失败-变换前失败
01:41	打开物品栏并整理失败-变换前失败
01:41	由于变换前操作失败导致变换失败
01:42	打开物品栏并整理失败-变换前失败
01:42	打开物品栏并整理失败-变换前失败
01:43	由于变换前操作失败导致变换失败
01:44	打开物品栏并整理失败-变换前失败
01:44	打开物品栏并整理失败-变换前失败
01:44	由于变换前操作失败导致变换失败
01:45	打开物品栏并整理失败-变换前失败
01:45	打开物品栏并整理失败-变换前失败
01:45	由于变换前操作失败导致变换失败
01:45	！！！大区58 湖南2区角色4变换次数过多，重新登录
01:45	重新开始登陆
01:51	账号58 湖南2区每日任务开始时间： 01:51
01:51	！！！大区58 湖南2区角色4开始变换
01:54	！！大区58 湖南2区角色4结束变换
01:54	账号58 湖南2区每日任务结束时间： 01:54
01:54	湖南2区-角色4	开始
01:59	！！！大区58 湖南2区角色4开始扫拍
02:16	！！！大区58 湖南2区角色4结束扫拍
02:16	！！！大区58 湖南2区角色4开始变换
02:17	打开物品栏并整理失败-变换前失败
02:18	打开物品栏并整理失败-变换前失败
02:18	由于变换前操作失败导致变换失败
02:19	打开物品栏并整理失败-变换前失败
02:19	打开物品栏并整理失败-变换前失败
02:19	由于变换前操作失败导致变换失败
02:20	打开物品栏并整理失败-变换前失败
02:20	打开物品栏并整理失败-变换前失败
02:20	由于变换前操作失败导致变换失败
02:21	打开物品栏并整理失败-变换前失败
02:22	打开物品栏并整理失败-变换前失败
02:22	由于变换前操作失败导致变换失败
02:23	打开物品栏并整理失败-变换前失败
02:23	打开物品栏并整理失败-变换前失败
02:23	由于变换前操作失败导致变换失败
02:23	！！！大区58 湖南2区角色4变换次数过多，重新登录
02:23	重新开始登陆
02:29	账号58 湖南2区每日任务开始时间： 02:29
02:29	！！！大区58 湖南2区角色4开始变换
02:31	！！大区58 湖南2区角色4结束变换
02:31	账号58 湖南2区每日任务结束时间： 02:31
02:31	湖南2区-角色4	开始
02:34	！！！大区58 湖南2区角色4开始扫拍
02:47	！！！大区58 湖南2区角色4结束扫拍
02:47	！！！大区58 湖南2区角色4开始变换
02:47	打开物品栏并整理失败-变换前失败
02:48	打开物品栏并整理失败-变换前失败
02:48	由于变换前操作失败导致变换失败
02:48	打开物品栏并整理失败-变换前失败
02:48	打开物品栏并整理失败-变换前失败
02:48	由于变换前操作失败导致变换失败
02:49	打开物品栏并整理失败-变换前失败
02:49	打开物品栏并整理失败-变换前失败
02:49	由于变换前操作失败导致变换失败
02:49	打开物品栏并整理失败-变换前失败
02:50	打开物品栏并整理失败-变换前失败
02:50	由于变换前操作失败导致变换失败
02:50	打开物品栏并整理失败-变换前失败
02:50	打开物品栏并整理失败-变换前失败
02:50	由于变换前操作失败导致变换失败
02:50	！！！大区58 湖南2区角色4变换次数过多，重新登录
02:50	重新开始登陆
02:56	账号58 湖南2区每日任务开始时间： 02:56
02:56	！！！大区58 湖南2区角色4开始变换
02:58	！！大区58 湖南2区角色4结束变换
02:58	账号58 湖南2区每日任务结束时间： 02:58
02:58	湖南2区-角色4	开始
03:01	！！！大区58 湖南2区角色4开始扫拍
03:15	！！！大区58 湖南2区角色4结束扫拍
03:15	！！！大区58 湖南2区角色4开始变换
03:17	！！大区58 湖南2区角色4结束变换
03:17	账号58 湖南2区每日任务结束时间： 03:17
03:17	湖南2区-角色4	开始
03:19	账号58 湖南2区每日任务结束时间： 03:19
03:19	湖南2区-角色5	开始
03:22	！！！大区58 湖南2区角色5开始扫拍
03:36	！！！大区58 湖南2区角色5结束扫拍
03:36	！！！大区58 湖南2区角色5开始变换
03:38	！！大区58 湖南2区角色5结束变换
03:38	账号58 湖南2区每日任务结束时间： 03:38
03:38	湖南2区-角色5	开始
03:39	重新开始登陆
03:44	账号59 湖南3区每日任务开始时间： 03:44
03:55	账号59 湖南3区每日任务完成
03:55	账号59 湖南3区每日任务结束时间： 03:55
03:55	湖南3区-角色1	开始
03:58	超过上架上限
03:59	账号59 湖南3区每日任务结束时间： 03:59
03:59	湖南3区-角色2	开始
04:06	！！！大区59 湖南3区角色2开始扫拍
04:18	！！！大区59 湖南3区角色2结束扫拍
04:18	！！！大区59 湖南3区角色2开始变换
04:21	！！大区59 湖南3区角色2结束变换
04:21	账号59 湖南3区每日任务结束时间： 04:21
04:21	湖南3区-角色2	开始
04:22	账号59 湖南3区每日任务结束时间： 04:22
04:22	湖南3区-角色3	开始
04:29	！！！大区59 湖南3区角色3开始扫拍
04:40	！！！大区59 湖南3区角色3结束扫拍
04:40	！！！大区59 湖南3区角色3开始变换
04:42	！！大区59 湖南3区角色3结束变换
04:42	账号59 湖南3区每日任务结束时间： 04:42
04:42	湖南3区-角色3	开始
04:44	账号59 湖南3区每日任务结束时间： 04:44
04:44	湖南3区-角色4	开始
04:47	！！！大区59 湖南3区角色4开始扫拍
05:00	！！！大区59 湖南3区角色4结束扫拍
05:00	！！！大区59 湖南3区角色4开始变换
05:01	打开物品栏并整理失败-变换前失败
05:02	打开物品栏并整理失败-变换前失败
05:02	由于变换前操作失败导致变换失败
05:02	打开物品栏并整理失败-变换前失败
05:02	打开物品栏并整理失败-变换前失败
05:02	由于变换前操作失败导致变换失败
05:03	打开物品栏并整理失败-变换前失败
05:03	打开物品栏并整理失败-变换前失败
05:03	由于变换前操作失败导致变换失败
05:04	打开物品栏并整理失败-变换前失败
05:04	打开物品栏并整理失败-变换前失败
05:04	由于变换前操作失败导致变换失败
05:04	！！！大区59 湖南3区角色4变换次数过多，重新登录
05:04	重新开始登陆
05:10	选频道出错
05:10	重新开始登陆
05:12	重新开始登陆
05:16	重新开始登陆
05:22	重新开始登陆
05:32	重新开始登陆
05:45	重新开始登陆
05:46	重新开始登陆
05:48	重新开始登陆
05:52	重新开始登陆
05:58	重新开始登陆
06:07	重新开始登陆
06:20	初始化配置出错
09:53	重新开始登陆
09:55	重新开始登陆
10:00	登录失败
10:00	重新开始登陆
10:11	账号58 角色1开始清理
11:12	魔力结晶存仓失败
11:13	魔力结晶存仓失败
11:14	账号58 角色2开始清理
11:49	清理失败
11:50	魔力结晶存仓失败
11:51	魔力结晶存仓失败
11:51	账号58 角色3开始清理
12:14	清理失败
16:17	重新开始登陆
16:21	登录失败
16:21	重新开始登陆
16:28	魔力结晶存仓失败
16:29	魔力结晶存仓失败
16:29	账号58 角色1开始清理
16:32	魔力结晶存仓失败
16:33	魔力结晶存仓失败
16:34	账号58 角色2开始清理
16:37	魔力结晶存仓失败
16:38	魔力结晶存仓失败
16:39	账号58 角色3开始清理
16:41	魔力结晶存仓失败
16:42	魔力结晶存仓失败
16:43	账号58 角色4开始清理
16:46	重新开始登陆
16:48	重新开始登陆
16:55	魔力结晶存仓失败
16:55	魔力结晶存仓失败
16:56	重新开始登陆
16:59	登录失败
16:59	重新开始登陆
17:06	账号58 角色1开始清理
17:09	魔力结晶存仓失败
17:10	魔力结晶存仓失败
17:11	账号58 角色2开始清理
17:17	魔力结晶存仓失败
17:17	魔力结晶存仓失败
17:18	账号58 角色3开始清理
17:21	魔力结晶存仓失败
17:22	魔力结晶存仓失败
17:23	账号58 角色4开始清理
17:26	魔力结晶存仓失败
17:27	魔力结晶存仓失败
17:28	账号58 角色5开始清理
17:31	魔力结晶存仓失败
17:31	魔力结晶存仓失败
17:31	重新开始登陆
17:37	账号59 角色1开始清理
17:41	账号59 角色2开始清理
17:44	账号59 角色3开始清理
17:47	账号59 角色4开始清理
17:50	魔力结晶存仓失败
17:51	魔力结晶存仓失败
17:52	账号59 角色5开始清理
17:54	重新开始登陆
17:58	账号59 角色6开始清理
18:02	重新开始登陆
18:06	魔力结晶存仓失败
18:07	魔力结晶存仓失败
18:08	账号60 角色1开始清理
18:11	魔力结晶存仓失败
18:13	魔力结晶存仓失败
18:13	重新开始登陆
18:17	账号60 角色2开始清理
18:21	魔力结晶存仓失败
18:22	魔力结晶存仓失败
18:23	账号60 角色3开始清理
18:28	魔力结晶存仓失败
18:28	魔力结晶存仓失败
18:30	账号60 角色4开始清理
18:35	魔力结晶存仓失败
18:36	魔力结晶存仓失败
18:38	账号60 角色5开始清理
18:41	魔力结晶存仓失败
18:42	魔力结晶存仓失败
18:43	账号60 角色6开始清理
18:51	账号60 角色7开始清理
18:59	账号60 角色8开始清理
19:05	重新开始登陆
19:10	魔力结晶存仓失败
19:10	魔力结晶存仓失败
19:11	账号58 角色1开始清理
19:15	魔力结晶存仓失败
19:16	魔力结晶存仓失败
19:17	重新开始登陆
19:21	账号58 角色2开始清理
19:24	魔力结晶存仓失败
19:25	魔力结晶存仓失败
19:26	账号58 角色3开始清理
19:29	魔力结晶存仓失败
19:30	魔力结晶存仓失败
19:31	账号58 角色4开始清理
19:34	魔力结晶存仓失败
19:35	魔力结晶存仓失败
19:36	账号58 角色5开始清理
19:40	魔力结晶存仓失败
19:40	魔力结晶存仓失败
19:40	重新开始登陆
19:46	魔力结晶存仓失败
19:46	魔力结晶存仓失败
19:47	账号59 角色1开始清理
19:50	魔力结晶存仓失败
19:52	魔力结晶存仓失败
19:52	重新开始登陆
19:56	账号59 角色2开始清理
19:59	魔力结晶存仓失败
20:00	魔力结晶存仓失败
20:00	账号59 角色3开始清理
20:03	魔力结晶存仓失败
20:05	魔力结晶存仓失败
20:05	重新开始登陆
20:09	账号59 角色4开始清理
20:14	魔力结晶存仓失败
20:15	魔力结晶存仓失败
20:15	账号59 角色5开始清理
20:19	魔力结晶存仓失败
20:19	魔力结晶存仓失败
20:21	重新开始登陆
20:23	重新开始登陆
20:33	重新开始登陆
20:42	选频道出错
20:42	重新开始登陆
20:49	重新开始登陆
20:58	重新开始登陆
21:14	账号59 角色6开始清理
21:16	魔力结晶存仓失败
21:17	魔力结晶存仓失败
21:17	重新开始登陆
21:18	重新开始登陆
21:25	魔力结晶存仓失败
21:26	魔力结晶存仓失败
21:26	账号60 角色1开始清理
21:30	魔力结晶存仓失败
21:30	魔力结晶存仓失败
21:32	重新开始登陆
21:40	重新开始登陆
21:45	账号60 角色2开始清理
21:48	魔力结晶存仓失败
21:49	魔力结晶存仓失败
21:49	重新开始登陆
21:53	账号60 角色3开始清理
21:57	魔力结晶存仓失败
21:58	魔力结晶存仓失败
21:59	账号60 角色4开始清理
22:04	魔力结晶存仓失败
22:05	魔力结晶存仓失败
22:07	账号60 角色5开始清理
22:11	魔力结晶存仓失败
22:11	魔力结晶存仓失败
22:12	账号60 角色6开始清理
22:15	魔力结晶存仓失败
22:15	魔力结晶存仓失败
22:16	账号60 角色7开始清理
22:20	魔力结晶存仓失败
22:21	魔力结晶存仓失败
22:21	账号60 角色8开始清理
22:24	魔力结晶存仓失败
22:25	魔力结晶存仓失败
22:25	重新开始登陆
22:30	魔力结晶存仓失败
22:30	魔力结晶存仓失败
22:31	账号58 角色1开始清理
22:34	魔力结晶存仓失败
22:36	魔力结晶存仓失败
22:36	重新开始登陆
22:40	账号58 角色2开始清理
22:46	魔力结晶存仓失败
22:47	魔力结晶存仓失败
22:49	账号58 角色3开始清理
22:54	魔力结晶存仓失败
22:55	魔力结晶存仓失败
22:57	账号58 角色4开始清理
23:02	魔力结晶存仓失败
23:04	魔力结晶存仓失败
23:07	账号58 角色5开始清理
23:13	魔力结晶存仓失败
23:14	魔力结晶存仓失败
23:14	重新开始登陆
23:19	魔力结晶存仓失败
23:20	魔力结晶存仓失败
23:20	账号59 角色1开始清理
23:23	魔力结晶存仓失败
23:25	魔力结晶存仓失败
23:25	重新开始登陆
23:29	账号59 角色2开始清理
23:32	魔力结晶存仓失败
23:33	魔力结晶存仓失败
23:33	账号59 角色3开始清理
23:36	魔力结晶存仓失败
23:37	魔力结晶存仓失败
23:38	账号59 角色4开始清理
23:40	魔力结晶存仓失败
23:41	魔力结晶存仓失败
23:42	账号59 角色5开始清理
23:44	魔力结晶存仓失败
23:45	魔力结晶存仓失败
23:46	账号59 角色6开始清理
23:48	魔力结晶存仓失败
23:48	魔力结晶存仓失败
23:48	重新开始登陆
23:53	魔力结晶存仓失败
23:54	魔力结晶存仓失败
