00:51	before	密制青空之蓝手套	物理暴击率+2.1	
00:52	after	密制青空之蓝手套	力量+16	
00:52	before	密制提花护肩	力量+14	
00:54	after	密制提花护肩	MP最大值+154	
00:54	before	密制合金长靴	力量+15	
00:54	before	密制豹皮短靴	HP最大值+110	
00:54	before	密制豹皮短靴	物理暴击率+2.1	
00:56	before	密制提花护肩	MP最大值+154	
00:56	before	密制合金长靴	物理暴击率+2.1	
00:56	before	密制豹皮短靴	HP最大值+110	
00:56	before	密制豹皮短靴	物理暴击率+2.1	
01:14	before	密制伊利石戒指	施放速度+2	
01:14	before	密制伊利石戒指	力量+8	
01:14	before	密制守护石	魔法暴击率+2.8	
01:14	before	密制伊利石戒指	攻击速度+2.6	
01:15	before	密制伊利石戒指	攻击速度+2.2	
01:15	before	密制雪纺缎带	物理暴击率+1.7	
01:41	before	密制伊利石戒指	施放速度+2	
01:41	before	密制伊利石戒指	力量+8	
01:41	before	密制守护石	魔法暴击率+2.8	
01:41	before	密制伊利石戒指	攻击速度+2.6	
01:41	before	密制伊利石戒指	攻击速度+2.2	
01:42	before	密制雪纺缎带	物理暴击率+1.7	
01:57	before	密制伊利石戒指	施放速度+2	
01:57	before	密制伊利石戒指	力量+8	
01:57	before	密制守护石	魔法暴击率+2.8	
01:58	before	密制伊利石戒指	攻击速度+2.6	
01:58	before	密制伊利石戒指	攻击速度+2.2	
01:58	before	密制雪纺缎带	物理暴击率+1.7	
02:03	before	密制伊利石戒指	施放速度+2	
02:03	before	密制伊利石戒指	力量+8	
02:03	before	密制守护石	魔法暴击率+2.8	
02:04	before	密制伊利石戒指	攻击速度+2.6	
02:04	before	密制伊利石戒指	攻击速度+2.2	
02:04	before	密制雪纺缎带	物理暴击率+1.7	
