03:19	138800	密制伊利石戒指	力量+19	
03:20	138800	密制伊利石戒指	力量+19	
03:21	138800	密制伊利石戒指	力量+19	
03:45	115800	密制天鹅绒腰带	智力+17	
03:46	115800	密制天鹅绒腰带	智力+17	
03:46	115800	密制天鹅绒腰带	智力+17	
03:50	117200	密制提花短靴	智力+19	
04:27	110800	密制芭芭拉手套	力量+14	
04:27	115800	密制锦丝护肩	智力+17	
04:27	115000	密制提花短靴	智力+16	
04:28	110000	密制合金胸甲	智力+16	
04:28	110000	密制科堡胸甲	力量+16	
04:29	149200	密制科堡胸甲	力量+23	
04:29	161200	密制豹皮胸甲	力量+24	
04:29	115800	密制豹皮胸甲	力量+17	
04:30	110800	密制天鹅绒衬衫	智力+17	
04:30	122800	密制天鹅绒衬衫	智力+20	
04:30	110800	密制薄纱短靴	智力+17	
04:31	115800	密制薄纱短靴	智力+17	
04:31	110000	密制合金胸甲	智力+16	
04:36	138800	密制漆皮长袍	力量+22	
04:37	138800	密制漆皮长袍	力量+22	
04:38	138800	密制漆皮长袍	力量+22	
