03:39	before	密制天鹅绒腰带	精神+10	
03:39	after	密制天鹅绒腰带	智力+17	
03:39	before	密制天鹅绒腰带	智力+13	
03:40	before	密制薄纱护腿	MP最大值+132	
03:40	before	密制薄纱护腿	力量+14	
03:40	before	密制伊利石手镯	力量+10	
03:40	before	密制提花长裤	物理暴击率+2.5	
03:40	before	密制提花长裤	MP最大值+101	
03:40	before	密制豹皮腰带	回避率+2	
03:40	before	密制豹皮腰带	物理暴击率+3.8	
03:42	before	密制天鹅绒腰带	智力+13	
03:42	before	密制薄纱护腿	MP最大值+132	
03:42	before	密制薄纱护腿	力量+14	
03:42	before	密制伊利石手镯	力量+10	
03:43	before	密制提花长裤	物理暴击率+2.5	
03:43	before	密制提花长裤	MP最大值+101	
03:43	before	密制豹皮腰带	回避率+2	
03:43	before	密制豹皮腰带	物理暴击率+3.8	
04:11	before	密制芭芭拉手套	HP最大值+169	
04:12	after	密制芭芭拉手套	力量+14	
04:12	before	密制锦丝护肩	HP最大值+121	
04:12	after	密制锦丝护肩	智力+17	
04:12	before	密制提花短靴	回避率+1.8	
04:13	after	密制提花短靴	智力+16	
04:13	before	密制合金胸甲	力量+14	
04:13	after	密制合金胸甲	智力+16	
04:13	before	密制科堡胸甲	MP最大值+104	
04:15	after	密制科堡胸甲	力量+16	
04:15	before	密制科堡胸甲	力量+15	
04:16	after	密制科堡胸甲	力量+23	
04:16	before	密制豹皮胸甲	精神+9	
04:16	after	密制豹皮胸甲	力量+24	
04:16	before	密制豹皮胸甲	体力+13	
04:18	after	密制豹皮胸甲	力量+17	
04:18	before	密制天鹅绒衬衫	魔法暴击率+2.2	
04:19	after	密制天鹅绒衬衫	智力+17	
04:20	before	密制天鹅绒衬衫	魔法暴击率+2.4	
04:20	after	密制天鹅绒衬衫	智力+20	
04:20	before	密制薄纱短靴	体力+12	
04:21	after	密制薄纱短靴	智力+17	
04:21	before	密制薄纱短靴	体力+15	
04:23	after	密制薄纱短靴	智力+17	
