00:05	重新开始登陆
00:07	重新开始登陆
00:11	登录失败
00:11	重新开始登陆
00:20	账号43 广东4区每日任务开始时间： 00:20
00:22	账号43角色1 每日任务换角色出错
00:22	重新开始登陆
00:26	账号43 广东4区每日任务开始时间： 00:26
00:28	账号43角色1 每日任务换角色出错
00:28	重新开始登陆
00:30	重新开始登陆
00:35	账号43 广东4区每日任务开始时间： 00:35
00:37	账号43角色1 每日任务换角色出错
00:37	重新开始登陆
00:39	重新开始登陆
00:44	账号43 广东4区每日任务开始时间： 00:44
00:46	账号43角色1 每日任务换角色出错
00:46	重新开始登陆
00:48	重新开始登陆
00:53	账号43 广东4区每日任务开始时间： 00:53
00:56	账号43角色1 每日任务换角色出错
00:56	重新开始登陆
00:57	重新开始登陆
01:00	重新开始登陆
01:08	账号43 广东4区每日任务开始时间： 01:08
01:10	账号43角色1 每日任务换角色出错
01:10	重新开始登陆
01:19	重新开始登陆
01:29	重新开始登陆
01:38	选频道出错
01:38	重新开始登陆
01:48	选角色出错
01:48	重新开始登陆
02:00	登录失败
02:00	重新开始登陆
02:19	选频道出错
02:19	重新开始登陆
02:21	重新开始登陆
02:32	重新开始登陆
02:44	重新开始登陆
02:53	账号44 广东7区每日任务开始时间： 02:53
02:55	账号44角色1 每日任务换角色出错
02:55	重新开始登陆
03:03	选频道出错
03:03	重新开始登陆
03:09	账号44 广东7区每日任务开始时间： 03:09
03:11	账号44角色1 每日任务换角色出错
03:11	重新开始登陆
03:22	重新开始登陆
03:24	重新开始登陆
03:32	账号44 广东7区每日任务开始时间： 03:32
03:34	账号44角色1 每日任务换角色出错
03:34	重新开始登陆
03:43	重新开始登陆
03:50	账号44 广东7区每日任务开始时间： 03:50
03:52	账号44角色1 每日任务换角色出错
03:52	重新开始登陆
03:59	账号44 广东7区每日任务开始时间： 03:59
04:05	账号44角色1 每日任务换角色出错
04:05	重新开始登陆
04:11	账号44 广东7区每日任务开始时间： 04:11
04:13	账号44 广东7区每日任务完成
04:14	账号44 广东7区每日任务结束时间： 04:14
04:14	广东7区-角色1	开始
04:20	超过上架上限
04:21	账号44 广东7区每日任务结束时间： 04:21
04:21	广东7区-角色2	开始
04:29	！！！大区44 广东7区角色2开始扫拍
04:30	扫拍价格: 88807自己上架价格: 0
04:30	扫拍价格: 88888自己上架价格: 0
04:30	扫拍价格: 122807自己上架价格: 0
04:30	扫拍价格: 88886自己上架价格: 0
04:31	扫拍价格: 99538自己上架价格: 0
04:31	！！！大区44 广东7区角色2结束扫拍
04:31	！！！大区44 广东7区角色2开始变换
04:39	！！大区44 广东7区角色2结束变换
04:39	账号44 广东7区每日任务结束时间： 04:39
04:39	广东7区-角色2	开始
04:43	账号44 广东7区每日任务结束时间： 04:43
04:43	广东7区-角色3	开始
04:47	！！！大区44 广东7区角色3开始扫拍
04:47	！！！大区44 广东7区角色3结束扫拍
04:47	！！！大区44 广东7区角色3开始变换
04:52	！！大区44 广东7区角色3结束变换
04:52	账号44 广东7区每日任务结束时间： 04:52
04:52	广东7区-角色3	开始
04:54	超过上架上限
04:56	账号44 广东7区每日任务结束时间： 04:56
04:56	广东7区-角色4	开始
04:59	！！！大区44 广东7区角色4开始扫拍
05:00	扫拍价格: 77777自己上架价格: 0
05:00	扫拍价格: 126059自己上架价格: 0
05:00	扫拍价格: 126059自己上架价格: 0
05:00	扫拍价格: 80000自己上架价格: 0
05:00	扫拍价格: 79030自己上架价格: 0
05:00	扫拍价格: 911110自己上架价格: 0
05:00	扫拍价格: 911110自己上架价格: 0
05:01	扫拍价格: 118567自己上架价格: 0
05:02	扫拍价格: 55555自己上架价格: 0
05:02	扫拍价格: 70000自己上架价格: 0
05:02	扫拍价格: 78653自己上架价格: 0
05:02	扫拍价格: 78653自己上架价格: 0
05:04	扫拍价格: 100000自己上架价格: 0
05:04	扫拍价格: 152271自己上架价格: 0
05:04	扫拍价格: 152271自己上架价格: 0
05:05	扫拍价格: 111111自己上架价格: 0
05:05	扫拍价格: 200000自己上架价格: 0
05:05	扫拍价格: 221233自己上架价格: 0
05:05	扫拍价格: 355555自己上架价格: 122200
05:05	扫拍价格: 377777自己上架价格: 130000
05:05	扫拍价格: 130000自己上架价格: 0
05:05	扫拍价格: 162746自己上架价格: 0
05:05	扫拍价格: 190820自己上架价格: 113200
05:06	扫拍价格: 50000自己上架价格: 0
05:06	扫拍价格: 52937自己上架价格: 0
05:06	扫拍价格: 64408自己上架价格: 0
05:06	扫拍价格: 64408自己上架价格: 0
05:07	扫拍价格: 42217自己上架价格: 0
05:07	扫拍价格: 106660自己上架价格: 0
05:08	扫拍价格: 77777自己上架价格: 0
05:08	扫拍价格: 93994自己上架价格: 0
05:08	扫拍价格: 693994自己上架价格: 0
05:09	扫拍价格: 40000自己上架价格: 0
05:09	扫拍价格: 58888自己上架价格: 0
05:09	扫拍价格: 63837自己上架价格: 0
05:09	扫拍价格: 70760自己上架价格: 0
05:09	扫拍价格: 90760自己上架价格: 0
05:09	扫拍价格: 77777自己上架价格: 0
05:09	扫拍价格: 126059自己上架价格: 0
05:09	扫拍价格: 126059自己上架价格: 0
05:10	扫拍价格: 80000自己上架价格: 0
05:10	扫拍价格: 79030自己上架价格: 0
05:10	扫拍价格: 911110自己上架价格: 0
05:10	扫拍价格: 911110自己上架价格: 0
05:10	扫拍价格: 118567自己上架价格: 0
05:12	扫拍价格: 55555自己上架价格: 0
05:12	扫拍价格: 70000自己上架价格: 0
05:12	扫拍价格: 78653自己上架价格: 0
05:12	扫拍价格: 78653自己上架价格: 0
05:13	扫拍价格: 100000自己上架价格: 0
05:13	扫拍价格: 152271自己上架价格: 0
05:13	扫拍价格: 152271自己上架价格: 0
05:14	扫拍价格: 111111自己上架价格: 0
05:14	扫拍价格: 200000自己上架价格: 0
05:14	扫拍价格: 221233自己上架价格: 0
05:14	扫拍价格: 355555自己上架价格: 122200
05:14	扫拍价格: 377777自己上架价格: 130000
05:14	扫拍价格: 130000自己上架价格: 0
05:14	扫拍价格: 162746自己上架价格: 0
05:14	扫拍价格: 190820自己上架价格: 113200
05:15	！！！大区44 广东7区角色4结束扫拍
05:15	！！！大区44 广东7区角色4开始变换
05:25	！！大区44 广东7区角色4结束变换
05:25	账号44 广东7区每日任务结束时间： 05:25
05:25	广东7区-角色4	开始
05:31	超过上架上限
05:32	账号44 广东7区每日任务结束时间： 05:32
05:32	广东7区-角色5	开始
05:35	超过上架上限
05:35	重新开始登陆
05:40	账号45 西南2区每日任务开始时间： 05:40
05:43	账号45角色1 每日任务换角色出错
05:43	重新开始登陆
05:48	账号45 西南2区每日任务开始时间： 05:48
05:55	账号45 西南2区每日任务完成
05:56	账号45 西南2区每日任务结束时间： 05:56
05:56	西南2区-角色1	开始
06:03	！！！大区45 西南2区角色1开始扫拍
06:03	！！！大区45 西南2区角色1结束扫拍
06:03	！！！大区45 西南2区角色1开始变换
06:08	！！大区45 西南2区角色1结束变换
06:17	账号45 西南2区每日任务完成
06:18	账号45 西南2区每日任务结束时间： 06:18
06:18	西南2区-角色1	开始
06:23	超过上架上限
06:25	账号45 西南2区每日任务结束时间： 06:25
06:25	西南2区-角色2	开始
06:28	！！！大区45 西南2区角色2开始扫拍
06:28	扫拍价格: 118423自己上架价格: 0
06:28	扫拍价格: 118423自己上架价格: 0
06:29	扫拍价格: 114269自己上架价格: 110000
06:29	扫拍价格: 147779自己上架价格: 0
06:29	扫拍价格: 169245自己上架价格: 110000
06:29	扫拍价格: 169269自己上架价格: 115000
06:29	扫拍价格: 294313自己上架价格: 143800
06:29	扫拍价格: 411111自己上架价格: 161200
06:30	扫拍价格: 49999自己上架价格: 0
06:30	扫拍价格: 50000自己上架价格: 0
06:30	扫拍价格: 120000自己上架价格: 0
06:31	扫拍价格: 31608自己上架价格: 0
06:31	扫拍价格: 40000自己上架价格: 0
06:31	扫拍价格: 48887自己上架价格: 0
06:31	扫拍价格: 88888自己上架价格: 0
06:31	扫拍价格: 206408自己上架价格: 0
06:32	扫拍价格: 71574自己上架价格: 0
06:32	扫拍价格: 71575自己上架价格: 0
06:33	扫拍价格: 96111自己上架价格: 0
06:33	扫拍价格: 96111自己上架价格: 0
06:33	扫拍价格: 96666自己上架价格: 0
06:33	扫拍价格: 110028自己上架价格: 0
06:33	扫拍价格: 186603自己上架价格: 115000
06:34	扫拍价格: 800000自己上架价格: 0
06:34	扫拍价格: 800000自己上架价格: 0
06:35	扫拍价格: 83580自己上架价格: 0
06:35	扫拍价格: 84000自己上架价格: 0
06:35	扫拍价格: 84576自己上架价格: 0
06:35	扫拍价格: 148888自己上架价格: 0
06:35	扫拍价格: 160000自己上架价格: 0
06:35	扫拍价格: 165002自己上架价格: 0
06:35	扫拍价格: 182125自己上架价格: 115000
06:35	扫拍价格: 182613自己上架价格: 110800
06:35	扫拍价格: 185002自己上架价格: 0
06:35	扫拍价格: 185002自己上架价格: 0
06:36	扫拍价格: 111111自己上架价格: 0
06:36	扫拍价格: 218318自己上架价格: 0
06:37	扫拍价格: 61111自己上架价格: 0
06:37	扫拍价格: 77734自己上架价格: 0
06:37	扫拍价格: 77734自己上架价格: 0
06:37	扫拍价格: 100000自己上架价格: 0
06:37	扫拍价格: 100000自己上架价格: 0
06:37	扫拍价格: 100000自己上架价格: 0
06:37	扫拍价格: 100000自己上架价格: 0
06:37	扫拍价格: 125102自己上架价格: 0
06:37	扫拍价格: 132967自己上架价格: 115000
06:37	扫拍价格: 200700自己上架价格: 0
06:38	扫拍价格: 200700自己上架价格: 0
06:38	扫拍价格: 200700自己上架价格: 0
06:38	扫拍价格: 200700自己上架价格: 0
06:38	扫拍价格: 200700自己上架价格: 0
06:38	扫拍价格: 200700自己上架价格: 0
06:38	扫拍价格: 220609自己上架价格: 143800
06:38	扫拍价格: 100000自己上架价格: 0
06:38	扫拍价格: 121111自己上架价格: 117200
06:38	扫拍价格: 132444自己上架价格: 0
06:38	扫拍价格: 188888自己上架价格: 195000
06:38	扫拍价格: 195709自己上架价格: 0
06:39	扫拍价格: 195709自己上架价格: 0
06:39	扫拍价格: 195709自己上架价格: 0
06:39	扫拍价格: 195709自己上架价格: 0
06:39	扫拍价格: 51111自己上架价格: 0
06:40	扫拍价格: 99999自己上架价格: 0
06:40	扫拍价格: 102757自己上架价格: 0
06:40	扫拍价格: 102757自己上架价格: 0
06:40	扫拍价格: 102757自己上架价格: 0
06:40	扫拍价格: 103124自己上架价格: 110000
06:40	扫拍价格: 103124自己上架价格: 110000
06:40	扫拍价格: 150000自己上架价格: 0
06:40	扫拍价格: 266250自己上架价格: 115000
06:41	扫拍价格: 118423自己上架价格: 0
06:41	扫拍价格: 118423自己上架价格: 0
06:42	扫拍价格: 114269自己上架价格: 110000
06:42	扫拍价格: 147779自己上架价格: 0
06:42	扫拍价格: 169245自己上架价格: 110000
06:42	扫拍价格: 169269自己上架价格: 115000
06:42	扫拍价格: 294313自己上架价格: 143800
06:42	扫拍价格: 411111自己上架价格: 161200
06:42	扫拍价格: 49999自己上架价格: 0
06:42	扫拍价格: 50000自己上架价格: 0
06:43	扫拍价格: 120000自己上架价格: 0
06:43	扫拍价格: 49999自己上架价格: 0
06:43	扫拍价格: 50000自己上架价格: 0
06:43	扫拍价格: 120000自己上架价格: 0
06:43	扫拍价格: 49999自己上架价格: 0
06:43	扫拍价格: 50000自己上架价格: 0
06:43	扫拍价格: 120000自己上架价格: 0
06:44	扫拍价格: 31608自己上架价格: 0
06:44	扫拍价格: 40000自己上架价格: 0
06:44	扫拍价格: 48887自己上架价格: 0
06:44	扫拍价格: 88888自己上架价格: 0
06:44	扫拍价格: 206408自己上架价格: 0
06:45	扫拍价格: 71574自己上架价格: 0
06:45	扫拍价格: 71575自己上架价格: 0
06:46	扫拍价格: 96111自己上架价格: 0
06:46	扫拍价格: 96111自己上架价格: 0
06:46	扫拍价格: 96666自己上架价格: 0
06:46	扫拍价格: 110028自己上架价格: 0
06:46	扫拍价格: 186603自己上架价格: 115000
06:47	扫拍价格: 800000自己上架价格: 0
06:47	扫拍价格: 800000自己上架价格: 0
06:48	扫拍价格: 83580自己上架价格: 0
06:48	扫拍价格: 84000自己上架价格: 0
06:48	扫拍价格: 84576自己上架价格: 0
06:48	扫拍价格: 148888自己上架价格: 0
06:48	扫拍价格: 160000自己上架价格: 0
06:48	扫拍价格: 165002自己上架价格: 0
06:48	扫拍价格: 182125自己上架价格: 115000
06:48	扫拍价格: 182613自己上架价格: 110800
06:48	扫拍价格: 185002自己上架价格: 0
06:48	扫拍价格: 185002自己上架价格: 0
06:49	扫拍价格: 111111自己上架价格: 0
06:49	扫拍价格: 218318自己上架价格: 0
06:50	扫拍价格: 61111自己上架价格: 0
06:50	扫拍价格: 77734自己上架价格: 0
06:50	扫拍价格: 77734自己上架价格: 0
06:50	扫拍价格: 100000自己上架价格: 0
06:50	扫拍价格: 100000自己上架价格: 0
06:50	扫拍价格: 100000自己上架价格: 0
06:50	扫拍价格: 100000自己上架价格: 0
06:50	扫拍价格: 125102自己上架价格: 0
06:50	扫拍价格: 132967自己上架价格: 115000
06:50	扫拍价格: 200700自己上架价格: 0
06:50	扫拍价格: 200700自己上架价格: 0
06:50	扫拍价格: 200700自己上架价格: 0
06:51	扫拍价格: 200700自己上架价格: 0
06:51	扫拍价格: 200700自己上架价格: 0
06:51	扫拍价格: 200700自己上架价格: 0
06:51	扫拍价格: 220609自己上架价格: 143800
06:51	扫拍价格: 100000自己上架价格: 0
06:51	扫拍价格: 121111自己上架价格: 117200
06:51	扫拍价格: 132444自己上架价格: 0
06:51	扫拍价格: 188888自己上架价格: 195000
06:51	扫拍价格: 195709自己上架价格: 0
06:51	扫拍价格: 195709自己上架价格: 0
06:52	扫拍价格: 195709自己上架价格: 0
06:52	扫拍价格: 195709自己上架价格: 0
06:52	扫拍价格: 63471自己上架价格: 0
06:52	扫拍价格: 63790自己上架价格: 0
06:52	扫拍价格: 88000自己上架价格: 0
06:52	扫拍价格: 111111自己上架价格: 0
06:52	扫拍价格: 255786自己上架价格: 0
06:52	扫拍价格: 255786自己上架价格: 0
06:53	扫拍价格: 51111自己上架价格: 0
06:53	扫拍价格: 99999自己上架价格: 0
06:53	扫拍价格: 102757自己上架价格: 0
06:53	扫拍价格: 102757自己上架价格: 0
06:53	扫拍价格: 102757自己上架价格: 0
06:53	扫拍价格: 103124自己上架价格: 110000
06:53	扫拍价格: 103124自己上架价格: 110000
06:54	扫拍价格: 150000自己上架价格: 0
06:54	扫拍价格: 266250自己上架价格: 115000
06:54	！！！大区45 西南2区角色2结束扫拍
06:54	！！！大区45 西南2区角色2开始变换
07:00	！！大区45 西南2区角色2结束变换
07:00	账号45 西南2区每日任务结束时间： 07:00
07:00	西南2区-角色2	开始
07:04	账号45 西南2区每日任务结束时间： 07:04
07:04	西南2区-角色3	开始
07:09	！！！大区45 西南2区角色3开始扫拍
07:09	扫拍价格: 53333自己上架价格: 0
07:10	扫拍价格: 54987自己上架价格: 0
07:10	扫拍价格: 69999自己上架价格: 0
07:10	扫拍价格: 69999自己上架价格: 0
07:10	扫拍价格: 69999自己上架价格: 0
07:10	扫拍价格: 69999自己上架价格: 0
07:10	扫拍价格: 74961自己上架价格: 0
07:11	扫拍价格: 55987自己上架价格: 0
07:11	扫拍价格: 55993自己上架价格: 0
07:11	扫拍价格: 55994自己上架价格: 0
07:11	扫拍价格: 55999自己上架价格: 0
07:11	扫拍价格: 56000自己上架价格: 0
07:11	扫拍价格: 56284自己上架价格: 0
07:11	扫拍价格: 56289自己上架价格: 0
07:12	扫拍价格: 60000自己上架价格: 0
07:12	扫拍价格: 63970自己上架价格: 0
07:12	扫拍价格: 63971自己上架价格: 0
07:12	扫拍价格: 45249自己上架价格: 0
07:12	扫拍价格: 59998自己上架价格: 0
07:12	扫拍价格: 126177自己上架价格: 0
07:12	扫拍价格: 126177自己上架价格: 0
07:12	扫拍价格: 126177自己上架价格: 0
07:12	扫拍价格: 126177自己上架价格: 0
07:13	扫拍价格: 48888自己上架价格: 0
07:13	扫拍价格: 50000自己上架价格: 0
07:13	扫拍价格: 59375自己上架价格: 0
07:13	扫拍价格: 159375自己上架价格: 0
07:13	扫拍价格: 50000自己上架价格: 0
07:13	扫拍价格: 150000自己上架价格: 0
07:13	扫拍价格: 155781自己上架价格: 0
07:13	扫拍价格: 155781自己上架价格: 0
07:13	扫拍价格: 155781自己上架价格: 0
07:13	扫拍价格: 200000自己上架价格: 0
07:14	扫拍价格: 232593自己上架价格: 0
07:14	扫拍价格: 232593自己上架价格: 0
07:15	扫拍价格: 232593自己上架价格: 0
07:15	扫拍价格: 119215自己上架价格: 0
07:15	扫拍价格: 139215自己上架价格: 0
07:15	扫拍价格: 139215自己上架价格: 0
07:16	扫拍价格: 132997自己上架价格: 0
07:16	扫拍价格: 204894自己上架价格: 0
07:16	扫拍价格: 204894自己上架价格: 0
07:17	扫拍价格: 140498自己上架价格: 0
07:17	扫拍价格: 179210自己上架价格: 110000
07:17	扫拍价格: 60000自己上架价格: 0
07:17	扫拍价格: 70000自己上架价格: 0
07:17	扫拍价格: 113643自己上架价格: 0
07:17	扫拍价格: 113643自己上架价格: 0
07:18	扫拍价格: 140000自己上架价格: 0
07:18	扫拍价格: 186084自己上架价格: 110000
07:18	扫拍价格: 186606自己上架价格: 115800
07:18	扫拍价格: 500000自己上架价格: 0
07:19	扫拍价格: 269186自己上架价格: 0
07:19	扫拍价格: 269186自己上架价格: 0
07:19	扫拍价格: 269186自己上架价格: 0
07:19	扫拍价格: 269186自己上架价格: 0
07:21	扫拍价格: 172363自己上架价格: 0
07:21	扫拍价格: 172363自己上架价格: 0
07:21	扫拍价格: 172363自己上架价格: 0
07:21	扫拍价格: 172363自己上架价格: 0
07:21	扫拍价格: 49111自己上架价格: 0
07:22	扫拍价格: 55555自己上架价格: 0
07:22	扫拍价格: 55555自己上架价格: 0
07:23	扫拍价格: 53333自己上架价格: 0
07:23	扫拍价格: 54987自己上架价格: 0
07:23	扫拍价格: 69999自己上架价格: 0
07:24	扫拍价格: 69999自己上架价格: 0
07:24	扫拍价格: 69999自己上架价格: 0
07:24	扫拍价格: 69999自己上架价格: 0
07:24	扫拍价格: 74961自己上架价格: 0
07:25	扫拍价格: 55983自己上架价格: 0
07:25	扫拍价格: 55987自己上架价格: 0
07:25	扫拍价格: 55993自己上架价格: 0
07:25	扫拍价格: 55994自己上架价格: 0
07:25	扫拍价格: 55999自己上架价格: 0
07:25	扫拍价格: 56000自己上架价格: 0
07:25	扫拍价格: 56284自己上架价格: 0
07:25	扫拍价格: 56289自己上架价格: 0
07:25	扫拍价格: 60000自己上架价格: 0
07:26	扫拍价格: 63970自己上架价格: 0
07:26	扫拍价格: 63971自己上架价格: 0
07:26	扫拍价格: 45249自己上架价格: 0
07:26	扫拍价格: 59998自己上架价格: 0
07:26	扫拍价格: 126177自己上架价格: 0
07:26	扫拍价格: 126177自己上架价格: 0
07:26	扫拍价格: 126177自己上架价格: 0
07:26	扫拍价格: 126177自己上架价格: 0
07:26	扫拍价格: 48888自己上架价格: 0
07:26	扫拍价格: 50000自己上架价格: 0
07:26	扫拍价格: 59375自己上架价格: 0
07:27	扫拍价格: 159375自己上架价格: 0
07:27	扫拍价格: 50000自己上架价格: 0
07:27	扫拍价格: 150000自己上架价格: 0
07:27	扫拍价格: 155781自己上架价格: 0
07:27	扫拍价格: 155781自己上架价格: 0
07:27	扫拍价格: 155781自己上架价格: 0
07:27	扫拍价格: 200000自己上架价格: 0
07:28	扫拍价格: 232593自己上架价格: 0
07:28	扫拍价格: 232593自己上架价格: 0
07:28	扫拍价格: 232593自己上架价格: 0
07:29	扫拍价格: 119215自己上架价格: 0
07:29	扫拍价格: 139215自己上架价格: 0
07:29	扫拍价格: 139215自己上架价格: 0
07:29	扫拍价格: 132997自己上架价格: 0
07:29	扫拍价格: 204894自己上架价格: 0
07:29	扫拍价格: 204894自己上架价格: 0
07:30	扫拍价格: 140498自己上架价格: 0
07:30	扫拍价格: 179210自己上架价格: 110000
07:31	扫拍价格: 60000自己上架价格: 0
07:31	扫拍价格: 70000自己上架价格: 0
07:31	扫拍价格: 113643自己上架价格: 0
07:31	扫拍价格: 113643自己上架价格: 0
07:32	扫拍价格: 140000自己上架价格: 0
07:32	扫拍价格: 186084自己上架价格: 110000
07:32	扫拍价格: 186606自己上架价格: 115800
07:32	扫拍价格: 500000自己上架价格: 0
07:33	扫拍价格: 269186自己上架价格: 0
07:33	扫拍价格: 269186自己上架价格: 0
07:33	扫拍价格: 269186自己上架价格: 0
07:33	扫拍价格: 269186自己上架价格: 0
07:34	扫拍价格: 172363自己上架价格: 0
07:34	扫拍价格: 172363自己上架价格: 0
07:34	扫拍价格: 172363自己上架价格: 0
07:34	扫拍价格: 172363自己上架价格: 0
07:35	！！！大区45 西南2区角色3结束扫拍
07:35	！！！大区45 西南2区角色3开始变换
07:38	！！大区45 西南2区角色3结束变换
07:38	账号45 西南2区每日任务结束时间： 07:38
07:38	西南2区-角色3	开始
07:41	账号45 西南2区每日任务结束时间： 07:41
07:41	西南2区-角色4	开始
07:47	超过上架上限
07:48	账号45 西南2区每日任务结束时间： 07:48
07:48	西南2区-角色5	开始
07:54	！！！大区45 西南2区角色5开始扫拍
07:54	！！！大区45 西南2区角色5结束扫拍
07:54	！！！大区45 西南2区角色5开始变换
08:00	！！大区45 西南2区角色5结束变换
08:00	账号45 西南2区每日任务结束时间： 08:00
08:00	西南2区-角色5	开始
08:02	超过上架上限
08:03	重新开始登陆
08:09	账号43 广东4区每日任务开始时间： 08:09
08:14	账号43角色1 每日任务换角色出错
08:14	重新开始登陆
08:19	账号43 广东4区每日任务开始时间： 08:19
08:24	账号43角色1 每日任务换角色出错
08:24	重新开始登陆
08:29	账号43 广东4区每日任务开始时间： 08:29
08:32	账号43角色1 每日任务换角色出错
08:32	重新开始登陆
08:37	账号43 广东4区每日任务开始时间： 08:37
08:50	账号43 广东4区每日任务完成
08:51	账号43 广东4区每日任务结束时间： 08:51
08:51	广东4区-角色1	开始
08:54	超过上架上限
08:55	账号43 广东4区每日任务结束时间： 08:55
08:55	广东4区-角色2	开始
08:59	！！！大区43 广东4区角色2开始扫拍
08:59	！！！大区43 广东4区角色2结束扫拍
08:59	！！！大区43 广东4区角色2开始变换
09:03	！！大区43 广东4区角色2结束变换
09:03	账号43 广东4区每日任务结束时间： 09:03
09:03	广东4区-角色2	开始
09:06	超过上架上限
09:07	账号43 广东4区每日任务结束时间： 09:07
09:07	广东4区-角色3	开始
09:10	！！！大区43 广东4区角色3开始扫拍
09:12	重新开始登陆
09:18	金币取仓失败
09:18	账号43 广东4区每日任务开始时间： 09:18
09:19	！！！大区43 广东4区角色3开始扫拍
09:19	！！！大区43 广东4区角色3结束扫拍
09:19	！！！大区43 广东4区角色3开始变换
09:20	打开物品栏并整理失败-变换前失败
09:20	打开物品栏并整理失败-变换前失败
09:20	由于变换前操作失败导致变换失败
09:21	打开物品栏并整理失败-变换前失败
09:21	打开物品栏并整理失败-变换前失败
09:21	由于变换前操作失败导致变换失败
09:21	打开物品栏并整理失败-变换前失败
09:22	打开物品栏并整理失败-变换前失败
09:22	由于变换前操作失败导致变换失败
09:22	打开物品栏并整理失败-变换前失败
09:22	打开物品栏并整理失败-变换前失败
09:22	由于变换前操作失败导致变换失败
09:23	打开物品栏并整理失败-变换前失败
09:23	打开物品栏并整理失败-变换前失败
09:23	由于变换前操作失败导致变换失败
09:23	！！！大区43 广东4区角色3变换次数过多，重新登录
09:23	重新开始登陆
09:28	账号43 广东4区每日任务开始时间： 09:28
09:28	！！！大区43 广东4区角色3开始变换
09:30	！！大区43 广东4区角色3结束变换
09:30	账号43 广东4区每日任务结束时间： 09:30
09:30	广东4区-角色3	开始
09:38	！！！大区43 广东4区角色3开始扫拍
09:43	！！！大区43 广东4区角色3结束扫拍
09:43	！！！大区43 广东4区角色3开始变换
09:47	！！大区43 广东4区角色3结束变换
09:47	账号43 广东4区每日任务结束时间： 09:47
09:47	广东4区-角色3	开始
09:52	账号43 广东4区每日任务结束时间： 09:52
09:52	广东4区-角色4	开始
10:01	！！！大区43 广东4区角色4开始扫拍
10:01	！！！大区43 广东4区角色4结束扫拍
10:01	！！！大区43 广东4区角色4开始变换
10:03	！！大区43 广东4区角色4结束变换
10:03	账号43 广东4区每日任务结束时间： 10:03
10:03	广东4区-角色4	开始
10:05	超过上架上限
10:06	账号43 广东4区每日任务结束时间： 10:06
10:06	广东4区-角色5	开始
10:12	！！！大区43 广东4区角色5开始扫拍
10:12	！！！大区43 广东4区角色5结束扫拍
10:12	！！！大区43 广东4区角色5开始变换
10:14	！！大区43 广东4区角色5结束变换
10:14	账号43 广东4区每日任务结束时间： 10:14
10:14	广东4区-角色5	开始
10:16	超过上架上限
10:17	重新开始登陆
10:23	选频道出错
10:23	重新开始登陆
10:31	账号44 广东7区每日任务开始时间： 10:31
10:41	账号44 广东7区每日任务完成
10:41	账号44 广东7区每日任务结束时间： 10:41
10:41	广东7区-角色1	开始
10:43	超过上架上限
10:45	账号44 广东7区每日任务结束时间： 10:45
10:45	广东7区-角色2	开始
17:31	重新开始登陆
17:35	登录失败
17:35	重新开始登陆
17:41	账号43 角色3开始清理
17:46	账号43 角色4开始清理
17:49	账号43 角色5开始清理
17:53	账号43 角色6开始清理
17:57	账号43 角色7开始清理
18:00	账号43 角色8开始清理
18:04	账号43 角色9开始清理
18:08	账号43 角色10开始清理
18:11	重新开始登陆
18:19	账号44 角色1开始清理
18:23	账号44 角色2开始清理
18:27	账号44 角色3开始清理
18:32	账号44 角色4开始清理
18:36	账号44 角色5开始清理
18:40	重新开始登陆
18:45	账号45 角色1开始清理
18:48	魔力结晶存仓失败
18:48	金币存仓失败
18:48	金币存仓失败
18:48	金币存仓失败
18:49	魔力结晶存仓失败
18:49	重新开始登陆
18:54	账号45 角色2开始清理
18:59	账号45 角色3开始清理
19:04	账号45 角色4开始清理
19:09	账号45 角色5开始清理
19:13	账号45 角色6开始清理
19:16	重新开始登陆
19:22	账号43 角色1开始清理
19:27	清理失败
19:28	金币存仓失败
19:28	金币存仓失败
19:28	金币存仓失败
19:28	魔力结晶存仓失败
19:28	金币存仓失败
19:29	金币存仓失败
19:29	金币存仓失败
19:29	魔力结晶存仓失败
19:31	重新开始登陆
19:36	账号43 角色2开始清理
19:42	账号43 角色3开始清理
19:46	魔力结晶存仓失败
19:48	魔力结晶存仓失败
19:48	账号43 角色4开始清理
19:51	魔力结晶存仓失败
19:51	魔力结晶存仓失败
19:52	账号43 角色5开始清理
19:55	魔力结晶存仓失败
19:56	魔力结晶存仓失败
19:57	账号43 角色6开始清理
20:00	魔力结晶存仓失败
20:01	魔力结晶存仓失败
20:02	账号43 角色7开始清理
20:05	魔力结晶存仓失败
20:06	魔力结晶存仓失败
20:07	账号43 角色8开始清理
20:10	魔力结晶存仓失败
20:11	魔力结晶存仓失败
20:12	账号43 角色9开始清理
20:16	魔力结晶存仓失败
20:17	魔力结晶存仓失败
20:18	账号43 角色10开始清理
20:21	魔力结晶存仓失败
20:23	魔力结晶存仓失败
20:23	重新开始登陆
20:28	账号44 角色1开始清理
20:30	金币存仓失败
20:30	金币存仓失败
20:30	魔力结晶存仓失败
20:30	金币存仓失败
20:31	金币存仓失败
20:31	金币存仓失败
20:31	魔力结晶存仓失败
20:31	重新开始登陆
20:35	账号44 角色2开始清理
20:40	魔力结晶存仓失败
20:42	魔力结晶存仓失败
20:42	账号44 角色3开始清理
20:48	魔力结晶存仓失败
21:04	重新开始登陆
21:10	账号44 角色3开始清理
21:14	魔力结晶存仓失败
21:14	金币存仓失败
21:14	金币存仓失败
21:15	金币存仓失败
21:15	魔力结晶存仓失败
21:15	重新开始登陆
21:19	账号44 角色4开始清理
21:23	魔力结晶存仓失败
21:24	魔力结晶存仓失败
21:25	账号44 角色5开始清理
21:31	魔力结晶存仓失败
21:32	魔力结晶存仓失败
21:32	重新开始登陆
21:41	重新开始登陆
21:46	账号45 角色1开始清理
21:50	魔力结晶存仓失败
21:50	金币存仓失败
21:50	金币存仓失败
21:50	金币存仓失败
21:50	魔力结晶存仓失败
21:51	重新开始登陆
22:00	重新开始登陆
22:05	账号45 角色2开始清理
22:11	清理失败
22:12	清理失败
22:12	金币存仓失败
22:13	金币存仓失败
22:13	金币存仓失败
22:13	魔力结晶存仓失败
22:13	金币存仓失败
22:14	金币存仓失败
22:14	金币存仓失败
22:14	魔力结晶存仓失败
22:17	重新开始登陆
22:21	账号45 角色3开始清理
22:25	清理失败
22:26	清理失败
22:27	清理失败
22:28	金币存仓失败
22:28	金币存仓失败
22:28	金币存仓失败
22:28	魔力结晶存仓失败
22:28	金币存仓失败
22:29	金币存仓失败
22:29	金币存仓失败
22:29	魔力结晶存仓失败
22:32	重新开始登陆
22:36	账号45 角色4开始清理
22:39	魔力结晶存仓失败
22:39	金币取仓失败
22:39	金币取仓失败
22:39	金币取仓失败
22:40	魔力结晶存仓失败
22:40	重新开始登陆
22:44	账号45 角色5开始清理
22:50	魔力结晶存仓失败
22:52	魔力结晶存仓失败
22:52	重新开始登陆
22:56	账号43 角色1开始清理
23:03	重新开始登陆
23:13	重新开始登陆
23:28	重新开始登陆
23:40	重新开始登陆
23:42	重新开始登陆
23:50	账号44 广东7区每日任务开始时间： 23:50
23:53	！！！大区44 广东7区角色3开始扫拍
23:53	！！！大区44 广东7区角色3结束扫拍
23:53	！！！大区44 广东7区角色3开始变换
23:54	打开物品栏并整理失败-变换前失败
23:54	打开物品栏并整理失败-变换前失败
23:54	由于变换前操作失败导致变换失败
23:54	打开物品栏并整理失败-变换前失败
23:54	打开物品栏并整理失败-变换前失败
23:55	由于变换前操作失败导致变换失败
23:55	打开物品栏并整理失败-变换前失败
23:55	打开物品栏并整理失败-变换前失败
23:55	由于变换前操作失败导致变换失败
23:56	打开物品栏并整理失败-变换前失败
23:56	打开物品栏并整理失败-变换前失败
23:56	由于变换前操作失败导致变换失败
23:56	打开物品栏并整理失败-变换前失败
23:57	打开物品栏并整理失败-变换前失败
23:57	由于变换前操作失败导致变换失败
23:57	！！！大区44 广东7区角色3变换次数过多，重新登录
23:57	重新开始登陆
