00:01	打开物品栏并整理失败-变换前失败
00:01	打开物品栏并整理失败-变换前失败
00:01	由于变换前操作失败导致变换失败
00:01	打开物品栏并整理失败-变换前失败
00:02	打开物品栏并整理失败-变换前失败
00:02	由于变换前操作失败导致变换失败
00:02	打开物品栏并整理失败-变换前失败
00:02	打开物品栏并整理失败-变换前失败
00:03	由于变换前操作失败导致变换失败
00:03	打开物品栏并整理失败-变换前失败
00:03	打开物品栏并整理失败-变换前失败
00:03	由于变换前操作失败导致变换失败
00:03	！！！大区52 河南2区角色2变换次数过多，重新登录
00:03	重新开始登陆
00:09	账号52 河南2区每日任务开始时间： 00:09
00:09	！！！大区52 河南2区角色2开始变换
00:10	！！大区52 河南2区角色2结束变换
00:10	账号52 河南2区每日任务结束时间： 00:10
00:10	河南2区-角色2	开始
00:14	！！！大区52 河南2区角色2开始扫拍
00:31	！！！大区52 河南2区角色2结束扫拍
00:31	！！！大区52 河南2区角色2开始变换
00:33	！！大区52 河南2区角色2结束变换
00:33	账号52 河南2区每日任务结束时间： 00:33
00:33	河南2区-角色2	开始
00:35	账号52 河南2区每日任务结束时间： 00:35
00:35	河南2区-角色3	开始
00:40	！！！大区52 河南2区角色3开始扫拍
00:55	！！！大区52 河南2区角色3结束扫拍
00:55	！！！大区52 河南2区角色3开始变换
00:56	打开物品栏并整理失败-变换前失败
00:56	打开物品栏并整理失败-变换前失败
00:56	由于变换前操作失败导致变换失败
00:57	打开物品栏并整理失败-变换前失败
00:57	打开物品栏并整理失败-变换前失败
00:57	由于变换前操作失败导致变换失败
00:58	打开物品栏并整理失败-变换前失败
00:58	打开物品栏并整理失败-变换前失败
00:58	由于变换前操作失败导致变换失败
00:59	打开物品栏并整理失败-变换前失败
01:00	打开物品栏并整理失败-变换前失败
01:00	由于变换前操作失败导致变换失败
01:00	打开物品栏并整理失败-变换前失败
01:01	打开物品栏并整理失败-变换前失败
01:01	由于变换前操作失败导致变换失败
01:01	！！！大区52 河南2区角色3变换次数过多，重新登录
01:01	重新开始登陆
01:06	账号52 河南2区每日任务开始时间： 01:06
01:06	！！！大区52 河南2区角色3开始变换
01:08	！！大区52 河南2区角色3结束变换
01:08	账号52 河南2区每日任务结束时间： 01:08
01:08	河南2区-角色3	开始
01:08	打开物品栏并整理失败-变换前失败
01:09	上架出错，下一个角色
01:10	账号52角色4 换角色出错
01:10	重新开始登陆
01:18	重新开始登陆
01:23	账号52 河南2区每日任务开始时间： 01:23
01:23	账号52 河南2区每日任务结束时间： 01:23
01:23	河南2区-角色4	开始
01:31	！！！大区52 河南2区角色4开始扫拍
01:32	！！！大区52 河南2区角色4结束扫拍
01:32	！！！大区52 河南2区角色4开始变换
01:32	打开物品栏并整理失败-变换前失败
01:33	打开物品栏并整理失败-变换前失败
01:33	由于变换前操作失败导致变换失败
01:34	打开物品栏并整理失败-变换前失败
01:34	打开物品栏并整理失败-变换前失败
01:34	由于变换前操作失败导致变换失败
01:35	打开物品栏并整理失败-变换前失败
01:35	打开物品栏并整理失败-变换前失败
01:35	由于变换前操作失败导致变换失败
01:36	打开物品栏并整理失败-变换前失败
01:36	打开物品栏并整理失败-变换前失败
01:36	由于变换前操作失败导致变换失败
01:37	打开物品栏并整理失败-变换前失败
01:37	打开物品栏并整理失败-变换前失败
01:37	由于变换前操作失败导致变换失败
01:37	！！！大区52 河南2区角色4变换次数过多，重新登录
01:37	重新开始登陆
01:39	重新开始登陆
01:45	账号52 河南2区每日任务开始时间： 01:45
01:45	！！！大区52 河南2区角色4开始变换
01:47	！！大区52 河南2区角色4结束变换
01:47	账号52 河南2区每日任务结束时间： 01:47
01:47	河南2区-角色4	开始
01:50	！！！大区52 河南2区角色4开始扫拍
01:51	！！！大区52 河南2区角色4结束扫拍
01:51	！！！大区52 河南2区角色4开始变换
01:53	重新开始登陆
01:58	账号52 河南2区每日任务开始时间： 01:58
02:00	！！！大区52 河南2区角色2开始扫拍
02:00	！！！大区52 河南2区角色2结束扫拍
02:00	！！！大区52 河南2区角色2开始变换
02:06	打开物品栏并整理失败-变换前失败
02:06	打开物品栏并整理失败-变换前失败
02:06	由于变换前操作失败导致变换失败
02:07	打开物品栏并整理失败-变换前失败
02:08	打开物品栏并整理失败-变换前失败
02:08	由于变换前操作失败导致变换失败
02:09	打开物品栏并整理失败-变换前失败
02:09	打开物品栏并整理失败-变换前失败
02:09	由于变换前操作失败导致变换失败
02:10	打开物品栏并整理失败-变换前失败
02:10	打开物品栏并整理失败-变换前失败
02:10	由于变换前操作失败导致变换失败
02:10	！！！大区52 河南2区角色2变换次数过多，重新登录
02:10	重新开始登陆
02:15	账号52 河南2区每日任务开始时间： 02:15
02:15	！！！大区52 河南2区角色2开始变换
02:18	打开物品栏并整理失败-变换前失败
02:18	打开物品栏并整理失败-变换前失败
02:18	由于变换前操作失败导致变换失败
02:19	打开物品栏并整理失败-变换前失败
02:19	打开物品栏并整理失败-变换前失败
02:19	由于变换前操作失败导致变换失败
02:19	打开物品栏并整理失败-变换前失败
02:20	打开物品栏并整理失败-变换前失败
02:20	由于变换前操作失败导致变换失败
02:20	打开物品栏并整理失败-变换前失败
02:20	打开物品栏并整理失败-变换前失败
02:20	由于变换前操作失败导致变换失败
02:20	！！！大区52 河南2区角色2变换次数过多，重新登录
02:20	重新开始登陆
02:25	账号52 河南2区每日任务开始时间： 02:25
02:25	！！！大区52 河南2区角色2开始变换
02:27	！！大区52 河南2区角色2结束变换
02:27	账号52 河南2区每日任务结束时间： 02:27
02:27	河南2区-角色2	开始
02:28	打开物品栏并整理失败-变换前失败
02:29	上架出错，下一个角色
02:29	账号52角色3 换角色出错
02:29	重新开始登陆
02:34	账号52 河南2区每日任务开始时间： 02:34
02:34	账号52 河南2区每日任务结束时间： 02:34
02:34	河南2区-角色3	开始
02:35	打开物品栏并整理失败-变换前失败
02:36	上架出错，下一个角色
02:36	账号52角色4 换角色出错
02:36	重新开始登陆
02:42	账号52 河南2区每日任务开始时间： 02:42
02:42	账号52 河南2区每日任务结束时间： 02:42
02:42	河南2区-角色4	开始
02:47	！！！大区52 河南2区角色4开始扫拍
02:47	！！！大区52 河南2区角色4结束扫拍
02:47	！！！大区52 河南2区角色4开始变换
02:48	打开物品栏并整理失败-变换前失败
02:48	打开物品栏并整理失败-变换前失败
02:48	由于变换前操作失败导致变换失败
02:49	打开物品栏并整理失败-变换前失败
02:49	打开物品栏并整理失败-变换前失败
02:49	由于变换前操作失败导致变换失败
02:49	打开物品栏并整理失败-变换前失败
02:50	打开物品栏并整理失败-变换前失败
02:50	由于变换前操作失败导致变换失败
02:50	打开物品栏并整理失败-变换前失败
02:50	打开物品栏并整理失败-变换前失败
02:50	由于变换前操作失败导致变换失败
02:51	打开物品栏并整理失败-变换前失败
02:51	打开物品栏并整理失败-变换前失败
02:51	由于变换前操作失败导致变换失败
02:51	！！！大区52 河南2区角色4变换次数过多，重新登录
02:51	重新开始登陆
02:57	账号52 河南2区每日任务开始时间： 02:57
02:57	！！！大区52 河南2区角色4开始变换
03:09	！！大区52 河南2区角色4结束变换
03:09	账号52 河南2区每日任务结束时间： 03:09
03:09	河南2区-角色4	开始
03:18	！！！大区52 河南2区角色4开始扫拍
03:36	！！！大区52 河南2区角色4结束扫拍
03:36	！！！大区52 河南2区角色4开始变换
03:39	！！大区52 河南2区角色4结束变换
03:39	账号52 河南2区每日任务结束时间： 03:39
03:39	河南2区-角色4	开始
03:41	账号52 河南2区每日任务结束时间： 03:41
03:41	河南2区-角色5	开始
03:47	！！！大区52 河南2区角色5开始扫拍
03:47	！！！大区52 河南2区角色5结束扫拍
03:47	！！！大区52 河南2区角色5开始变换
03:56	！！大区52 河南2区角色5结束变换
03:56	账号52 河南2区每日任务结束时间： 03:56
03:56	河南2区-角色5	开始
03:59	重新开始登陆
04:04	账号53 重庆2区每日任务开始时间： 04:04
04:15	账号53角色1 每日任务换角色出错
04:15	重新开始登陆
04:21	账号53 重庆2区每日任务开始时间： 04:21
04:25	账号53角色1 每日任务换角色出错
04:25	重新开始登陆
04:34	重新开始登陆
04:40	账号53 重庆2区每日任务开始时间： 04:40
04:43	账号53角色1 每日任务换角色出错
04:43	重新开始登陆
04:53	重新开始登陆
04:59	账号53 重庆2区每日任务开始时间： 04:59
05:03	账号53角色1 每日任务换角色出错
05:03	重新开始登陆
05:09	选频道出错
05:09	重新开始登陆
05:11	重新开始登陆
05:13	重新开始登陆
05:19	重新开始登陆
05:29	重新开始登陆
05:41	重新开始登陆
05:43	重新开始登陆
05:45	重新开始登陆
05:49	重新开始登陆
05:55	重新开始登陆
06:04	重新开始登陆
06:17	初始化配置出错
09:53	重新开始登陆
09:54	重新开始登陆
09:59	登录失败
09:59	重新开始登陆
10:10	账号52 角色1开始清理
10:15	账号52 角色2开始清理
10:32	清理失败
10:41	魔力结晶存仓失败
10:41	魔力结晶存仓失败
10:42	账号52 角色3开始清理
11:05	清理失败
11:05	魔力结晶存仓失败
11:06	魔力结晶存仓失败
11:07	账号52 角色4开始清理
11:26	清理失败
12:09	重新开始登陆
12:12	账号52 角色4开始清理
16:16	重新开始登陆
16:22	魔力结晶存仓失败
16:23	魔力结晶存仓失败
16:24	账号52 角色1开始清理
16:27	魔力结晶存仓失败
16:46	重新开始登陆
16:47	重新开始登陆
16:52	登录失败
16:52	重新开始登陆
17:04	魔力结晶存仓失败
17:05	魔力结晶存仓失败
17:05	账号52 角色1开始清理
17:09	魔力结晶存仓失败
17:10	魔力结晶存仓失败
17:11	账号52 角色2开始清理
17:14	魔力结晶存仓失败
17:15	魔力结晶存仓失败
17:16	账号52 角色3开始清理
17:20	魔力结晶存仓失败
17:20	魔力结晶存仓失败
17:21	账号52 角色4开始清理
17:26	魔力结晶存仓失败
17:26	魔力结晶存仓失败
17:28	账号52 角色5开始清理
17:31	魔力结晶存仓失败
17:32	魔力结晶存仓失败
17:33	账号52 角色6开始清理
17:35	魔力结晶存仓失败
17:35	魔力结晶存仓失败
17:37	账号52 角色7开始清理
17:43	魔力结晶存仓失败
17:43	魔力结晶存仓失败
17:43	重新开始登陆
18:23	重新开始登陆
18:30	魔力结晶存仓失败
18:31	重新开始登陆
18:43	重新开始登陆
18:50	魔力结晶存仓失败
18:52	魔力结晶存仓失败
18:53	账号52 角色1开始清理
18:57	金币存仓失败
18:57	金币存仓失败
18:57	金币存仓失败
18:58	魔力结晶存仓失败
19:00	魔力结晶存仓失败
19:02	账号52 角色2开始清理
19:07	魔力结晶存仓失败
19:09	魔力结晶存仓失败
19:10	账号52 角色3开始清理
19:16	魔力结晶存仓失败
19:18	魔力结晶存仓失败
19:19	账号52 角色4开始清理
19:25	魔力结晶存仓失败
19:27	魔力结晶存仓失败
19:30	账号52 角色5开始清理
19:35	重新开始登陆
19:42	魔力结晶存仓失败
19:43	魔力结晶存仓失败
19:44	账号52 角色1开始清理
19:52	重新开始登陆
19:59	魔力结晶存仓失败
19:59	金币存仓失败
20:00	金币存仓失败
20:00	魔力结晶存仓失败
20:02	重新开始登陆
20:10	魔力结晶存仓失败
20:12	魔力结晶存仓失败
20:13	账号52 角色1开始清理
20:18	金币存仓失败
20:18	金币存仓失败
20:18	金币存仓失败
20:18	魔力结晶存仓失败
20:20	魔力结晶存仓失败
20:20	重新开始登陆
20:29	重新开始登陆
20:35	账号52 角色2开始清理
