00:02	！！！大区53 重庆2区角色4结束扫拍
00:02	！！！大区53 重庆2区角色4开始变换
00:05	由于变换失败装备过多过多,而导致变换失败
00:06	打开物品栏并整理失败-变换前失败
00:06	打开物品栏并整理失败-变换前失败
00:06	由于变换前操作失败导致变换失败
00:07	打开物品栏并整理失败-变换前失败
00:07	打开物品栏并整理失败-变换前失败
00:07	由于变换前操作失败导致变换失败
00:08	打开物品栏并整理失败-变换前失败
00:08	打开物品栏并整理失败-变换前失败
00:08	由于变换前操作失败导致变换失败
00:09	打开物品栏并整理失败-变换前失败
00:09	打开物品栏并整理失败-变换前失败
00:09	由于变换前操作失败导致变换失败
00:09	！！！大区53 重庆2区角色4变换次数过多，重新登录
00:09	重新开始登陆
00:18	账号53 重庆2区每日任务开始时间： 00:18
00:18	！！！大区53 重庆2区角色4开始变换
00:20	！！大区53 重庆2区角色4结束变换
00:20	账号53 重庆2区每日任务结束时间： 00:20
00:20	重庆2区-角色4	开始
00:23	！！！大区53 重庆2区角色4开始扫拍
00:23	扫拍价格: 41001自己上架价格: 0
00:23	扫拍价格: 89352自己上架价格: 0
00:23	扫拍价格: 89352自己上架价格: 0
00:23	扫拍价格: 100000自己上架价格: 0
00:23	扫拍价格: 108363自己上架价格: 0
00:24	扫拍价格: 108363自己上架价格: 0
00:24	扫拍价格: 109537自己上架价格: 0
00:24	扫拍价格: 109837自己上架价格: 0
00:24	扫拍价格: 111168自己上架价格: 115032
00:24	扫拍价格: 112289自己上架价格: 0
00:27	扫拍价格: 40000自己上架价格: 0
00:27	扫拍价格: 152665自己上架价格: 0
00:27	扫拍价格: 206800自己上架价格: 206800
00:27	扫拍价格: 207290自己上架价格: 115000
00:27	扫拍价格: 218880自己上架价格: 138800
00:27	扫拍价格: 222665自己上架价格: 0
00:27	扫拍价格: 80000自己上架价格: 0
00:27	扫拍价格: 180000自己上架价格: 0
00:27	扫拍价格: 202982自己上架价格: 0
00:29	扫拍价格: 99999自己上架价格: 0
00:29	扫拍价格: 991111自己上架价格: 424984
00:30	扫拍价格: 50000自己上架价格: 0
00:31	扫拍价格: 40527自己上架价格: 0
00:32	扫拍价格: 40527自己上架价格: 0
00:32	扫拍价格: 110838自己上架价格: 0
00:32	扫拍价格: 41001自己上架价格: 0
00:32	扫拍价格: 89352自己上架价格: 0
00:32	扫拍价格: 89352自己上架价格: 0
00:32	扫拍价格: 100000自己上架价格: 0
00:32	扫拍价格: 108363自己上架价格: 0
00:32	扫拍价格: 108363自己上架价格: 0
00:33	扫拍价格: 109537自己上架价格: 0
00:33	扫拍价格: 109837自己上架价格: 0
00:33	扫拍价格: 111168自己上架价格: 115032
00:33	扫拍价格: 112289自己上架价格: 0
00:34	扫拍价格: 87122自己上架价格: 0
00:35	扫拍价格: 40000自己上架价格: 0
00:35	扫拍价格: 152665自己上架价格: 0
00:35	扫拍价格: 206800自己上架价格: 206800
00:35	扫拍价格: 207290自己上架价格: 115000
00:35	扫拍价格: 218880自己上架价格: 138800
00:36	扫拍价格: 222665自己上架价格: 0
00:36	扫拍价格: 80000自己上架价格: 0
00:36	扫拍价格: 180000自己上架价格: 0
00:36	扫拍价格: 202982自己上架价格: 0
00:37	扫拍价格: 99999自己上架价格: 0
00:38	扫拍价格: 991111自己上架价格: 424984
00:38	！！！大区53 重庆2区角色4结束扫拍
00:38	！！！大区53 重庆2区角色4开始变换
00:40	！！大区53 重庆2区角色4结束变换
00:40	账号53 重庆2区每日任务结束时间： 00:40
00:40	重庆2区-角色4	开始
00:42	账号53 重庆2区每日任务结束时间： 00:42
00:42	重庆2区-角色5	开始
00:46	！！！大区53 重庆2区角色5开始扫拍
00:46	扫拍价格: 76648自己上架价格: 0
00:46	扫拍价格: 76649自己上架价格: 0
00:46	扫拍价格: 76651自己上架价格: 0
00:46	扫拍价格: 76652自己上架价格: 0
00:46	扫拍价格: 76653自己上架价格: 0
00:46	扫拍价格: 76654自己上架价格: 0
00:46	扫拍价格: 76655自己上架价格: 0
00:46	扫拍价格: 76656自己上架价格: 0
00:46	扫拍价格: 76657自己上架价格: 0
00:46	扫拍价格: 76658自己上架价格: 0
00:46	扫拍价格: 76659自己上架价格: 0
00:46	扫拍价格: 87413自己上架价格: 0
00:46	扫拍价格: 87414自己上架价格: 0
00:46	扫拍价格: 87415自己上架价格: 0
00:46	扫拍价格: 87416自己上架价格: 0
00:46	扫拍价格: 87417自己上架价格: 0
00:46	扫拍价格: 87418自己上架价格: 0
00:46	扫拍价格: 87419自己上架价格: 0
00:46	扫拍价格: 87420自己上架价格: 0
00:46	扫拍价格: 87421自己上架价格: 0
00:47	扫拍价格: 87422自己上架价格: 0
00:47	扫拍价格: 87423自己上架价格: 0
00:47	扫拍价格: 87424自己上架价格: 0
00:47	扫拍价格: 87425自己上架价格: 0
00:47	扫拍价格: 87426自己上架价格: 0
00:47	扫拍价格: 87427自己上架价格: 0
00:47	扫拍价格: 87428自己上架价格: 0
00:47	扫拍价格: 87429自己上架价格: 0
00:47	扫拍价格: 87430自己上架价格: 0
00:47	扫拍价格: 87431自己上架价格: 0
00:48	扫拍价格: 125845自己上架价格: 0
00:51	扫拍价格: 286429自己上架价格: 0
00:51	扫拍价格: 68064自己上架价格: 0
00:51	扫拍价格: 68064自己上架价格: 0
00:51	扫拍价格: 68064自己上架价格: 0
00:52	扫拍价格: 120000自己上架价格: 0
00:53	扫拍价格: 139300自己上架价格: 115000
00:53	扫拍价格: 213908自己上架价格: 0
00:53	扫拍价格: 213908自己上架价格: 0
00:53	扫拍价格: 80000自己上架价格: 115288
00:54	扫拍价格: 75000自己上架价格: 0
00:54	扫拍价格: 196570自己上架价格: 0
00:54	扫拍价格: 196570自己上架价格: 0
00:54	扫拍价格: 196570自己上架价格: 0
00:56	扫拍价格: 76648自己上架价格: 0
00:56	扫拍价格: 76649自己上架价格: 0
00:56	扫拍价格: 76651自己上架价格: 0
00:56	扫拍价格: 76652自己上架价格: 0
00:56	扫拍价格: 76653自己上架价格: 0
00:56	扫拍价格: 76654自己上架价格: 0
00:56	扫拍价格: 76655自己上架价格: 0
00:56	扫拍价格: 76656自己上架价格: 0
00:56	扫拍价格: 76657自己上架价格: 0
00:56	扫拍价格: 76658自己上架价格: 0
00:56	扫拍价格: 76659自己上架价格: 0
00:56	扫拍价格: 87413自己上架价格: 0
00:56	扫拍价格: 87414自己上架价格: 0
00:56	扫拍价格: 87415自己上架价格: 0
00:56	扫拍价格: 87416自己上架价格: 0
00:56	扫拍价格: 87417自己上架价格: 0
00:56	扫拍价格: 87418自己上架价格: 0
00:56	扫拍价格: 87419自己上架价格: 0
00:56	扫拍价格: 87420自己上架价格: 0
00:56	扫拍价格: 87421自己上架价格: 0
00:56	扫拍价格: 87422自己上架价格: 0
00:56	扫拍价格: 87423自己上架价格: 0
00:56	扫拍价格: 87424自己上架价格: 0
00:56	扫拍价格: 87425自己上架价格: 0
00:56	扫拍价格: 87426自己上架价格: 0
00:56	扫拍价格: 87427自己上架价格: 0
00:56	扫拍价格: 87428自己上架价格: 0
00:56	扫拍价格: 87429自己上架价格: 0
00:56	扫拍价格: 87430自己上架价格: 0
00:56	扫拍价格: 87431自己上架价格: 0
00:57	扫拍价格: 125845自己上架价格: 0
00:59	扫拍价格: 286429自己上架价格: 0
00:59	扫拍价格: 68064自己上架价格: 0
00:59	扫拍价格: 68064自己上架价格: 0
00:59	扫拍价格: 68064自己上架价格: 0
01:00	扫拍价格: 120000自己上架价格: 0
01:01	扫拍价格: 139300自己上架价格: 115000
01:01	扫拍价格: 213908自己上架价格: 0
01:01	扫拍价格: 213908自己上架价格: 0
01:02	扫拍价格: 80000自己上架价格: 115288
01:02	扫拍价格: 75000自己上架价格: 0
01:02	扫拍价格: 196570自己上架价格: 0
01:02	扫拍价格: 196570自己上架价格: 0
01:02	扫拍价格: 196570自己上架价格: 0
01:03	扫拍价格: 50000自己上架价格: 0
01:03	扫拍价格: 60000自己上架价格: 0
01:03	扫拍价格: 61482自己上架价格: 0
01:03	扫拍价格: 81482自己上架价格: 0
01:03	扫拍价格: 100000自己上架价格: 0
01:03	扫拍价格: 115800自己上架价格: 115800
01:03	扫拍价格: 120000自己上架价格: 0
01:03	扫拍价格: 148200自己上架价格: 0
01:03	扫拍价格: 148248自己上架价格: 0
01:03	扫拍价格: 148248自己上架价格: 0
01:03	扫拍价格: 148248自己上架价格: 0
01:03	扫拍价格: 148248自己上架价格: 0
01:03	扫拍价格: 220000自己上架价格: 127800
01:04	扫拍价格: 223800自己上架价格: 223800
01:04	！！！大区53 重庆2区角色5结束扫拍
01:04	！！！大区53 重庆2区角色5开始变换
01:08	！！大区53 重庆2区角色5结束变换
01:08	账号53 重庆2区每日任务结束时间： 01:08
01:08	重庆2区-角色5	开始
01:11	重新开始登陆
01:12	重新开始登陆
01:14	重新开始登陆
01:18	重新开始登陆
01:24	重新开始登陆
01:33	重新开始登陆
01:46	重新开始登陆
01:51	账号52 河南2区每日任务开始时间： 01:51
01:51	账号52 河南2区每日任务结束时间： 01:51
01:51	河南2区-角色1	开始
01:54	超过上架上限
01:55	账号52 河南2区每日任务结束时间： 01:55
01:55	河南2区-角色2	开始
01:58	！！！大区52 河南2区角色2开始扫拍
01:58	扫拍价格: 98886自己上架价格: 0
01:58	扫拍价格: 98887自己上架价格: 0
01:59	扫拍价格: 36999自己上架价格: 0
01:59	扫拍价格: 37000自己上架价格: 0
01:59	扫拍价格: 39999自己上架价格: 0
01:59	扫拍价格: 40000自己上架价格: 0
01:59	扫拍价格: 50111自己上架价格: 0
01:59	扫拍价格: 51107自己上架价格: 0
02:00	扫拍价格: 60805自己上架价格: 0
02:00	扫拍价格: 82000自己上架价格: 0
02:00	扫拍价格: 116440自己上架价格: 0
02:00	扫拍价格: 116440自己上架价格: 0
02:00	扫拍价格: 116440自己上架价格: 0
02:00	扫拍价格: 104991自己上架价格: 0
02:01	扫拍价格: 54999自己上架价格: 0
02:01	扫拍价格: 55555自己上架价格: 0
02:01	扫拍价格: 61111自己上架价格: 0
02:01	扫拍价格: 61111自己上架价格: 0
02:01	扫拍价格: 113512自己上架价格: 0
02:01	扫拍价格: 65000自己上架价格: 0
02:01	扫拍价格: 80000自己上架价格: 0
02:01	扫拍价格: 112642自己上架价格: 0
02:01	扫拍价格: 112642自己上架价格: 0
02:01	扫拍价格: 122642自己上架价格: 0
02:02	扫拍价格: 100000自己上架价格: 0
02:02	扫拍价格: 100202自己上架价格: 0
02:02	扫拍价格: 164303自己上架价格: 0
02:02	扫拍价格: 184303自己上架价格: 0
02:03	扫拍价格: 134345自己上架价格: 0
02:03	扫拍价格: 134345自己上架价格: 0
02:03	扫拍价格: 150086自己上架价格: 115000
02:03	扫拍价格: 200000自己上架价格: 110800
02:03	扫拍价格: 45000自己上架价格: 0
02:03	扫拍价格: 78888自己上架价格: 0
02:04	扫拍价格: 99999自己上架价格: 0
02:04	扫拍价格: 150000自己上架价格: 0
02:04	扫拍价格: 200000自己上架价格: 0
02:04	扫拍价格: 88888自己上架价格: 0
02:05	扫拍价格: 111111自己上架价格: 0
02:05	扫拍价格: 171111自己上架价格: 0
02:05	扫拍价格: 211111自己上架价格: 115000
02:05	扫拍价格: 248454自己上架价格: 0
02:05	扫拍价格: 248454自己上架价格: 0
02:05	扫拍价格: 248454自己上架价格: 0
02:05	扫拍价格: 248454自己上架价格: 0
02:05	扫拍价格: 250000自己上架价格: 115000
02:06	扫拍价格: 64257自己上架价格: 0
02:06	扫拍价格: 74257自己上架价格: 0
02:06	扫拍价格: 80000自己上架价格: 0
02:06	扫拍价格: 100000自己上架价格: 0
02:06	扫拍价格: 164257自己上架价格: 0
02:06	扫拍价格: 164257自己上架价格: 0
02:08	扫拍价格: 34766自己上架价格: 0
02:09	扫拍价格: 98886自己上架价格: 0
02:09	扫拍价格: 98887自己上架价格: 0
02:10	扫拍价格: 36999自己上架价格: 0
02:10	扫拍价格: 37000自己上架价格: 0
02:10	扫拍价格: 39999自己上架价格: 0
02:10	扫拍价格: 40000自己上架价格: 0
02:10	扫拍价格: 50111自己上架价格: 0
02:10	扫拍价格: 51107自己上架价格: 0
02:11	扫拍价格: 60805自己上架价格: 0
02:11	扫拍价格: 82000自己上架价格: 0
02:11	扫拍价格: 116440自己上架价格: 0
02:11	扫拍价格: 116440自己上架价格: 0
02:11	扫拍价格: 116440自己上架价格: 0
02:11	扫拍价格: 104991自己上架价格: 0
02:11	扫拍价格: 54999自己上架价格: 0
02:11	扫拍价格: 55555自己上架价格: 0
02:11	扫拍价格: 61111自己上架价格: 0
02:12	扫拍价格: 61111自己上架价格: 0
02:12	扫拍价格: 113512自己上架价格: 0
02:12	扫拍价格: 65000自己上架价格: 0
02:12	扫拍价格: 80000自己上架价格: 0
02:12	扫拍价格: 112642自己上架价格: 0
02:12	扫拍价格: 112642自己上架价格: 0
02:12	扫拍价格: 122642自己上架价格: 0
02:12	扫拍价格: 100000自己上架价格: 0
02:12	扫拍价格: 100202自己上架价格: 0
02:12	扫拍价格: 164303自己上架价格: 0
02:12	扫拍价格: 184303自己上架价格: 0
02:13	扫拍价格: 134345自己上架价格: 0
02:14	扫拍价格: 134345自己上架价格: 0
02:14	扫拍价格: 150086自己上架价格: 115000
02:14	扫拍价格: 200000自己上架价格: 110800
02:14	扫拍价格: 45000自己上架价格: 0
02:14	扫拍价格: 78888自己上架价格: 0
02:14	扫拍价格: 99999自己上架价格: 0
02:14	扫拍价格: 150000自己上架价格: 0
02:14	扫拍价格: 200000自己上架价格: 0
02:15	扫拍价格: 88888自己上架价格: 0
02:15	扫拍价格: 111111自己上架价格: 0
02:15	扫拍价格: 111111自己上架价格: 0
02:15	扫拍价格: 171111自己上架价格: 0
02:15	扫拍价格: 211111自己上架价格: 115000
02:15	扫拍价格: 248454自己上架价格: 0
02:15	扫拍价格: 248454自己上架价格: 0
02:16	扫拍价格: 248454自己上架价格: 0
02:16	扫拍价格: 248454自己上架价格: 0
02:16	扫拍价格: 250000自己上架价格: 115000
02:16	扫拍价格: 64257自己上架价格: 0
02:16	扫拍价格: 74257自己上架价格: 0
02:16	扫拍价格: 80000自己上架价格: 0
02:16	扫拍价格: 100000自己上架价格: 0
02:17	扫拍价格: 164257自己上架价格: 0
02:17	扫拍价格: 164257自己上架价格: 0
02:18	扫拍价格: 34766自己上架价格: 0
02:18	扫拍价格: 40000自己上架价格: 0
02:18	扫拍价格: 50000自己上架价格: 0
02:18	扫拍价格: 77050自己上架价格: 0
02:19	！！！大区52 河南2区角色2结束扫拍
02:19	！！！大区52 河南2区角色2开始变换
02:21	！！大区52 河南2区角色2结束变换
02:21	账号52 河南2区每日任务结束时间： 02:21
02:21	河南2区-角色2	开始
02:23	账号52 河南2区每日任务结束时间： 02:23
02:23	河南2区-角色3	开始
02:26	！！！大区52 河南2区角色3开始扫拍
02:26	扫拍价格: 94736自己上架价格: 0
02:26	扫拍价格: 103894自己上架价格: 0
02:26	扫拍价格: 103894自己上架价格: 0
02:26	扫拍价格: 103894自己上架价格: 0
02:26	扫拍价格: 103894自己上架价格: 0
02:28	扫拍价格: 40000自己上架价格: 0
02:28	扫拍价格: 51111自己上架价格: 0
02:28	扫拍价格: 60000自己上架价格: 0
02:28	扫拍价格: 61111自己上架价格: 0
02:28	扫拍价格: 79998自己上架价格: 0
02:28	扫拍价格: 79999自己上架价格: 0
02:28	扫拍价格: 88888自己上架价格: 0
02:28	扫拍价格: 88888自己上架价格: 0
02:28	扫拍价格: 162109自己上架价格: 0
02:28	扫拍价格: 162109自己上架价格: 0
02:28	扫拍价格: 162109自己上架价格: 0
02:28	扫拍价格: 162109自己上架价格: 0
02:28	扫拍价格: 50000自己上架价格: 0
02:28	扫拍价格: 50000自己上架价格: 0
02:28	扫拍价格: 61111自己上架价格: 0
02:28	扫拍价格: 68000自己上架价格: 0
02:28	扫拍价格: 100000自己上架价格: 0
02:28	扫拍价格: 100000自己上架价格: 0
02:28	扫拍价格: 154722自己上架价格: 0
02:28	扫拍价格: 154722自己上架价格: 0
02:29	扫拍价格: 100000自己上架价格: 0
02:29	扫拍价格: 298500自己上架价格: 0
02:29	扫拍价格: 622221自己上架价格: 0
02:29	扫拍价格: 911109自己上架价格: 0
02:29	扫拍价格: 1200000自己上架价格: 0
02:29	扫拍价格: 1239582自己上架价格: 0
02:29	扫拍价格: 1239582自己上架价格: 0
02:30	扫拍价格: 88888自己上架价格: 0
02:30	扫拍价格: 250000自己上架价格: 0
02:30	扫拍价格: 250000自己上架价格: 0
02:30	扫拍价格: 250000自己上架价格: 0
02:30	扫拍价格: 134220自己上架价格: 0
02:30	扫拍价格: 134220自己上架价格: 0
02:31	扫拍价格: 140000自己上架价格: 0
02:31	扫拍价格: 184424自己上架价格: 0
02:31	扫拍价格: 184424自己上架价格: 0
02:31	扫拍价格: 193159自己上架价格: 115000
02:31	扫拍价格: 194424自己上架价格: 0
02:33	扫拍价格: 50000自己上架价格: 0
02:33	扫拍价格: 111111自己上架价格: 0
02:33	扫拍价格: 121111自己上架价格: 0
02:33	扫拍价格: 129999自己上架价格: 115000
02:33	扫拍价格: 131111自己上架价格: 0
02:33	扫拍价格: 190000自己上架价格: 0
02:33	扫拍价格: 240000自己上架价格: 0
02:33	扫拍价格: 241191自己上架价格: 0
02:33	扫拍价格: 241191自己上架价格: 0
02:33	扫拍价格: 241191自己上架价格: 0
02:34	扫拍价格: 60000自己上架价格: 0
02:34	扫拍价格: 100000自己上架价格: 0
02:36	扫拍价格: 100000自己上架价格: 110000
02:36	扫拍价格: 100000自己上架价格: 0
02:36	扫拍价格: 100000自己上架价格: 0
02:36	扫拍价格: 100000自己上架价格: 110128
02:37	扫拍价格: 100276自己上架价格: 0
02:37	扫拍价格: 100276自己上架价格: 0
02:37	扫拍价格: 100276自己上架价格: 0
02:37	扫拍价格: 100276自己上架价格: 0
02:37	扫拍价格: 111111自己上架价格: 110000
02:37	扫拍价格: 113053自己上架价格: 115000
02:37	扫拍价格: 117878自己上架价格: 115032
02:37	扫拍价格: 188568自己上架价格: 143800
02:38	扫拍价格: 94736自己上架价格: 0
02:38	扫拍价格: 103894自己上架价格: 0
02:38	扫拍价格: 103894自己上架价格: 0
02:38	扫拍价格: 103894自己上架价格: 0
02:38	扫拍价格: 103894自己上架价格: 0
02:39	扫拍价格: 40000自己上架价格: 0
02:39	扫拍价格: 51111自己上架价格: 0
02:39	扫拍价格: 60000自己上架价格: 0
02:39	扫拍价格: 61111自己上架价格: 0
02:39	扫拍价格: 79998自己上架价格: 0
02:39	扫拍价格: 79999自己上架价格: 0
02:39	扫拍价格: 88888自己上架价格: 0
02:39	扫拍价格: 88888自己上架价格: 0
02:39	扫拍价格: 162109自己上架价格: 0
02:39	扫拍价格: 162109自己上架价格: 0
02:39	扫拍价格: 162109自己上架价格: 0
02:39	扫拍价格: 162109自己上架价格: 0
02:40	扫拍价格: 50000自己上架价格: 0
02:40	扫拍价格: 50000自己上架价格: 0
02:40	扫拍价格: 61111自己上架价格: 0
02:40	扫拍价格: 68000自己上架价格: 0
02:40	扫拍价格: 100000自己上架价格: 0
02:40	扫拍价格: 100000自己上架价格: 0
02:40	扫拍价格: 154722自己上架价格: 0
02:40	扫拍价格: 154722自己上架价格: 0
02:40	扫拍价格: 100000自己上架价格: 0
02:41	扫拍价格: 298500自己上架价格: 0
02:41	扫拍价格: 622221自己上架价格: 0
02:41	扫拍价格: 911109自己上架价格: 0
02:41	扫拍价格: 1200000自己上架价格: 0
02:41	扫拍价格: 1239582自己上架价格: 0
02:41	扫拍价格: 1239582自己上架价格: 0
02:41	扫拍价格: 88888自己上架价格: 0
02:41	扫拍价格: 250000自己上架价格: 0
02:42	扫拍价格: 250000自己上架价格: 0
02:42	扫拍价格: 250000自己上架价格: 0
02:42	扫拍价格: 134220自己上架价格: 0
02:42	扫拍价格: 134220自己上架价格: 0
02:43	扫拍价格: 140000自己上架价格: 0
02:43	扫拍价格: 184424自己上架价格: 0
02:43	扫拍价格: 184424自己上架价格: 0
02:43	扫拍价格: 193159自己上架价格: 115000
02:43	扫拍价格: 194424自己上架价格: 0
02:44	扫拍价格: 50000自己上架价格: 0
02:44	扫拍价格: 111111自己上架价格: 0
02:44	扫拍价格: 121111自己上架价格: 0
02:44	扫拍价格: 129999自己上架价格: 115000
02:44	扫拍价格: 131111自己上架价格: 0
02:44	扫拍价格: 190000自己上架价格: 0
02:44	扫拍价格: 240000自己上架价格: 0
02:44	扫拍价格: 241191自己上架价格: 0
02:44	扫拍价格: 241191自己上架价格: 0
02:45	扫拍价格: 241191自己上架价格: 0
02:45	扫拍价格: 60000自己上架价格: 0
02:45	扫拍价格: 100000自己上架价格: 0
02:47	扫拍价格: 100000自己上架价格: 110000
02:47	扫拍价格: 100000自己上架价格: 0
02:47	扫拍价格: 100000自己上架价格: 0
02:47	扫拍价格: 100000自己上架价格: 110128
02:47	扫拍价格: 100276自己上架价格: 0
02:47	扫拍价格: 100276自己上架价格: 0
02:47	扫拍价格: 100276自己上架价格: 0
02:47	扫拍价格: 100276自己上架价格: 0
02:47	扫拍价格: 111111自己上架价格: 110000
02:47	扫拍价格: 113053自己上架价格: 115000
02:47	扫拍价格: 117878自己上架价格: 115032
02:47	扫拍价格: 188568自己上架价格: 143800
02:47	！！！大区52 河南2区角色3结束扫拍
02:47	！！！大区52 河南2区角色3开始变换
02:50	！！大区52 河南2区角色3结束变换
02:50	账号52 河南2区每日任务结束时间： 02:50
02:50	河南2区-角色3	开始
02:52	账号52 河南2区每日任务结束时间： 02:52
02:52	河南2区-角色4	开始
02:54	！！！大区52 河南2区角色4开始扫拍
02:55	扫拍价格: 212107自己上架价格: 0
02:55	扫拍价格: 212108自己上架价格: 0
02:55	扫拍价格: 212109自己上架价格: 0
02:55	扫拍价格: 412110自己上架价格: 0
02:56	扫拍价格: 40623自己上架价格: 0
02:56	扫拍价格: 65488自己上架价格: 0
02:56	扫拍价格: 111111自己上架价格: 0
02:56	扫拍价格: 112662自己上架价格: 0
02:56	扫拍价格: 145000自己上架价格: 0
02:56	扫拍价格: 146000自己上架价格: 0
02:56	扫拍价格: 205771自己上架价格: 0
02:57	扫拍价格: 205771自己上架价格: 0
02:57	扫拍价格: 205771自己上架价格: 0
02:57	扫拍价格: 145000自己上架价格: 0
02:57	扫拍价格: 146000自己上架价格: 0
02:57	扫拍价格: 205771自己上架价格: 0
02:57	扫拍价格: 205771自己上架价格: 0
02:57	扫拍价格: 205771自己上架价格: 0
02:57	扫拍价格: 145000自己上架价格: 0
02:57	扫拍价格: 146000自己上架价格: 0
02:57	扫拍价格: 205771自己上架价格: 0
02:57	扫拍价格: 205771自己上架价格: 0
02:57	扫拍价格: 205771自己上架价格: 0
02:58	扫拍价格: 99995自己上架价格: 0
02:58	扫拍价格: 99996自己上架价格: 0
02:58	扫拍价格: 99997自己上架价格: 0
02:58	扫拍价格: 60904自己上架价格: 0
02:58	扫拍价格: 61211自己上架价格: 0
02:58	扫拍价格: 130000自己上架价格: 0
02:58	扫拍价格: 130000自己上架价格: 0
02:58	扫拍价格: 89550自己上架价格: 0
02:58	扫拍价格: 90201自己上架价格: 0
02:59	扫拍价格: 128174自己上架价格: 0
03:00	扫拍价格: 114863自己上架价格: 110000
03:00	扫拍价格: 161863自己上架价格: 0
03:00	扫拍价格: 161863自己上架价格: 0
03:00	扫拍价格: 161863自己上架价格: 0
03:00	扫拍价格: 182734自己上架价格: 115000
03:00	扫拍价格: 200000自己上架价格: 115000
03:02	扫拍价格: 32000自己上架价格: 0
03:02	扫拍价格: 41111自己上架价格: 0
03:02	扫拍价格: 55555自己上架价格: 0
03:02	扫拍价格: 55555自己上架价格: 0
03:02	扫拍价格: 60000自己上架价格: 0
03:03	扫拍价格: 37810自己上架价格: 0
03:03	扫拍价格: 38000自己上架价格: 0
03:03	扫拍价格: 80000自己上架价格: 0
03:03	扫拍价格: 90000自己上架价格: 0
03:03	扫拍价格: 99999自己上架价格: 0
03:03	扫拍价格: 111111自己上架价格: 0
03:03	扫拍价格: 187359自己上架价格: 0
03:03	扫拍价格: 187359自己上架价格: 0
03:03	扫拍价格: 1111111自己上架价格: 0
03:04	扫拍价格: 111111自己上架价格: 0
03:04	扫拍价格: 149000自己上架价格: 115800
03:04	扫拍价格: 150000自己上架价格: 0
03:04	扫拍价格: 302612自己上架价格: 0
03:05	扫拍价格: 302612自己上架价格: 0
03:05	扫拍价格: 302612自己上架价格: 0
03:05	扫拍价格: 302612自己上架价格: 0
03:05	扫拍价格: 349999自己上架价格: 112048
03:07	扫拍价格: 212107自己上架价格: 0
03:07	扫拍价格: 212108自己上架价格: 0
03:07	扫拍价格: 212109自己上架价格: 0
03:07	扫拍价格: 412110自己上架价格: 0
03:08	扫拍价格: 40623自己上架价格: 0
03:08	扫拍价格: 65488自己上架价格: 0
03:08	扫拍价格: 111111自己上架价格: 0
03:08	扫拍价格: 112662自己上架价格: 0
03:08	扫拍价格: 145000自己上架价格: 0
03:08	扫拍价格: 146000自己上架价格: 0
03:08	扫拍价格: 205771自己上架价格: 0
03:09	扫拍价格: 205771自己上架价格: 0
03:09	扫拍价格: 205771自己上架价格: 0
03:09	扫拍价格: 145000自己上架价格: 0
03:09	扫拍价格: 146000自己上架价格: 0
03:09	扫拍价格: 205771自己上架价格: 0
03:09	扫拍价格: 205771自己上架价格: 0
03:09	扫拍价格: 205771自己上架价格: 0
03:09	扫拍价格: 145000自己上架价格: 0
03:09	扫拍价格: 146000自己上架价格: 0
03:09	扫拍价格: 205771自己上架价格: 0
03:09	扫拍价格: 205771自己上架价格: 0
03:09	扫拍价格: 205771自己上架价格: 0
03:10	扫拍价格: 99995自己上架价格: 0
03:10	扫拍价格: 99996自己上架价格: 0
03:10	扫拍价格: 99997自己上架价格: 0
03:10	扫拍价格: 60904自己上架价格: 0
03:10	扫拍价格: 61211自己上架价格: 0
03:10	扫拍价格: 130000自己上架价格: 0
03:10	扫拍价格: 130000自己上架价格: 0
03:10	扫拍价格: 89550自己上架价格: 0
03:11	扫拍价格: 90201自己上架价格: 0
03:11	扫拍价格: 128174自己上架价格: 0
03:12	扫拍价格: 114863自己上架价格: 110000
03:12	扫拍价格: 161863自己上架价格: 0
03:12	扫拍价格: 161863自己上架价格: 0
03:12	扫拍价格: 161863自己上架价格: 0
03:12	扫拍价格: 182734自己上架价格: 115000
03:12	扫拍价格: 200000自己上架价格: 115000
03:14	扫拍价格: 37810自己上架价格: 0
03:14	扫拍价格: 38000自己上架价格: 0
03:14	扫拍价格: 80000自己上架价格: 0
03:14	扫拍价格: 90000自己上架价格: 0
03:14	扫拍价格: 99999自己上架价格: 0
03:14	扫拍价格: 111111自己上架价格: 0
03:14	扫拍价格: 187359自己上架价格: 0
03:14	扫拍价格: 187359自己上架价格: 0
03:14	扫拍价格: 1111111自己上架价格: 0
03:15	扫拍价格: 111111自己上架价格: 0
03:15	扫拍价格: 149000自己上架价格: 115800
03:15	扫拍价格: 150000自己上架价格: 0
03:15	扫拍价格: 302612自己上架价格: 0
03:15	扫拍价格: 302612自己上架价格: 0
03:15	扫拍价格: 302612自己上架价格: 0
03:16	扫拍价格: 302612自己上架价格: 0
03:16	扫拍价格: 349999自己上架价格: 112048
03:17	！！！大区52 河南2区角色4结束扫拍
03:17	！！！大区52 河南2区角色4开始变换
03:20	！！大区52 河南2区角色4结束变换
03:20	账号52 河南2区每日任务结束时间： 03:20
03:20	河南2区-角色4	开始
03:22	账号52 河南2区每日任务结束时间： 03:22
03:22	河南2区-角色5	开始
03:25	！！！大区52 河南2区角色5开始扫拍
03:25	扫拍价格: 49234自己上架价格: 0
03:25	扫拍价格: 49248自己上架价格: 0
03:25	扫拍价格: 49249自己上架价格: 0
03:25	扫拍价格: 99999自己上架价格: 0
03:25	扫拍价格: 201111自己上架价格: 0
03:25	扫拍价格: 224228自己上架价格: 0
03:25	扫拍价格: 224228自己上架价格: 0
03:25	扫拍价格: 224228自己上架价格: 0
03:25	扫拍价格: 224228自己上架价格: 0
03:26	扫拍价格: 50000自己上架价格: 0
03:26	扫拍价格: 64849自己上架价格: 0
03:26	扫拍价格: 64850自己上架价格: 0
03:26	扫拍价格: 70000自己上架价格: 0
03:26	扫拍价格: 79599自己上架价格: 0
03:26	扫拍价格: 92000自己上架价格: 0
03:26	扫拍价格: 99999自己上架价格: 0
03:27	扫拍价格: 119232自己上架价格: 0
03:27	扫拍价格: 50000自己上架价格: 0
03:27	扫拍价格: 58000自己上架价格: 0
03:27	扫拍价格: 91111自己上架价格: 0
03:27	扫拍价格: 116317自己上架价格: 0
03:27	扫拍价格: 155555自己上架价格: 0
03:27	扫拍价格: 216317自己上架价格: 0
03:28	扫拍价格: 61111自己上架价格: 0
03:28	扫拍价格: 115177自己上架价格: 0
03:28	扫拍价格: 115177自己上架价格: 0
03:28	扫拍价格: 88897自己上架价格: 0
03:28	扫拍价格: 88898自己上架价格: 0
03:28	扫拍价格: 88899自己上架价格: 0
03:28	扫拍价格: 139553自己上架价格: 0
03:28	扫拍价格: 100000自己上架价格: 0
03:28	扫拍价格: 130416自己上架价格: 0
03:28	扫拍价格: 160416自己上架价格: 0
03:28	扫拍价格: 160416自己上架价格: 0
03:28	扫拍价格: 160416自己上架价格: 0
03:29	扫拍价格: 160416自己上架价格: 0
03:29	扫拍价格: 133150自己上架价格: 0
03:30	扫拍价格: 99888自己上架价格: 110000
03:30	扫拍价格: 99991自己上架价格: 0
03:30	扫拍价格: 108862自己上架价格: 115000
03:30	扫拍价格: 135416自己上架价格: 0
03:30	扫拍价格: 165753自己上架价格: 0
03:30	扫拍价格: 171885自己上架价格: 0
03:30	扫拍价格: 211111自己上架价格: 110800
03:31	扫拍价格: 211234自己上架价格: 0
03:31	扫拍价格: 211234自己上架价格: 0
03:31	扫拍价格: 211234自己上架价格: 0
03:31	扫拍价格: 211234自己上架价格: 0
03:31	扫拍价格: 302795自己上架价格: 113200
03:31	扫拍价格: 728125自己上架价格: 225800
03:31	扫拍价格: 35000自己上架价格: 0
03:31	扫拍价格: 50000自己上架价格: 0
03:31	扫拍价格: 67111自己上架价格: 0
03:31	扫拍价格: 77777自己上架价格: 0
03:31	扫拍价格: 88888自己上架价格: 0
03:31	扫拍价格: 88888自己上架价格: 0
03:31	扫拍价格: 112921自己上架价格: 0
03:33	扫拍价格: 208111自己上架价格: 0
03:33	扫拍价格: 208811自己上架价格: 0
03:33	扫拍价格: 208811自己上架价格: 0
03:33	扫拍价格: 208811自己上架价格: 0
03:33	扫拍价格: 208811自己上架价格: 0
03:33	扫拍价格: 208811自己上架价格: 0
03:33	扫拍价格: 208811自己上架价格: 0
03:34	扫拍价格: 139000自己上架价格: 115800
03:34	扫拍价格: 157867自己上架价格: 0
03:34	扫拍价格: 200000自己上架价格: 110000
03:34	扫拍价格: 280000自己上架价格: 0
03:34	扫拍价格: 287867自己上架价格: 0
03:34	扫拍价格: 350000自己上架价格: 0
03:34	扫拍价格: 500000自己上架价格: 0
03:35	扫拍价格: 65000自己上架价格: 0
03:35	扫拍价格: 70000自己上架价格: 0
03:35	扫拍价格: 79999自己上架价格: 0
03:35	扫拍价格: 91111自己上架价格: 0
03:35	扫拍价格: 206856自己上架价格: 0
03:35	扫拍价格: 206856自己上架价格: 0
03:35	扫拍价格: 280000自己上架价格: 210000
03:37	扫拍价格: 49234自己上架价格: 0
03:37	扫拍价格: 49248自己上架价格: 0
03:37	扫拍价格: 49249自己上架价格: 0
03:37	扫拍价格: 99999自己上架价格: 0
03:37	扫拍价格: 201111自己上架价格: 0
03:37	扫拍价格: 224228自己上架价格: 0
03:37	扫拍价格: 224228自己上架价格: 0
03:37	扫拍价格: 224228自己上架价格: 0
03:37	扫拍价格: 224228自己上架价格: 0
03:38	扫拍价格: 50000自己上架价格: 0
03:38	扫拍价格: 64849自己上架价格: 0
03:38	扫拍价格: 64850自己上架价格: 0
03:38	扫拍价格: 70000自己上架价格: 0
03:38	扫拍价格: 79599自己上架价格: 0
03:38	扫拍价格: 92000自己上架价格: 0
03:38	扫拍价格: 99999自己上架价格: 0
03:39	扫拍价格: 119232自己上架价格: 0
03:39	扫拍价格: 50000自己上架价格: 0
03:39	扫拍价格: 58000自己上架价格: 0
03:39	扫拍价格: 91111自己上架价格: 0
03:39	扫拍价格: 116317自己上架价格: 0
03:39	扫拍价格: 155555自己上架价格: 0
03:39	扫拍价格: 216317自己上架价格: 0
03:40	扫拍价格: 61111自己上架价格: 0
03:40	扫拍价格: 115177自己上架价格: 0
03:40	扫拍价格: 115177自己上架价格: 0
03:40	扫拍价格: 88897自己上架价格: 0
03:40	扫拍价格: 88898自己上架价格: 0
03:40	扫拍价格: 88899自己上架价格: 0
03:40	扫拍价格: 139553自己上架价格: 0
03:40	扫拍价格: 100000自己上架价格: 0
03:40	扫拍价格: 130416自己上架价格: 0
03:40	扫拍价格: 160416自己上架价格: 0
03:40	扫拍价格: 160416自己上架价格: 0
03:40	扫拍价格: 160416自己上架价格: 0
03:40	扫拍价格: 160416自己上架价格: 0
03:41	扫拍价格: 133150自己上架价格: 0
03:42	扫拍价格: 99888自己上架价格: 110000
03:42	扫拍价格: 99991自己上架价格: 0
03:42	扫拍价格: 108862自己上架价格: 115000
03:42	扫拍价格: 135416自己上架价格: 0
03:42	扫拍价格: 165753自己上架价格: 0
03:42	扫拍价格: 171885自己上架价格: 0
03:42	扫拍价格: 211111自己上架价格: 110800
03:42	扫拍价格: 211234自己上架价格: 0
03:43	扫拍价格: 211234自己上架价格: 0
03:43	扫拍价格: 211234自己上架价格: 0
03:43	扫拍价格: 211234自己上架价格: 0
03:43	扫拍价格: 302795自己上架价格: 113200
03:43	扫拍价格: 728125自己上架价格: 225800
03:43	扫拍价格: 35000自己上架价格: 0
03:43	扫拍价格: 50000自己上架价格: 0
03:43	扫拍价格: 67111自己上架价格: 0
03:43	扫拍价格: 77777自己上架价格: 0
03:43	扫拍价格: 88888自己上架价格: 0
03:43	扫拍价格: 88888自己上架价格: 0
03:43	扫拍价格: 112921自己上架价格: 0
03:44	扫拍价格: 208111自己上架价格: 0
03:44	扫拍价格: 208811自己上架价格: 0
03:44	扫拍价格: 208811自己上架价格: 0
03:44	扫拍价格: 208811自己上架价格: 0
03:44	扫拍价格: 208811自己上架价格: 0
03:44	扫拍价格: 208811自己上架价格: 0
03:44	扫拍价格: 208811自己上架价格: 0
03:45	扫拍价格: 139000自己上架价格: 115800
03:45	扫拍价格: 157867自己上架价格: 0
03:46	扫拍价格: 200000自己上架价格: 110000
03:46	扫拍价格: 280000自己上架价格: 0
03:46	扫拍价格: 287867自己上架价格: 0
03:46	扫拍价格: 350000自己上架价格: 0
03:46	扫拍价格: 500000自己上架价格: 0
03:46	扫拍价格: 65000自己上架价格: 0
03:46	扫拍价格: 70000自己上架价格: 0
03:46	扫拍价格: 79999自己上架价格: 0
03:46	扫拍价格: 91111自己上架价格: 0
03:46	扫拍价格: 206856自己上架价格: 0
03:47	扫拍价格: 206856自己上架价格: 0
03:47	扫拍价格: 280000自己上架价格: 210000
03:47	！！！大区52 河南2区角色5结束扫拍
03:47	！！！大区52 河南2区角色5开始变换
03:49	！！大区52 河南2区角色5结束变换
03:49	账号52 河南2区每日任务结束时间： 03:49
03:49	河南2区-角色5	开始
03:51	重新开始登陆
03:57	账号53 重庆2区每日任务开始时间： 03:57
03:57	账号53 重庆2区每日任务结束时间： 03:57
03:57	重庆2区-角色1	开始
04:00	！！！大区53 重庆2区角色1开始扫拍
04:02	！！！大区53 重庆2区角色1结束扫拍
04:02	！！！大区53 重庆2区角色1开始变换
04:04	！！大区53 重庆2区角色1结束变换
04:04	账号53 重庆2区每日任务结束时间： 04:04
04:04	重庆2区-角色1	开始
04:06	账号53 重庆2区每日任务结束时间： 04:06
04:06	重庆2区-角色2	开始
04:09	！！！大区53 重庆2区角色2开始扫拍
04:10	扫拍价格: 49999自己上架价格: 0
04:10	扫拍价格: 70309自己上架价格: 0
04:10	扫拍价格: 80000自己上架价格: 0
04:10	扫拍价格: 117325自己上架价格: 0
04:12	扫拍价格: 79180自己上架价格: 0
04:12	扫拍价格: 79180自己上架价格: 0
04:13	扫拍价格: 53125自己上架价格: 0
04:13	扫拍价格: 86058自己上架价格: 115000
04:13	扫拍价格: 66665自己上架价格: 0
04:13	扫拍价格: 195347自己上架价格: 0
04:13	扫拍价格: 195347自己上架价格: 0
04:15	扫拍价格: 118200自己上架价格: 118200
04:15	扫拍价格: 147810自己上架价格: 0
04:15	扫拍价格: 147810自己上架价格: 0
04:15	扫拍价格: 147810自己上架价格: 0
04:15	扫拍价格: 147810自己上架价格: 0
04:15	扫拍价格: 148452自己上架价格: 115000
04:15	扫拍价格: 148452自己上架价格: 115288
04:15	扫拍价格: 542200自己上架价格: 542200
04:15	扫拍价格: 87033自己上架价格: 0
04:15	扫拍价格: 88888自己上架价格: 0
04:15	扫拍价格: 177777自己上架价格: 0
04:15	扫拍价格: 209856自己上架价格: 0
04:15	扫拍价格: 209856自己上架价格: 0
04:16	扫拍价格: 209856自己上架价格: 0
04:16	扫拍价格: 504200自己上架价格: 504200
04:16	扫拍价格: 99500自己上架价格: 0
04:16	扫拍价格: 147360自己上架价格: 115000
04:16	扫拍价格: 220000自己上架价格: 111152
04:16	扫拍价格: 262982自己上架价格: 0
04:17	扫拍价格: 45888自己上架价格: 0
04:18	扫拍价格: 49999自己上架价格: 0
04:18	扫拍价格: 70309自己上架价格: 0
04:19	扫拍价格: 80000自己上架价格: 0
04:19	扫拍价格: 117325自己上架价格: 0
04:20	扫拍价格: 79180自己上架价格: 0
04:20	扫拍价格: 79180自己上架价格: 0
04:21	扫拍价格: 53125自己上架价格: 0
04:21	扫拍价格: 86058自己上架价格: 115000
04:22	扫拍价格: 66665自己上架价格: 0
04:22	扫拍价格: 195347自己上架价格: 0
04:22	扫拍价格: 195347自己上架价格: 0
04:23	扫拍价格: 118200自己上架价格: 118200
04:23	扫拍价格: 147810自己上架价格: 0
04:23	扫拍价格: 147810自己上架价格: 0
04:23	扫拍价格: 147810自己上架价格: 0
04:23	扫拍价格: 147810自己上架价格: 0
04:23	扫拍价格: 148452自己上架价格: 115000
04:23	扫拍价格: 148452自己上架价格: 115288
04:23	扫拍价格: 542200自己上架价格: 542200
04:24	扫拍价格: 87033自己上架价格: 0
04:24	扫拍价格: 88888自己上架价格: 0
04:24	扫拍价格: 177777自己上架价格: 0
04:24	扫拍价格: 209856自己上架价格: 0
04:24	扫拍价格: 209856自己上架价格: 0
04:24	扫拍价格: 209856自己上架价格: 0
04:24	扫拍价格: 504200自己上架价格: 504200
04:24	扫拍价格: 99500自己上架价格: 0
04:24	扫拍价格: 147360自己上架价格: 115000
04:24	扫拍价格: 220000自己上架价格: 111152
04:24	扫拍价格: 262982自己上架价格: 0
04:25	！！！大区53 重庆2区角色2结束扫拍
04:25	！！！大区53 重庆2区角色2开始变换
04:27	！！大区53 重庆2区角色2结束变换
04:27	账号53 重庆2区每日任务结束时间： 04:27
04:27	重庆2区-角色2	开始
04:29	账号53 重庆2区每日任务结束时间： 04:29
04:29	重庆2区-角色3	开始
04:32	！！！大区53 重庆2区角色3开始扫拍
04:33	扫拍价格: 87122自己上架价格: 0
04:33	扫拍价格: 110830自己上架价格: 0
04:33	扫拍价格: 67924自己上架价格: 0
04:34	扫拍价格: 551110自己上架价格: 0
04:35	扫拍价格: 66000自己上架价格: 0
04:35	扫拍价格: 70000自己上架价格: 0
04:38	扫拍价格: 55555自己上架价格: 0
04:38	扫拍价格: 150000自己上架价格: 0
04:38	扫拍价格: 46443自己上架价格: 0
04:38	扫拍价格: 81367自己上架价格: 0
04:38	扫拍价格: 129644自己上架价格: 122200
04:38	扫拍价格: 230000自己上架价格: 115000
04:38	扫拍价格: 489591自己上架价格: 230200
04:38	扫拍价格: 855550自己上架价格: 370200
04:39	扫拍价格: 87122自己上架价格: 0
04:40	扫拍价格: 110830自己上架价格: 0
04:40	扫拍价格: 67924自己上架价格: 0
04:40	扫拍价格: 551110自己上架价格: 0
04:42	扫拍价格: 66000自己上架价格: 0
04:42	扫拍价格: 70000自己上架价格: 0
04:45	扫拍价格: 55555自己上架价格: 0
04:45	扫拍价格: 150000自己上架价格: 0
04:45	扫拍价格: 46443自己上架价格: 0
04:45	扫拍价格: 81367自己上架价格: 0
04:45	扫拍价格: 129644自己上架价格: 122200
04:45	扫拍价格: 230000自己上架价格: 115000
04:45	扫拍价格: 489591自己上架价格: 230200
04:45	扫拍价格: 855550自己上架价格: 370200
04:45	！！！大区53 重庆2区角色3结束扫拍
04:45	！！！大区53 重庆2区角色3开始变换
04:48	！！大区53 重庆2区角色3结束变换
04:48	账号53 重庆2区每日任务结束时间： 04:48
04:48	重庆2区-角色3	开始
04:50	账号53 重庆2区每日任务结束时间： 04:50
04:50	重庆2区-角色4	开始
04:53	！！！大区53 重庆2区角色4开始扫拍
04:55	扫拍价格: 40527自己上架价格: 0
04:55	扫拍价格: 40527自己上架价格: 0
04:55	扫拍价格: 110838自己上架价格: 0
04:55	扫拍价格: 41001自己上架价格: 0
04:55	扫拍价格: 89352自己上架价格: 0
04:55	扫拍价格: 89352自己上架价格: 0
04:55	扫拍价格: 100000自己上架价格: 0
04:55	扫拍价格: 108363自己上架价格: 0
04:55	扫拍价格: 108363自己上架价格: 0
04:56	扫拍价格: 109537自己上架价格: 0
04:56	扫拍价格: 109837自己上架价格: 0
04:56	扫拍价格: 111168自己上架价格: 115032
04:57	扫拍价格: 87122自己上架价格: 0
04:58	扫拍价格: 152665自己上架价格: 0
04:58	扫拍价格: 206800自己上架价格: 206800
04:58	扫拍价格: 207290自己上架价格: 115000
04:58	扫拍价格: 218880自己上架价格: 138800
04:59	扫拍价格: 222665自己上架价格: 0
04:59	扫拍价格: 80000自己上架价格: 0
04:59	扫拍价格: 180000自己上架价格: 0
04:59	扫拍价格: 202982自己上架价格: 0
05:01	扫拍价格: 99999自己上架价格: 0
05:01	扫拍价格: 991111自己上架价格: 424984
05:02	扫拍价格: 45000自己上架价格: 0
05:02	扫拍价格: 50000自己上架价格: 0
05:02	扫拍价格: 50000自己上架价格: 0
05:02	扫拍价格: 80717自己上架价格: 0
05:02	扫拍价格: 80717自己上架价格: 0
05:02	扫拍价格: 80717自己上架价格: 0
05:02	扫拍价格: 80717自己上架价格: 0
05:02	扫拍价格: 80717自己上架价格: 0
05:02	扫拍价格: 80717自己上架价格: 0
05:02	扫拍价格: 85000自己上架价格: 115000
05:02	扫拍价格: 88888自己上架价格: 115000
05:02	扫拍价格: 95888自己上架价格: 0
05:02	扫拍价格: 96000自己上架价格: 115800
05:02	扫拍价格: 98888自己上架价格: 0
05:02	扫拍价格: 99999自己上架价格: 113200
05:02	扫拍价格: 145907自己上架价格: 115000
05:03	扫拍价格: 500000自己上架价格: 314800
05:04	扫拍价格: 40527自己上架价格: 0
05:04	扫拍价格: 40527自己上架价格: 0
05:04	扫拍价格: 110838自己上架价格: 0
05:04	扫拍价格: 41001自己上架价格: 0
05:04	扫拍价格: 89352自己上架价格: 0
05:04	扫拍价格: 89352自己上架价格: 0
05:04	扫拍价格: 100000自己上架价格: 0
05:04	扫拍价格: 108363自己上架价格: 0
05:04	扫拍价格: 108363自己上架价格: 0
05:05	扫拍价格: 109537自己上架价格: 0
05:05	扫拍价格: 109837自己上架价格: 0
05:05	扫拍价格: 111168自己上架价格: 115032
05:06	扫拍价格: 87122自己上架价格: 0
05:07	扫拍价格: 152665自己上架价格: 0
05:07	扫拍价格: 206800自己上架价格: 206800
05:07	扫拍价格: 207290自己上架价格: 115000
05:07	扫拍价格: 218880自己上架价格: 138800
05:08	扫拍价格: 222665自己上架价格: 0
05:08	扫拍价格: 80000自己上架价格: 0
05:08	扫拍价格: 180000自己上架价格: 0
05:08	扫拍价格: 202982自己上架价格: 0
05:10	扫拍价格: 99999自己上架价格: 0
05:10	扫拍价格: 991111自己上架价格: 424984
05:10	扫拍价格: 45000自己上架价格: 0
05:11	扫拍价格: 50000自己上架价格: 0
05:11	扫拍价格: 50000自己上架价格: 0
05:11	扫拍价格: 80717自己上架价格: 0
05:11	扫拍价格: 80717自己上架价格: 0
05:11	扫拍价格: 80717自己上架价格: 0
05:11	扫拍价格: 80717自己上架价格: 0
05:11	扫拍价格: 80717自己上架价格: 0
05:11	扫拍价格: 80717自己上架价格: 0
05:11	扫拍价格: 85000自己上架价格: 115000
05:11	扫拍价格: 88888自己上架价格: 115000
05:11	扫拍价格: 95888自己上架价格: 0
05:11	扫拍价格: 96000自己上架价格: 115800
05:11	扫拍价格: 98888自己上架价格: 0
05:11	扫拍价格: 99999自己上架价格: 113200
05:11	扫拍价格: 145907自己上架价格: 115000
05:11	扫拍价格: 500000自己上架价格: 314800
05:11	！！！大区53 重庆2区角色4结束扫拍
05:11	！！！大区53 重庆2区角色4开始变换
05:14	！！大区53 重庆2区角色4结束变换
05:14	账号53 重庆2区每日任务结束时间： 05:14
05:14	重庆2区-角色4	开始
05:16	账号53 重庆2区每日任务结束时间： 05:16
05:16	重庆2区-角色5	开始
05:18	！！！大区53 重庆2区角色5开始扫拍
05:20	扫拍价格: 125845自己上架价格: 0
05:21	扫拍价格: 300000自己上架价格: 0
05:22	扫拍价格: 286429自己上架价格: 0
05:23	扫拍价格: 68064自己上架价格: 0
05:23	扫拍价格: 68064自己上架价格: 0
05:23	扫拍价格: 68064自己上架价格: 0
05:24	扫拍价格: 1999999自己上架价格: 110000
05:24	扫拍价格: 2000000自己上架价格: 1350000
05:24	扫拍价格: 2500000自己上架价格: 0
05:24	扫拍价格: 3000000自己上架价格: 0
05:24	扫拍价格: 40000自己上架价格: 0
05:24	扫拍价格: 120000自己上架价格: 0
05:25	扫拍价格: 213908自己上架价格: 0
05:25	扫拍价格: 80000自己上架价格: 115288
05:25	扫拍价格: 75000自己上架价格: 0
05:26	扫拍价格: 99999自己上架价格: 0
05:26	扫拍价格: 196570自己上架价格: 0
05:26	扫拍价格: 196570自己上架价格: 0
05:26	扫拍价格: 196570自己上架价格: 0
05:27	扫拍价格: 63576自己上架价格: 0
05:27	扫拍价格: 73576自己上架价格: 0
05:27	扫拍价格: 73576自己上架价格: 0
05:27	扫拍价格: 73576自己上架价格: 0
05:27	扫拍价格: 73576自己上架价格: 0
05:27	扫拍价格: 87985自己上架价格: 110800
05:28	扫拍价格: 125845自己上架价格: 0
05:28	扫拍价格: 300000自己上架价格: 0
05:30	扫拍价格: 286429自己上架价格: 0
05:30	扫拍价格: 68064自己上架价格: 0
05:30	扫拍价格: 68064自己上架价格: 0
05:30	扫拍价格: 68064自己上架价格: 0
05:31	扫拍价格: 1999999自己上架价格: 110000
05:31	扫拍价格: 2000000自己上架价格: 1350000
05:31	扫拍价格: 2500000自己上架价格: 0
05:32	扫拍价格: 3000000自己上架价格: 0
05:32	扫拍价格: 40000自己上架价格: 0
05:32	扫拍价格: 120000自己上架价格: 0
05:33	扫拍价格: 213908自己上架价格: 0
05:33	扫拍价格: 80000自己上架价格: 115288
05:33	扫拍价格: 75000自己上架价格: 0
05:33	扫拍价格: 99999自己上架价格: 0
05:33	扫拍价格: 196570自己上架价格: 0
05:33	扫拍价格: 196570自己上架价格: 0
05:33	扫拍价格: 196570自己上架价格: 0
05:34	扫拍价格: 50000自己上架价格: 0
05:34	扫拍价格: 60000自己上架价格: 0
05:34	扫拍价格: 61482自己上架价格: 0
05:34	扫拍价格: 81482自己上架价格: 0
05:34	扫拍价格: 100000自己上架价格: 0
05:34	扫拍价格: 115800自己上架价格: 115800
05:34	扫拍价格: 120000自己上架价格: 0
05:34	扫拍价格: 148200自己上架价格: 0
05:35	扫拍价格: 148248自己上架价格: 0
05:35	扫拍价格: 148248自己上架价格: 0
05:35	扫拍价格: 148248自己上架价格: 0
05:35	扫拍价格: 148248自己上架价格: 0
05:35	！！！大区53 重庆2区角色5结束扫拍
05:35	！！！大区53 重庆2区角色5开始变换
05:37	！！大区53 重庆2区角色5结束变换
05:37	账号53 重庆2区每日任务结束时间： 05:37
05:37	重庆2区-角色5	开始
05:38	重新开始登陆
05:40	重新开始登陆
05:42	重新开始登陆
05:46	重新开始登陆
05:52	重新开始登陆
06:01	重新开始登陆
06:14	重新开始登陆
06:19	账号52 河南2区每日任务开始时间： 06:19
06:30	账号52 河南2区每日任务完成
06:30	账号52 河南2区每日任务结束时间： 06:30
06:30	河南2区-角色1	开始
06:32	超过上架上限
06:33	账号52 河南2区每日任务结束时间： 06:33
06:33	河南2区-角色2	开始
06:35	！！！大区52 河南2区角色2开始扫拍
06:36	扫拍价格: 79999自己上架价格: 0
06:36	扫拍价格: 98886自己上架价格: 0
06:36	扫拍价格: 98887自己上架价格: 0
06:37	扫拍价格: 36999自己上架价格: 0
06:37	扫拍价格: 37000自己上架价格: 0
06:37	扫拍价格: 39999自己上架价格: 0
06:37	扫拍价格: 40000自己上架价格: 0
06:37	扫拍价格: 50111自己上架价格: 0
06:37	扫拍价格: 51107自己上架价格: 0
06:37	扫拍价格: 98691自己上架价格: 0
06:37	扫拍价格: 98691自己上架价格: 0
06:38	扫拍价格: 60805自己上架价格: 0
06:38	扫拍价格: 82000自己上架价格: 0
06:38	扫拍价格: 116440自己上架价格: 0
06:38	扫拍价格: 116440自己上架价格: 0
06:38	扫拍价格: 116440自己上架价格: 0
06:38	扫拍价格: 116440自己上架价格: 0
06:38	扫拍价格: 104991自己上架价格: 0
06:39	扫拍价格: 54999自己上架价格: 0
06:39	扫拍价格: 55555自己上架价格: 0
06:39	扫拍价格: 61110自己上架价格: 0
06:39	扫拍价格: 61111自己上架价格: 0
06:39	扫拍价格: 61111自己上架价格: 0
06:39	扫拍价格: 113512自己上架价格: 0
06:39	扫拍价格: 65000自己上架价格: 0
06:39	扫拍价格: 80000自己上架价格: 0
06:39	扫拍价格: 112642自己上架价格: 0
06:39	扫拍价格: 112642自己上架价格: 0
06:39	扫拍价格: 122642自己上架价格: 0
06:40	扫拍价格: 100000自己上架价格: 0
06:40	扫拍价格: 100202自己上架价格: 0
06:40	扫拍价格: 164303自己上架价格: 0
06:40	扫拍价格: 184303自己上架价格: 0
06:41	扫拍价格: 50000自己上架价格: 0
06:41	扫拍价格: 134345自己上架价格: 0
06:41	扫拍价格: 150086自己上架价格: 115000
06:41	扫拍价格: 200000自己上架价格: 110800
06:41	扫拍价格: 78888自己上架价格: 0
06:42	扫拍价格: 99999自己上架价格: 0
06:42	扫拍价格: 150000自己上架价格: 0
06:42	扫拍价格: 200000自己上架价格: 0
06:43	扫拍价格: 88888自己上架价格: 0
06:43	扫拍价格: 111111自己上架价格: 0
06:43	扫拍价格: 171111自己上架价格: 0
06:43	扫拍价格: 211111自己上架价格: 115000
06:43	扫拍价格: 248454自己上架价格: 0
06:43	扫拍价格: 248454自己上架价格: 0
06:43	扫拍价格: 248454自己上架价格: 0
06:43	扫拍价格: 248454自己上架价格: 0
06:43	扫拍价格: 250000自己上架价格: 115000
06:44	扫拍价格: 64257自己上架价格: 0
06:44	扫拍价格: 74257自己上架价格: 0
06:44	扫拍价格: 80000自己上架价格: 0
06:44	扫拍价格: 100000自己上架价格: 0
06:44	扫拍价格: 164257自己上架价格: 0
06:44	扫拍价格: 164257自己上架价格: 0
06:45	扫拍价格: 40000自己上架价格: 0
06:45	扫拍价格: 50000自己上架价格: 0
06:46	扫拍价格: 53124自己上架价格: 0
06:46	扫拍价格: 53612自己上架价格: 0
06:46	扫拍价格: 55000自己上架价格: 0
06:46	扫拍价格: 55555自己上架价格: 0
06:46	扫拍价格: 90001自己上架价格: 110800
06:46	扫拍价格: 91111自己上架价格: 0
06:46	扫拍价格: 96763自己上架价格: 110000
06:46	扫拍价格: 103134自己上架价格: 0
06:46	扫拍价格: 104106自己上架价格: 115000
06:46	扫拍价格: 110311自己上架价格: 0
06:46	扫拍价格: 34592自己上架价格: 0
06:46	扫拍价格: 34766自己上架价格: 0
06:46	扫拍价格: 40000自己上架价格: 0
06:47	扫拍价格: 50000自己上架价格: 0
06:47	扫拍价格: 77050自己上架价格: 0
06:47	扫拍价格: 116937自己上架价格: 0
06:47	扫拍价格: 140000自己上架价格: 0
06:47	扫拍价格: 149987自己上架价格: 115000
06:47	扫拍价格: 195941自己上架价格: 0
06:47	扫拍价格: 195941自己上架价格: 0
06:48	扫拍价格: 99999自己上架价格: 115000
06:48	扫拍价格: 99999自己上架价格: 110000
06:48	扫拍价格: 99999自己上架价格: 113200
06:48	扫拍价格: 100000自己上架价格: 110000
06:48	扫拍价格: 109241自己上架价格: 115072
06:49	扫拍价格: 115226自己上架价格: 127800
06:49	扫拍价格: 116582自己上架价格: 0
06:49	扫拍价格: 116582自己上架价格: 0
06:49	扫拍价格: 116582自己上架价格: 0
06:49	扫拍价格: 116582自己上架价格: 0
06:49	扫拍价格: 116582自己上架价格: 0
06:49	扫拍价格: 170821自己上架价格: 115000
06:49	扫拍价格: 311111自己上架价格: 115392
06:49	扫拍价格: 500000自己上架价格: 168600
06:49	扫拍价格: 555555自己上架价格: 322200
06:49	扫拍价格: 555555自己上架价格: 379424
06:50	扫拍价格: 79999自己上架价格: 0
06:50	扫拍价格: 98886自己上架价格: 0
06:50	扫拍价格: 98887自己上架价格: 0
06:51	扫拍价格: 36999自己上架价格: 0
06:51	扫拍价格: 37000自己上架价格: 0
06:51	扫拍价格: 39999自己上架价格: 0
06:51	扫拍价格: 40000自己上架价格: 0
06:51	扫拍价格: 50111自己上架价格: 0
06:51	扫拍价格: 51107自己上架价格: 0
06:51	扫拍价格: 98691自己上架价格: 0
06:51	扫拍价格: 98691自己上架价格: 0
06:52	扫拍价格: 60805自己上架价格: 0
06:52	扫拍价格: 82000自己上架价格: 0
06:52	扫拍价格: 116440自己上架价格: 0
06:52	扫拍价格: 116440自己上架价格: 0
06:52	扫拍价格: 116440自己上架价格: 0
06:52	扫拍价格: 116440自己上架价格: 0
06:52	扫拍价格: 104991自己上架价格: 0
06:53	扫拍价格: 55555自己上架价格: 0
06:53	扫拍价格: 61110自己上架价格: 0
06:53	扫拍价格: 61111自己上架价格: 0
06:53	扫拍价格: 61111自己上架价格: 0
06:53	扫拍价格: 113512自己上架价格: 0
06:53	扫拍价格: 65000自己上架价格: 0
06:53	扫拍价格: 80000自己上架价格: 0
06:53	扫拍价格: 112642自己上架价格: 0
06:53	扫拍价格: 112642自己上架价格: 0
06:53	扫拍价格: 122642自己上架价格: 0
06:53	扫拍价格: 100000自己上架价格: 0
06:53	扫拍价格: 100202自己上架价格: 0
06:54	扫拍价格: 164303自己上架价格: 0
06:54	扫拍价格: 184303自己上架价格: 0
06:55	扫拍价格: 50000自己上架价格: 0
06:55	扫拍价格: 134345自己上架价格: 0
06:55	扫拍价格: 150086自己上架价格: 115000
06:55	扫拍价格: 200000自己上架价格: 110800
06:55	扫拍价格: 78888自己上架价格: 0
06:55	扫拍价格: 99999自己上架价格: 0
06:55	扫拍价格: 150000自己上架价格: 0
06:56	扫拍价格: 200000自己上架价格: 0
06:57	扫拍价格: 88888自己上架价格: 0
06:57	扫拍价格: 111111自己上架价格: 0
06:57	扫拍价格: 171111自己上架价格: 0
06:57	扫拍价格: 211111自己上架价格: 115000
06:57	扫拍价格: 248454自己上架价格: 0
06:57	扫拍价格: 248454自己上架价格: 0
06:57	扫拍价格: 248454自己上架价格: 0
06:57	扫拍价格: 248454自己上架价格: 0
06:57	扫拍价格: 250000自己上架价格: 115000
06:58	扫拍价格: 64257自己上架价格: 0
06:58	扫拍价格: 74257自己上架价格: 0
06:58	扫拍价格: 80000自己上架价格: 0
06:58	扫拍价格: 100000自己上架价格: 0
06:58	扫拍价格: 164257自己上架价格: 0
06:58	扫拍价格: 164257自己上架价格: 0
06:59	扫拍价格: 34592自己上架价格: 0
06:59	扫拍价格: 34766自己上架价格: 0
06:59	扫拍价格: 40000自己上架价格: 0
06:59	扫拍价格: 50000自己上架价格: 0
06:59	扫拍价格: 77050自己上架价格: 0
06:59	扫拍价格: 116937自己上架价格: 0
07:00	扫拍价格: 140000自己上架价格: 0
07:00	扫拍价格: 149987自己上架价格: 115000
07:00	扫拍价格: 195941自己上架价格: 0
07:00	扫拍价格: 195941自己上架价格: 0
07:00	扫拍价格: 99999自己上架价格: 115000
07:00	扫拍价格: 99999自己上架价格: 110000
07:00	扫拍价格: 99999自己上架价格: 113200
07:00	扫拍价格: 100000自己上架价格: 110000
07:00	扫拍价格: 109241自己上架价格: 115072
07:01	扫拍价格: 115226自己上架价格: 127800
07:01	扫拍价格: 116582自己上架价格: 0
07:01	扫拍价格: 116582自己上架价格: 0
07:01	扫拍价格: 116582自己上架价格: 0
07:01	扫拍价格: 116582自己上架价格: 0
07:01	扫拍价格: 116582自己上架价格: 0
07:01	扫拍价格: 170821自己上架价格: 115000
07:01	扫拍价格: 311111自己上架价格: 115392
07:01	扫拍价格: 500000自己上架价格: 168600
07:01	扫拍价格: 555555自己上架价格: 322200
07:01	扫拍价格: 555555自己上架价格: 379424
07:01	！！！大区52 河南2区角色2结束扫拍
07:01	！！！大区52 河南2区角色2开始变换
07:04	！！大区52 河南2区角色2结束变换
07:04	账号52 河南2区每日任务结束时间： 07:04
07:04	河南2区-角色2	开始
07:06	账号52 河南2区每日任务结束时间： 07:06
07:06	河南2区-角色3	开始
07:09	！！！大区52 河南2区角色3开始扫拍
07:09	扫拍价格: 94736自己上架价格: 0
07:09	扫拍价格: 103894自己上架价格: 0
07:09	扫拍价格: 103894自己上架价格: 0
07:09	扫拍价格: 103894自己上架价格: 0
07:11	扫拍价格: 40000自己上架价格: 0
07:11	扫拍价格: 51111自己上架价格: 0
07:11	扫拍价格: 60000自己上架价格: 0
07:11	扫拍价格: 61111自己上架价格: 0
07:11	扫拍价格: 79998自己上架价格: 0
07:11	扫拍价格: 79999自己上架价格: 0
07:11	扫拍价格: 88888自己上架价格: 0
07:11	扫拍价格: 88888自己上架价格: 0
07:11	扫拍价格: 162109自己上架价格: 0
07:11	扫拍价格: 162109自己上架价格: 0
07:11	扫拍价格: 162109自己上架价格: 0
07:11	扫拍价格: 162109自己上架价格: 0
07:11	扫拍价格: 50000自己上架价格: 0
07:11	扫拍价格: 61111自己上架价格: 0
07:11	扫拍价格: 68000自己上架价格: 0
07:11	扫拍价格: 100000自己上架价格: 0
07:11	扫拍价格: 100000自己上架价格: 0
07:12	扫拍价格: 154722自己上架价格: 0
07:12	扫拍价格: 154722自己上架价格: 0
07:12	扫拍价格: 100000自己上架价格: 0
07:12	扫拍价格: 298500自己上架价格: 0
07:12	扫拍价格: 622221自己上架价格: 0
07:12	扫拍价格: 911109自己上架价格: 0
07:12	扫拍价格: 1200000自己上架价格: 0
07:12	扫拍价格: 1239582自己上架价格: 0
07:12	扫拍价格: 1239582自己上架价格: 0
07:13	扫拍价格: 88888自己上架价格: 0
07:13	扫拍价格: 250000自己上架价格: 0
07:13	扫拍价格: 250000自己上架价格: 0
07:13	扫拍价格: 250000自己上架价格: 0
07:13	扫拍价格: 134220自己上架价格: 0
07:13	扫拍价格: 134220自己上架价格: 0
07:14	扫拍价格: 140000自己上架价格: 0
07:15	扫拍价格: 144204自己上架价格: 0
07:15	扫拍价格: 184424自己上架价格: 0
07:15	扫拍价格: 184424自己上架价格: 0
07:15	扫拍价格: 193159自己上架价格: 115000
07:15	扫拍价格: 194424自己上架价格: 0
07:16	扫拍价格: 50000自己上架价格: 0
07:16	扫拍价格: 111111自己上架价格: 0
07:16	扫拍价格: 121111自己上架价格: 0
07:16	扫拍价格: 129999自己上架价格: 115000
07:16	扫拍价格: 131111自己上架价格: 0
07:16	扫拍价格: 190000自己上架价格: 0
07:17	扫拍价格: 240000自己上架价格: 0
07:17	扫拍价格: 241191自己上架价格: 0
07:17	扫拍价格: 241191自己上架价格: 0
07:17	扫拍价格: 241191自己上架价格: 0
07:17	扫拍价格: 241191自己上架价格: 0
07:17	扫拍价格: 241191自己上架价格: 0
07:17	扫拍价格: 60000自己上架价格: 0
07:17	扫拍价格: 100000自己上架价格: 0
07:19	扫拍价格: 33333自己上架价格: 0
07:19	扫拍价格: 33333自己上架价格: 0
07:19	扫拍价格: 40000自己上架价格: 0
07:19	扫拍价格: 107665自己上架价格: 117200
07:19	扫拍价格: 177665自己上架价格: 122200
07:20	扫拍价格: 100000自己上架价格: 110000
07:20	扫拍价格: 100000自己上架价格: 0
07:21	扫拍价格: 100000自己上架价格: 110128
07:21	扫拍价格: 100276自己上架价格: 0
07:21	扫拍价格: 100276自己上架价格: 0
07:21	扫拍价格: 100276自己上架价格: 0
07:21	扫拍价格: 100276自己上架价格: 0
07:21	扫拍价格: 111111自己上架价格: 110000
07:21	扫拍价格: 113053自己上架价格: 115000
07:21	扫拍价格: 117878自己上架价格: 115032
07:21	扫拍价格: 188568自己上架价格: 143800
07:21	扫拍价格: 1111111自己上架价格: 304984
07:21	扫拍价格: 2568750自己上架价格: 209984
07:22	扫拍价格: 94736自己上架价格: 0
07:22	扫拍价格: 103894自己上架价格: 0
07:22	扫拍价格: 103894自己上架价格: 0
07:22	扫拍价格: 103894自己上架价格: 0
07:23	扫拍价格: 39999自己上架价格: 0
07:23	扫拍价格: 40000自己上架价格: 0
07:23	扫拍价格: 51111自己上架价格: 0
07:23	扫拍价格: 60000自己上架价格: 0
07:23	扫拍价格: 61111自己上架价格: 0
07:23	扫拍价格: 79998自己上架价格: 0
07:24	扫拍价格: 79999自己上架价格: 0
07:24	扫拍价格: 88888自己上架价格: 0
07:24	扫拍价格: 88888自己上架价格: 0
07:24	扫拍价格: 162109自己上架价格: 0
07:24	扫拍价格: 162109自己上架价格: 0
07:24	扫拍价格: 162109自己上架价格: 0
07:24	扫拍价格: 162109自己上架价格: 0
07:24	扫拍价格: 50000自己上架价格: 0
07:24	扫拍价格: 61111自己上架价格: 0
07:24	扫拍价格: 68000自己上架价格: 0
07:24	扫拍价格: 100000自己上架价格: 0
07:24	扫拍价格: 100000自己上架价格: 0
07:24	扫拍价格: 154722自己上架价格: 0
07:24	扫拍价格: 154722自己上架价格: 0
07:25	扫拍价格: 100000自己上架价格: 0
07:25	扫拍价格: 298500自己上架价格: 0
07:25	扫拍价格: 622221自己上架价格: 0
07:25	扫拍价格: 911109自己上架价格: 0
07:25	扫拍价格: 1200000自己上架价格: 0
07:25	扫拍价格: 1239582自己上架价格: 0
07:25	扫拍价格: 1239582自己上架价格: 0
07:25	扫拍价格: 88888自己上架价格: 0
07:26	扫拍价格: 250000自己上架价格: 0
07:26	扫拍价格: 250000自己上架价格: 0
07:26	扫拍价格: 250000自己上架价格: 0
07:26	扫拍价格: 134220自己上架价格: 0
07:26	扫拍价格: 134220自己上架价格: 0
07:27	扫拍价格: 140000自己上架价格: 0
07:27	扫拍价格: 144204自己上架价格: 0
07:27	扫拍价格: 184424自己上架价格: 0
07:27	扫拍价格: 184424自己上架价格: 0
07:27	扫拍价格: 193159自己上架价格: 115000
07:27	扫拍价格: 194424自己上架价格: 0
07:29	扫拍价格: 50000自己上架价格: 0
07:29	扫拍价格: 111111自己上架价格: 0
07:29	扫拍价格: 121111自己上架价格: 0
07:29	扫拍价格: 129999自己上架价格: 115000
07:29	扫拍价格: 131111自己上架价格: 0
07:29	扫拍价格: 190000自己上架价格: 0
07:29	扫拍价格: 240000自己上架价格: 0
07:29	扫拍价格: 241191自己上架价格: 0
07:29	扫拍价格: 241191自己上架价格: 0
07:29	扫拍价格: 241191自己上架价格: 0
07:29	扫拍价格: 241191自己上架价格: 0
07:29	扫拍价格: 241191自己上架价格: 0
07:29	扫拍价格: 60000自己上架价格: 0
07:29	扫拍价格: 100000自己上架价格: 0
07:31	扫拍价格: 33333自己上架价格: 0
07:31	扫拍价格: 33333自己上架价格: 0
07:31	扫拍价格: 40000自己上架价格: 0
07:31	扫拍价格: 107665自己上架价格: 117200
07:31	扫拍价格: 177665自己上架价格: 122200
07:32	扫拍价格: 100000自己上架价格: 110000
07:32	扫拍价格: 100000自己上架价格: 0
07:32	扫拍价格: 100000自己上架价格: 110128
07:32	扫拍价格: 100276自己上架价格: 0
07:32	扫拍价格: 100276自己上架价格: 0
07:32	扫拍价格: 100276自己上架价格: 0
07:32	扫拍价格: 100276自己上架价格: 0
07:32	扫拍价格: 111111自己上架价格: 110000
07:32	扫拍价格: 113053自己上架价格: 115000
07:32	扫拍价格: 117878自己上架价格: 115032
07:32	扫拍价格: 188568自己上架价格: 143800
07:33	扫拍价格: 1111111自己上架价格: 304984
07:33	扫拍价格: 2568750自己上架价格: 209984
07:33	！！！大区52 河南2区角色3结束扫拍
07:33	！！！大区52 河南2区角色3开始变换
07:35	！！大区52 河南2区角色3结束变换
07:35	账号52 河南2区每日任务结束时间： 07:35
07:35	河南2区-角色3	开始
07:37	账号52 河南2区每日任务结束时间： 07:37
07:37	河南2区-角色4	开始
07:40	！！！大区52 河南2区角色4开始扫拍
07:40	扫拍价格: 212107自己上架价格: 0
07:40	扫拍价格: 212108自己上架价格: 0
07:41	扫拍价格: 212109自己上架价格: 0
07:41	扫拍价格: 412110自己上架价格: 0
07:41	扫拍价格: 40623自己上架价格: 0
07:42	扫拍价格: 65488自己上架价格: 0
07:42	扫拍价格: 111111自己上架价格: 0
07:42	扫拍价格: 112662自己上架价格: 0
07:42	扫拍价格: 146000自己上架价格: 0
07:42	扫拍价格: 205771自己上架价格: 0
07:42	扫拍价格: 205771自己上架价格: 0
07:42	扫拍价格: 205771自己上架价格: 0
07:43	扫拍价格: 99995自己上架价格: 0
07:43	扫拍价格: 99996自己上架价格: 0
07:43	扫拍价格: 99997自己上架价格: 0
07:43	扫拍价格: 800000自己上架价格: 0
07:43	扫拍价格: 60904自己上架价格: 0
07:43	扫拍价格: 61211自己上架价格: 0
07:43	扫拍价格: 130000自己上架价格: 0
07:43	扫拍价格: 130000自己上架价格: 0
07:44	扫拍价格: 89550自己上架价格: 0
07:44	扫拍价格: 90201自己上架价格: 0
07:44	扫拍价格: 128174自己上架价格: 0
07:45	扫拍价格: 114863自己上架价格: 110000
07:45	扫拍价格: 161863自己上架价格: 0
07:45	扫拍价格: 161863自己上架价格: 0
07:45	扫拍价格: 161863自己上架价格: 0
07:46	扫拍价格: 182734自己上架价格: 115000
07:46	扫拍价格: 200000自己上架价格: 115000
07:46	扫拍价格: 35000自己上架价格: 0
07:46	扫拍价格: 38000自己上架价格: 0
07:46	扫拍价格: 60000自己上架价格: 0
07:46	扫拍价格: 72480自己上架价格: 0
07:47	扫拍价格: 32000自己上架价格: 0
07:47	扫拍价格: 41111自己上架价格: 0
07:47	扫拍价格: 55555自己上架价格: 0
07:47	扫拍价格: 55555自己上架价格: 0
07:47	扫拍价格: 60000自己上架价格: 0
07:48	扫拍价格: 88000自己上架价格: 117200
07:48	扫拍价格: 88888自己上架价格: 0
07:48	扫拍价格: 99999自己上架价格: 0
07:48	扫拍价格: 103535自己上架价格: 118200
07:48	扫拍价格: 113349自己上架价格: 113200
07:48	扫拍价格: 115624自己上架价格: 0
07:48	扫拍价格: 150000自己上架价格: 0
07:48	扫拍价格: 37810自己上架价格: 0
07:48	扫拍价格: 38000自己上架价格: 0
07:48	扫拍价格: 80000自己上架价格: 0
07:48	扫拍价格: 90000自己上架价格: 0
07:49	扫拍价格: 99999自己上架价格: 0
07:49	扫拍价格: 111111自己上架价格: 0
07:49	扫拍价格: 187359自己上架价格: 0
07:49	扫拍价格: 187359自己上架价格: 0
07:49	扫拍价格: 1111111自己上架价格: 0
07:50	扫拍价格: 111111自己上架价格: 0
07:50	扫拍价格: 149000自己上架价格: 115800
07:50	扫拍价格: 150000自己上架价格: 0
07:50	扫拍价格: 302612自己上架价格: 0
07:50	扫拍价格: 302612自己上架价格: 0
07:50	扫拍价格: 302612自己上架价格: 0
07:50	扫拍价格: 302612自己上架价格: 0
07:51	扫拍价格: 97205自己上架价格: 0
07:51	扫拍价格: 349999自己上架价格: 112048
07:53	扫拍价格: 212107自己上架价格: 0
07:53	扫拍价格: 212108自己上架价格: 0
07:53	扫拍价格: 212109自己上架价格: 0
07:53	扫拍价格: 212110自己上架价格: 0
07:53	扫拍价格: 412110自己上架价格: 0
07:54	扫拍价格: 40623自己上架价格: 0
07:54	扫拍价格: 65488自己上架价格: 0
07:54	扫拍价格: 111111自己上架价格: 0
07:54	扫拍价格: 112662自己上架价格: 0
07:54	扫拍价格: 60000自己上架价格: 0
07:54	扫拍价格: 146000自己上架价格: 0
07:54	扫拍价格: 205771自己上架价格: 0
07:55	扫拍价格: 205771自己上架价格: 0
07:55	扫拍价格: 205771自己上架价格: 0
07:55	扫拍价格: 60000自己上架价格: 0
07:55	扫拍价格: 146000自己上架价格: 0
07:55	扫拍价格: 205771自己上架价格: 0
07:55	扫拍价格: 205771自己上架价格: 0
07:55	扫拍价格: 205771自己上架价格: 0
07:55	扫拍价格: 60000自己上架价格: 0
07:55	扫拍价格: 146000自己上架价格: 0
07:55	扫拍价格: 205771自己上架价格: 0
07:55	扫拍价格: 205771自己上架价格: 0
07:55	扫拍价格: 205771自己上架价格: 0
07:56	扫拍价格: 99995自己上架价格: 0
07:56	扫拍价格: 99996自己上架价格: 0
07:56	扫拍价格: 99997自己上架价格: 0
07:56	扫拍价格: 800000自己上架价格: 0
07:56	扫拍价格: 60904自己上架价格: 0
07:56	扫拍价格: 61211自己上架价格: 0
07:56	扫拍价格: 130000自己上架价格: 0
07:56	扫拍价格: 130000自己上架价格: 0
07:57	扫拍价格: 89550自己上架价格: 0
07:57	扫拍价格: 90201自己上架价格: 0
07:57	扫拍价格: 128174自己上架价格: 0
07:58	扫拍价格: 114863自己上架价格: 110000
07:58	扫拍价格: 161863自己上架价格: 0
07:58	扫拍价格: 161863自己上架价格: 0
07:59	扫拍价格: 161863自己上架价格: 0
07:59	扫拍价格: 182734自己上架价格: 115000
07:59	扫拍价格: 200000自己上架价格: 115000
07:59	扫拍价格: 35000自己上架价格: 0
07:59	扫拍价格: 38000自己上架价格: 0
07:59	扫拍价格: 60000自己上架价格: 0
07:59	扫拍价格: 72480自己上架价格: 0
08:00	扫拍价格: 32000自己上架价格: 0
08:00	扫拍价格: 41111自己上架价格: 0
08:00	扫拍价格: 55555自己上架价格: 0
08:00	扫拍价格: 55555自己上架价格: 0
08:00	扫拍价格: 55555自己上架价格: 0
08:01	扫拍价格: 60000自己上架价格: 0
08:01	扫拍价格: 88000自己上架价格: 117200
08:01	扫拍价格: 88888自己上架价格: 0
08:01	扫拍价格: 99999自己上架价格: 0
08:01	扫拍价格: 103535自己上架价格: 118200
08:01	扫拍价格: 113349自己上架价格: 113200
08:01	扫拍价格: 115624自己上架价格: 0
08:01	扫拍价格: 37810自己上架价格: 0
08:01	扫拍价格: 38000自己上架价格: 0
08:01	扫拍价格: 80000自己上架价格: 0
08:01	扫拍价格: 90000自己上架价格: 0
08:01	扫拍价格: 99999自己上架价格: 0
08:01	扫拍价格: 111111自己上架价格: 0
08:02	扫拍价格: 187359自己上架价格: 0
08:02	扫拍价格: 187359自己上架价格: 0
08:02	扫拍价格: 1111111自己上架价格: 0
08:03	扫拍价格: 111111自己上架价格: 0
08:03	扫拍价格: 149000自己上架价格: 115800
08:03	扫拍价格: 150000自己上架价格: 0
08:03	扫拍价格: 302612自己上架价格: 0
08:03	扫拍价格: 302612自己上架价格: 0
08:03	扫拍价格: 302612自己上架价格: 0
08:03	扫拍价格: 302612自己上架价格: 0
08:03	扫拍价格: 97205自己上架价格: 0
08:04	扫拍价格: 349999自己上架价格: 112048
08:04	！！！大区52 河南2区角色4结束扫拍
08:04	！！！大区52 河南2区角色4开始变换
08:07	！！大区52 河南2区角色4结束变换
08:07	账号52 河南2区每日任务结束时间： 08:07
08:07	河南2区-角色4	开始
08:09	账号52 河南2区每日任务结束时间： 08:09
08:09	河南2区-角色5	开始
08:12	！！！大区52 河南2区角色5开始扫拍
08:12	扫拍价格: 49248自己上架价格: 0
08:12	扫拍价格: 49249自己上架价格: 0
08:12	扫拍价格: 99999自己上架价格: 0
08:12	扫拍价格: 201111自己上架价格: 0
08:12	扫拍价格: 224228自己上架价格: 0
08:12	扫拍价格: 224228自己上架价格: 0
08:13	扫拍价格: 224228自己上架价格: 0
08:13	扫拍价格: 50000自己上架价格: 0
08:14	扫拍价格: 64849自己上架价格: 0
08:14	扫拍价格: 64850自己上架价格: 0
08:14	扫拍价格: 70000自己上架价格: 0
08:14	扫拍价格: 92000自己上架价格: 0
08:14	扫拍价格: 119232自己上架价格: 0
08:14	扫拍价格: 50000自己上架价格: 0
08:14	扫拍价格: 58000自己上架价格: 0
08:14	扫拍价格: 91111自己上架价格: 0
08:14	扫拍价格: 116317自己上架价格: 0
08:14	扫拍价格: 155555自己上架价格: 0
08:15	扫拍价格: 216317自己上架价格: 0
08:15	扫拍价格: 61111自己上架价格: 0
08:15	扫拍价格: 115177自己上架价格: 0
08:15	扫拍价格: 115177自己上架价格: 0
08:15	扫拍价格: 88898自己上架价格: 0
08:15	扫拍价格: 88899自己上架价格: 0
08:15	扫拍价格: 139553自己上架价格: 0
08:16	扫拍价格: 100000自己上架价格: 0
08:16	扫拍价格: 130416自己上架价格: 0
08:16	扫拍价格: 160416自己上架价格: 0
08:16	扫拍价格: 160416自己上架价格: 0
08:16	扫拍价格: 160416自己上架价格: 0
08:16	扫拍价格: 160416自己上架价格: 0
08:16	扫拍价格: 133150自己上架价格: 0
08:17	扫拍价格: 99888自己上架价格: 110000
08:17	扫拍价格: 99991自己上架价格: 0
08:18	扫拍价格: 135416自己上架价格: 0
08:18	扫拍价格: 165753自己上架价格: 0
08:18	扫拍价格: 171885自己上架价格: 0
08:18	扫拍价格: 211111自己上架价格: 110800
08:18	扫拍价格: 211234自己上架价格: 0
08:18	扫拍价格: 211234自己上架价格: 0
08:18	扫拍价格: 211234自己上架价格: 0
08:18	扫拍价格: 211234自己上架价格: 0
08:18	扫拍价格: 302795自己上架价格: 113200
08:18	扫拍价格: 728125自己上架价格: 225800
08:19	扫拍价格: 35000自己上架价格: 0
08:19	扫拍价格: 50000自己上架价格: 0
08:19	扫拍价格: 67111自己上架价格: 0
08:19	扫拍价格: 77777自己上架价格: 0
08:19	扫拍价格: 88888自己上架价格: 0
08:19	扫拍价格: 88888自己上架价格: 0
08:19	扫拍价格: 112921自己上架价格: 0
08:21	扫拍价格: 208111自己上架价格: 0
08:21	扫拍价格: 208811自己上架价格: 0
08:21	扫拍价格: 208811自己上架价格: 0
08:21	扫拍价格: 208811自己上架价格: 0
08:21	扫拍价格: 208811自己上架价格: 0
08:21	扫拍价格: 208811自己上架价格: 0
08:21	扫拍价格: 208811自己上架价格: 0
08:22	扫拍价格: 139000自己上架价格: 115800
08:22	扫拍价格: 157867自己上架价格: 0
08:22	扫拍价格: 200000自己上架价格: 110000
08:22	扫拍价格: 280000自己上架价格: 0
08:22	扫拍价格: 287867自己上架价格: 0
08:22	扫拍价格: 350000自己上架价格: 0
08:22	扫拍价格: 500000自己上架价格: 0
08:23	扫拍价格: 65000自己上架价格: 0
08:23	扫拍价格: 70000自己上架价格: 0
08:23	扫拍价格: 79999自己上架价格: 0
08:23	扫拍价格: 91111自己上架价格: 0
08:23	扫拍价格: 206856自己上架价格: 0
08:23	扫拍价格: 206856自己上架价格: 0
08:23	扫拍价格: 280000自己上架价格: 210000
08:24	扫拍价格: 122222自己上架价格: 0
08:24	扫拍价格: 122222自己上架价格: 0
08:24	扫拍价格: 155555自己上架价格: 0
08:24	扫拍价格: 193403自己上架价格: 117200
08:24	扫拍价格: 240299自己上架价格: 0
08:24	扫拍价格: 240299自己上架价格: 0
08:24	扫拍价格: 240299自己上架价格: 0
08:24	扫拍价格: 240299自己上架价格: 0
08:24	扫拍价格: 240299自己上架价格: 0
08:24	扫拍价格: 240299自己上架价格: 0
08:26	扫拍价格: 49248自己上架价格: 0
08:26	扫拍价格: 49249自己上架价格: 0
08:26	扫拍价格: 99999自己上架价格: 0
08:26	扫拍价格: 201111自己上架价格: 0
08:26	扫拍价格: 224228自己上架价格: 0
08:26	扫拍价格: 224228自己上架价格: 0
08:26	扫拍价格: 224228自己上架价格: 0
08:27	扫拍价格: 50000自己上架价格: 0
08:27	扫拍价格: 64849自己上架价格: 0
08:27	扫拍价格: 64850自己上架价格: 0
08:27	扫拍价格: 70000自己上架价格: 0
08:27	扫拍价格: 92000自己上架价格: 0
08:27	扫拍价格: 119232自己上架价格: 0
08:28	扫拍价格: 50000自己上架价格: 0
08:28	扫拍价格: 58000自己上架价格: 0
08:28	扫拍价格: 91111自己上架价格: 0
08:28	扫拍价格: 116317自己上架价格: 0
08:28	扫拍价格: 155555自己上架价格: 0
08:28	扫拍价格: 216317自己上架价格: 0
08:28	扫拍价格: 61111自己上架价格: 0
08:28	扫拍价格: 115177自己上架价格: 0
08:28	扫拍价格: 115177自己上架价格: 0
08:29	扫拍价格: 88898自己上架价格: 0
08:29	扫拍价格: 88899自己上架价格: 0
08:29	扫拍价格: 139553自己上架价格: 0
08:29	扫拍价格: 100000自己上架价格: 0
08:29	扫拍价格: 130416自己上架价格: 0
08:29	扫拍价格: 160416自己上架价格: 0
08:29	扫拍价格: 160416自己上架价格: 0
08:29	扫拍价格: 160416自己上架价格: 0
08:29	扫拍价格: 160416自己上架价格: 0
08:30	扫拍价格: 133150自己上架价格: 0
08:31	扫拍价格: 99888自己上架价格: 110000
08:31	扫拍价格: 99991自己上架价格: 0
08:31	扫拍价格: 135416自己上架价格: 0
08:31	扫拍价格: 165753自己上架价格: 0
08:31	扫拍价格: 171885自己上架价格: 0
08:31	扫拍价格: 211111自己上架价格: 110800
08:31	扫拍价格: 211234自己上架价格: 0
08:31	扫拍价格: 211234自己上架价格: 0
08:31	扫拍价格: 211234自己上架价格: 0
08:32	扫拍价格: 211234自己上架价格: 0
08:32	扫拍价格: 302795自己上架价格: 113200
08:32	扫拍价格: 728125自己上架价格: 225800
08:32	扫拍价格: 35000自己上架价格: 0
08:32	扫拍价格: 50000自己上架价格: 0
08:32	扫拍价格: 67111自己上架价格: 0
08:32	扫拍价格: 77777自己上架价格: 0
08:32	扫拍价格: 88888自己上架价格: 0
08:32	扫拍价格: 88888自己上架价格: 0
08:32	扫拍价格: 112921自己上架价格: 0
08:33	扫拍价格: 208111自己上架价格: 0
08:33	扫拍价格: 208811自己上架价格: 0
08:34	扫拍价格: 208811自己上架价格: 0
08:34	扫拍价格: 208811自己上架价格: 0
08:34	扫拍价格: 208811自己上架价格: 0
08:34	扫拍价格: 208811自己上架价格: 0
08:34	扫拍价格: 208811自己上架价格: 0
08:35	扫拍价格: 139000自己上架价格: 115800
08:35	扫拍价格: 157867自己上架价格: 0
08:35	扫拍价格: 200000自己上架价格: 110000
08:35	扫拍价格: 280000自己上架价格: 0
08:35	扫拍价格: 287867自己上架价格: 0
08:35	扫拍价格: 350000自己上架价格: 0
08:35	扫拍价格: 500000自己上架价格: 0
08:35	扫拍价格: 65000自己上架价格: 0
08:35	扫拍价格: 70000自己上架价格: 0
08:35	扫拍价格: 79999自己上架价格: 0
08:36	扫拍价格: 91111自己上架价格: 0
08:36	扫拍价格: 206856自己上架价格: 0
08:36	扫拍价格: 206856自己上架价格: 0
08:36	扫拍价格: 280000自己上架价格: 210000
08:36	扫拍价格: 78528自己上架价格: 110000
08:36	扫拍价格: 122222自己上架价格: 0
08:36	扫拍价格: 122222自己上架价格: 0
08:36	扫拍价格: 155555自己上架价格: 0
08:37	扫拍价格: 193403自己上架价格: 117200
08:37	扫拍价格: 240299自己上架价格: 0
08:37	扫拍价格: 240299自己上架价格: 0
08:37	扫拍价格: 240299自己上架价格: 0
08:37	扫拍价格: 240299自己上架价格: 0
08:37	扫拍价格: 240299自己上架价格: 0
08:37	扫拍价格: 240299自己上架价格: 0
08:37	！！！大区52 河南2区角色5结束扫拍
08:37	！！！大区52 河南2区角色5开始变换
08:39	！！大区52 河南2区角色5结束变换
08:39	账号52 河南2区每日任务结束时间： 08:39
08:39	河南2区-角色5	开始
08:41	重新开始登陆
08:47	账号53 重庆2区每日任务开始时间： 08:47
08:52	账号53角色1 每日任务换角色出错
08:52	重新开始登陆
08:57	账号53 重庆2区每日任务开始时间： 08:57
09:14	账号53角色1 每日任务换角色出错
09:14	重新开始登陆
09:20	账号53 重庆2区每日任务开始时间： 09:20
09:36	重新开始登陆
09:42	账号53 重庆2区每日任务开始时间： 09:42
09:45	账号53角色1 每日任务换角色出错
09:45	重新开始登陆
09:50	账号53 重庆2区每日任务开始时间： 09:50
09:54	账号53角色1 每日任务换角色出错
09:54	重新开始登陆
09:59	账号53 重庆2区每日任务开始时间： 09:59
10:02	账号53角色1 每日任务换角色出错
10:02	重新开始登陆
10:07	账号53 重庆2区每日任务开始时间： 10:07
10:11	账号53角色1 每日任务换角色出错
10:11	重新开始登陆
10:16	账号53 重庆2区每日任务开始时间： 10:16
10:19	账号53角色1 每日任务换角色出错
10:19	重新开始登陆
