00:00	取仓出错
00:00	取仓出错
00:00	取仓出错
00:01	！！！大区58 湖南2区角色2开始扫拍
00:01	！！！大区58 湖南2区角色2结束扫拍
00:01	！！！大区58 湖南2区角色2开始变换
00:02	打开物品栏并整理失败-变换前失败
00:02	打开物品栏并整理失败-变换前失败
00:02	由于变换前操作失败导致变换失败
00:03	打开物品栏并整理失败-变换前失败
00:03	打开物品栏并整理失败-变换前失败
00:03	由于变换前操作失败导致变换失败
00:04	打开物品栏并整理失败-变换前失败
00:04	打开物品栏并整理失败-变换前失败
00:04	由于变换前操作失败导致变换失败
00:05	打开物品栏并整理失败-变换前失败
00:05	打开物品栏并整理失败-变换前失败
00:05	由于变换前操作失败导致变换失败
00:06	打开物品栏并整理失败-变换前失败
00:06	打开物品栏并整理失败-变换前失败
00:06	由于变换前操作失败导致变换失败
00:06	！！！大区58 湖南2区角色2变换次数过多，重新登录
00:06	重新开始登陆
00:11	账号58 湖南2区每日任务开始时间： 00:11
00:11	！！！大区58 湖南2区角色2开始变换
00:18	！！大区58 湖南2区角色2结束变换
00:18	账号58 湖南2区每日任务结束时间： 00:18
00:18	湖南2区-角色2	开始
00:21	超过上架上限
00:22	账号58 湖南2区每日任务结束时间： 00:22
00:22	湖南2区-角色3	开始
00:25	！！！大区58 湖南2区角色3开始扫拍
00:26	扫拍价格: 34998自己上架价格: 0
00:26	扫拍价格: 50000自己上架价格: 0
00:26	扫拍价格: 80000自己上架价格: 0
00:26	扫拍价格: 80155自己上架价格: 0
00:26	扫拍价格: 80155自己上架价格: 0
00:27	扫拍价格: 50000自己上架价格: 0
00:27	扫拍价格: 50000自己上架价格: 0
00:27	扫拍价格: 55000自己上架价格: 0
00:27	扫拍价格: 85108自己上架价格: 0
00:28	扫拍价格: 50000自己上架价格: 0
00:28	扫拍价格: 55000自己上架价格: 0
00:28	扫拍价格: 68888自己上架价格: 0
00:28	扫拍价格: 100000自己上架价格: 0
00:28	扫拍价格: 112360自己上架价格: 0
00:28	扫拍价格: 112360自己上架价格: 0
00:28	扫拍价格: 112360自己上架价格: 0
00:30	扫拍价格: 212615自己上架价格: 0
00:34	扫拍价格: 34998自己上架价格: 0
00:34	扫拍价格: 50000自己上架价格: 0
00:34	扫拍价格: 80000自己上架价格: 0
00:34	扫拍价格: 80155自己上架价格: 0
00:34	扫拍价格: 80155自己上架价格: 0
00:34	扫拍价格: 50000自己上架价格: 0
00:34	扫拍价格: 50000自己上架价格: 0
00:34	扫拍价格: 55000自己上架价格: 0
00:35	扫拍价格: 85108自己上架价格: 0
00:35	扫拍价格: 39800自己上架价格: 0
00:35	扫拍价格: 40000自己上架价格: 0
00:35	扫拍价格: 50000自己上架价格: 0
00:35	扫拍价格: 55000自己上架价格: 0
00:35	扫拍价格: 68888自己上架价格: 0
00:35	扫拍价格: 100000自己上架价格: 0
00:36	扫拍价格: 112360自己上架价格: 0
00:36	扫拍价格: 112360自己上架价格: 0
00:36	扫拍价格: 112360自己上架价格: 0
00:38	扫拍价格: 212615自己上架价格: 0
00:40	！！！大区58 湖南2区角色3结束扫拍
00:40	！！！大区58 湖南2区角色3开始变换
00:43	！！大区58 湖南2区角色3结束变换
00:43	账号58 湖南2区每日任务结束时间： 00:43
00:43	湖南2区-角色3	开始
00:45	账号58 湖南2区每日任务结束时间： 00:45
00:45	湖南2区-角色4	开始
00:48	！！！大区58 湖南2区角色4开始扫拍
00:49	扫拍价格: 37937自己上架价格: 0
00:49	扫拍价格: 79449自己上架价格: 0
00:50	扫拍价格: 80000自己上架价格: 0
00:51	扫拍价格: 50000自己上架价格: 0
00:51	扫拍价格: 80115自己上架价格: 0
00:56	扫拍价格: 37937自己上架价格: 0
00:57	扫拍价格: 79449自己上架价格: 0
00:57	扫拍价格: 80000自己上架价格: 0
01:02	！！！大区58 湖南2区角色4结束扫拍
01:02	！！！大区58 湖南2区角色4开始变换
01:03	打开物品栏并整理失败-变换前失败
01:03	打开物品栏并整理失败-变换前失败
01:03	由于变换前操作失败导致变换失败
01:04	打开物品栏并整理失败-变换前失败
01:04	打开物品栏并整理失败-变换前失败
01:04	由于变换前操作失败导致变换失败
01:05	打开物品栏并整理失败-变换前失败
01:05	打开物品栏并整理失败-变换前失败
01:05	由于变换前操作失败导致变换失败
01:06	打开物品栏并整理失败-变换前失败
01:06	打开物品栏并整理失败-变换前失败
01:06	由于变换前操作失败导致变换失败
01:07	打开物品栏并整理失败-变换前失败
01:07	打开物品栏并整理失败-变换前失败
01:07	由于变换前操作失败导致变换失败
01:07	！！！大区58 湖南2区角色4变换次数过多，重新登录
01:07	重新开始登陆
01:12	账号58 湖南2区每日任务开始时间： 01:12
01:12	！！！大区58 湖南2区角色4开始变换
01:15	！！大区58 湖南2区角色4结束变换
01:15	账号58 湖南2区每日任务结束时间： 01:15
01:15	湖南2区-角色4	开始
01:18	！！！大区58 湖南2区角色4开始扫拍
01:19	扫拍价格: 37937自己上架价格: 0
01:20	扫拍价格: 79449自己上架价格: 0
01:20	扫拍价格: 80000自己上架价格: 0
01:21	扫拍价格: 50000自己上架价格: 0
01:21	扫拍价格: 80115自己上架价格: 0
01:26	扫拍价格: 37937自己上架价格: 0
01:26	扫拍价格: 79449自己上架价格: 0
01:27	扫拍价格: 50000自己上架价格: 0
01:27	扫拍价格: 80115自己上架价格: 0
01:32	！！！大区58 湖南2区角色4结束扫拍
01:32	！！！大区58 湖南2区角色4开始变换
01:34	！！大区58 湖南2区角色4结束变换
01:34	账号58 湖南2区每日任务结束时间： 01:34
01:34	湖南2区-角色4	开始
01:35	账号58 湖南2区每日任务结束时间： 01:35
01:35	湖南2区-角色5	开始
01:38	！！！大区58 湖南2区角色5开始扫拍
01:39	扫拍价格: 33333自己上架价格: 0
01:39	扫拍价格: 50000自己上架价格: 0
01:39	扫拍价格: 60000自己上架价格: 0
01:39	扫拍价格: 80000自己上架价格: 0
01:40	扫拍价格: 77928自己上架价格: 0
01:40	！！！大区58 湖南2区角色5结束扫拍
01:40	！！！大区58 湖南2区角色5开始变换
01:44	！！大区58 湖南2区角色5结束变换
01:44	账号58 湖南2区每日任务结束时间： 01:44
01:44	湖南2区-角色5	开始
01:46	重新开始登陆
01:51	账号59 湖南3区每日任务开始时间： 01:51
01:51	账号59 湖南3区每日任务结束时间： 01:51
01:51	湖南3区-角色1	开始
01:53	！！！大区59 湖南3区角色1开始扫拍
01:54	扫拍价格: 60000自己上架价格: 0
01:54	扫拍价格: 64694自己上架价格: 0
01:54	扫拍价格: 102315自己上架价格: 0
01:54	扫拍价格: 102316自己上架价格: 0
01:54	扫拍价格: 102317自己上架价格: 0
01:54	扫拍价格: 102513自己上架价格: 0
01:54	扫拍价格: 102514自己上架价格: 0
01:54	扫拍价格: 102515自己上架价格: 0
01:54	扫拍价格: 102516自己上架价格: 0
01:54	扫拍价格: 102517自己上架价格: 0
01:54	扫拍价格: 158406自己上架价格: 0
02:00	扫拍价格: 66447自己上架价格: 0
02:00	扫拍价格: 66448自己上架价格: 0
02:00	扫拍价格: 66449自己上架价格: 0
02:00	扫拍价格: 66450自己上架价格: 0
02:00	扫拍价格: 66451自己上架价格: 0
02:00	扫拍价格: 66452自己上架价格: 0
02:00	扫拍价格: 66453自己上架价格: 0
02:00	扫拍价格: 80000自己上架价格: 0
02:00	扫拍价格: 140000自己上架价格: 0
02:00	扫拍价格: 140000自己上架价格: 0
02:01	扫拍价格: 60000自己上架价格: 0
02:01	扫拍价格: 64694自己上架价格: 0
02:01	扫拍价格: 102315自己上架价格: 0
02:01	扫拍价格: 102316自己上架价格: 0
02:01	扫拍价格: 102317自己上架价格: 0
02:01	扫拍价格: 102513自己上架价格: 0
02:01	扫拍价格: 102514自己上架价格: 0
02:01	扫拍价格: 102515自己上架价格: 0
02:01	扫拍价格: 102516自己上架价格: 0
02:01	扫拍价格: 102517自己上架价格: 0
02:01	扫拍价格: 158406自己上架价格: 0
02:05	！！！大区59 湖南3区角色1结束扫拍
02:05	！！！大区59 湖南3区角色1开始变换
02:09	打开物品栏并整理失败-变换前失败
02:09	打开物品栏并整理失败-变换前失败
02:09	由于变换前操作失败导致变换失败
02:10	打开物品栏并整理失败-变换前失败
02:10	打开物品栏并整理失败-变换前失败
02:10	由于变换前操作失败导致变换失败
02:11	打开物品栏并整理失败-变换前失败
02:11	打开物品栏并整理失败-变换前失败
02:11	由于变换前操作失败导致变换失败
02:11	打开物品栏并整理失败-变换前失败
02:12	打开物品栏并整理失败-变换前失败
02:12	由于变换前操作失败导致变换失败
02:12	！！！大区59 湖南3区角色1变换次数过多，重新登录
02:12	重新开始登陆
02:18	账号59 湖南3区每日任务开始时间： 02:18
02:18	！！！大区59 湖南3区角色1开始变换
02:23	！！大区59 湖南3区角色1结束变换
02:23	账号59 湖南3区每日任务结束时间： 02:23
02:23	湖南3区-角色1	开始
02:29	超过上架上限
02:30	账号59 湖南3区每日任务结束时间： 02:30
02:30	湖南3区-角色2	开始
02:41	！！！大区59 湖南3区角色2开始扫拍
02:42	！！！大区59 湖南3区角色2结束扫拍
02:42	！！！大区59 湖南3区角色2开始变换
02:44	！！大区59 湖南3区角色2结束变换
02:44	账号59 湖南3区每日任务结束时间： 02:44
02:44	湖南3区-角色2	开始
02:46	账号59 湖南3区每日任务结束时间： 02:46
02:46	湖南3区-角色3	开始
02:56	！！！大区59 湖南3区角色3开始扫拍
02:57	扫拍价格: 44992自己上架价格: 0
02:57	扫拍价格: 44993自己上架价格: 0
02:57	扫拍价格: 44994自己上架价格: 0
02:57	扫拍价格: 44995自己上架价格: 0
02:57	扫拍价格: 44996自己上架价格: 0
02:57	扫拍价格: 54989自己上架价格: 0
02:57	扫拍价格: 54990自己上架价格: 0
02:57	扫拍价格: 54991自己上架价格: 0
02:57	扫拍价格: 75664自己上架价格: 0
02:57	扫拍价格: 90000自己上架价格: 0
02:57	扫拍价格: 101664自己上架价格: 0
02:57	扫拍价格: 101664自己上架价格: 0
02:57	扫拍价格: 101664自己上架价格: 0
02:57	扫拍价格: 211111自己上架价格: 0
02:58	扫拍价格: 101325自己上架价格: 0
02:59	扫拍价格: 39989自己上架价格: 0
02:59	扫拍价格: 39990自己上架价格: 0
02:59	扫拍价格: 68536自己上架价格: 0
02:59	扫拍价格: 68536自己上架价格: 0
03:00	扫拍价格: 68536自己上架价格: 0
03:00	扫拍价格: 70000自己上架价格: 0
03:00	扫拍价格: 70217自己上架价格: 0
03:00	扫拍价格: 170217自己上架价格: 0
03:03	扫拍价格: 44992自己上架价格: 0
03:03	扫拍价格: 44993自己上架价格: 0
03:03	扫拍价格: 44994自己上架价格: 0
03:03	扫拍价格: 44995自己上架价格: 0
03:03	扫拍价格: 44996自己上架价格: 0
03:03	扫拍价格: 54989自己上架价格: 0
03:03	扫拍价格: 54990自己上架价格: 0
03:03	扫拍价格: 54991自己上架价格: 0
03:03	扫拍价格: 75664自己上架价格: 0
03:04	扫拍价格: 90000自己上架价格: 0
03:04	扫拍价格: 101664自己上架价格: 0
03:04	扫拍价格: 101664自己上架价格: 0
03:04	扫拍价格: 101664自己上架价格: 0
03:04	扫拍价格: 211111自己上架价格: 0
03:05	扫拍价格: 101325自己上架价格: 0
03:07	扫拍价格: 70000自己上架价格: 0
03:07	扫拍价格: 70217自己上架价格: 0
03:07	扫拍价格: 170217自己上架价格: 0
03:08	！！！大区59 湖南3区角色3结束扫拍
03:08	！！！大区59 湖南3区角色3开始变换
03:14	！！大区59 湖南3区角色3结束变换
03:14	账号59 湖南3区每日任务结束时间： 03:14
03:14	湖南3区-角色3	开始
03:17	账号59 湖南3区每日任务结束时间： 03:17
03:17	湖南3区-角色4	开始
03:23	！！！大区59 湖南3区角色4开始扫拍
03:23	扫拍价格: 44796自己上架价格: 0
03:23	扫拍价格: 44797自己上架价格: 0
03:23	扫拍价格: 44798自己上架价格: 0
03:24	扫拍价格: 44799自己上架价格: 0
03:24	扫拍价格: 49995自己上架价格: 0
03:24	扫拍价格: 49996自己上架价格: 0
03:24	扫拍价格: 49997自己上架价格: 0
03:24	扫拍价格: 49998自己上架价格: 0
03:24	扫拍价格: 50000自己上架价格: 0
03:24	扫拍价格: 80000自己上架价格: 0
03:24	扫拍价格: 94470自己上架价格: 0
03:24	扫拍价格: 158255自己上架价格: 0
03:24	扫拍价格: 159951自己上架价格: 0
03:24	扫拍价格: 159951自己上架价格: 0
03:24	扫拍价格: 159951自己上架价格: 0
03:25	扫拍价格: 87833自己上架价格: 0
03:25	扫拍价格: 87834自己上架价格: 0
03:25	扫拍价格: 87835自己上架价格: 0
03:25	扫拍价格: 87836自己上架价格: 0
03:25	扫拍价格: 87934自己上架价格: 0
03:25	扫拍价格: 87935自己上架价格: 0
03:25	扫拍价格: 87936自己上架价格: 0
03:25	扫拍价格: 124276自己上架价格: 0
03:25	扫拍价格: 72896自己上架价格: 0
03:26	扫拍价格: 134994自己上架价格: 0
03:26	扫拍价格: 134995自己上架价格: 0
03:26	扫拍价格: 134996自己上架价格: 0
03:27	扫拍价格: 195919自己上架价格: 0
03:28	扫拍价格: 195920自己上架价格: 0
03:28	扫拍价格: 195920自己上架价格: 0
03:30	扫拍价格: 44796自己上架价格: 0
03:30	扫拍价格: 44797自己上架价格: 0
03:30	扫拍价格: 44798自己上架价格: 0
03:30	扫拍价格: 44799自己上架价格: 0
03:30	扫拍价格: 49995自己上架价格: 0
03:30	扫拍价格: 49996自己上架价格: 0
03:30	扫拍价格: 49997自己上架价格: 0
03:30	扫拍价格: 49998自己上架价格: 0
03:30	扫拍价格: 50000自己上架价格: 0
03:30	扫拍价格: 80000自己上架价格: 0
03:30	扫拍价格: 94470自己上架价格: 0
03:31	扫拍价格: 158255自己上架价格: 0
03:31	扫拍价格: 159951自己上架价格: 0
03:31	扫拍价格: 159951自己上架价格: 0
03:31	扫拍价格: 159951自己上架价格: 0
03:31	扫拍价格: 87833自己上架价格: 0
03:31	扫拍价格: 87834自己上架价格: 0
03:31	扫拍价格: 87835自己上架价格: 0
03:31	扫拍价格: 87836自己上架价格: 0
03:31	扫拍价格: 87934自己上架价格: 0
03:31	扫拍价格: 87935自己上架价格: 0
03:31	扫拍价格: 124276自己上架价格: 0
03:32	扫拍价格: 72896自己上架价格: 0
03:32	扫拍价格: 134994自己上架价格: 0
03:32	扫拍价格: 134995自己上架价格: 0
03:32	扫拍价格: 134996自己上架价格: 0
03:34	扫拍价格: 195919自己上架价格: 0
03:34	扫拍价格: 195920自己上架价格: 0
03:34	扫拍价格: 195920自己上架价格: 0
03:36	！！！大区59 湖南3区角色4结束扫拍
03:36	！！！大区59 湖南3区角色4开始变换
03:55	！！大区59 湖南3区角色4结束变换
03:55	账号59 湖南3区每日任务结束时间： 03:55
03:55	湖南3区-角色4	开始
04:04	账号59 湖南3区每日任务结束时间： 04:04
04:04	湖南3区-角色5	开始
04:15	！！！大区59 湖南3区角色5开始扫拍
04:18	扫拍价格: 49994自己上架价格: 0
04:18	扫拍价格: 49995自己上架价格: 0
04:18	扫拍价格: 54983自己上架价格: 0
04:18	扫拍价格: 54984自己上架价格: 0
04:18	扫拍价格: 54985自己上架价格: 0
04:18	扫拍价格: 54986自己上架价格: 0
04:18	扫拍价格: 54987自己上架价格: 0
04:18	扫拍价格: 54987自己上架价格: 0
04:18	扫拍价格: 54988自己上架价格: 0
04:18	扫拍价格: 54989自己上架价格: 0
04:18	扫拍价格: 110499自己上架价格: 0
04:18	扫拍价格: 110499自己上架价格: 0
04:19	扫拍价格: 79085自己上架价格: 0
04:20	扫拍价格: 67004自己上架价格: 0
04:21	扫拍价格: 100000自己上架价格: 0
04:21	扫拍价格: 100000自己上架价格: 0
04:21	扫拍价格: 131107自己上架价格: 0
04:21	扫拍价格: 134999自己上架价格: 0
04:25	扫拍价格: 49994自己上架价格: 0
04:25	扫拍价格: 49995自己上架价格: 0
04:25	扫拍价格: 54983自己上架价格: 0
04:25	扫拍价格: 54984自己上架价格: 0
04:25	扫拍价格: 54985自己上架价格: 0
04:25	扫拍价格: 54986自己上架价格: 0
04:25	扫拍价格: 54987自己上架价格: 0
04:25	扫拍价格: 54987自己上架价格: 0
04:25	扫拍价格: 54988自己上架价格: 0
04:25	扫拍价格: 54989自己上架价格: 0
04:25	扫拍价格: 110499自己上架价格: 0
04:25	扫拍价格: 110499自己上架价格: 0
04:26	扫拍价格: 79085自己上架价格: 0
04:27	扫拍价格: 67004自己上架价格: 0
04:28	扫拍价格: 100000自己上架价格: 0
04:28	扫拍价格: 100000自己上架价格: 0
04:28	扫拍价格: 131107自己上架价格: 0
04:28	扫拍价格: 134999自己上架价格: 0
04:30	！！！大区59 湖南3区角色5结束扫拍
04:30	！！！大区59 湖南3区角色5开始变换
04:35	！！大区59 湖南3区角色5结束变换
04:35	账号59 湖南3区每日任务结束时间： 04:35
04:35	湖南3区-角色5	开始
04:38	重新开始登陆
04:42	账号60 湖南7区每日任务开始时间： 04:42
04:42	账号60 湖南7区每日任务结束时间： 04:42
04:42	湖南7区-角色1	开始
04:45	！！！大区60 湖南7区角色1开始扫拍
04:48	扫拍价格: 44775自己上架价格: 0
04:48	扫拍价格: 87387自己上架价格: 0
04:49	扫拍价格: 90000自己上架价格: 0
04:49	扫拍价格: 111674自己上架价格: 0
04:50	扫拍价格: 50000自己上架价格: 0
04:50	扫拍价格: 50000自己上架价格: 0
04:50	扫拍价格: 76073自己上架价格: 0
04:51	扫拍价格: 138382自己上架价格: 0
04:51	扫拍价格: 138382自己上架价格: 0
04:55	扫拍价格: 44775自己上架价格: 0
04:55	扫拍价格: 87387自己上架价格: 0
04:55	扫拍价格: 90000自己上架价格: 0
04:55	扫拍价格: 111674自己上架价格: 0
04:56	扫拍价格: 50000自己上架价格: 0
04:56	扫拍价格: 50000自己上架价格: 0
04:56	扫拍价格: 76073自己上架价格: 0
04:58	扫拍价格: 138382自己上架价格: 0
04:58	扫拍价格: 138382自己上架价格: 0
04:59	！！！大区60 湖南7区角色1结束扫拍
04:59	！！！大区60 湖南7区角色1开始变换
05:02	！！大区60 湖南7区角色1结束变换
05:02	账号60 湖南7区每日任务结束时间： 05:02
05:02	湖南7区-角色1	开始
05:04	账号60 湖南7区每日任务结束时间： 05:04
05:04	湖南7区-角色2	开始
05:06	！！！大区60 湖南7区角色2开始扫拍
05:08	扫拍价格: 112374自己上架价格: 0
05:08	扫拍价格: 112374自己上架价格: 0
05:08	扫拍价格: 95538自己上架价格: 0
05:09	扫拍价格: 68887自己上架价格: 0
05:09	扫拍价格: 68888自己上架价格: 0
05:09	扫拍价格: 121630自己上架价格: 0
05:10	扫拍价格: 121630自己上架价格: 0
05:15	扫拍价格: 112374自己上架价格: 0
05:15	扫拍价格: 112374自己上架价格: 0
05:16	扫拍价格: 95538自己上架价格: 0
05:16	扫拍价格: 68887自己上架价格: 0
05:16	扫拍价格: 68888自己上架价格: 0
05:16	扫拍价格: 121630自己上架价格: 0
05:16	扫拍价格: 121630自己上架价格: 0
05:20	！！！大区60 湖南7区角色2结束扫拍
05:20	！！！大区60 湖南7区角色2开始变换
05:22	！！大区60 湖南7区角色2结束变换
05:22	账号60 湖南7区每日任务结束时间： 05:22
05:22	湖南7区-角色2	开始
05:23	账号60 湖南7区每日任务结束时间： 05:23
05:23	湖南7区-角色3	开始
05:26	！！！大区60 湖南7区角色3开始扫拍
05:28	扫拍价格: 112892自己上架价格: 0
05:29	扫拍价格: 99999自己上架价格: 0
05:29	扫拍价格: 133504自己上架价格: 0
05:29	扫拍价格: 133504自己上架价格: 0
05:31	扫拍价格: 160000自己上架价格: 0
05:31	扫拍价格: 200000自己上架价格: 0
05:31	扫拍价格: 257201自己上架价格: 0
05:31	扫拍价格: 257201自己上架价格: 0
05:35	扫拍价格: 112892自己上架价格: 0
05:35	扫拍价格: 99999自己上架价格: 0
05:35	扫拍价格: 133504自己上架价格: 0
05:35	扫拍价格: 133504自己上架价格: 0
05:38	扫拍价格: 160000自己上架价格: 0
05:38	扫拍价格: 200000自己上架价格: 0
05:38	扫拍价格: 257201自己上架价格: 0
05:38	扫拍价格: 257201自己上架价格: 0
05:39	！！！大区60 湖南7区角色3结束扫拍
05:39	！！！大区60 湖南7区角色3开始变换
05:47	！！大区60 湖南7区角色3结束变换
05:47	账号60 湖南7区每日任务结束时间： 05:47
05:47	湖南7区-角色3	开始
05:54	账号60 湖南7区每日任务结束时间： 05:54
05:54	湖南7区-角色4	开始
05:58	！！！大区60 湖南7区角色4开始扫拍
06:00	扫拍价格: 101626自己上架价格: 0
06:00	扫拍价格: 101626自己上架价格: 0
06:00	扫拍价格: 111627自己上架价格: 0
06:02	扫拍价格: 90522自己上架价格: 0
06:02	扫拍价格: 561108自己上架价格: 0
06:02	扫拍价格: 561109自己上架价格: 0
06:03	扫拍价格: 100240自己上架价格: 0
06:03	扫拍价格: 110241自己上架价格: 0
06:07	扫拍价格: 101626自己上架价格: 0
06:07	扫拍价格: 101626自己上架价格: 0
06:07	扫拍价格: 111627自己上架价格: 0
06:08	扫拍价格: 90522自己上架价格: 0
06:08	扫拍价格: 561108自己上架价格: 0
06:08	扫拍价格: 561109自己上架价格: 0
06:09	扫拍价格: 100240自己上架价格: 0
06:09	扫拍价格: 110241自己上架价格: 0
06:12	！！！大区60 湖南7区角色4结束扫拍
06:12	！！！大区60 湖南7区角色4开始变换
06:15	！！大区60 湖南7区角色4结束变换
06:15	账号60 湖南7区每日任务结束时间： 06:15
06:15	湖南7区-角色4	开始
06:17	账号60 湖南7区每日任务结束时间： 06:17
06:17	湖南7区-角色5	开始
06:20	！！！大区60 湖南7区角色5开始扫拍
06:22	扫拍价格: 88888自己上架价格: 0
06:22	扫拍价格: 99999自己上架价格: 0
06:22	扫拍价格: 108417自己上架价格: 0
06:23	扫拍价格: 66522自己上架价格: 0
06:25	扫拍价格: 40000自己上架价格: 0
06:25	扫拍价格: 40000自己上架价格: 0
06:25	扫拍价格: 44314自己上架价格: 0
06:25	扫拍价格: 84310自己上架价格: 0
06:25	扫拍价格: 84314自己上架价格: 0
06:25	扫拍价格: 84314自己上架价格: 0
06:26	扫拍价格: 123455自己上架价格: 0
06:26	扫拍价格: 132496自己上架价格: 0
06:29	扫拍价格: 88888自己上架价格: 0
06:29	扫拍价格: 99999自己上架价格: 0
06:29	扫拍价格: 108417自己上架价格: 0
06:30	扫拍价格: 66522自己上架价格: 0
06:31	扫拍价格: 40000自己上架价格: 0
06:31	扫拍价格: 40000自己上架价格: 0
06:31	扫拍价格: 44314自己上架价格: 0
06:31	扫拍价格: 84310自己上架价格: 0
06:31	扫拍价格: 84314自己上架价格: 0
06:32	扫拍价格: 84314自己上架价格: 0
06:33	扫拍价格: 123455自己上架价格: 0
06:33	扫拍价格: 132496自己上架价格: 0
06:35	！！！大区60 湖南7区角色5结束扫拍
06:35	！！！大区60 湖南7区角色5开始变换
06:38	！！大区60 湖南7区角色5结束变换
06:38	账号60 湖南7区每日任务结束时间： 06:38
06:38	湖南7区-角色5	开始
06:45	重新开始登陆
06:52	账号58 湖南2区每日任务开始时间： 06:52
07:01	账号58 湖南2区每日任务完成
07:01	账号58 湖南2区每日任务结束时间： 07:01
07:01	湖南2区-角色1	开始
07:04	！！！大区58 湖南2区角色1开始扫拍
07:04	！！！大区58 湖南2区角色1结束扫拍
07:04	！！！大区58 湖南2区角色1开始变换
07:06	！！大区58 湖南2区角色1结束变换
07:10	账号58 湖南2区每日任务完成
07:11	账号58 湖南2区每日任务结束时间： 07:11
07:11	湖南2区-角色1	开始
07:14	！！！大区58 湖南2区角色1开始扫拍
07:14	！！！大区58 湖南2区角色1结束扫拍
07:14	！！！大区58 湖南2区角色1开始变换
07:16	！！大区58 湖南2区角色1结束变换
07:20	账号58 湖南2区每日任务完成
07:20	账号58 湖南2区每日任务结束时间： 07:20
07:21	湖南2区-角色1	开始
07:23	！！！大区58 湖南2区角色1开始扫拍
07:23	！！！大区58 湖南2区角色1结束扫拍
07:23	！！！大区58 湖南2区角色1开始变换
07:25	！！大区58 湖南2区角色1结束变换
07:29	账号58 湖南2区每日任务完成
07:30	账号58 湖南2区每日任务结束时间： 07:30
07:30	湖南2区-角色1	开始
07:33	！！！大区58 湖南2区角色1开始扫拍
07:33	！！！大区58 湖南2区角色1结束扫拍
07:33	！！！大区58 湖南2区角色1开始变换
07:35	！！大区58 湖南2区角色1结束变换
07:39	账号58 湖南2区每日任务完成
07:39	账号58 湖南2区每日任务结束时间： 07:39
07:39	湖南2区-角色1	开始
07:42	！！！大区58 湖南2区角色1开始扫拍
07:42	！！！大区58 湖南2区角色1结束扫拍
07:42	！！！大区58 湖南2区角色1开始变换
07:44	！！大区58 湖南2区角色1结束变换
07:48	账号58 湖南2区每日任务完成
07:49	账号58 湖南2区每日任务结束时间： 07:49
07:49	湖南2区-角色1	开始
07:52	！！！大区58 湖南2区角色1开始扫拍
07:52	！！！大区58 湖南2区角色1结束扫拍
07:52	！！！大区58 湖南2区角色1开始变换
07:54	！！大区58 湖南2区角色1结束变换
07:58	账号58 湖南2区每日任务完成
07:58	账号58 湖南2区每日任务结束时间： 07:58
07:58	湖南2区-角色1	开始
08:01	！！！大区58 湖南2区角色1开始扫拍
08:01	！！！大区58 湖南2区角色1结束扫拍
08:01	！！！大区58 湖南2区角色1开始变换
08:03	！！大区58 湖南2区角色1结束变换
08:07	账号58 湖南2区每日任务完成
08:08	账号58 湖南2区每日任务结束时间： 08:08
08:08	湖南2区-角色1	开始
08:11	！！！大区58 湖南2区角色1开始扫拍
08:11	！！！大区58 湖南2区角色1结束扫拍
08:11	！！！大区58 湖南2区角色1开始变换
08:13	！！大区58 湖南2区角色1结束变换
08:17	账号58 湖南2区每日任务完成
08:17	账号58 湖南2区每日任务结束时间： 08:17
08:17	湖南2区-角色1	开始
08:20	！！！大区58 湖南2区角色1开始扫拍
08:20	！！！大区58 湖南2区角色1结束扫拍
08:20	！！！大区58 湖南2区角色1开始变换
08:22	！！大区58 湖南2区角色1结束变换
08:26	账号58 湖南2区每日任务完成
08:27	账号58 湖南2区每日任务结束时间： 08:27
08:27	湖南2区-角色1	开始
08:30	！！！大区58 湖南2区角色1开始扫拍
08:30	！！！大区58 湖南2区角色1结束扫拍
08:30	！！！大区58 湖南2区角色1开始变换
08:32	！！大区58 湖南2区角色1结束变换
08:36	账号58 湖南2区每日任务完成
08:36	账号58 湖南2区每日任务结束时间： 08:36
08:36	湖南2区-角色1	开始
08:39	！！！大区58 湖南2区角色1开始扫拍
08:39	！！！大区58 湖南2区角色1结束扫拍
08:39	！！！大区58 湖南2区角色1开始变换
08:41	！！大区58 湖南2区角色1结束变换
08:45	账号58 湖南2区每日任务完成
08:46	账号58 湖南2区每日任务结束时间： 08:46
08:46	湖南2区-角色1	开始
08:49	！！！大区58 湖南2区角色1开始扫拍
08:49	！！！大区58 湖南2区角色1结束扫拍
08:49	！！！大区58 湖南2区角色1开始变换
08:51	！！大区58 湖南2区角色1结束变换
08:55	账号58 湖南2区每日任务完成
08:56	账号58 湖南2区每日任务结束时间： 08:56
08:56	湖南2区-角色1	开始
08:59	！！！大区58 湖南2区角色1开始扫拍
08:59	！！！大区58 湖南2区角色1结束扫拍
08:59	！！！大区58 湖南2区角色1开始变换
09:01	！！大区58 湖南2区角色1结束变换
09:05	账号58 湖南2区每日任务完成
09:06	账号58 湖南2区每日任务结束时间： 09:06
09:06	湖南2区-角色1	开始
09:09	！！！大区58 湖南2区角色1开始扫拍
09:09	！！！大区58 湖南2区角色1结束扫拍
09:09	！！！大区58 湖南2区角色1开始变换
09:11	！！大区58 湖南2区角色1结束变换
09:15	账号58 湖南2区每日任务完成
09:16	账号58 湖南2区每日任务结束时间： 09:16
09:16	湖南2区-角色1	开始
09:19	！！！大区58 湖南2区角色1开始扫拍
09:19	！！！大区58 湖南2区角色1结束扫拍
09:19	！！！大区58 湖南2区角色1开始变换
09:21	！！大区58 湖南2区角色1结束变换
09:25	账号58 湖南2区每日任务完成
09:25	账号58 湖南2区每日任务结束时间： 09:25
09:25	湖南2区-角色1	开始
09:28	！！！大区58 湖南2区角色1开始扫拍
09:28	！！！大区58 湖南2区角色1结束扫拍
09:28	！！！大区58 湖南2区角色1开始变换
09:40	重新开始登陆
09:45	账号58 湖南2区每日任务开始时间： 09:45
09:45	！！！大区58 湖南2区角色1开始变换
09:47	！！大区58 湖南2区角色1结束变换
09:47	账号58 湖南2区每日任务结束时间： 09:47
09:47	湖南2区-角色1	开始
09:50	！！！大区58 湖南2区角色1开始扫拍
09:50	！！！大区58 湖南2区角色1结束扫拍
09:50	！！！大区58 湖南2区角色1开始变换
09:52	！！大区58 湖南2区角色1结束变换
09:52	账号58 湖南2区每日任务结束时间： 09:52
09:52	湖南2区-角色1	开始
09:54	账号58 湖南2区每日任务结束时间： 09:54
09:54	湖南2区-角色2	开始
09:56	超过上架上限
09:57	账号58 湖南2区每日任务结束时间： 09:57
09:57	湖南2区-角色3	开始
10:00	！！！大区58 湖南2区角色3开始扫拍
10:01	扫拍价格: 34998自己上架价格: 0
10:01	扫拍价格: 80155自己上架价格: 0
10:01	扫拍价格: 80155自己上架价格: 0
10:01	扫拍价格: 50000自己上架价格: 0
10:02	扫拍价格: 85108自己上架价格: 0
10:02	扫拍价格: 40000自己上架价格: 0
10:02	扫拍价格: 55000自己上架价格: 0
10:02	扫拍价格: 68888自己上架价格: 0
10:02	扫拍价格: 100000自己上架价格: 0
10:03	扫拍价格: 112360自己上架价格: 0
10:03	扫拍价格: 112360自己上架价格: 0
10:03	扫拍价格: 112360自己上架价格: 0
10:08	扫拍价格: 34998自己上架价格: 0
10:08	扫拍价格: 80155自己上架价格: 0
10:08	扫拍价格: 80155自己上架价格: 0
10:09	扫拍价格: 50000自己上架价格: 0
10:09	扫拍价格: 85108自己上架价格: 0
10:09	扫拍价格: 40000自己上架价格: 0
10:10	扫拍价格: 55000自己上架价格: 0
10:10	扫拍价格: 68888自己上架价格: 0
10:10	扫拍价格: 100000自己上架价格: 0
10:10	扫拍价格: 112360自己上架价格: 0
10:10	扫拍价格: 112360自己上架价格: 0
10:10	扫拍价格: 112360自己上架价格: 0
10:14	！！！大区58 湖南2区角色3结束扫拍
10:14	！！！大区58 湖南2区角色3开始变换
10:17	！！大区58 湖南2区角色3结束变换
10:17	账号58 湖南2区每日任务结束时间： 10:17
10:17	湖南2区-角色3	开始
10:19	账号58 湖南2区每日任务结束时间： 10:19
10:19	湖南2区-角色4	开始
10:22	！！！大区58 湖南2区角色4开始扫拍
10:23	扫拍价格: 37747自己上架价格: 0
10:23	扫拍价格: 37937自己上架价格: 0
10:23	扫拍价格: 79449自己上架价格: 0
17:35	重新开始登陆
21:02	重新开始登陆
21:06	登录失败
21:06	重新开始登陆
21:13	账号58 角色4开始清理
21:17	账号58 角色5开始清理
21:21	重新开始登陆
21:25	账号59 角色1开始清理
21:30	账号59 角色2开始清理
21:38	账号59 角色3开始清理
21:43	账号59 角色4开始清理
21:47	账号59 角色5开始清理
21:51	重新开始登陆
21:55	账号60 角色1开始清理
21:59	金币存仓失败
21:59	金币存仓失败
21:59	金币存仓失败
22:00	账号60 角色2开始清理
22:09	账号60 角色3开始清理
22:17	账号60 角色4开始清理
22:21	账号60 角色5开始清理
22:25	重新开始登陆
22:29	账号58 角色1开始清理
22:33	账号58 角色2开始清理
22:38	账号58 角色3开始清理
22:43	账号58 角色4开始清理
22:46	魔力结晶存仓失败
22:47	魔力结晶存仓失败
22:48	账号58 角色5开始清理
22:53	魔力结晶存仓失败
22:55	魔力结晶存仓失败
22:55	重新开始登陆
22:58	账号59 角色1开始清理
23:03	魔力结晶存仓失败
23:04	魔力结晶存仓失败
23:05	账号59 角色2开始清理
23:09	魔力结晶存仓失败
23:10	魔力结晶存仓失败
23:10	账号59 角色3开始清理
