11:48	before	密制合金长靴	体力+14	
11:50	after	密制合金长靴	回避率+2.6	
11:51	before	密制合金长靴	力量+11	
11:51	after	密制合金长靴	智力+22	
11:53	before	密制合金长靴	回避率+2.6	
11:55	after	密制合金长靴	体力+16	
12:23	before	密制精锐胫甲	MP最大值+113	精神+12	
12:24	after	密制精锐胫甲	力量+19	MP最大值+113	
12:24	before	密制提花长裤	回避率+1.9	
12:24	after	密制提花长裤	智力+17	
12:24	before	密制合金腰带	MP最大值+132	
12:24	after	密制合金腰带	智力+23	
13:43	before	密制合金长靴	体力+16	
13:43	after	密制合金长靴	智力+17	
14:52	before	密制提花短靴	精神+12	
14:53	after	密制提花短靴	智力+17	
14:53	before	密制蚕纱护腿	MP最大值+150	
14:55	after	密制蚕纱护腿	智力+20	
14:55	before	密制蚕纱护腿	体力+13	
14:56	after	密制蚕纱护腿	智力+32	
14:56	before	密制豹皮胸甲	HP最大值+122	
14:56	after	密制豹皮胸甲	力量+17	
