11:30	31840	密制天鹅绒短靴	
11:30	32000	密制天鹅绒短靴	
11:30	30000	密制豹皮短靴	
11:30	30000	密制豹皮短靴	
11:31	23111	密制紫榆短靴	
11:31	20000	密制紫榆短靴	
11:32	30000	密制科堡长靴	
11:32	26666	密制合金长靴	
11:34	22222	密制提花护肩	
11:34	24500	密制提花护肩	
11:35	24000	密制锦丝腰带	
11:35	24500	密制锦丝腰带	
11:39	35000	密制天鹅绒短靴	
11:40	30000	密制天鹅绒短靴	
11:40	30000	密制豹皮短靴	
11:40	23000	密制豹皮短靴	
11:41	10491	密制紫榆短靴	
11:41	10000	密制紫榆短靴	
11:42	30000	密制合金长靴	
11:42	30000	密制合金长靴	
11:44	9999	密制提花护肩	
11:44	30000	密制提花护肩	
11:45	24500	密制锦丝腰带	
11:45	31111	密制锦丝腰带	
12:02	34990	密制薄纱护腿	
12:02	35000	密制薄纱护腿	
12:03	16210	密制天鹅绒腰带	
12:03	20000	密制天鹅绒腰带	
12:03	24411	密制豹皮腰带	
12:04	24500	密制豹皮腰带	
12:04	30000	密制紫榆腰带	
12:06	9000	密制合金腰带	
12:07	11810	密制提花长裤	
12:07	11810	密制提花长裤	
12:09	20998	密制锦丝长袍	
12:09	20998	密制锦丝长袍	
12:13	15000	密制天鹅绒腰带	
12:13	32359	密制天鹅绒腰带	
12:14	20000	密制豹皮腰带	
12:14	33333	密制豹皮腰带	
12:17	10000	密制合金腰带	
12:19	30000	密制提花长裤	
12:35	10000	密制天鹅绒衬衫	
12:36	10000	密制豹皮胸甲	
12:38	29999	密制蚕纱护腿	
12:38	30000	密制蚕纱护腿	
13:15	31999	密制天鹅绒短靴	
13:15	31998	密制天鹅绒短靴	
13:16	30000	密制紫榆短靴	
13:20	33333	密制翡翠胸针	
13:21	33363	密制翡翠胸针	
13:21	35000	密制提花护肩	
13:21	19628	密制提花护肩	
13:22	10000	密制黄玉戒指	
13:23	8303	密制三尊石	
13:24	10000	密制锦丝腰带	
13:24	10000	密制锦丝腰带	
13:25	9111	密制守护石	
13:25	9999	密制守护石	物理暴击率+1.6	
13:26	20000	密制青空之蓝手套	
13:26	40111	密制青空之蓝手套	物理暴击率+1.9	
13:26	25291	密制日光石手镯	
13:27	61111	密制伊利石戒指	移动速度+1.5	
13:36	30000	密制提花护肩	
13:36	35000	密制提花护肩	
13:38	9999	密制三尊石	
13:39	11111	密制锦丝腰带	
13:40	10000	密制守护石	HP最大值+166	
13:40	12000	密制守护石	体力+15	
13:41	55555	密制青空之蓝手套	物理暴击率+1.9	
13:41	22222	密制青空之蓝手套	
13:42	25291	密制日光石手镯	
13:42	23000	密制伊利石戒指	力量+21	
13:42	30000	密制伊利石戒指	
13:54	12359	密制天鹅绒腰带	
13:54	33409	密制天鹅绒腰带	
13:55	10000	密制豹皮腰带	
13:55	22222	密制豹皮腰带	
14:00	21111	密制提花长裤	
14:04	7600	密制三仙石	
14:04	10000	密制年轮石	物理暴击率+2	
14:04	10991	密制年轮石	
14:04	14925	密制雪纺缎带	
14:04	15000	密制雪纺缎带	体力+15	
14:05	29999	密制伊利石手镯	光属性抗性+5	
14:05	30000	密制伊利石手镯	
14:08	7777	密制天鹅绒腰带	
14:08	33409	密制天鹅绒腰带	
14:14	33333	密制提花长裤	
14:17	7777	密制三仙石	
14:17	11111	密制年轮石	
14:17	14842	密制年轮石	
14:18	15000	密制雪纺缎带	MP最大值+235	
14:18	19999	密制雪纺缎带	命中率+1.9	
14:18	43053	密制伊利石手镯	智力+16	
14:18	45000	密制伊利石手镯	移动速度+1	
14:32	25427	密制提花短靴	
14:33	14850	密制没落贵族臂章	
14:33	14925	密制没落贵族臂章	
14:34	18735	密制锦丝护肩	
14:34	30000	密制锦丝护肩	
14:35	99999	密制紫罗兰戒指	施放速度+2.4	HP最大值+171	
14:37	8857	密制玉牙石	
14:37	22574	密制玉牙石	
14:37	6111	密制水萤石	
14:38	9589	密制芭芭拉手套	
14:38	11111	密制芭芭拉手套	
14:44	25555	密制提花短靴	
14:45	15000	密制没落贵族臂章	MP最大值+157	
14:45	20000	密制没落贵族臂章	命中率+1.7	
14:46	10000	密制锦丝护肩	
14:46	26000	密制锦丝护肩	
14:47	30261	密制紫罗兰戒指	
14:49	5555	密制玉牙石	回避率+1.6	
14:49	19998	密制玉牙石	命中率+2.6	
14:50	6666	密制水萤石	
14:50	3888	密制芭芭拉手套	
14:50	16892	密制芭芭拉手套	
15:07	31111	密制豹皮护肩	
15:08	33333	密制紫榆护肩	
15:09	30000	密制科堡护肩	
15:10	29999	密制蚕纱短靴	
15:11	20000	密制丝绒臂章	
15:11	20000	密制丝绒臂章	
15:12	20000	密制提花腰带	
15:12	20000	密制提花腰带	
15:13	10000	密制龙魂石	回避率+1.7	
15:13	11900	密制龙魂石	精神+15	
15:13	19999	密制锦丝长裤	
15:13	20000	密制锦丝长裤	
15:16	33333	密制日光石项坠	
15:17	15999	密制日光石项坠	
15:17	6800	密制黑云母	
