19:58	before	密制薄纱斗篷	体力+21	
19:59	after	密制薄纱斗篷	智力+16	
19:59	before	密制薄纱斗篷	精神+12	
20:00	after	密制薄纱斗篷	智力+17	
20:00	before	密制黑云母	物理暴击率+1.6	回避率+1.5	
20:00	after	密制黑云母	智力+19	物理暴击率+1.6	
20:00	before	密制提花腰带	回避率+1.8	
20:02	after	密制提花腰带	精神+17	
20:04	before	密制提花腰带	精神+17	
20:06	after	密制提花腰带	智力+18	
20:24	before	密制守护石	力量+16	命中率+2.1	
20:24	after	密制守护石	力量+16	智力+16	
20:24	before	密制蚕纱护腿	回避率+1.6	
20:25	after	密制蚕纱护腿	智力+16	
20:25	before	密制薄纱护腿	回避率+2.2	
20:26	before	密制薄纱护腿	回避率+1.7	
20:44	before	密制科堡胸甲	魔法暴击率+2.6	
20:45	after	密制科堡胸甲	力量+21	
20:45	before	密制科堡胸甲	回避率+1.6	
20:46	after	密制科堡胸甲	力量+17	
20:46	before	密制豹皮绑腿	精神+12	
20:46	after	密制豹皮绑腿	力量+17	
20:46	before	密制薄纱短靴	HP最大值+119	
20:47	after	密制薄纱短靴	智力+17	
20:47	before	密制薄纱短靴	MP最大值+117	
20:49	after	密制薄纱短靴	智力+21	
21:09	before	密制貂皮腰带	智力+15	
21:10	after	密制貂皮腰带	力量+21	
