16:21	335800	密制勒格恩短靴	智力+17	魔法暴击率+3	
16:21	115000	密制天鹅绒护肩	智力+16	
16:22	115800	密制勒格恩肩甲	智力+17	
16:22	135000	密制锦丝长裤	智力+21	
20:07	374200	密制纤尘护腿	力量+34	
20:08	110000	密制薄纱斗篷	智力+16	
20:08	110800	密制薄纱斗篷	智力+17	
20:08	115800	密制黑云母	力量+14	
20:09	223800	密制黑云母	智力+19	物理暴击率+1.6	
20:09	206800	密制没落贵族臂章	力量+24	
20:10	118200	密制提花腰带	智力+18	
20:27	542200	密制守护石	力量+16	智力+16	
20:28	118200	密制守护石	力量+15	
20:28	115000	密制蚕纱护腿	智力+16	
20:50	211800	密制铜绿护腿	智力+27	
20:51	166200	密制铂铜护腿	智力+24	
20:51	130000	密制科堡胸甲	力量+21	
20:52	110800	密制科堡胸甲	力量+17	
20:52	110800	密制豹皮绑腿	力量+17	
20:52	110800	密制薄纱短靴	智力+17	
20:53	135000	密制薄纱短靴	智力+21	
21:12	130000	密制貂皮腰带	力量+21	
