07:56	250200	密制提花腰带	智力+29	
07:56	403800	密制锦丝腰带	智力+35	
07:57	260000	密制提花护肩	智力+16	魔法暴击率+2.3	
07:57	138800	密制提花护肩	智力+22	
07:58	122200	密制锦丝短靴	智力+19	
07:58	122200	密制锦丝短靴	智力+19	
07:58	113200	密制蚕纱护腿	智力+18	
07:59	282200	密制提花护肩	智力+19	魔法暴击率+2.4	
08:02	250200	密制纤尘腰带	力量+29	
08:02	117200	密制纤尘腰带	力量+19	
08:03	135000	密制纤尘腰带	力量+21	
08:03	117200	密制神木护腿	力量+19	
08:04	122200	密制纤尘护腿	力量+19	
08:04	122200	密制纤尘肩甲	力量+19	
08:04	110000	密制角斗士护肩	力量+16	
08:05	206800	密制角斗士护肩	力量+27	
08:17	115800	密制纤尘肩甲	力量+17	
08:18	122200	密制守护石	力量+16	
08:18	110800	密制守护石	智力+14	
08:22	149200	密制复合式长靴	力量+23	
08:22	115800	密制复合式长靴	力量+17	
08:23	115000	密制复合式长靴	力量+16	
08:23	115000	密制复合式长靴	力量+16	
08:23	110000	密制复合式长靴	力量+16	
08:24	115800	密制复合式护腿	力量+17	
08:24	115800	密制精锐胫甲	力量+17	
08:31	245200	密制精锐腰带	力量+29	
08:32	110800	密制精锐腰带	力量+17	
08:32	122800	密制青锋玄铁护腿	力量+20	
08:35	110000	密制战地护肩	智力+16	
08:36	115800	密制铜绿胸甲	智力+17	
08:36	195000	密制铜绿胸甲	智力+26	
08:36	110000	密制铜绿护肩	智力+16	
08:37	110800	密制铜绿护腿	智力+17	
08:37	206800	密制铜绿护腿	智力+27	
08:38	195000	密制铜绿护肩	智力+26	
08:38	113200	密制铜绿护腿	智力+18	
08:39	110000	密制铜绿护肩	智力+16	
08:39	174800	密制铜绿护腿	智力+25	
08:48	110800	密制蟒皮长袍	力量+17	
08:49	122200	密制貂皮绑腿	力量+19	
08:49	166200	密制貂皮绑腿	力量+24	魔法暴击率+2.1	
08:50	110000	密制漆皮长袍	力量+16	
08:50	127800	密制漆皮长袍	力量+20	
08:51	174800	密制漆皮长袍	力量+25	
08:51	225200	密制漆皮护肩	力量+28	
08:52	113200	密制蟒皮护肩	力量+18	
