04:16	211800	密制提花护肩	智力+27	
04:16	230200	密制勒格恩腰带	智力+28	
04:36	206800	密制科堡绑腿	力量+27	
04:37	110800	密制科堡绑腿	力量+17	
04:37	149200	密制锦丝护肩	智力+23	
04:38	130000	密制锦丝腰带	智力+21	
04:38	341200	密制提花护肩	智力+33	
04:41	113200	密制神木护腿	力量+18	
04:41	190000	密制神木胸甲	力量+26	
04:42	117200	密制神木胸甲	力量+19	
04:53	110000	密制角斗士胸甲	力量+16	
04:53	161200	密制神思者铠甲	力量+24	
05:15	273800	密制蓝宝石手镯	力量+19	移动速度+2.1	
05:16	228200	密制伊利石手镯	智力+15	移动速度+1.9	
05:16	117200	密制秘银胸甲	力量+19	
05:17	110800	密制秘银胸甲	力量+17	
05:17	149200	密制秘银护肩	力量+23	
05:18	117200	密制精锐腰带	力量+19	
05:22	113200	密制战地护腿	智力+18	体力+20	
05:23	110800	密制灵龟雕纹胸甲	智力+17	
05:23	117200	密制铂铜腰带	智力+19	
05:23	190000	密制铜绿腰带	智力+26	
05:24	166200	密制铜绿腰带	智力+24	
05:24	195000	密制铜绿腰带	智力+26	
05:25	875000	密制灵龟雕纹护腿	智力+36	魔法暴击率+5.2	
05:25	161200	密制铜绿腰带	智力+24	
05:26	130000	密制铜绿腰带	智力+21	
05:26	122800	密制铜绿腰带	智力+20	
05:26	117200	密制铜绿腰带	智力+19	
05:27	122200	密制铂铜护腿	智力+19	
05:27	130000	密制铂铜护腿	智力+21	
05:52	118200	密制铜绿腰带	智力+18	
05:52	110000	密制铜绿护腿	智力+16	
05:52	115000	密制铜绿护腿	智力+16	
05:53	110800	密制铜绿胸甲	智力+17	
05:53	115800	密制铜绿胸甲	智力+17	
05:54	115800	密制战地护肩	智力+17	
05:54	315800	密制灵龟雕纹护肩	智力+17	魔法暴击率+2.8	
05:55	115000	密制铜绿胸甲	智力+16	HP最大值+175	
05:55	135000	密制灵龟雕纹短靴	智力+21	
05:55	110000	密制铜绿胸甲	智力+16	
05:56	110000	密制铜绿胸甲	智力+16	
05:56	117200	密制铜绿腰带	智力+19	
05:57	135000	密制灵龟雕纹护腿	智力+21	
05:57	113200	密制铂铜护腿	智力+18	
05:58	138800	密制铜绿胸甲	智力+22	
05:58	122200	密制铜绿胸甲	智力+19	
05:58	110000	密制铜绿胸甲	智力+16	
05:59	110000	密制铜绿战靴	智力+16	
06:02	115800	密制蟒皮长袍	力量+17	
06:02	122200	密制蟒皮长袍	力量+19	
06:03	113200	密制蟒皮长袍	力量+18	
06:03	122200	密制漆皮长袍	力量+19	
06:03	110800	密制漆皮护腿	力量+17	
06:04	118200	密制漆皮长袍	力量+18	
06:05	118200	密制漆皮长袍	力量+18	
06:05	115000	密制蟒皮护肩	力量+16	
10:02	110000	密制锦丝腰带	智力+16	
10:02	118200	密制科堡长靴	力量+18	
10:23	206800	密制提花长裤	智力+27	
10:23	110800	密制科堡腰带	力量+17	
10:24	115800	密制科堡腰带	力量+17	
10:24	174800	密制豹皮腰带	力量+25	
10:27	110000	密制铜绿战靴	智力+16	
10:28	110000	密制铜绿腰带	智力+16	
10:31	115000	密制蟒皮护肩	力量+16	
10:31	130000	密制貂皮护肩	力量+21	
10:32	110800	密制貂皮护肩	力量+17	
10:37	118200	密制漆皮护肩	力量+18	
