04:23	before	密制科堡绑腿	回避率+1.4	
04:25	after	密制科堡绑腿	力量+27	
04:25	before	密制科堡绑腿	魔法暴击率+1.5	
04:28	after	密制科堡绑腿	精神+18	
04:29	before	密制科堡绑腿	精神+18	
04:31	after	密制科堡绑腿	力量+17	
05:32	before	密制铜绿护腿	回避率+1.5	
05:32	after	密制铜绿护腿	智力+16	
05:32	before	密制铜绿胸甲	智力+11	
05:34	after	密制铜绿胸甲	智力+17	
05:34	before	密制铜绿胸甲	魔法暴击率+2.3	
05:34	after	密制铜绿胸甲	智力+17	
05:34	before	密制战地护肩	MP最大值+114	
05:36	after	密制战地护肩	智力+17	
05:36	before	密制灵龟雕纹护肩	智力+17	MP最大值+105	
05:38	after	密制灵龟雕纹护肩	智力+17	魔法暴击率+2.8	
05:38	before	密制灵龟雕纹短靴	魔法暴击率+3	
05:39	after	密制灵龟雕纹短靴	智力+21	
05:39	before	密制铜绿胸甲	物理暴击率+2	
05:41	after	密制铜绿胸甲	智力+16	
05:41	before	密制铜绿胸甲	精神+11	
05:42	after	密制铜绿胸甲	智力+16	
05:42	before	密制灵龟雕纹护腿	HP最大值+122	
05:42	after	密制灵龟雕纹护腿	智力+21	
05:42	before	密制铂铜护腿	MP最大值+110	
05:45	after	密制铂铜护腿	力量+14	
05:45	before	密制铜绿胸甲	力量+18	
05:45	after	密制铜绿胸甲	智力+22	
05:45	before	密制铜绿胸甲	MP最大值+183	
05:45	after	密制铜绿胸甲	智力+19	
05:45	before	密制铜绿胸甲	HP最大值+144	
05:46	after	密制铜绿胸甲	智力+16	
05:46	before	密制铜绿战靴	HP最大值+128	
05:46	after	密制铜绿战靴	智力+16	
05:49	before	密制铂铜护腿	力量+14	
05:49	after	密制铂铜护腿	智力+18	
