06:30	295000	密制天鹅绒短靴	智力+31	
06:30	179800	密制锦丝短靴	智力+25	
06:31	115800	密制蚕纱短靴	智力+17	
06:31	118200	密制提花护肩	智力+18	
06:32	115800	密制提花护肩	智力+17	
06:32	115800	密制锦丝短靴	智力+17	
06:33	110800	密制勒格恩腿甲	智力+17	
06:33	127800	密制锦丝长裤	智力+20	
06:33	154200	密制锦丝长裤	智力+23	
06:36	174800	密制角斗士腰带	力量+25	
06:37	117200	密制神木护肩	力量+19	
06:37	138800	密制神木护腿	力量+22	
06:38	138800	密制纤尘肩甲	力量+22	
06:38	250200	密制纤尘护腿	力量+29	
06:46	110000	密制秘银腰带	力量+16	HP最大值+123	
06:46	190000	密制青锋玄铁腰带	力量+26	
06:47	117200	密制秘银胸甲	力量+19	
06:47	113200	密制秘银护肩	力量+18	
06:47	115800	密制秘银护肩	力量+17	
06:48	122800	密制秘银长靴	力量+20	
06:48	149200	密制秘银护腿	力量+23	
06:58	117200	密制铜绿护腿	智力+19	
06:58	127800	密制铜绿腰带	智力+20	
07:12	113200	密制铂铜护腿	智力+18	
07:13	154200	密制没落贵族臂章	力量+20	
07:13	117200	密制铜绿护腿	智力+19	
07:14	110000	密制铜绿护腿	智力+16	
07:14	350800	密制铜绿护肩	智力+17	魔法暴击率+3.2	
07:14	149200	密制铂铜腰带	智力+23	
07:15	117200	密制铜绿战靴	智力+19	
07:18	110000	密制漆皮护肩	力量+16	
07:34	130000	密制蟒皮护腿	力量+21	
07:35	117200	密制貂皮腰带	力量+19	
07:35	122800	密制科堡护肩	力量+20	
07:36	115000	密制薄纱腰带	智力+16	
07:36	110800	密制万伤石	力量+14	
07:37	135000	密制万伤石	力量+18	
