00:00	！！！大区38 广州1区角色1开始扫拍
00:00	！！！大区38 广州1区角色1结束扫拍
00:00	！！！大区38 广州1区角色1开始变换
00:00	打开物品栏并整理失败-变换前失败
00:01	打开物品栏并整理失败-变换前失败
00:01	由于变换前操作失败导致变换失败
00:01	打开物品栏并整理失败-变换前失败
00:01	打开物品栏并整理失败-变换前失败
00:01	由于变换前操作失败导致变换失败
00:02	打开物品栏并整理失败-变换前失败
00:02	打开物品栏并整理失败-变换前失败
00:02	由于变换前操作失败导致变换失败
00:02	打开物品栏并整理失败-变换前失败
00:03	打开物品栏并整理失败-变换前失败
00:03	由于变换前操作失败导致变换失败
00:03	打开物品栏并整理失败-变换前失败
00:03	打开物品栏并整理失败-变换前失败
00:03	由于变换前操作失败导致变换失败
00:03	！！！大区38 广州1区角色1变换次数过多，重新登录
00:03	重新开始登陆
00:09	账号38 广州1区每日任务开始时间： 00:09
00:09	！！！大区38 广州1区角色1开始变换
00:13	！！大区38 广州1区角色1结束变换
00:13	账号38 广州1区每日任务结束时间： 00:13
00:13	广州1区-角色1	开始
00:21	！！！大区38 广州1区角色1开始扫拍
00:21	！！！大区38 广州1区角色1结束扫拍
00:21	！！！大区38 广州1区角色1开始变换
00:22	打开物品栏并整理失败-变换前失败
00:22	打开物品栏并整理失败-变换前失败
00:22	由于变换前操作失败导致变换失败
00:23	打开物品栏并整理失败-变换前失败
00:24	打开物品栏并整理失败-变换前失败
00:24	由于变换前操作失败导致变换失败
00:25	打开物品栏并整理失败-变换前失败
00:25	打开物品栏并整理失败-变换前失败
00:25	由于变换前操作失败导致变换失败
00:26	打开物品栏并整理失败-变换前失败
00:26	打开物品栏并整理失败-变换前失败
00:26	由于变换前操作失败导致变换失败
00:27	打开物品栏并整理失败-变换前失败
00:27	打开物品栏并整理失败-变换前失败
00:27	由于变换前操作失败导致变换失败
00:27	！！！大区38 广州1区角色1变换次数过多，重新登录
00:27	重新开始登陆
00:36	重新开始登陆
00:46	重新开始登陆
00:55	选频道出错
00:55	重新开始登陆
01:07	选频道出错
01:07	重新开始登陆
01:24	重新开始登陆
01:43	选频道出错
01:43	重新开始登陆
01:49	账号39 四川3区每日任务开始时间： 01:49
01:50	账号39角色1 每日任务换角色出错
01:50	重新开始登陆
01:52	重新开始登陆
02:00	选频道出错
02:00	重新开始登陆
02:11	重新开始登陆
02:17	重新开始登陆
02:33	选频道出错
02:33	重新开始登陆
02:49	账号39 四川3区每日任务开始时间： 02:49
02:51	账号39角色1 每日任务换角色出错
02:51	重新开始登陆
02:59	重新开始登陆
03:05	选角色出错
03:05	重新开始登陆
03:15	选频道出错
03:15	重新开始登陆
03:21	重新开始登陆
03:35	账号39 四川3区每日任务开始时间： 03:35
03:37	账号39角色1 每日任务换角色出错
03:37	重新开始登陆
03:44	账号39 四川3区每日任务开始时间： 03:44
03:47	账号39角色1 每日任务换角色出错
03:47	重新开始登陆
03:56	重新开始登陆
04:06	重新开始登陆
04:19	重新开始登陆
04:29	账号39 四川3区每日任务开始时间： 04:29
04:37	账号39 四川3区每日任务完成
04:37	账号39 四川3区每日任务结束时间： 04:37
04:37	四川3区-角色1	开始
04:42	！！！大区39 四川3区角色1开始扫拍
04:57	！！！大区39 四川3区角色1结束扫拍
04:57	！！！大区39 四川3区角色1开始变换
04:59	！！大区39 四川3区角色1结束变换
05:02	账号39角色1 每日任务换角色出错
05:02	重新开始登陆
05:08	选频道出错
05:08	重新开始登陆
05:10	重新开始登陆
05:14	重新开始登陆
05:20	重新开始登陆
05:29	重新开始登陆
05:42	初始化配置出错
