04:22	before	密制日光石戒指	施放速度+2.1	
04:24	after	密制日光石戒指	命中率+2	
04:24	before	密制增益石	力量+12	
04:25	after	密制增益石	智力+19	
04:25	before	密制增益石	物理暴击率+1.9	
04:26	after	密制增益石	智力+17	
04:26	before	密制科堡绑腿	MP最大值+134	
04:27	after	密制科堡绑腿	力量+21	
04:27	before	密制科堡绑腿	精神+13	
04:29	after	密制科堡绑腿	体力+13	
04:29	before	密制天鹅绒短裤	HP最大值+104	
04:29	after	密制天鹅绒短裤	智力+25	
04:29	before	密制天鹅绒短裤	HP最大值+108	
04:31	after	密制天鹅绒短裤	HP最大值+133	
04:31	before	密制薄纱长袍	体力+12	
04:34	after	密制薄纱长袍	智力+16	
04:34	before	密制薄纱长袍	力量+15	回避率+2.4	
04:34	after	密制薄纱长袍	力量+15	智力+16	
04:36	before	密制日光石戒指	命中率+2	
04:36	after	密制日光石戒指	智力+14	
04:36	before	密制科堡绑腿	体力+13	
04:39	after	密制科堡绑腿	力量+28	
04:39	before	密制天鹅绒短裤	HP最大值+133	
04:40	after	密制天鹅绒短裤	智力+16	
