00:00	由于变换失败装备过多过多,而导致变换失败
00:02	由于变换失败装备过多过多,而导致变换失败
00:03	由于变换失败装备过多过多,而导致变换失败
00:05	！！大区46 浙江4区角色3结束变换
00:05	账号46 浙江4区每日任务结束时间： 00:05
00:05	重新开始登陆
00:18	重新开始登陆
00:27	重新开始登陆
00:29	重新开始登陆
00:41	重新开始登陆
00:47	重新开始登陆
00:56	重新开始登陆
01:13	登录失败
01:13	重新开始登陆
01:15	重新开始登陆
01:20	选角色出错
01:20	重新开始登陆
01:24	重新开始登陆
01:38	重新开始登陆
01:47	重新开始登陆
02:07	重新开始登陆
02:12	账号48 安徽2区每日任务开始时间： 02:12
02:14	账号48角色1 每日任务换角色出错
02:14	重新开始登陆
02:16	重新开始登陆
02:25	重新开始登陆
02:32	登录失败
02:32	重新开始登陆
02:44	选频道出错
02:44	重新开始登陆
03:02	重新开始登陆
03:23	重新开始登陆
03:25	重新开始登陆
03:30	账号46 浙江4区每日任务开始时间： 03:30
03:30	账号46 浙江4区每日任务结束时间： 03:30
03:30	浙江4区-角色1	开始
03:32	上架出错，下一个角色
03:35	账号46角色2 换角色出错
03:35	重新开始登陆
03:40	账号46 浙江4区每日任务开始时间： 03:40
03:40	账号46 浙江4区每日任务结束时间： 03:40
03:41	浙江4区-角色2	开始
03:42	上架出错，下一个角色
03:46	账号46角色3 换角色出错
03:46	重新开始登陆
03:51	账号46 浙江4区每日任务开始时间： 03:51
03:51	账号46 浙江4区每日任务结束时间： 03:51
03:51	浙江4区-角色3	开始
03:52	上架出错，下一个角色
03:56	账号46角色4 换角色出错
03:56	重新开始登陆
04:01	账号46 浙江4区每日任务开始时间： 04:01
04:01	账号46 浙江4区每日任务结束时间： 04:01
04:01	浙江4区-角色4	开始
04:05	超过上架上限
04:06	账号46 浙江4区每日任务结束时间： 04:06
04:06	浙江4区-角色5	开始
04:11	！！！大区46 浙江4区角色5开始扫拍
04:11	！！！大区46 浙江4区角色5结束扫拍
04:11	！！！大区46 浙江4区角色5开始变换
04:16	！！大区46 浙江4区角色5结束变换
04:16	账号46 浙江4区每日任务结束时间： 04:16
04:16	浙江4区-角色5	开始
04:19	重新开始登陆
04:25	账号47 四川4区每日任务开始时间： 04:25
04:30	账号47角色1 每日任务换角色出错
04:30	重新开始登陆
04:39	重新开始登陆
04:45	账号47 四川4区每日任务开始时间： 04:45
04:52	账号47角色1 每日任务换角色出错
04:52	重新开始登陆
04:58	账号47 四川4区每日任务开始时间： 04:58
05:05	账号47角色1 每日任务换角色出错
05:05	重新开始登陆
05:10	账号47 四川4区每日任务开始时间： 05:10
05:13	账号47角色1 每日任务换角色出错
05:13	重新开始登陆
05:18	账号47 四川4区每日任务开始时间： 05:18
05:21	账号47 四川4区每日任务完成
05:22	账号47 四川4区每日任务结束时间： 05:22
05:22	四川4区-角色1	开始
05:26	超过上架上限
05:27	账号47 四川4区每日任务结束时间： 05:27
05:27	四川4区-角色2	开始
05:30	！！！大区47 四川4区角色2开始扫拍
05:31	扫拍价格: 104039自己上架价格: 0
05:31	扫拍价格: 111111自己上架价格: 0
05:32	扫拍价格: 48887自己上架价格: 0
05:32	扫拍价格: 120000自己上架价格: 0
05:33	扫拍价格: 50000自己上架价格: 0
05:33	扫拍价格: 100000自己上架价格: 0
05:33	扫拍价格: 119425自己上架价格: 0
05:34	扫拍价格: 88888自己上架价格: 0
05:34	扫拍价格: 89999自己上架价格: 0
05:34	扫拍价格: 150000自己上架价格: 0
05:35	！！！大区47 四川4区角色2结束扫拍
05:35	！！！大区47 四川4区角色2开始变换
05:40	！！大区47 四川4区角色2结束变换
05:40	账号47 四川4区每日任务结束时间： 05:40
05:40	四川4区-角色2	开始
05:47	账号47 四川4区每日任务结束时间： 05:47
05:47	四川4区-角色3	开始
05:50	！！！大区47 四川4区角色3开始扫拍
05:50	扫拍价格: 100000自己上架价格: 0
05:51	扫拍价格: 131373自己上架价格: 110800
05:51	扫拍价格: 200000自己上架价格: 0
05:52	扫拍价格: 250000自己上架价格: 110000
05:52	扫拍价格: 588888自己上架价格: 185008
05:52	扫拍价格: 50000自己上架价格: 0
05:52	扫拍价格: 171056自己上架价格: 0
05:54	扫拍价格: 111111自己上架价格: 0
05:54	扫拍价格: 213736自己上架价格: 0
05:54	扫拍价格: 213736自己上架价格: 0
05:54	扫拍价格: 39999自己上架价格: 0
05:55	扫拍价格: 40000自己上架价格: 0
05:57	扫拍价格: 50855自己上架价格: 0
05:57	扫拍价格: 95775自己上架价格: 0
05:57	扫拍价格: 111111自己上架价格: 0
05:57	扫拍价格: 125872自己上架价格: 0
05:58	扫拍价格: 90000自己上架价格: 0
05:59	扫拍价格: 90000自己上架价格: 0
05:59	扫拍价格: 122639自己上架价格: 0
06:00	扫拍价格: 100000自己上架价格: 0
06:01	扫拍价格: 131373自己上架价格: 110800
06:01	扫拍价格: 200000自己上架价格: 0
06:01	扫拍价格: 250000自己上架价格: 110000
06:01	扫拍价格: 588888自己上架价格: 185008
06:02	扫拍价格: 50000自己上架价格: 0
06:02	扫拍价格: 171056自己上架价格: 0
06:03	扫拍价格: 111111自己上架价格: 0
06:03	扫拍价格: 213736自己上架价格: 0
06:03	扫拍价格: 213736自己上架价格: 0
06:04	！！！大区47 四川4区角色3结束扫拍
06:04	！！！大区47 四川4区角色3开始变换
06:13	！！大区47 四川4区角色3结束变换
06:13	账号47 四川4区每日任务结束时间： 06:13
06:13	四川4区-角色3	开始
06:18	账号47 四川4区每日任务结束时间： 06:18
06:18	四川4区-角色4	开始
06:21	！！！大区47 四川4区角色4开始扫拍
06:23	扫拍价格: 79232自己上架价格: 0
06:23	扫拍价格: 100000自己上架价格: 0
06:24	！！！大区47 四川4区角色4结束扫拍
06:24	！！！大区47 四川4区角色4开始变换
06:29	！！大区47 四川4区角色4结束变换
06:29	账号47 四川4区每日任务结束时间： 06:29
06:29	四川4区-角色4	开始
06:34	账号47 四川4区每日任务结束时间： 06:34
06:34	四川4区-角色5	开始
06:37	！！！大区47 四川4区角色5开始扫拍
06:37	扫拍价格: 150000自己上架价格: 0
06:39	扫拍价格: 77777自己上架价格: 115000
06:39	扫拍价格: 100000自己上架价格: 0
06:39	扫拍价格: 160000自己上架价格: 0
06:39	扫拍价格: 266309自己上架价格: 0
06:39	扫拍价格: 266309自己上架价格: 0
06:39	扫拍价格: 266309自己上架价格: 0
06:40	扫拍价格: 33300自己上架价格: 0
06:40	扫拍价格: 66666自己上架价格: 0
06:40	扫拍价格: 106876自己上架价格: 0
06:40	扫拍价格: 106876自己上架价格: 0
06:41	扫拍价格: 1747011自己上架价格: 115000
06:41	扫拍价格: 2000000自己上架价格: 0
06:42	扫拍价格: 80000自己上架价格: 0
06:42	扫拍价格: 278073自己上架价格: 0
06:42	扫拍价格: 278073自己上架价格: 0
06:42	扫拍价格: 126810自己上架价格: 0
06:43	扫拍价格: 170001自己上架价格: 0
06:43	扫拍价格: 186810自己上架价格: 0
06:43	扫拍价格: 69999自己上架价格: 0
06:43	扫拍价格: 140803自己上架价格: 115000
06:43	扫拍价格: 188888自己上架价格: 0
06:43	扫拍价格: 211354自己上架价格: 0
06:43	扫拍价格: 211354自己上架价格: 0
06:44	！！！大区47 四川4区角色5结束扫拍
06:44	！！！大区47 四川4区角色5开始变换
06:58	！！大区47 四川4区角色5结束变换
06:58	账号47 四川4区每日任务结束时间： 06:58
06:58	四川4区-角色5	开始
07:03	超过上架上限
07:04	重新开始登陆
07:09	账号48 安徽2区每日任务开始时间： 07:09
07:13	账号48角色1 每日任务换角色出错
07:13	重新开始登陆
07:18	账号48 安徽2区每日任务开始时间： 07:18
07:29	账号48角色1 每日任务换角色出错
07:29	重新开始登陆
07:34	账号48 安徽2区每日任务开始时间： 07:34
07:55	账号48 安徽2区每日任务完成
07:56	账号48 安徽2区每日任务结束时间： 07:56
07:56	安徽2区-角色1	开始
07:59	！！！大区48 安徽2区角色1开始扫拍
08:00	扫拍价格: 39998自己上架价格: 0
08:00	扫拍价格: 39999自己上架价格: 0
08:01	扫拍价格: 59598自己上架价格: 0
08:01	扫拍价格: 105518自己上架价格: 0
08:01	扫拍价格: 105518自己上架价格: 0
08:01	扫拍价格: 105518自己上架价格: 0
08:02	扫拍价格: 48888自己上架价格: 0
08:02	扫拍价格: 499999自己上架价格: 0
08:02	扫拍价格: 33333自己上架价格: 0
08:02	扫拍价格: 50000自己上架价格: 0
08:02	扫拍价格: 53332自己上架价格: 0
08:02	扫拍价格: 135077自己上架价格: 0
08:04	扫拍价格: 188883自己上架价格: 0
08:04	扫拍价格: 188883自己上架价格: 0
08:04	扫拍价格: 184050自己上架价格: 0
08:06	扫拍价格: 127168自己上架价格: 0
08:07	扫拍价格: 44444自己上架价格: 0
08:07	扫拍价格: 60606自己上架价格: 0
08:08	扫拍价格: 87499自己上架价格: 110000
08:08	扫拍价格: 87499自己上架价格: 110000
08:08	扫拍价格: 88888自己上架价格: 0
08:08	扫拍价格: 90000自己上架价格: 0
08:08	扫拍价格: 100000自己上架价格: 0
08:08	扫拍价格: 100000自己上架价格: 122800
08:08	扫拍价格: 103970自己上架价格: 0
08:08	扫拍价格: 111111自己上架价格: 0
08:08	扫拍价格: 181111自己上架价格: 110000
08:09	扫拍价格: 183094自己上架价格: 115000
08:09	扫拍价格: 191397自己上架价格: 0
08:09	扫拍价格: 191397自己上架价格: 0
08:09	扫拍价格: 191397自己上架价格: 0
08:09	！！！大区48 安徽2区角色1结束扫拍
08:09	！！！大区48 安徽2区角色1开始变换
08:12	！！大区48 安徽2区角色1结束变换
08:38	账号48 安徽2区每日任务完成时出错
08:39	账号48 安徽2区每日任务完成
08:39	账号48 安徽2区每日任务结束时间： 08:39
08:39	安徽2区-角色1	开始
08:47	超过上架上限
08:48	账号48 安徽2区每日任务结束时间： 08:48
08:48	安徽2区-角色2	开始
08:56	！！！大区48 安徽2区角色2开始扫拍
08:56	扫拍价格: 99994自己上架价格: 0
08:56	扫拍价格: 99995自己上架价格: 0
08:56	扫拍价格: 115612自己上架价格: 0
08:57	扫拍价格: 111111自己上架价格: 0
08:58	扫拍价格: 78000自己上架价格: 0
08:58	扫拍价格: 80000自己上架价格: 0
08:58	扫拍价格: 100000自己上架价格: 0
08:58	扫拍价格: 114071自己上架价格: 0
08:58	扫拍价格: 80750自己上架价格: 0
08:58	扫拍价格: 161389自己上架价格: 0
08:58	扫拍价格: 152767自己上架价格: 0
08:59	扫拍价格: 158440自己上架价格: 0
08:59	扫拍价格: 158443自己上架价格: 0
09:00	扫拍价格: 45000自己上架价格: 0
09:00	扫拍价格: 49899自己上架价格: 0
09:00	扫拍价格: 100000自己上架价格: 0
09:00	扫拍价格: 109767自己上架价格: 0
09:00	扫拍价格: 109767自己上架价格: 0
09:01	扫拍价格: 45000自己上架价格: 0
09:01	扫拍价格: 49899自己上架价格: 0
09:01	扫拍价格: 100000自己上架价格: 0
09:01	扫拍价格: 109767自己上架价格: 0
09:01	扫拍价格: 109767自己上架价格: 0
09:01	扫拍价格: 45000自己上架价格: 0
09:01	扫拍价格: 49899自己上架价格: 0
09:01	扫拍价格: 100000自己上架价格: 0
09:01	扫拍价格: 109767自己上架价格: 0
09:01	扫拍价格: 109767自己上架价格: 0
09:01	扫拍价格: 39999自己上架价格: 0
09:01	扫拍价格: 40000自己上架价格: 0
09:02	扫拍价格: 40000自己上架价格: 0
09:02	扫拍价格: 83848自己上架价格: 0
09:02	扫拍价格: 110000自己上架价格: 0
09:03	扫拍价格: 111111自己上架价格: 115000
09:03	扫拍价格: 144781自己上架价格: 0
09:03	扫拍价格: 155555自己上架价格: 130000
09:03	扫拍价格: 250000自己上架价格: 117200
09:05	！！！大区48 安徽2区角色2结束扫拍
09:05	！！！大区48 安徽2区角色2开始变换
09:10	！！大区48 安徽2区角色2结束变换
09:10	账号48 安徽2区每日任务结束时间： 09:10
09:10	安徽2区-角色2	开始
09:14	重新开始登陆
09:23	账号48 安徽2区每日任务开始时间： 09:23
09:26	！！！大区48 安徽2区角色2开始扫拍
09:28	！！！大区48 安徽2区角色2结束扫拍
09:28	！！！大区48 安徽2区角色2开始变换
09:31	！！大区48 安徽2区角色2结束变换
09:31	账号48 安徽2区每日任务结束时间： 09:31
09:31	安徽2区-角色2	开始
09:34	账号48 安徽2区每日任务结束时间： 09:34
09:34	安徽2区-角色3	开始
09:40	！！！大区48 安徽2区角色3开始扫拍
09:51	！！！大区48 安徽2区角色3结束扫拍
09:51	！！！大区48 安徽2区角色3开始变换
09:55	！！大区48 安徽2区角色3结束变换
09:55	账号48 安徽2区每日任务结束时间： 09:55
09:55	安徽2区-角色3	开始
09:58	超过上架上限
09:59	账号48 安徽2区每日任务结束时间： 09:59
09:59	安徽2区-角色4	开始
10:05	！！！大区48 安徽2区角色4开始扫拍
10:15	！！！大区48 安徽2区角色4结束扫拍
10:15	！！！大区48 安徽2区角色4开始变换
10:18	！！大区48 安徽2区角色4结束变换
10:18	账号48 安徽2区每日任务结束时间： 10:18
10:18	安徽2区-角色4	开始
10:21	账号48 安徽2区每日任务结束时间： 10:21
10:21	安徽2区-角色5	开始
10:25	！！！大区48 安徽2区角色5开始扫拍
10:31	！！！大区48 安徽2区角色5结束扫拍
10:31	！！！大区48 安徽2区角色5开始变换
10:42	！！大区48 安徽2区角色5结束变换
10:42	账号48 安徽2区每日任务结束时间： 10:42
10:42	安徽2区-角色5	开始
17:31	重新开始登陆
17:36	账号48 角色5开始清理
17:40	魔力结晶存仓失败
17:41	魔力结晶存仓失败
17:44	重新开始登陆
17:48	账号46 角色1开始清理
17:52	账号46 角色2开始清理
17:54	清理失败
17:56	清理失败
17:57	清理失败
17:58	金币存仓失败
17:58	金币存仓失败
17:58	金币存仓失败
17:58	魔力结晶存仓失败
17:58	金币存仓失败
17:59	金币存仓失败
17:59	金币存仓失败
17:59	魔力结晶存仓失败
18:02	重新开始登陆
18:06	账号46 角色3开始清理
18:10	金币存仓失败
18:10	魔力结晶存仓失败
18:10	金币存仓失败
18:10	金币存仓失败
18:10	金币存仓失败
18:10	魔力结晶存仓失败
18:11	重新开始登陆
18:16	账号46 角色4开始清理
18:21	魔力结晶存仓失败
18:21	金币取仓失败
18:21	金币取仓失败
18:21	金币取仓失败
18:21	魔力结晶存仓失败
18:22	重新开始登陆
18:26	账号46 角色5开始清理
18:31	账号46 角色6开始清理
18:34	重新开始登陆
18:43	重新开始登陆
18:50	账号47 角色1开始清理
18:52	清理失败
18:53	清理失败
18:54	清理失败
18:54	金币存仓失败
18:54	金币存仓失败
18:54	金币存仓失败
18:54	魔力结晶存仓失败
18:54	金币存仓失败
18:54	金币存仓失败
18:54	金币存仓失败
18:54	魔力结晶存仓失败
18:55	重新开始登陆
18:59	账号47 角色2开始清理
19:03	魔力结晶存仓失败
19:04	金币存仓失败
19:04	魔力结晶存仓失败
19:05	重新开始登陆
19:11	账号47 角色3开始清理
19:15	魔力结晶存仓失败
19:17	魔力结晶存仓失败
19:17	账号47 角色4开始清理
19:20	魔力结晶存仓失败
19:21	魔力结晶存仓失败
19:21	账号47 角色5开始清理
19:25	魔力结晶存仓失败
19:27	魔力结晶存仓失败
19:27	账号47 角色6开始清理
19:32	魔力结晶存仓失败
19:33	魔力结晶存仓失败
19:34	账号47 角色7开始清理
19:37	魔力结晶存仓失败
19:38	魔力结晶存仓失败
19:39	账号47 角色8开始清理
19:42	魔力结晶存仓失败
19:43	魔力结晶存仓失败
19:43	重新开始登陆
19:49	账号48 角色1开始清理
19:53	魔力结晶存仓失败
19:54	魔力结晶存仓失败
19:55	账号48 角色2开始清理
19:59	魔力结晶存仓失败
20:00	魔力结晶存仓失败
20:01	账号48 角色3开始清理
20:04	魔力结晶存仓失败
20:06	魔力结晶存仓失败
20:06	账号48 角色4开始清理
20:09	魔力结晶存仓失败
20:10	魔力结晶存仓失败
20:10	账号48 角色5开始清理
20:15	魔力结晶存仓失败
20:17	魔力结晶存仓失败
20:17	账号48 角色6开始清理
20:20	魔力结晶存仓失败
20:22	魔力结晶存仓失败
20:22	账号48 角色7开始清理
20:26	魔力结晶存仓失败
20:27	魔力结晶存仓失败
20:28	账号48 角色8开始清理
20:31	魔力结晶存仓失败
20:32	魔力结晶存仓失败
20:33	账号48 角色9开始清理
20:36	魔力结晶存仓失败
20:37	魔力结晶存仓失败
20:38	账号48 角色10开始清理
20:42	账号48 角色11开始清理
20:45	魔力结晶存仓失败
20:47	魔力结晶存仓失败
20:47	账号48 角色12开始清理
21:04	重新开始登陆
21:10	账号46 角色1开始清理
21:15	魔力结晶存仓失败
21:15	金币存仓失败
21:15	金币存仓失败
21:15	金币存仓失败
21:15	魔力结晶存仓失败
21:15	重新开始登陆
21:20	账号46 角色2开始清理
21:27	账号46 角色3开始清理
21:30	金币存仓失败
21:31	金币存仓失败
21:31	金币存仓失败
21:32	账号46 角色4开始清理
21:36	账号46 角色5开始清理
21:39	清理失败
21:41	清理失败
21:41	金币存仓失败
21:42	金币存仓失败
21:42	金币存仓失败
21:42	魔力结晶存仓失败
21:42	金币存仓失败
21:42	金币存仓失败
21:43	金币存仓失败
21:43	魔力结晶存仓失败
21:43	重新开始登陆
21:47	账号47 角色1开始清理
21:52	魔力结晶存仓失败
21:53	魔力结晶存仓失败
21:56	重新开始登陆
22:01	账号47 角色2开始清理
22:05	清理失败
22:06	清理失败
22:08	清理失败
22:08	金币存仓失败
22:08	金币存仓失败
22:08	金币存仓失败
22:09	魔力结晶存仓失败
22:09	金币存仓失败
22:09	金币存仓失败
22:09	金币存仓失败
22:09	魔力结晶存仓失败
22:12	重新开始登陆
22:16	账号47 角色3开始清理
22:21	魔力结晶存仓失败
22:23	魔力结晶存仓失败
22:25	重新开始登陆
22:31	账号47 角色4开始清理
22:34	魔力结晶存仓失败
22:35	魔力结晶存仓失败
22:36	账号47 角色5开始清理
22:39	清理失败
22:40	清理失败
22:41	金币存仓失败
22:42	金币存仓失败
22:42	金币存仓失败
22:42	魔力结晶存仓失败
22:42	金币存仓失败
22:42	金币存仓失败
22:43	金币存仓失败
22:43	魔力结晶存仓失败
22:43	重新开始登陆
22:47	账号48 角色1开始清理
22:51	清理失败
22:52	清理失败
22:54	清理失败
22:54	金币存仓失败
22:54	金币存仓失败
22:54	金币存仓失败
22:55	魔力结晶存仓失败
22:55	金币存仓失败
22:55	金币存仓失败
22:55	金币存仓失败
22:56	魔力结晶存仓失败
22:59	重新开始登陆
23:05	账号48 角色2开始清理
23:12	金币存仓失败
23:12	金币存仓失败
23:12	金币存仓失败
23:13	魔力结晶存仓失败
23:13	金币存仓失败
23:13	金币存仓失败
23:13	金币存仓失败
23:13	魔力结晶存仓失败
23:16	重新开始登陆
23:28	重新开始登陆
23:33	账号46 浙江4区每日任务开始时间： 23:33
23:40	重新开始登陆
23:46	账号46 浙江4区每日任务开始时间： 23:46
23:48	上架出错，下一个角色
23:48	账号46角色2 换角色出错
23:48	重新开始登陆
23:49	重新开始登陆
23:56	账号46 浙江4区每日任务开始时间： 23:56
23:56	账号46 浙江4区每日任务结束时间： 23:56
23:56	浙江4区-角色2	开始
23:59	上架出错，下一个角色
23:59	账号46角色3 换角色出错
23:59	重新开始登陆
