00:00	before	密制神思者铠甲	MP最大值+151	
02:02	before	密制神思者铠甲	MP最大值+151	
02:02	before	密制提花护肩	力量+19	MP最大值+114	
02:02	before	密制守护石	MP最大值+157	
02:02	before	密制伊利石戒指	移动速度+1.5	
02:02	before	密制青空之蓝手套	物理暴击率+1.9	
02:02	before	密制青空之蓝手套	物理暴击率+1.9	
02:03	before	密制守护石	体力+15	
02:03	before	密制伊利石戒指	施放速度+2	
02:03	before	密制日光石手镯	移动速度+1.7	
02:03	before	密制日光石手镯	体力+24	
02:03	before	密制守护石	魔法暴击率+2.8	
02:03	before	密制日光石手镯	光属性抗性+5	
02:04	before	密制青空之蓝手套	物理暴击率+2	
02:04	before	密制伊利石戒指	智力+23	所有异常状态抗性+6	
02:04	before	密制伊利石戒指	移动速度+2	
02:04	before	密制锦丝腰带	精神+16	
02:04	before	密制提花护肩	MP最大值+133	
02:05	before	密制合金长靴	智力+14	
02:05	before	密制豹皮短靴	智力+13	
02:05	before	密制天鹅绒短靴	体力+11	
02:05	before	密制天鹅绒短靴	力量+11	
02:17	before	密制神思者铠甲	MP最大值+151	
02:58	before	密制提花短靴	体力+12	
02:59	after	密制提花短靴	智力+20	
02:59	before	密制芭芭拉手套	物理暴击率+2.8	
03:00	after	密制芭芭拉手套	力量+16	
03:00	before	密制紫罗兰戒指	施放速度+2.4	HP最大值+171	
03:00	before	密制锦丝护肩	力量+17	
03:00	after	密制锦丝护肩	智力+20	
03:00	before	密制提花短靴	HP最大值+184	
03:01	after	密制提花短靴	智力+23	
03:01	before	密制芭芭拉手套	命中率+2.8	
03:02	after	密制芭芭拉手套	智力+17	
03:02	before	密制芭芭拉手套	力量+12	
03:02	after	密制芭芭拉手套	智力+16	
03:02	before	密制芭芭拉手套	回避率+2.4	
03:02	after	密制芭芭拉手套	智力+16	
03:02	before	密制没落贵族臂章	魔法暴击率+2.3	
03:04	after	密制没落贵族臂章	力量+23	
03:04	before	密制没落贵族臂章	物理暴击率+2.4	
03:04	after	密制没落贵族臂章	力量+13	
03:04	before	密制提花短靴	物理暴击率+2.7	
03:04	after	密制提花短靴	智力+16	
03:05	before	密制芭芭拉手套	物理暴击率+1.8	
03:05	after	密制芭芭拉手套	力量+16	
03:05	before	密制芭芭拉手套	魔法暴击率+1.8	
03:06	after	密制芭芭拉手套	力量+16	
03:06	before	密制紫罗兰戒指	冰属性抗性+8	
03:06	after	密制紫罗兰戒指	力量+16	
03:08	before	密制紫罗兰戒指	施放速度+2.4	HP最大值+171	
03:37	before	密制紫罗兰戒指	施放速度+2.4	HP最大值+171	
03:37	before	密制锦丝护肩	力量+19	
03:38	after	密制锦丝护肩	智力+29	
03:39	before	密制紫罗兰戒指	施放速度+2.4	HP最大值+171	
03:50	before	密制龙魂石	精神+15	
03:50	before	密制龙魂石	回避率+1.7	
03:51	before	密制日光石项坠	所有异常状态抗性+4	
03:51	before	密制龙魂石	MP最大值+155	
03:51	before	密制龙魂石	体力+13	
03:51	before	密制龙魂石	物理暴击率+1.6	
03:51	before	密制龙魂石	体力+18	
03:54	before	密制龙魂石	精神+15	
03:54	before	密制龙魂石	回避率+1.7	
03:55	before	密制日光石项坠	所有异常状态抗性+4	
03:55	before	密制龙魂石	MP最大值+155	
03:55	before	密制龙魂石	体力+13	
03:55	before	密制龙魂石	物理暴击率+1.6	
03:55	before	密制龙魂石	体力+18	
