00:05	重新开始登陆
00:10	选角色出错
00:10	重新开始登陆
00:16	登录失败
00:16	重新开始登陆
00:22	重新开始登陆
00:34	登录失败
00:34	重新开始登陆
00:48	重新开始登陆
00:53	账号27 山东2区每日任务开始时间： 00:53
00:55	账号27角色1 每日任务换角色出错
00:55	重新开始登陆
00:57	重新开始登陆
01:06	重新开始登陆
01:16	选频道出错
01:16	重新开始登陆
01:23	重新开始登陆
01:39	重新开始登陆
01:55	登录失败
01:55	重新开始登陆
02:03	重新开始登陆
02:12	重新开始登陆
02:23	重新开始登陆
02:32	登录失败
02:32	重新开始登陆
02:44	账号25 东北3区每日任务开始时间： 02:44
02:44	账号25 东北3区每日任务结束时间： 02:44
02:44	东北3区-角色1	开始
02:46	上架出错，下一个角色
02:49	账号25角色2 换角色出错
02:49	重新开始登陆
02:54	账号25 东北3区每日任务开始时间： 02:54
02:54	账号25 东北3区每日任务结束时间： 02:54
02:54	东北3区-角色2	开始
02:56	上架出错，下一个角色
02:59	账号25角色3 换角色出错
02:59	重新开始登陆
03:03	金币取仓失败
03:03	账号25 东北3区每日任务开始时间： 03:03
03:03	账号25 东北3区每日任务结束时间： 03:03
03:03	东北3区-角色3	开始
03:03	打开物品栏并整理失败-变换前失败
03:04	上架出错，下一个角色
03:06	账号25角色4 换角色出错
03:06	重新开始登陆
03:15	重新开始登陆
03:21	账号25 东北3区每日任务开始时间： 03:21
03:21	账号25 东北3区每日任务结束时间： 03:21
03:21	东北3区-角色4	开始
03:23	上架出错，下一个角色
03:28	账号25角色5 换角色出错
03:28	重新开始登陆
03:32	账号25 东北3区每日任务开始时间： 03:32
03:32	账号25 东北3区每日任务结束时间： 03:32
03:32	东北3区-角色5	开始
03:37	！！！大区25 东北3区角色5开始扫拍
03:37	！！！大区25 东北3区角色5结束扫拍
03:37	！！！大区25 东北3区角色5开始变换
03:38	打开物品栏并整理失败-变换前失败
03:38	打开物品栏并整理失败-变换前失败
03:38	由于变换前操作失败导致变换失败
03:39	打开物品栏并整理失败-变换前失败
03:39	打开物品栏并整理失败-变换前失败
03:39	由于变换前操作失败导致变换失败
03:40	打开物品栏并整理失败-变换前失败
03:40	打开物品栏并整理失败-变换前失败
03:40	由于变换前操作失败导致变换失败
03:40	打开物品栏并整理失败-变换前失败
03:41	打开物品栏并整理失败-变换前失败
03:41	由于变换前操作失败导致变换失败
03:41	打开物品栏并整理失败-变换前失败
03:42	打开物品栏并整理失败-变换前失败
03:42	由于变换前操作失败导致变换失败
03:42	！！！大区25 东北3区角色5变换次数过多，重新登录
03:42	重新开始登陆
03:47	账号25 东北3区每日任务开始时间： 03:47
03:47	！！！大区25 东北3区角色5开始变换
03:53	！！大区25 东北3区角色5结束变换
03:53	账号25 东北3区每日任务结束时间： 03:53
03:53	东北3区-角色5	开始
04:07	超过上架上限
04:08	重新开始登陆
04:12	账号26 四川2区每日任务开始时间： 04:12
04:21	账号26 四川2区每日任务完成
04:21	账号26 四川2区每日任务结束时间： 04:21
04:21	四川2区-角色1	开始
04:33	！！！大区26 四川2区角色1开始扫拍
04:34	扫拍价格: 85888自己上架价格: 0
04:34	扫拍价格: 88788自己上架价格: 0
04:34	扫拍价格: 99999自己上架价格: 0
04:34	！！！大区26 四川2区角色1结束扫拍
04:34	！！！大区26 四川2区角色1开始变换
04:37	！！大区26 四川2区角色1结束变换
04:41	账号26 四川2区每日任务完成
04:41	账号26 四川2区每日任务结束时间： 04:41
04:41	四川2区-角色1	开始
04:45	！！！大区26 四川2区角色1开始扫拍
04:47	扫拍价格: 39999自己上架价格: 0
04:47	扫拍价格: 40000自己上架价格: 0
04:47	扫拍价格: 40000自己上架价格: 0
04:47	扫拍价格: 44444自己上架价格: 0
04:47	扫拍价格: 75554自己上架价格: 0
04:47	扫拍价格: 80000自己上架价格: 0
04:47	扫拍价格: 112530自己上架价格: 0
04:47	扫拍价格: 39999自己上架价格: 0
04:47	扫拍价格: 40000自己上架价格: 0
04:47	扫拍价格: 40000自己上架价格: 0
04:47	扫拍价格: 44444自己上架价格: 0
04:47	扫拍价格: 75554自己上架价格: 0
04:47	扫拍价格: 80000自己上架价格: 0
04:48	扫拍价格: 112530自己上架价格: 0
04:48	扫拍价格: 39999自己上架价格: 0
04:48	扫拍价格: 40000自己上架价格: 0
04:48	扫拍价格: 40000自己上架价格: 0
04:48	扫拍价格: 44444自己上架价格: 0
04:48	扫拍价格: 75554自己上架价格: 0
04:48	扫拍价格: 80000自己上架价格: 0
04:48	扫拍价格: 112530自己上架价格: 0
04:49	扫拍价格: 86098自己上架价格: 0
04:49	扫拍价格: 86098自己上架价格: 0
04:49	扫拍价格: 123679自己上架价格: 0
04:49	扫拍价格: 123679自己上架价格: 0
04:50	扫拍价格: 65936自己上架价格: 0
04:50	扫拍价格: 66666自己上架价格: 0
04:50	扫拍价格: 91111自己上架价格: 0
04:50	扫拍价格: 150000自己上架价格: 0
04:50	扫拍价格: 155555自己上架价格: 0
04:50	扫拍价格: 197065自己上架价格: 0
04:50	扫拍价格: 197065自己上架价格: 0
04:51	扫拍价格: 197065自己上架价格: 0
04:51	扫拍价格: 83418自己上架价格: 0
04:52	扫拍价格: 112697自己上架价格: 110000
04:52	扫拍价格: 145725自己上架价格: 0
04:52	扫拍价格: 150000自己上架价格: 0
04:52	！！！大区26 四川2区角色1结束扫拍
04:52	！！！大区26 四川2区角色1开始变换
04:55	！！大区26 四川2区角色1结束变换
04:59	账号26 四川2区每日任务完成
04:59	账号26 四川2区每日任务结束时间： 04:59
04:59	四川2区-角色1	开始
05:02	！！！大区26 四川2区角色1开始扫拍
05:03	扫拍价格: 50000自己上架价格: 0
05:03	扫拍价格: 60000自己上架价格: 0
05:03	扫拍价格: 89900自己上架价格: 0
05:03	扫拍价格: 90000自己上架价格: 115000
05:03	扫拍价格: 93336自己上架价格: 122200
05:03	扫拍价格: 93336自己上架价格: 118200
05:03	扫拍价格: 100000自己上架价格: 0
05:03	扫拍价格: 100000自己上架价格: 0
05:03	扫拍价格: 120000自己上架价格: 0
05:04	扫拍价格: 222605自己上架价格: 0
05:04	扫拍价格: 222605自己上架价格: 0
05:04	扫拍价格: 222605自己上架价格: 0
05:04	扫拍价格: 222605自己上架价格: 0
05:05	扫拍价格: 89900自己上架价格: 110000
05:05	扫拍价格: 89900自己上架价格: 110000
05:06	扫拍价格: 100000自己上架价格: 115800
05:06	扫拍价格: 111111自己上架价格: 110800
05:06	扫拍价格: 120000自己上架价格: 117200
05:06	扫拍价格: 300000自己上架价格: 0
05:06	扫拍价格: 373530自己上架价格: 0
05:06	扫拍价格: 373530自己上架价格: 0
05:06	扫拍价格: 155690自己上架价格: 0
05:07	扫拍价格: 444444自己上架价格: 185648
05:07	扫拍价格: 61111自己上架价格: 0
05:07	扫拍价格: 61111自己上架价格: 0
05:07	扫拍价格: 88888自己上架价格: 110000
05:07	扫拍价格: 89900自己上架价格: 0
05:07	扫拍价格: 89900自己上架价格: 0
05:08	扫拍价格: 119690自己上架价格: 115200
05:08	扫拍价格: 220374自己上架价格: 118200
05:08	扫拍价格: 220374自己上架价格: 115800
05:08	扫拍价格: 252518自己上架价格: 0
05:08	扫拍价格: 252518自己上架价格: 0
05:08	扫拍价格: 252518自己上架价格: 0
05:08	扫拍价格: 252518自己上架价格: 0
05:08	扫拍价格: 252518自己上架价格: 0
05:08	扫拍价格: 555555自己上架价格: 195000
05:10	扫拍价格: 85888自己上架价格: 0
05:10	扫拍价格: 88788自己上架价格: 0
05:10	扫拍价格: 99999自己上架价格: 0
05:10	！！！大区26 四川2区角色1结束扫拍
05:10	！！！大区26 四川2区角色1开始变换
05:12	！！大区26 四川2区角色1结束变换
05:16	账号26角色1 每日任务换角色出错
05:16	重新开始登陆
05:23	账号26 四川2区每日任务开始时间： 05:23
05:25	账号26 四川2区每日任务完成
05:26	账号26 四川2区每日任务结束时间： 05:26
05:26	四川2区-角色1	开始
05:29	！！！大区26 四川2区角色1开始扫拍
05:32	扫拍价格: 39999自己上架价格: 0
05:32	扫拍价格: 40000自己上架价格: 0
05:32	扫拍价格: 40000自己上架价格: 0
05:32	扫拍价格: 44444自己上架价格: 0
05:32	扫拍价格: 75554自己上架价格: 0
05:32	扫拍价格: 80000自己上架价格: 0
05:32	扫拍价格: 112530自己上架价格: 0
05:32	扫拍价格: 39999自己上架价格: 0
05:32	扫拍价格: 40000自己上架价格: 0
05:32	扫拍价格: 40000自己上架价格: 0
05:32	扫拍价格: 44444自己上架价格: 0
05:32	扫拍价格: 75554自己上架价格: 0
05:32	扫拍价格: 80000自己上架价格: 0
05:32	扫拍价格: 112530自己上架价格: 0
05:32	扫拍价格: 39999自己上架价格: 0
05:33	扫拍价格: 40000自己上架价格: 0
05:33	扫拍价格: 40000自己上架价格: 0
05:33	扫拍价格: 44444自己上架价格: 0
05:33	扫拍价格: 75554自己上架价格: 0
05:33	扫拍价格: 80000自己上架价格: 0
05:33	扫拍价格: 112530自己上架价格: 0
05:34	扫拍价格: 86098自己上架价格: 0
05:34	扫拍价格: 86098自己上架价格: 0
05:34	扫拍价格: 123679自己上架价格: 0
05:34	扫拍价格: 123679自己上架价格: 0
05:36	扫拍价格: 65936自己上架价格: 0
05:36	扫拍价格: 66666自己上架价格: 0
05:36	扫拍价格: 91111自己上架价格: 0
05:36	扫拍价格: 150000自己上架价格: 0
05:36	扫拍价格: 155555自己上架价格: 0
05:36	扫拍价格: 197065自己上架价格: 0
05:36	扫拍价格: 197065自己上架价格: 0
05:36	扫拍价格: 197065自己上架价格: 0
05:37	扫拍价格: 83418自己上架价格: 0
05:37	扫拍价格: 112697自己上架价格: 110000
05:38	扫拍价格: 145725自己上架价格: 0
05:38	扫拍价格: 150000自己上架价格: 0
05:38	扫拍价格: 50000自己上架价格: 0
05:38	扫拍价格: 60000自己上架价格: 0
05:38	扫拍价格: 89900自己上架价格: 0
05:39	扫拍价格: 90000自己上架价格: 115000
05:39	扫拍价格: 93336自己上架价格: 122200
05:39	扫拍价格: 93336自己上架价格: 118200
05:39	扫拍价格: 100000自己上架价格: 0
05:39	扫拍价格: 100000自己上架价格: 0
05:39	扫拍价格: 120000自己上架价格: 0
05:39	扫拍价格: 222605自己上架价格: 0
05:39	扫拍价格: 222605自己上架价格: 0
05:39	扫拍价格: 222605自己上架价格: 0
05:39	扫拍价格: 222605自己上架价格: 0
05:41	扫拍价格: 89900自己上架价格: 110000
05:41	扫拍价格: 89900自己上架价格: 110000
05:42	扫拍价格: 100000自己上架价格: 115800
05:42	扫拍价格: 111111自己上架价格: 110800
05:42	扫拍价格: 120000自己上架价格: 117200
05:42	扫拍价格: 300000自己上架价格: 0
05:42	扫拍价格: 373530自己上架价格: 0
05:42	扫拍价格: 373530自己上架价格: 0
05:42	扫拍价格: 373530自己上架价格: 0
05:43	扫拍价格: 155690自己上架价格: 0
05:43	扫拍价格: 444444自己上架价格: 185648
05:44	扫拍价格: 60500自己上架价格: 0
05:44	扫拍价格: 61111自己上架价格: 0
05:44	扫拍价格: 61111自己上架价格: 0
05:44	扫拍价格: 88888自己上架价格: 110000
05:44	扫拍价格: 89900自己上架价格: 0
05:44	扫拍价格: 89900自己上架价格: 0
05:44	扫拍价格: 119690自己上架价格: 115200
05:44	扫拍价格: 220374自己上架价格: 118200
05:45	扫拍价格: 220374自己上架价格: 115800
05:45	扫拍价格: 252518自己上架价格: 0
05:45	扫拍价格: 252518自己上架价格: 0
05:45	扫拍价格: 252518自己上架价格: 0
05:45	扫拍价格: 252518自己上架价格: 0
05:45	扫拍价格: 252518自己上架价格: 0
05:45	扫拍价格: 555555自己上架价格: 195000
05:47	扫拍价格: 85888自己上架价格: 0
05:47	扫拍价格: 88788自己上架价格: 0
05:47	扫拍价格: 99999自己上架价格: 0
05:49	扫拍价格: 39999自己上架价格: 0
05:49	扫拍价格: 40000自己上架价格: 0
05:49	扫拍价格: 40000自己上架价格: 0
05:49	扫拍价格: 44444自己上架价格: 0
05:49	扫拍价格: 75554自己上架价格: 0
05:49	扫拍价格: 80000自己上架价格: 0
05:49	扫拍价格: 112530自己上架价格: 0
05:49	扫拍价格: 39999自己上架价格: 0
05:49	扫拍价格: 40000自己上架价格: 0
05:49	扫拍价格: 40000自己上架价格: 0
05:49	扫拍价格: 44444自己上架价格: 0
05:49	扫拍价格: 75554自己上架价格: 0
05:49	扫拍价格: 80000自己上架价格: 0
05:50	扫拍价格: 112530自己上架价格: 0
05:50	扫拍价格: 39999自己上架价格: 0
05:50	扫拍价格: 40000自己上架价格: 0
05:50	扫拍价格: 40000自己上架价格: 0
05:50	扫拍价格: 44444自己上架价格: 0
05:50	扫拍价格: 75554自己上架价格: 0
05:50	扫拍价格: 80000自己上架价格: 0
05:50	扫拍价格: 112530自己上架价格: 0
05:51	扫拍价格: 86098自己上架价格: 0
05:51	扫拍价格: 86098自己上架价格: 0
05:51	扫拍价格: 123679自己上架价格: 0
05:51	扫拍价格: 123679自己上架价格: 0
05:53	扫拍价格: 65936自己上架价格: 0
05:53	扫拍价格: 66666自己上架价格: 0
05:53	扫拍价格: 91111自己上架价格: 0
05:53	扫拍价格: 150000自己上架价格: 0
05:53	扫拍价格: 155555自己上架价格: 0
05:53	扫拍价格: 197065自己上架价格: 0
05:53	扫拍价格: 197065自己上架价格: 0
05:53	扫拍价格: 197065自己上架价格: 0
05:55	扫拍价格: 83418自己上架价格: 0
05:55	扫拍价格: 112697自己上架价格: 110000
05:55	扫拍价格: 145725自己上架价格: 0
05:55	扫拍价格: 150000自己上架价格: 0
05:56	扫拍价格: 50000自己上架价格: 0
05:56	扫拍价格: 60000自己上架价格: 0
05:56	扫拍价格: 89900自己上架价格: 0
05:56	扫拍价格: 90000自己上架价格: 115000
05:56	扫拍价格: 93336自己上架价格: 122200
05:56	扫拍价格: 93336自己上架价格: 118200
05:56	扫拍价格: 100000自己上架价格: 0
05:56	扫拍价格: 100000自己上架价格: 0
05:56	扫拍价格: 120000自己上架价格: 0
05:56	扫拍价格: 222605自己上架价格: 0
05:56	扫拍价格: 222605自己上架价格: 0
05:57	扫拍价格: 222605自己上架价格: 0
05:57	扫拍价格: 222605自己上架价格: 0
05:59	扫拍价格: 89900自己上架价格: 110000
05:59	扫拍价格: 89900自己上架价格: 110000
05:59	扫拍价格: 100000自己上架价格: 115800
05:59	扫拍价格: 111111自己上架价格: 110800
05:59	扫拍价格: 120000自己上架价格: 117200
05:59	扫拍价格: 300000自己上架价格: 0
05:59	扫拍价格: 373530自己上架价格: 0
05:59	扫拍价格: 373530自己上架价格: 0
05:59	扫拍价格: 373530自己上架价格: 0
06:00	扫拍价格: 155690自己上架价格: 0
06:00	扫拍价格: 444444自己上架价格: 185648
06:01	扫拍价格: 60500自己上架价格: 0
06:01	扫拍价格: 61111自己上架价格: 0
06:01	扫拍价格: 61111自己上架价格: 0
06:01	扫拍价格: 88888自己上架价格: 110000
06:01	扫拍价格: 89900自己上架价格: 0
06:01	扫拍价格: 89900自己上架价格: 0
06:01	扫拍价格: 119690自己上架价格: 115200
06:02	扫拍价格: 220374自己上架价格: 118200
06:02	扫拍价格: 220374自己上架价格: 115800
06:02	扫拍价格: 252518自己上架价格: 0
06:02	扫拍价格: 252518自己上架价格: 0
06:02	扫拍价格: 252518自己上架价格: 0
06:02	扫拍价格: 252518自己上架价格: 0
06:02	扫拍价格: 252518自己上架价格: 0
06:02	扫拍价格: 555555自己上架价格: 195000
06:02	！！！大区26 四川2区角色1结束扫拍
06:02	！！！大区26 四川2区角色1开始变换
06:05	！！大区26 四川2区角色1结束变换
06:17	账号26 四川2区每日任务完成
06:17	账号26 四川2区每日任务结束时间： 06:17
06:17	四川2区-角色1	开始
06:21	！！！大区26 四川2区角色1开始扫拍
06:23	扫拍价格: 85888自己上架价格: 0
06:23	扫拍价格: 88788自己上架价格: 0
06:23	扫拍价格: 99999自己上架价格: 0
06:24	扫拍价格: 93091自己上架价格: 0
06:24	扫拍价格: 93091自己上架价格: 0
06:24	扫拍价格: 551110自己上架价格: 0
06:25	扫拍价格: 39999自己上架价格: 0
06:25	扫拍价格: 40000自己上架价格: 0
06:25	扫拍价格: 40000自己上架价格: 0
06:26	扫拍价格: 44444自己上架价格: 0
06:26	扫拍价格: 75554自己上架价格: 0
06:26	扫拍价格: 80000自己上架价格: 0
06:26	扫拍价格: 112530自己上架价格: 0
06:26	扫拍价格: 39999自己上架价格: 0
06:26	扫拍价格: 40000自己上架价格: 0
06:26	扫拍价格: 40000自己上架价格: 0
06:26	扫拍价格: 44444自己上架价格: 0
06:26	扫拍价格: 75554自己上架价格: 0
06:26	扫拍价格: 80000自己上架价格: 0
06:26	扫拍价格: 112530自己上架价格: 0
06:26	扫拍价格: 39999自己上架价格: 0
06:26	扫拍价格: 40000自己上架价格: 0
06:26	扫拍价格: 40000自己上架价格: 0
06:26	扫拍价格: 44444自己上架价格: 0
06:27	扫拍价格: 75554自己上架价格: 0
06:27	扫拍价格: 80000自己上架价格: 0
06:27	扫拍价格: 112530自己上架价格: 0
06:28	扫拍价格: 86098自己上架价格: 0
06:28	扫拍价格: 86098自己上架价格: 0
06:28	扫拍价格: 123679自己上架价格: 0
06:28	扫拍价格: 123679自己上架价格: 0
06:30	扫拍价格: 65936自己上架价格: 0
06:30	扫拍价格: 66666自己上架价格: 0
06:30	扫拍价格: 91111自己上架价格: 0
06:30	扫拍价格: 150000自己上架价格: 0
06:30	扫拍价格: 155555自己上架价格: 0
06:30	扫拍价格: 197065自己上架价格: 0
06:30	扫拍价格: 197065自己上架价格: 0
06:30	扫拍价格: 197065自己上架价格: 0
06:31	扫拍价格: 83418自己上架价格: 0
06:31	扫拍价格: 112697自己上架价格: 110000
06:32	扫拍价格: 145725自己上架价格: 0
06:32	扫拍价格: 150000自己上架价格: 0
06:33	扫拍价格: 50000自己上架价格: 0
06:33	扫拍价格: 60000自己上架价格: 0
06:33	扫拍价格: 89900自己上架价格: 0
06:33	扫拍价格: 90000自己上架价格: 115000
06:33	扫拍价格: 93336自己上架价格: 122200
06:33	扫拍价格: 93336自己上架价格: 118200
06:33	扫拍价格: 100000自己上架价格: 0
06:33	扫拍价格: 100000自己上架价格: 0
06:33	扫拍价格: 120000自己上架价格: 0
06:33	扫拍价格: 222605自己上架价格: 0
06:33	扫拍价格: 222605自己上架价格: 0
06:33	扫拍价格: 222605自己上架价格: 0
06:33	扫拍价格: 222605自己上架价格: 0
06:35	扫拍价格: 89900自己上架价格: 110000
06:35	扫拍价格: 89900自己上架价格: 110000
06:36	扫拍价格: 100000自己上架价格: 115800
06:36	扫拍价格: 111111自己上架价格: 110800
06:36	扫拍价格: 120000自己上架价格: 117200
06:36	扫拍价格: 300000自己上架价格: 0
06:36	扫拍价格: 373530自己上架价格: 0
06:36	扫拍价格: 373530自己上架价格: 0
06:36	扫拍价格: 373530自己上架价格: 0
06:37	扫拍价格: 155690自己上架价格: 0
06:37	扫拍价格: 444444自己上架价格: 185648
06:38	扫拍价格: 60500自己上架价格: 0
06:38	扫拍价格: 61111自己上架价格: 0
06:38	扫拍价格: 61111自己上架价格: 0
06:38	扫拍价格: 88888自己上架价格: 110000
06:38	扫拍价格: 89900自己上架价格: 0
06:38	扫拍价格: 89900自己上架价格: 0
06:38	扫拍价格: 119690自己上架价格: 115200
06:38	扫拍价格: 220374自己上架价格: 118200
06:38	扫拍价格: 220374自己上架价格: 115800
06:39	扫拍价格: 252518自己上架价格: 0
06:39	扫拍价格: 252518自己上架价格: 0
06:39	扫拍价格: 252518自己上架价格: 0
06:39	扫拍价格: 252518自己上架价格: 0
06:39	扫拍价格: 252518自己上架价格: 0
06:39	扫拍价格: 555555自己上架价格: 195000
06:41	扫拍价格: 85888自己上架价格: 0
06:41	扫拍价格: 88788自己上架价格: 0
06:41	扫拍价格: 99999自己上架价格: 0
06:41	扫拍价格: 93091自己上架价格: 0
06:41	扫拍价格: 93091自己上架价格: 0
06:41	扫拍价格: 551110自己上架价格: 0
06:43	扫拍价格: 39999自己上架价格: 0
06:43	扫拍价格: 40000自己上架价格: 0
06:43	扫拍价格: 40000自己上架价格: 0
06:43	扫拍价格: 44444自己上架价格: 0
06:43	扫拍价格: 75554自己上架价格: 0
06:43	扫拍价格: 80000自己上架价格: 0
06:43	扫拍价格: 112530自己上架价格: 0
06:43	扫拍价格: 39999自己上架价格: 0
06:44	扫拍价格: 40000自己上架价格: 0
06:44	扫拍价格: 40000自己上架价格: 0
06:44	扫拍价格: 44444自己上架价格: 0
06:44	扫拍价格: 75554自己上架价格: 0
06:44	扫拍价格: 80000自己上架价格: 0
06:44	扫拍价格: 112530自己上架价格: 0
06:44	扫拍价格: 39999自己上架价格: 0
06:44	扫拍价格: 40000自己上架价格: 0
06:44	扫拍价格: 40000自己上架价格: 0
06:44	扫拍价格: 44444自己上架价格: 0
06:44	扫拍价格: 75554自己上架价格: 0
06:44	扫拍价格: 80000自己上架价格: 0
06:44	扫拍价格: 112530自己上架价格: 0
06:45	扫拍价格: 86098自己上架价格: 0
06:45	扫拍价格: 86098自己上架价格: 0
06:46	扫拍价格: 123679自己上架价格: 0
06:46	扫拍价格: 123679自己上架价格: 0
06:47	扫拍价格: 65936自己上架价格: 0
06:47	扫拍价格: 66666自己上架价格: 0
06:47	扫拍价格: 91111自己上架价格: 0
06:47	扫拍价格: 150000自己上架价格: 0
06:47	扫拍价格: 155555自己上架价格: 0
06:48	扫拍价格: 197065自己上架价格: 0
06:48	扫拍价格: 197065自己上架价格: 0
06:48	扫拍价格: 197065自己上架价格: 0
06:49	扫拍价格: 83418自己上架价格: 0
06:49	扫拍价格: 112697自己上架价格: 110000
06:49	扫拍价格: 145725自己上架价格: 0
06:49	扫拍价格: 150000自己上架价格: 0
06:50	扫拍价格: 50000自己上架价格: 0
06:50	扫拍价格: 60000自己上架价格: 0
06:50	扫拍价格: 89900自己上架价格: 0
06:50	扫拍价格: 90000自己上架价格: 115000
06:50	扫拍价格: 93336自己上架价格: 122200
06:51	扫拍价格: 93336自己上架价格: 118200
06:51	扫拍价格: 100000自己上架价格: 0
06:51	扫拍价格: 100000自己上架价格: 0
06:51	扫拍价格: 120000自己上架价格: 0
06:51	扫拍价格: 222605自己上架价格: 0
06:51	扫拍价格: 222605自己上架价格: 0
06:51	扫拍价格: 222605自己上架价格: 0
06:51	扫拍价格: 222605自己上架价格: 0
06:53	扫拍价格: 89900自己上架价格: 110000
06:53	扫拍价格: 89900自己上架价格: 110000
06:54	扫拍价格: 100000自己上架价格: 115800
06:54	扫拍价格: 111111自己上架价格: 110800
06:54	扫拍价格: 120000自己上架价格: 117200
06:54	扫拍价格: 300000自己上架价格: 0
06:54	扫拍价格: 373530自己上架价格: 0
06:54	扫拍价格: 373530自己上架价格: 0
06:54	扫拍价格: 373530自己上架价格: 0
06:55	扫拍价格: 155690自己上架价格: 0
06:55	扫拍价格: 444444自己上架价格: 185648
06:55	扫拍价格: 61111自己上架价格: 0
06:56	扫拍价格: 61111自己上架价格: 0
06:56	扫拍价格: 88888自己上架价格: 110000
06:56	扫拍价格: 89900自己上架价格: 0
06:56	扫拍价格: 89900自己上架价格: 0
06:56	扫拍价格: 119690自己上架价格: 115200
06:56	扫拍价格: 220374自己上架价格: 118200
06:56	扫拍价格: 220374自己上架价格: 115800
06:56	扫拍价格: 252518自己上架价格: 0
06:56	扫拍价格: 252518自己上架价格: 0
06:57	扫拍价格: 252518自己上架价格: 0
06:57	扫拍价格: 252518自己上架价格: 0
06:57	扫拍价格: 252518自己上架价格: 0
06:57	扫拍价格: 555555自己上架价格: 195000
06:57	！！！大区26 四川2区角色1结束扫拍
06:57	！！！大区26 四川2区角色1开始变换
07:00	！！大区26 四川2区角色1结束变换
07:05	账号26 四川2区每日任务完成
07:06	账号26 四川2区每日任务结束时间： 07:06
07:06	四川2区-角色1	开始
07:10	！！！大区26 四川2区角色1开始扫拍
07:12	扫拍价格: 85888自己上架价格: 0
07:12	扫拍价格: 88788自己上架价格: 0
07:12	扫拍价格: 99999自己上架价格: 0
07:12	扫拍价格: 93091自己上架价格: 0
07:12	扫拍价格: 93091自己上架价格: 0
07:13	扫拍价格: 551110自己上架价格: 0
07:13	扫拍价格: 93091自己上架价格: 0
07:13	扫拍价格: 93091自己上架价格: 0
07:13	扫拍价格: 551110自己上架价格: 0
07:15	扫拍价格: 39999自己上架价格: 0
07:15	扫拍价格: 40000自己上架价格: 0
07:15	扫拍价格: 40000自己上架价格: 0
07:15	扫拍价格: 44444自己上架价格: 0
07:15	扫拍价格: 75554自己上架价格: 0
07:15	扫拍价格: 80000自己上架价格: 0
07:15	扫拍价格: 112530自己上架价格: 0
07:15	扫拍价格: 39999自己上架价格: 0
07:15	扫拍价格: 40000自己上架价格: 0
07:15	扫拍价格: 40000自己上架价格: 0
07:15	扫拍价格: 44444自己上架价格: 0
07:15	扫拍价格: 75554自己上架价格: 0
07:15	扫拍价格: 80000自己上架价格: 0
07:16	扫拍价格: 112530自己上架价格: 0
07:16	扫拍价格: 39999自己上架价格: 0
07:16	扫拍价格: 40000自己上架价格: 0
07:16	扫拍价格: 40000自己上架价格: 0
07:16	扫拍价格: 44444自己上架价格: 0
07:16	扫拍价格: 75554自己上架价格: 0
07:16	扫拍价格: 80000自己上架价格: 0
07:16	扫拍价格: 112530自己上架价格: 0
07:17	扫拍价格: 86098自己上架价格: 0
07:17	扫拍价格: 86098自己上架价格: 0
07:18	扫拍价格: 123679自己上架价格: 0
07:18	扫拍价格: 123679自己上架价格: 0
07:19	扫拍价格: 65936自己上架价格: 0
07:19	扫拍价格: 66666自己上架价格: 0
07:19	扫拍价格: 91111自己上架价格: 0
07:19	扫拍价格: 150000自己上架价格: 0
07:19	扫拍价格: 155555自己上架价格: 0
07:19	扫拍价格: 197065自己上架价格: 0
07:19	扫拍价格: 197065自己上架价格: 0
07:19	扫拍价格: 197065自己上架价格: 0
07:21	扫拍价格: 83418自己上架价格: 0
07:21	扫拍价格: 112697自己上架价格: 110000
07:21	扫拍价格: 145725自己上架价格: 0
07:21	扫拍价格: 150000自己上架价格: 0
07:22	扫拍价格: 50000自己上架价格: 0
07:22	扫拍价格: 60000自己上架价格: 0
07:22	扫拍价格: 89900自己上架价格: 0
07:22	扫拍价格: 90000自己上架价格: 115000
07:22	扫拍价格: 93336自己上架价格: 122200
07:22	扫拍价格: 93336自己上架价格: 118200
07:22	扫拍价格: 100000自己上架价格: 0
07:23	扫拍价格: 100000自己上架价格: 0
07:23	扫拍价格: 120000自己上架价格: 0
07:23	扫拍价格: 222605自己上架价格: 0
07:23	扫拍价格: 222605自己上架价格: 0
07:23	扫拍价格: 222605自己上架价格: 0
07:23	扫拍价格: 222605自己上架价格: 0
07:25	扫拍价格: 89900自己上架价格: 110000
07:25	扫拍价格: 89900自己上架价格: 110000
07:25	扫拍价格: 100000自己上架价格: 115800
07:25	扫拍价格: 111111自己上架价格: 110800
07:25	扫拍价格: 120000自己上架价格: 117200
07:26	扫拍价格: 300000自己上架价格: 0
07:26	扫拍价格: 373530自己上架价格: 0
07:26	扫拍价格: 373530自己上架价格: 0
07:26	扫拍价格: 373530自己上架价格: 0
07:26	扫拍价格: 155690自己上架价格: 0
07:27	扫拍价格: 444444自己上架价格: 185648
07:27	扫拍价格: 61111自己上架价格: 0
07:27	扫拍价格: 61111自己上架价格: 0
07:28	扫拍价格: 88888自己上架价格: 110000
07:28	扫拍价格: 89900自己上架价格: 0
07:28	扫拍价格: 89900自己上架价格: 0
07:28	扫拍价格: 119690自己上架价格: 115200
07:28	扫拍价格: 220374自己上架价格: 118200
07:28	扫拍价格: 220374自己上架价格: 115800
07:28	扫拍价格: 252518自己上架价格: 0
07:28	扫拍价格: 252518自己上架价格: 0
07:28	扫拍价格: 252518自己上架价格: 0
07:28	扫拍价格: 252518自己上架价格: 0
07:28	扫拍价格: 252518自己上架价格: 0
07:29	扫拍价格: 555555自己上架价格: 195000
07:30	扫拍价格: 85888自己上架价格: 0
07:30	扫拍价格: 88788自己上架价格: 0
07:31	扫拍价格: 99999自己上架价格: 0
07:31	扫拍价格: 93091自己上架价格: 0
07:31	扫拍价格: 93091自己上架价格: 0
07:31	扫拍价格: 551110自己上架价格: 0
07:33	扫拍价格: 39999自己上架价格: 0
07:33	扫拍价格: 40000自己上架价格: 0
07:33	扫拍价格: 40000自己上架价格: 0
07:33	扫拍价格: 44444自己上架价格: 0
07:33	扫拍价格: 75554自己上架价格: 0
07:33	扫拍价格: 80000自己上架价格: 0
07:33	扫拍价格: 112530自己上架价格: 0
07:33	扫拍价格: 39999自己上架价格: 0
07:33	扫拍价格: 40000自己上架价格: 0
07:33	扫拍价格: 40000自己上架价格: 0
07:34	扫拍价格: 44444自己上架价格: 0
07:34	扫拍价格: 75554自己上架价格: 0
07:34	扫拍价格: 80000自己上架价格: 0
07:34	扫拍价格: 112530自己上架价格: 0
07:34	扫拍价格: 39999自己上架价格: 0
07:34	扫拍价格: 40000自己上架价格: 0
07:34	扫拍价格: 40000自己上架价格: 0
07:34	扫拍价格: 44444自己上架价格: 0
07:34	扫拍价格: 75554自己上架价格: 0
07:34	扫拍价格: 80000自己上架价格: 0
07:34	扫拍价格: 112530自己上架价格: 0
07:35	扫拍价格: 86098自己上架价格: 0
07:35	扫拍价格: 86098自己上架价格: 0
07:36	扫拍价格: 123679自己上架价格: 0
07:36	扫拍价格: 123679自己上架价格: 0
07:37	扫拍价格: 66666自己上架价格: 0
07:37	扫拍价格: 91111自己上架价格: 0
07:37	扫拍价格: 150000自己上架价格: 0
07:37	扫拍价格: 155555自己上架价格: 0
07:37	扫拍价格: 197065自己上架价格: 0
07:37	扫拍价格: 197065自己上架价格: 0
07:37	扫拍价格: 197065自己上架价格: 0
07:39	扫拍价格: 83418自己上架价格: 0
07:39	扫拍价格: 112697自己上架价格: 110000
07:39	扫拍价格: 145725自己上架价格: 0
07:39	扫拍价格: 150000自己上架价格: 0
07:40	扫拍价格: 50000自己上架价格: 0
07:40	扫拍价格: 60000自己上架价格: 0
07:40	扫拍价格: 89900自己上架价格: 0
07:40	扫拍价格: 90000自己上架价格: 115000
07:40	扫拍价格: 93336自己上架价格: 122200
07:40	扫拍价格: 93336自己上架价格: 118200
07:40	扫拍价格: 100000自己上架价格: 0
07:40	扫拍价格: 100000自己上架价格: 0
07:40	扫拍价格: 120000自己上架价格: 0
07:41	扫拍价格: 222605自己上架价格: 0
07:41	扫拍价格: 222605自己上架价格: 0
07:41	扫拍价格: 222605自己上架价格: 0
07:41	扫拍价格: 222605自己上架价格: 0
07:42	扫拍价格: 89900自己上架价格: 110000
07:43	扫拍价格: 89900自己上架价格: 110000
07:43	扫拍价格: 100000自己上架价格: 115800
07:43	扫拍价格: 111111自己上架价格: 110800
07:43	扫拍价格: 120000自己上架价格: 117200
07:43	扫拍价格: 300000自己上架价格: 0
07:43	扫拍价格: 373530自己上架价格: 0
07:43	扫拍价格: 373530自己上架价格: 0
07:43	扫拍价格: 373530自己上架价格: 0
07:44	扫拍价格: 155690自己上架价格: 0
07:44	扫拍价格: 444444自己上架价格: 185648
07:45	扫拍价格: 61111自己上架价格: 0
07:45	扫拍价格: 61111自己上架价格: 0
07:45	扫拍价格: 88888自己上架价格: 110000
07:45	扫拍价格: 89900自己上架价格: 110000
07:45	扫拍价格: 89900自己上架价格: 0
07:45	扫拍价格: 119690自己上架价格: 115200
07:45	扫拍价格: 220374自己上架价格: 118200
07:45	扫拍价格: 220374自己上架价格: 115800
07:45	扫拍价格: 252518自己上架价格: 0
07:46	扫拍价格: 252518自己上架价格: 0
07:46	扫拍价格: 252518自己上架价格: 0
07:46	扫拍价格: 252518自己上架价格: 0
07:46	扫拍价格: 252518自己上架价格: 0
07:46	扫拍价格: 555555自己上架价格: 195000
07:46	！！！大区26 四川2区角色1结束扫拍
07:46	！！！大区26 四川2区角色1开始变换
07:49	！！大区26 四川2区角色1结束变换
07:54	账号26 四川2区每日任务完成
07:55	账号26 四川2区每日任务结束时间： 07:55
07:55	四川2区-角色1	开始
07:59	！！！大区26 四川2区角色1开始扫拍
08:01	扫拍价格: 85888自己上架价格: 0
08:01	扫拍价格: 88788自己上架价格: 0
08:01	扫拍价格: 99999自己上架价格: 0
08:01	扫拍价格: 93091自己上架价格: 0
08:01	扫拍价格: 93091自己上架价格: 0
08:01	扫拍价格: 551110自己上架价格: 0
08:03	扫拍价格: 39999自己上架价格: 0
08:03	扫拍价格: 40000自己上架价格: 0
08:03	扫拍价格: 40000自己上架价格: 0
08:03	扫拍价格: 44444自己上架价格: 0
08:03	扫拍价格: 75554自己上架价格: 0
08:03	扫拍价格: 80000自己上架价格: 0
08:03	扫拍价格: 112530自己上架价格: 0
08:04	扫拍价格: 86098自己上架价格: 0
08:04	扫拍价格: 86098自己上架价格: 0
08:04	扫拍价格: 123679自己上架价格: 0
08:05	扫拍价格: 123679自己上架价格: 0
08:06	扫拍价格: 65936自己上架价格: 0
08:06	扫拍价格: 66666自己上架价格: 0
08:06	扫拍价格: 91111自己上架价格: 0
08:06	扫拍价格: 150000自己上架价格: 0
08:06	扫拍价格: 155555自己上架价格: 0
08:06	扫拍价格: 197065自己上架价格: 0
08:06	扫拍价格: 197065自己上架价格: 0
08:06	扫拍价格: 197065自己上架价格: 0
08:08	扫拍价格: 83418自己上架价格: 0
08:08	扫拍价格: 112697自己上架价格: 110000
08:08	扫拍价格: 145725自己上架价格: 0
08:08	扫拍价格: 150000自己上架价格: 0
08:09	扫拍价格: 50000自己上架价格: 0
08:09	扫拍价格: 60000自己上架价格: 0
08:09	扫拍价格: 89900自己上架价格: 0
08:09	扫拍价格: 90000自己上架价格: 115000
08:09	扫拍价格: 93336自己上架价格: 122200
08:10	扫拍价格: 93336自己上架价格: 118200
08:10	扫拍价格: 100000自己上架价格: 0
08:10	扫拍价格: 100000自己上架价格: 0
08:10	扫拍价格: 120000自己上架价格: 0
08:10	扫拍价格: 222605自己上架价格: 0
08:10	扫拍价格: 222605自己上架价格: 0
08:10	扫拍价格: 222605自己上架价格: 0
08:10	扫拍价格: 222605自己上架价格: 0
08:12	扫拍价格: 89900自己上架价格: 110000
08:12	扫拍价格: 89900自己上架价格: 110000
08:12	扫拍价格: 100000自己上架价格: 115800
08:13	扫拍价格: 111111自己上架价格: 110800
08:13	扫拍价格: 120000自己上架价格: 117200
08:13	扫拍价格: 300000自己上架价格: 0
08:13	扫拍价格: 373530自己上架价格: 0
08:13	扫拍价格: 373530自己上架价格: 0
08:13	扫拍价格: 373530自己上架价格: 0
08:14	扫拍价格: 155690自己上架价格: 0
08:14	扫拍价格: 444444自己上架价格: 185648
08:14	扫拍价格: 61111自己上架价格: 0
08:14	扫拍价格: 61111自己上架价格: 0
08:15	扫拍价格: 88888自己上架价格: 110000
08:15	扫拍价格: 89900自己上架价格: 0
08:15	扫拍价格: 89900自己上架价格: 0
08:15	扫拍价格: 119690自己上架价格: 115200
08:15	扫拍价格: 220374自己上架价格: 118200
08:15	扫拍价格: 220374自己上架价格: 115800
08:15	扫拍价格: 252518自己上架价格: 0
08:16	扫拍价格: 252518自己上架价格: 0
08:16	扫拍价格: 252518自己上架价格: 0
08:16	扫拍价格: 252518自己上架价格: 0
08:16	扫拍价格: 252518自己上架价格: 0
08:16	扫拍价格: 555555自己上架价格: 195000
08:18	扫拍价格: 85888自己上架价格: 0
08:18	扫拍价格: 88788自己上架价格: 0
08:18	扫拍价格: 99999自己上架价格: 0
08:18	扫拍价格: 93091自己上架价格: 0
08:18	扫拍价格: 93091自己上架价格: 0
08:18	扫拍价格: 551110自己上架价格: 0
08:20	扫拍价格: 39999自己上架价格: 0
08:20	扫拍价格: 40000自己上架价格: 0
08:20	扫拍价格: 40000自己上架价格: 0
08:20	扫拍价格: 44444自己上架价格: 0
08:20	扫拍价格: 75554自己上架价格: 0
08:20	扫拍价格: 80000自己上架价格: 0
08:20	扫拍价格: 112530自己上架价格: 0
08:21	扫拍价格: 86098自己上架价格: 0
08:22	扫拍价格: 86098自己上架价格: 0
08:22	扫拍价格: 123679自己上架价格: 0
08:22	扫拍价格: 123679自己上架价格: 0
08:24	扫拍价格: 65936自己上架价格: 0
08:24	扫拍价格: 66666自己上架价格: 0
08:24	扫拍价格: 91111自己上架价格: 0
08:24	扫拍价格: 150000自己上架价格: 0
08:24	扫拍价格: 155555自己上架价格: 0
08:24	扫拍价格: 197065自己上架价格: 0
08:24	扫拍价格: 197065自己上架价格: 0
08:24	扫拍价格: 197065自己上架价格: 0
08:25	扫拍价格: 83418自己上架价格: 0
08:25	扫拍价格: 112697自己上架价格: 110000
08:26	扫拍价格: 145725自己上架价格: 0
08:26	扫拍价格: 150000自己上架价格: 0
08:27	扫拍价格: 50000自己上架价格: 0
08:27	扫拍价格: 60000自己上架价格: 0
08:27	扫拍价格: 89900自己上架价格: 0
08:27	扫拍价格: 90000自己上架价格: 115000
08:27	扫拍价格: 93336自己上架价格: 122200
08:27	扫拍价格: 93336自己上架价格: 118200
08:27	扫拍价格: 100000自己上架价格: 0
08:27	扫拍价格: 100000自己上架价格: 0
08:27	扫拍价格: 120000自己上架价格: 0
08:28	扫拍价格: 222605自己上架价格: 0
08:28	扫拍价格: 222605自己上架价格: 0
08:28	扫拍价格: 222605自己上架价格: 0
08:28	扫拍价格: 222605自己上架价格: 0
08:30	扫拍价格: 89900自己上架价格: 110000
08:30	扫拍价格: 89900自己上架价格: 110000
08:30	扫拍价格: 100000自己上架价格: 115800
08:30	扫拍价格: 111111自己上架价格: 110800
08:30	扫拍价格: 120000自己上架价格: 117200
08:31	扫拍价格: 300000自己上架价格: 0
08:31	扫拍价格: 373530自己上架价格: 0
08:31	扫拍价格: 373530自己上架价格: 0
08:31	扫拍价格: 373530自己上架价格: 0
08:31	扫拍价格: 155690自己上架价格: 0
08:31	扫拍价格: 444444自己上架价格: 185648
08:32	扫拍价格: 61111自己上架价格: 0
08:32	扫拍价格: 88888自己上架价格: 110000
08:32	扫拍价格: 89900自己上架价格: 0
08:32	扫拍价格: 89900自己上架价格: 0
08:33	扫拍价格: 119690自己上架价格: 115200
08:33	扫拍价格: 220374自己上架价格: 118200
08:33	扫拍价格: 220374自己上架价格: 115800
08:33	扫拍价格: 252518自己上架价格: 0
08:33	扫拍价格: 252518自己上架价格: 0
08:33	扫拍价格: 252518自己上架价格: 0
08:33	扫拍价格: 252518自己上架价格: 0
08:33	扫拍价格: 252518自己上架价格: 0
08:33	扫拍价格: 555555自己上架价格: 195000
08:34	！！！大区26 四川2区角色1结束扫拍
08:34	！！！大区26 四川2区角色1开始变换
08:36	！！大区26 四川2区角色1结束变换
08:42	账号26 四川2区每日任务完成
08:42	账号26 四川2区每日任务结束时间： 08:42
08:42	四川2区-角色1	开始
08:46	！！！大区26 四川2区角色1开始扫拍
08:48	扫拍价格: 85888自己上架价格: 0
08:48	扫拍价格: 88788自己上架价格: 0
08:48	扫拍价格: 99999自己上架价格: 0
08:48	扫拍价格: 311111自己上架价格: 115000
08:49	扫拍价格: 93091自己上架价格: 0
08:49	扫拍价格: 93091自己上架价格: 0
08:49	扫拍价格: 551109自己上架价格: 0
08:49	扫拍价格: 551110自己上架价格: 0
08:51	扫拍价格: 39999自己上架价格: 0
08:51	扫拍价格: 40000自己上架价格: 0
08:51	扫拍价格: 40000自己上架价格: 0
08:51	扫拍价格: 44444自己上架价格: 0
08:51	扫拍价格: 75554自己上架价格: 0
08:51	扫拍价格: 80000自己上架价格: 0
08:51	扫拍价格: 112530自己上架价格: 0
08:52	扫拍价格: 86098自己上架价格: 0
08:52	扫拍价格: 86098自己上架价格: 0
08:54	扫拍价格: 65936自己上架价格: 0
08:54	扫拍价格: 66666自己上架价格: 0
08:54	扫拍价格: 91111自己上架价格: 0
08:54	扫拍价格: 150000自己上架价格: 0
08:54	扫拍价格: 155555自己上架价格: 0
08:54	扫拍价格: 197065自己上架价格: 0
08:54	扫拍价格: 197065自己上架价格: 0
08:54	扫拍价格: 197065自己上架价格: 0
08:55	扫拍价格: 83418自己上架价格: 0
08:56	扫拍价格: 112697自己上架价格: 110000
08:56	扫拍价格: 145725自己上架价格: 0
08:56	扫拍价格: 150000自己上架价格: 0
08:56	扫拍价格: 311111自己上架价格: 116152
08:56	扫拍价格: 150000自己上架价格: 0
08:56	扫拍价格: 311111自己上架价格: 116152
08:57	扫拍价格: 50000自己上架价格: 0
08:57	扫拍价格: 60000自己上架价格: 0
08:57	扫拍价格: 89900自己上架价格: 0
08:57	扫拍价格: 90000自己上架价格: 115000
08:58	扫拍价格: 93336自己上架价格: 122200
08:58	扫拍价格: 93336自己上架价格: 118200
08:58	扫拍价格: 100000自己上架价格: 0
08:58	扫拍价格: 100000自己上架价格: 0
08:58	扫拍价格: 120000自己上架价格: 0
08:58	扫拍价格: 222605自己上架价格: 0
08:58	扫拍价格: 222605自己上架价格: 0
08:58	扫拍价格: 222605自己上架价格: 0
08:58	扫拍价格: 222605自己上架价格: 0
09:00	扫拍价格: 37353自己上架价格: 0
09:00	扫拍价格: 89900自己上架价格: 110000
09:00	扫拍价格: 89900自己上架价格: 110000
09:01	扫拍价格: 111111自己上架价格: 110800
09:01	扫拍价格: 300000自己上架价格: 0
09:01	扫拍价格: 373530自己上架价格: 0
09:01	扫拍价格: 373530自己上架价格: 0
09:01	扫拍价格: 373530自己上架价格: 0
09:01	扫拍价格: 373530自己上架价格: 0
09:01	扫拍价格: 155690自己上架价格: 0
09:02	扫拍价格: 444444自己上架价格: 185648
09:02	扫拍价格: 61111自己上架价格: 0
09:03	扫拍价格: 88888自己上架价格: 110000
09:03	扫拍价格: 89900自己上架价格: 0
09:03	扫拍价格: 89900自己上架价格: 0
09:03	扫拍价格: 119690自己上架价格: 115200
09:03	扫拍价格: 220374自己上架价格: 118200
09:03	扫拍价格: 220374自己上架价格: 115800
09:03	扫拍价格: 252518自己上架价格: 0
09:03	扫拍价格: 252518自己上架价格: 0
09:03	扫拍价格: 252518自己上架价格: 0
09:04	扫拍价格: 252518自己上架价格: 0
09:04	扫拍价格: 252518自己上架价格: 0
09:04	扫拍价格: 555555自己上架价格: 195000
09:05	扫拍价格: 85888自己上架价格: 0
09:05	扫拍价格: 88788自己上架价格: 0
09:05	扫拍价格: 99999自己上架价格: 0
09:05	扫拍价格: 311111自己上架价格: 115000
09:06	扫拍价格: 93091自己上架价格: 0
09:06	扫拍价格: 93091自己上架价格: 0
09:06	扫拍价格: 551109自己上架价格: 0
09:06	扫拍价格: 551110自己上架价格: 0
09:08	扫拍价格: 39999自己上架价格: 0
09:08	扫拍价格: 40000自己上架价格: 0
09:08	扫拍价格: 40000自己上架价格: 0
09:08	扫拍价格: 44444自己上架价格: 0
09:08	扫拍价格: 75554自己上架价格: 0
09:08	扫拍价格: 80000自己上架价格: 0
09:08	扫拍价格: 112530自己上架价格: 0
09:09	扫拍价格: 86098自己上架价格: 0
09:09	扫拍价格: 86098自己上架价格: 0
09:10	扫拍价格: 123679自己上架价格: 0
09:10	扫拍价格: 123679自己上架价格: 0
09:11	扫拍价格: 65936自己上架价格: 0
09:11	扫拍价格: 66666自己上架价格: 0
09:11	扫拍价格: 91111自己上架价格: 0
09:11	扫拍价格: 150000自己上架价格: 0
09:11	扫拍价格: 155555自己上架价格: 0
09:11	扫拍价格: 197065自己上架价格: 0
09:11	扫拍价格: 197065自己上架价格: 0
09:11	扫拍价格: 197065自己上架价格: 0
09:13	扫拍价格: 83418自己上架价格: 0
09:13	扫拍价格: 112697自己上架价格: 110000
09:13	扫拍价格: 145725自己上架价格: 0
09:13	扫拍价格: 150000自己上架价格: 0
09:13	扫拍价格: 311111自己上架价格: 116152
09:14	扫拍价格: 150000自己上架价格: 0
09:14	扫拍价格: 311111自己上架价格: 116152
09:15	扫拍价格: 50000自己上架价格: 0
09:15	扫拍价格: 60000自己上架价格: 0
09:15	扫拍价格: 89900自己上架价格: 0
09:15	扫拍价格: 90000自己上架价格: 115000
09:15	扫拍价格: 93336自己上架价格: 122200
09:15	扫拍价格: 93336自己上架价格: 118200
09:15	扫拍价格: 100000自己上架价格: 0
09:15	扫拍价格: 100000自己上架价格: 0
09:15	扫拍价格: 120000自己上架价格: 0
09:16	扫拍价格: 222605自己上架价格: 0
09:16	扫拍价格: 222605自己上架价格: 0
09:16	扫拍价格: 222605自己上架价格: 0
09:16	扫拍价格: 222605自己上架价格: 0
09:17	扫拍价格: 37353自己上架价格: 0
09:18	扫拍价格: 89900自己上架价格: 110000
09:18	扫拍价格: 89900自己上架价格: 110000
09:18	扫拍价格: 89900自己上架价格: 110000
09:18	扫拍价格: 89900自己上架价格: 110000
09:19	扫拍价格: 111111自己上架价格: 110800
09:19	扫拍价格: 155690自己上架价格: 0
09:19	扫拍价格: 444444自己上架价格: 185648
09:20	扫拍价格: 61111自己上架价格: 0
09:20	扫拍价格: 88888自己上架价格: 110000
09:20	扫拍价格: 89900自己上架价格: 0
09:20	扫拍价格: 89900自己上架价格: 0
09:21	扫拍价格: 119690自己上架价格: 115200
09:21	扫拍价格: 220374自己上架价格: 118200
09:21	扫拍价格: 220374自己上架价格: 115800
09:21	扫拍价格: 252518自己上架价格: 0
09:21	扫拍价格: 252518自己上架价格: 0
09:21	扫拍价格: 252518自己上架价格: 0
09:21	扫拍价格: 252518自己上架价格: 0
09:21	扫拍价格: 252518自己上架价格: 0
09:21	扫拍价格: 555555自己上架价格: 195000
09:22	！！！大区26 四川2区角色1结束扫拍
09:22	！！！大区26 四川2区角色1开始变换
09:24	！！大区26 四川2区角色1结束变换
09:29	账号26 四川2区每日任务完成
09:30	账号26 四川2区每日任务结束时间： 09:30
09:30	四川2区-角色1	开始
09:34	！！！大区26 四川2区角色1开始扫拍
09:36	扫拍价格: 85888自己上架价格: 0
09:36	扫拍价格: 88788自己上架价格: 0
09:36	扫拍价格: 99999自己上架价格: 0
09:36	扫拍价格: 311111自己上架价格: 115000
09:37	扫拍价格: 93091自己上架价格: 0
09:37	扫拍价格: 93091自己上架价格: 0
09:37	扫拍价格: 551109自己上架价格: 0
09:37	扫拍价格: 551110自己上架价格: 0
09:38	扫拍价格: 39999自己上架价格: 0
09:39	扫拍价格: 40000自己上架价格: 0
09:39	扫拍价格: 40000自己上架价格: 0
09:39	扫拍价格: 44444自己上架价格: 0
09:39	扫拍价格: 75554自己上架价格: 0
09:39	扫拍价格: 80000自己上架价格: 0
09:39	扫拍价格: 112530自己上架价格: 0
09:40	扫拍价格: 86098自己上架价格: 0
09:41	扫拍价格: 123679自己上架价格: 0
09:41	扫拍价格: 123679自己上架价格: 0
09:42	扫拍价格: 65936自己上架价格: 0
09:42	扫拍价格: 66666自己上架价格: 0
09:42	扫拍价格: 91111自己上架价格: 0
09:42	扫拍价格: 150000自己上架价格: 0
09:42	扫拍价格: 155555自己上架价格: 0
09:42	扫拍价格: 197065自己上架价格: 0
09:42	扫拍价格: 197065自己上架价格: 0
09:42	扫拍价格: 197065自己上架价格: 0
09:44	扫拍价格: 83418自己上架价格: 0
09:44	扫拍价格: 112697自己上架价格: 110000
09:44	扫拍价格: 145725自己上架价格: 0
09:44	扫拍价格: 150000自己上架价格: 0
09:44	扫拍价格: 311111自己上架价格: 116152
09:45	扫拍价格: 150000自己上架价格: 0
09:45	扫拍价格: 311111自己上架价格: 116152
09:46	扫拍价格: 50000自己上架价格: 0
09:46	扫拍价格: 60000自己上架价格: 0
09:46	扫拍价格: 89900自己上架价格: 0
09:46	扫拍价格: 90000自己上架价格: 115000
09:46	扫拍价格: 93336自己上架价格: 122200
09:46	扫拍价格: 93336自己上架价格: 118200
09:46	扫拍价格: 100000自己上架价格: 0
09:46	扫拍价格: 100000自己上架价格: 0
09:46	扫拍价格: 120000自己上架价格: 0
09:46	扫拍价格: 222605自己上架价格: 0
09:46	扫拍价格: 222605自己上架价格: 0
09:46	扫拍价格: 222605自己上架价格: 0
09:48	扫拍价格: 89900自己上架价格: 110000
09:48	扫拍价格: 89900自己上架价格: 110000
09:49	扫拍价格: 111111自己上架价格: 110800
09:49	扫拍价格: 120000自己上架价格: 117200
09:49	扫拍价格: 300000自己上架价格: 0
09:49	扫拍价格: 373530自己上架价格: 0
09:49	扫拍价格: 373530自己上架价格: 0
09:49	扫拍价格: 373530自己上架价格: 0
09:49	扫拍价格: 373530自己上架价格: 0
09:49	扫拍价格: 373530自己上架价格: 0
09:50	扫拍价格: 155690自己上架价格: 0
09:50	扫拍价格: 444444自己上架价格: 185648
09:51	扫拍价格: 61111自己上架价格: 0
09:51	扫拍价格: 89900自己上架价格: 0
09:51	扫拍价格: 89900自己上架价格: 0
09:51	扫拍价格: 119690自己上架价格: 115200
09:51	扫拍价格: 220374自己上架价格: 118200
09:51	扫拍价格: 220374自己上架价格: 115800
09:51	扫拍价格: 252518自己上架价格: 0
09:51	扫拍价格: 252518自己上架价格: 0
09:51	扫拍价格: 252518自己上架价格: 0
09:51	扫拍价格: 252518自己上架价格: 0
09:52	扫拍价格: 252518自己上架价格: 0
09:52	扫拍价格: 555555自己上架价格: 195000
09:54	扫拍价格: 85888自己上架价格: 0
09:54	扫拍价格: 88788自己上架价格: 0
09:54	扫拍价格: 99999自己上架价格: 0
09:54	扫拍价格: 311111自己上架价格: 115000
09:54	扫拍价格: 93091自己上架价格: 0
09:54	扫拍价格: 93091自己上架价格: 0
09:54	扫拍价格: 551109自己上架价格: 0
09:54	扫拍价格: 551110自己上架价格: 0
09:56	扫拍价格: 40000自己上架价格: 0
09:56	扫拍价格: 40000自己上架价格: 0
09:56	扫拍价格: 44444自己上架价格: 0
09:56	扫拍价格: 75554自己上架价格: 0
09:56	扫拍价格: 80000自己上架价格: 0
09:56	扫拍价格: 112530自己上架价格: 0
09:57	扫拍价格: 86098自己上架价格: 0
09:58	扫拍价格: 123679自己上架价格: 0
09:58	扫拍价格: 123679自己上架价格: 0
09:59	扫拍价格: 65936自己上架价格: 0
09:59	扫拍价格: 66666自己上架价格: 0
09:59	扫拍价格: 91111自己上架价格: 0
09:59	扫拍价格: 150000自己上架价格: 0
09:59	扫拍价格: 155555自己上架价格: 0
09:59	扫拍价格: 197065自己上架价格: 0
09:59	扫拍价格: 197065自己上架价格: 0
09:59	扫拍价格: 197065自己上架价格: 0
10:01	扫拍价格: 83418自己上架价格: 0
10:01	扫拍价格: 112697自己上架价格: 110000
10:01	扫拍价格: 145725自己上架价格: 0
10:01	扫拍价格: 150000自己上架价格: 0
10:01	扫拍价格: 311111自己上架价格: 116152
10:02	扫拍价格: 150000自己上架价格: 0
10:02	扫拍价格: 311111自己上架价格: 116152
10:03	扫拍价格: 50000自己上架价格: 0
10:03	扫拍价格: 60000自己上架价格: 0
10:03	扫拍价格: 89900自己上架价格: 0
10:03	扫拍价格: 90000自己上架价格: 115000
10:03	扫拍价格: 93336自己上架价格: 122200
10:03	扫拍价格: 93336自己上架价格: 118200
10:03	扫拍价格: 100000自己上架价格: 0
10:03	扫拍价格: 100000自己上架价格: 0
10:03	扫拍价格: 120000自己上架价格: 0
10:04	扫拍价格: 222605自己上架价格: 0
10:04	扫拍价格: 222605自己上架价格: 0
10:04	扫拍价格: 222605自己上架价格: 0
10:06	扫拍价格: 89900自己上架价格: 110000
10:06	扫拍价格: 89900自己上架价格: 110000
10:06	扫拍价格: 111111自己上架价格: 110800
10:06	扫拍价格: 120000自己上架价格: 117200
10:06	扫拍价格: 300000自己上架价格: 0
10:06	扫拍价格: 373530自己上架价格: 0
10:06	扫拍价格: 373530自己上架价格: 0
10:06	扫拍价格: 373530自己上架价格: 0
10:06	扫拍价格: 373530自己上架价格: 0
10:06	扫拍价格: 373530自己上架价格: 0
10:07	扫拍价格: 155690自己上架价格: 0
10:07	扫拍价格: 444444自己上架价格: 185648
10:08	扫拍价格: 155690自己上架价格: 0
10:08	扫拍价格: 444444自己上架价格: 185648
10:08	扫拍价格: 61111自己上架价格: 0
10:08	扫拍价格: 89900自己上架价格: 0
10:08	扫拍价格: 89900自己上架价格: 0
10:09	扫拍价格: 119690自己上架价格: 115200
10:09	扫拍价格: 220374自己上架价格: 118200
10:09	扫拍价格: 220374自己上架价格: 115800
10:09	扫拍价格: 252518自己上架价格: 0
10:09	扫拍价格: 252518自己上架价格: 0
10:09	扫拍价格: 252518自己上架价格: 0
10:09	扫拍价格: 252518自己上架价格: 0
10:09	扫拍价格: 252518自己上架价格: 0
10:09	扫拍价格: 555555自己上架价格: 195000
10:10	！！！大区26 四川2区角色1结束扫拍
10:10	！！！大区26 四川2区角色1开始变换
10:13	！！大区26 四川2区角色1结束变换
10:18	账号26 四川2区每日任务完成
10:19	账号26 四川2区每日任务结束时间： 10:19
10:19	四川2区-角色1	开始
10:23	！！！大区26 四川2区角色1开始扫拍
10:24	扫拍价格: 85888自己上架价格: 0
10:25	扫拍价格: 88788自己上架价格: 0
10:25	扫拍价格: 99999自己上架价格: 0
10:25	扫拍价格: 311111自己上架价格: 115000
10:25	扫拍价格: 93091自己上架价格: 0
10:25	扫拍价格: 93091自己上架价格: 0
10:25	扫拍价格: 551109自己上架价格: 0
10:25	扫拍价格: 551110自己上架价格: 0
10:26	扫拍价格: 105496自己上架价格: 0
10:27	扫拍价格: 40000自己上架价格: 0
10:27	扫拍价格: 40000自己上架价格: 0
10:27	扫拍价格: 44444自己上架价格: 0
10:27	扫拍价格: 75554自己上架价格: 0
10:27	扫拍价格: 80000自己上架价格: 0
10:28	扫拍价格: 86098自己上架价格: 0
10:29	扫拍价格: 123679自己上架价格: 0
10:29	扫拍价格: 123679自己上架价格: 0
10:30	扫拍价格: 65936自己上架价格: 0
10:30	扫拍价格: 66666自己上架价格: 0
10:30	扫拍价格: 91111自己上架价格: 0
10:30	扫拍价格: 150000自己上架价格: 0
10:30	扫拍价格: 155555自己上架价格: 0
10:31	扫拍价格: 197065自己上架价格: 0
10:31	扫拍价格: 197065自己上架价格: 0
10:31	扫拍价格: 197065自己上架价格: 0
10:32	扫拍价格: 83418自己上架价格: 0
10:32	扫拍价格: 112697自己上架价格: 110000
10:32	扫拍价格: 145725自己上架价格: 0
10:32	扫拍价格: 150000自己上架价格: 0
10:32	扫拍价格: 311111自己上架价格: 116152
10:33	扫拍价格: 150000自己上架价格: 0
10:33	扫拍价格: 311111自己上架价格: 116152
10:34	扫拍价格: 50000自己上架价格: 0
10:34	扫拍价格: 60000自己上架价格: 0
10:34	扫拍价格: 89900自己上架价格: 0
10:34	扫拍价格: 90000自己上架价格: 115000
10:34	扫拍价格: 93336自己上架价格: 122200
10:34	扫拍价格: 93336自己上架价格: 118200
10:34	扫拍价格: 100000自己上架价格: 0
10:34	扫拍价格: 100000自己上架价格: 0
10:34	扫拍价格: 120000自己上架价格: 0
10:35	扫拍价格: 222605自己上架价格: 0
10:35	扫拍价格: 222605自己上架价格: 0
10:35	扫拍价格: 222605自己上架价格: 0
10:35	扫拍价格: 222605自己上架价格: 0
