00:05	重新开始登陆
00:12	账号44 广东7区每日任务开始时间： 00:12
00:12	！！！大区44 广东7区角色3开始变换
00:16	！！大区44 广东7区角色3结束变换
00:16	账号44 广东7区每日任务结束时间： 00:16
00:16	广东7区-角色3	开始
00:18	上架出错，下一个角色
00:20	账号44角色4 换角色出错
00:20	重新开始登陆
00:29	重新开始登陆
00:31	重新开始登陆
00:35	重新开始登陆
00:45	登录失败
00:45	重新开始登陆
00:54	重新开始登陆
01:11	选角色出错
01:11	重新开始登陆
01:13	重新开始登陆
01:19	账号45 西南2区每日任务开始时间： 01:19
01:19	账号45 西南2区每日任务结束时间： 01:19
01:19	西南2区-角色1	开始
01:22	上架出错，下一个角色
01:24	账号45角色2 换角色出错
01:24	重新开始登陆
01:33	重新开始登陆
01:43	重新开始登陆
03:00	重新开始登陆
03:04	登录失败
03:04	重新开始登陆
03:12	选频道出错
03:12	重新开始登陆
03:24	重新开始登陆
03:38	重新开始登陆
03:54	重新开始登陆
04:14	重新开始登陆
04:19	账号45 西南2区每日任务开始时间： 04:19
04:19	账号45 西南2区每日任务结束时间： 04:19
04:19	西南2区-角色1	开始
04:28	！！！大区45 西南2区角色1开始扫拍
04:28	！！！大区45 西南2区角色1结束扫拍
04:28	！！！大区45 西南2区角色1开始变换
04:30	！！大区45 西南2区角色1结束变换
04:30	账号45 西南2区每日任务结束时间： 04:30
04:30	西南2区-角色1	开始
04:32	账号45 西南2区每日任务结束时间： 04:32
04:32	西南2区-角色2	开始
04:42	！！！大区45 西南2区角色2开始扫拍
04:54	！！！大区45 西南2区角色2结束扫拍
04:54	！！！大区45 西南2区角色2开始变换
04:57	！！大区45 西南2区角色2结束变换
04:57	账号45 西南2区每日任务结束时间： 04:57
04:57	西南2区-角色2	开始
04:59	账号45 西南2区每日任务结束时间： 04:59
04:59	西南2区-角色3	开始
05:02	上架出错，下一个角色
05:02	账号45角色4 换角色出错
05:02	重新开始登陆
05:09	选频道出错
05:09	重新开始登陆
05:12	重新开始登陆
05:14	重新开始登陆
05:16	重新开始登陆
05:18	重新开始登陆
05:19	初始化配置出错
09:55	重新开始登陆
09:57	重新开始登陆
10:05	选频道出错
10:05	重新开始登陆
10:12	账号43 角色1开始清理
10:19	清理失败
10:20	清理失败
10:20	清理失败
10:22	魔力结晶存仓失败
10:24	魔力结晶存仓失败
10:24	重新开始登陆
10:29	账号43 角色2开始清理
10:33	清理失败
10:34	清理失败
10:35	清理失败
10:36	魔力结晶存仓失败
10:38	魔力结晶存仓失败
10:39	重新开始登陆
10:43	账号43 角色3开始清理
11:04	清理失败
11:06	清理失败
11:10	魔力结晶存仓失败
11:12	魔力结晶存仓失败
11:15	重新开始登陆
11:19	账号43 角色4开始清理
11:27	清理失败
11:27	清理失败
11:28	清理失败
11:28	金币取仓失败
11:28	金币取仓失败
11:28	金币取仓失败
11:29	魔力结晶存仓失败
11:29	金币取仓失败
11:29	金币取仓失败
11:29	金币取仓失败
11:29	魔力结晶存仓失败
11:29	重新开始登陆
11:34	账号43 角色5开始清理
11:40	清理失败
11:40	清理失败
11:41	清理失败
11:43	魔力结晶存仓失败
11:45	魔力结晶存仓失败
11:45	重新开始登陆
11:50	账号44 角色1开始清理
12:10	清理失败
12:19	魔力结晶存仓失败
12:20	魔力结晶存仓失败
12:21	账号44 角色2开始清理
13:39	重新开始登陆
13:41	重新开始登陆
14:10	重新开始登陆
14:13	登录失败
14:13	重新开始登陆
14:21	魔力结晶存仓失败
14:23	魔力结晶存仓失败
14:23	账号44 角色1开始清理
14:26	魔力结晶存仓失败
14:50	重新开始登陆
14:59	魔力结晶存仓失败
15:01	魔力结晶存仓失败
15:01	账号44 角色1开始清理
15:04	魔力结晶存仓失败
15:05	魔力结晶存仓失败
15:11	重新开始登陆
15:15	登录失败
15:15	重新开始登陆
15:22	选频道出错
15:22	重新开始登陆
15:32	魔力结晶存仓失败
