04:11	113200	密制秘银胸甲	力量+18	
04:12	113200	密制秘银胸甲	力量+18	
04:13	113200	密制秘银胸甲	力量+18	
04:16	127800	密制铜绿胸甲	智力+20	
04:17	211800	密制铂铜护肩	智力+27	
04:17	166200	密制铂铜护腿	智力+24	
04:18	110800	密制铜绿战靴	智力+17	
04:18	110000	密制铜绿护腿	智力+16	
04:18	369800	密制铜绿护肩	智力+25	魔法暴击率+2.7	
04:19	110000	密制铜绿护腿	智力+16	
04:19	113200	密制铜绿护肩	智力+18	
04:19	122800	密制铜绿护腿	智力+20	
04:20	149200	密制铜绿护腿	智力+23	
04:20	118200	密制铜绿护肩	智力+18	
04:21	110800	密制铜绿腰带	智力+17	
04:21	110000	密制铜绿腰带	智力+16	
04:21	110800	密制铜绿护肩	智力+17	
04:22	190000	密制铜绿护肩	智力+26	
04:22	110800	密制铂铜护腿	智力+17	
04:23	290000	密制铂铜护肩	智力+31	
04:23	117200	密制铂铜护肩	智力+19	
04:23	250200	密制铂铜战靴	智力+29	
04:24	118200	密制铜绿胸甲	智力+18	
04:24	115800	密制铜绿胸甲	智力+17	
04:47	179800	密制漆皮护腿	力量+25	
04:47	118200	密制漆皮腰带	力量+18	
04:47	130000	密制貂皮腰带	力量+21	
04:48	110800	密制漆皮短靴	力量+17	
04:48	225000	密制漆皮护腿	力量+16	物理暴击率+1.9	
04:49	110000	密制漆皮护腿	力量+16	
