00:02	账号32 广西3区每日任务开始时间： 00:02
00:04	账号32角色1 每日任务换角色出错
00:04	重新开始登陆
00:09	账号32 广西3区每日任务开始时间： 00:09
00:11	账号32角色1 每日任务换角色出错
00:11	重新开始登陆
00:19	重新开始登陆
00:27	选频道出错
00:27	重新开始登陆
00:36	选频道出错
00:36	重新开始登陆
00:47	选频道出错
00:47	重新开始登陆
00:57	重新开始登陆
01:16	选频道出错
01:16	重新开始登陆
01:20	账号33 东北2区每日任务开始时间： 01:20
01:22	账号33角色1 每日任务换角色出错
01:22	重新开始登陆
01:27	登录失败
01:27	重新开始登陆
01:36	重新开始登陆
01:47	重新开始登陆
01:57	账号33 东北2区每日任务开始时间： 01:57
01:59	账号33角色1 每日任务换角色出错
01:59	重新开始登陆
02:01	重新开始登陆
02:07	账号33 东北2区每日任务开始时间： 02:07
02:09	账号33角色1 每日任务换角色出错
02:09	重新开始登陆
02:11	重新开始登陆
02:21	重新开始登陆
02:32	重新开始登陆
02:43	账号33 东北2区每日任务开始时间： 02:43
02:45	账号33角色1 每日任务换角色出错
02:45	重新开始登陆
02:47	重新开始登陆
02:56	重新开始登陆
03:05	账号33 东北2区每日任务开始时间： 03:05
03:07	账号33角色1 每日任务换角色出错
03:07	重新开始登陆
03:11	登录失败
03:11	重新开始登陆
03:18	账号33 东北2区每日任务开始时间： 03:18
03:20	账号33角色1 每日任务换角色出错
03:20	重新开始登陆
03:25	账号33 东北2区每日任务开始时间： 03:25
03:32	账号33角色1 每日任务换角色出错
03:32	重新开始登陆
03:41	重新开始登陆
03:48	账号33 东北2区每日任务开始时间： 03:48
03:51	账号33角色1 每日任务换角色出错
03:51	重新开始登陆
03:55	账号33 东北2区每日任务开始时间： 03:55
03:58	账号33 东北2区每日任务完成
03:58	账号33 东北2区每日任务结束时间： 03:58
03:58	东北2区-角色1	开始
04:10	！！！大区33 东北2区角色1开始扫拍
04:10	！！！大区33 东北2区角色1结束扫拍
04:10	！！！大区33 东北2区角色1开始变换
04:16	！！大区33 东北2区角色1结束变换
04:19	账号33 东北2区每日任务完成
04:20	账号33 东北2区每日任务结束时间： 04:20
04:20	东北2区-角色1	开始
04:22	超过上架上限
04:23	账号33 东北2区每日任务结束时间： 04:23
04:23	东北2区-角色2	开始
04:29	！！！大区33 东北2区角色2开始扫拍
04:29	扫拍价格: 44421自己上架价格: 0
04:29	扫拍价格: 44421自己上架价格: 0
04:29	扫拍价格: 44422自己上架价格: 0
04:29	扫拍价格: 44422自己上架价格: 0
04:29	扫拍价格: 44423自己上架价格: 0
04:29	扫拍价格: 44423自己上架价格: 0
04:29	扫拍价格: 80000自己上架价格: 0
04:29	扫拍价格: 80000自己上架价格: 0
04:29	扫拍价格: 80000自己上架价格: 0
04:30	扫拍价格: 103260自己上架价格: 0
04:30	扫拍价格: 911111自己上架价格: 115800
04:31	扫拍价格: 98146自己上架价格: 0
04:31	扫拍价格: 355554自己上架价格: 0
04:31	扫拍价格: 69999自己上架价格: 0
04:31	扫拍价格: 69999自己上架价格: 0
04:31	扫拍价格: 70000自己上架价格: 0
04:31	扫拍价格: 101160自己上架价格: 0
04:31	扫拍价格: 139769自己上架价格: 0
04:32	扫拍价格: 59999自己上架价格: 0
04:32	扫拍价格: 60000自己上架价格: 0
04:32	扫拍价格: 139063自己上架价格: 0
04:32	扫拍价格: 141062自己上架价格: 0
04:32	扫拍价格: 141063自己上架价格: 0
04:32	扫拍价格: 141063自己上架价格: 0
04:32	扫拍价格: 80000自己上架价格: 0
04:32	扫拍价格: 92419自己上架价格: 0
04:33	扫拍价格: 216000自己上架价格: 0
04:33	扫拍价格: 217135自己上架价格: 0
04:34	扫拍价格: 150000自己上架价格: 0
04:34	扫拍价格: 194720自己上架价格: 0
04:34	扫拍价格: 811111自己上架价格: 110200
04:34	扫拍价格: 811111自己上架价格: 110000
04:35	扫拍价格: 138888自己上架价格: 0
04:35	扫拍价格: 153195自己上架价格: 0
04:36	扫拍价格: 250000自己上架价格: 111152
04:36	扫拍价格: 250000自己上架价格: 115000
04:36	扫拍价格: 311111自己上架价格: 194216
04:36	扫拍价格: 511111自己上架价格: 229424
04:36	扫拍价格: 511111自己上架价格: 115800
04:36	扫拍价格: 811111自己上架价格: 115000
04:36	扫拍价格: 911111自己上架价格: 113200
04:37	扫拍价格: 86000自己上架价格: 0
04:37	扫拍价格: 111111自己上架价格: 0
04:37	扫拍价格: 237029自己上架价格: 0
04:37	扫拍价格: 237029自己上架价格: 0
04:38	扫拍价格: 33333自己上架价格: 0
04:38	扫拍价格: 66666自己上架价格: 0
04:38	扫拍价格: 70241自己上架价格: 0
04:38	扫拍价格: 77777自己上架价格: 110128
04:38	扫拍价格: 100000自己上架价格: 0
04:38	扫拍价格: 120000自己上架价格: 0
04:38	扫拍价格: 122222自己上架价格: 0
04:39	扫拍价格: 204241自己上架价格: 0
04:39	扫拍价格: 60000自己上架价格: 0
04:39	扫拍价格: 151111自己上架价格: 0
04:39	扫拍价格: 233333自己上架价格: 0
04:39	扫拍价格: 233333自己上架价格: 0
04:39	扫拍价格: 513406自己上架价格: 271800
04:40	扫拍价格: 75000自己上架价格: 0
04:40	扫拍价格: 88147自己上架价格: 0
04:40	扫拍价格: 88147自己上架价格: 0
04:40	扫拍价格: 90000自己上架价格: 110512
04:40	扫拍价格: 90000自己上架价格: 115200
04:40	扫拍价格: 128437自己上架价格: 115000
04:40	扫拍价格: 133823自己上架价格: 110000
04:41	扫拍价格: 150000自己上架价格: 115000
04:41	扫拍价格: 152425自己上架价格: 110000
04:41	扫拍价格: 190492自己上架价格: 110000
04:41	扫拍价格: 211111自己上架价格: 110000
04:41	扫拍价格: 350000自己上架价格: 154200
04:41	扫拍价格: 611111自己上架价格: 214216
04:41	扫拍价格: 611111自己上架价格: 205288
04:41	扫拍价格: 900000自己上架价格: 195000
04:42	扫拍价格: 44421自己上架价格: 0
04:42	扫拍价格: 44421自己上架价格: 0
04:42	扫拍价格: 44422自己上架价格: 0
04:42	扫拍价格: 44422自己上架价格: 0
04:42	扫拍价格: 44423自己上架价格: 0
04:42	扫拍价格: 44423自己上架价格: 0
04:42	扫拍价格: 80000自己上架价格: 0
04:42	扫拍价格: 80000自己上架价格: 0
04:42	扫拍价格: 80000自己上架价格: 0
04:42	扫拍价格: 103260自己上架价格: 0
04:43	扫拍价格: 911111自己上架价格: 115800
04:43	扫拍价格: 98146自己上架价格: 0
04:43	扫拍价格: 355554自己上架价格: 0
04:44	扫拍价格: 69999自己上架价格: 0
04:44	扫拍价格: 69999自己上架价格: 0
04:44	扫拍价格: 70000自己上架价格: 0
04:44	扫拍价格: 101160自己上架价格: 0
04:44	扫拍价格: 139769自己上架价格: 0
04:44	扫拍价格: 59999自己上架价格: 0
04:44	扫拍价格: 60000自己上架价格: 0
04:44	扫拍价格: 139063自己上架价格: 0
04:44	扫拍价格: 141062自己上架价格: 0
04:44	扫拍价格: 141063自己上架价格: 0
04:44	扫拍价格: 141063自己上架价格: 0
04:45	扫拍价格: 80000自己上架价格: 0
04:45	扫拍价格: 92419自己上架价格: 0
04:45	扫拍价格: 216000自己上架价格: 0
04:45	扫拍价格: 217135自己上架价格: 0
04:46	扫拍价格: 150000自己上架价格: 0
04:46	扫拍价格: 194720自己上架价格: 0
04:46	扫拍价格: 811111自己上架价格: 110200
04:47	扫拍价格: 811111自己上架价格: 110000
04:47	扫拍价格: 138888自己上架价格: 0
04:48	扫拍价格: 153195自己上架价格: 0
04:48	扫拍价格: 250000自己上架价格: 111152
04:48	扫拍价格: 250000自己上架价格: 115000
04:48	扫拍价格: 311111自己上架价格: 194216
04:48	扫拍价格: 511111自己上架价格: 229424
04:48	扫拍价格: 511111自己上架价格: 115800
04:48	扫拍价格: 811111自己上架价格: 115000
04:48	扫拍价格: 911111自己上架价格: 113200
04:49	扫拍价格: 86000自己上架价格: 0
04:49	扫拍价格: 111111自己上架价格: 0
04:49	扫拍价格: 237029自己上架价格: 0
04:49	扫拍价格: 237029自己上架价格: 0
04:50	扫拍价格: 33333自己上架价格: 0
04:50	扫拍价格: 66666自己上架价格: 0
04:50	扫拍价格: 70241自己上架价格: 0
04:50	扫拍价格: 77777自己上架价格: 110128
04:50	扫拍价格: 100000自己上架价格: 0
04:50	扫拍价格: 120000自己上架价格: 0
04:50	扫拍价格: 122222自己上架价格: 0
04:51	扫拍价格: 204241自己上架价格: 0
04:51	扫拍价格: 60000自己上架价格: 0
04:51	扫拍价格: 151111自己上架价格: 0
04:51	扫拍价格: 233333自己上架价格: 0
04:51	扫拍价格: 233333自己上架价格: 0
04:51	扫拍价格: 513406自己上架价格: 271800
04:51	扫拍价格: 75000自己上架价格: 0
04:51	扫拍价格: 88147自己上架价格: 0
04:52	扫拍价格: 88147自己上架价格: 0
04:52	扫拍价格: 90000自己上架价格: 110512
04:52	扫拍价格: 90000自己上架价格: 115200
04:52	扫拍价格: 128437自己上架价格: 115000
04:52	扫拍价格: 133823自己上架价格: 110000
04:52	扫拍价格: 150000自己上架价格: 115000
04:52	扫拍价格: 152425自己上架价格: 110000
04:52	扫拍价格: 190492自己上架价格: 110000
04:52	扫拍价格: 211111自己上架价格: 110000
04:52	扫拍价格: 350000自己上架价格: 154200
04:52	扫拍价格: 611111自己上架价格: 214216
04:52	扫拍价格: 611111自己上架价格: 205288
04:52	扫拍价格: 900000自己上架价格: 195000
04:53	扫拍价格: 911111自己上架价格: 115392
04:53	！！！大区33 东北2区角色2结束扫拍
04:53	！！！大区33 东北2区角色2开始变换
04:56	！！大区33 东北2区角色2结束变换
04:56	账号33 东北2区每日任务结束时间： 04:56
04:56	东北2区-角色2	开始
04:59	账号33 东北2区每日任务结束时间： 04:59
04:59	东北2区-角色3	开始
05:08	！！！大区33 东北2区角色3开始扫拍
05:08	扫拍价格: 44219自己上架价格: 0
05:08	扫拍价格: 44220自己上架价格: 0
05:08	扫拍价格: 44220自己上架价格: 0
05:08	扫拍价格: 44443自己上架价格: 0
05:08	扫拍价格: 57000自己上架价格: 0
05:08	扫拍价格: 57606自己上架价格: 0
05:08	扫拍价格: 57607自己上架价格: 0
05:08	扫拍价格: 57608自己上架价格: 0
05:08	扫拍价格: 57899自己上架价格: 0
05:08	扫拍价格: 58189自己上架价格: 0
05:08	扫拍价格: 58190自己上架价格: 0
05:08	扫拍价格: 58191自己上架价格: 0
05:09	扫拍价格: 88888自己上架价格: 0
05:09	扫拍价格: 190000自己上架价格: 0
05:09	扫拍价格: 190744自己上架价格: 0
05:10	扫拍价格: 146640自己上架价格: 0
05:10	扫拍价格: 311111自己上架价格: 115072
05:10	扫拍价格: 611111自己上架价格: 188600
05:10	扫拍价格: 45000自己上架价格: 0
05:10	扫拍价格: 70000自己上架价格: 0
05:11	扫拍价格: 100000自己上架价格: 0
05:11	扫拍价格: 144606自己上架价格: 0
05:11	扫拍价格: 144607自己上架价格: 0
05:11	扫拍价格: 144608自己上架价格: 0
05:11	扫拍价格: 144608自己上架价格: 0
05:11	扫拍价格: 200000自己上架价格: 0
05:11	扫拍价格: 111109自己上架价格: 0
05:11	扫拍价格: 111110自己上架价格: 0
05:11	扫拍价格: 111110自己上架价格: 0
05:11	扫拍价格: 111111自己上架价格: 0
05:11	扫拍价格: 190000自己上架价格: 0
05:11	扫拍价格: 190000自己上架价格: 0
05:12	扫拍价格: 200000自己上架价格: 0
05:12	扫拍价格: 220845自己上架价格: 0
05:12	扫拍价格: 48791自己上架价格: 0
05:12	扫拍价格: 88791自己上架价格: 0
05:13	扫拍价格: 41888自己上架价格: 0
05:13	扫拍价格: 130000自己上架价格: 0
05:13	扫拍价格: 152616自己上架价格: 0
05:13	扫拍价格: 41888自己上架价格: 0
05:13	扫拍价格: 130000自己上架价格: 0
05:13	扫拍价格: 152616自己上架价格: 0
05:13	扫拍价格: 41888自己上架价格: 0
05:13	扫拍价格: 130000自己上架价格: 0
05:13	扫拍价格: 152616自己上架价格: 0
05:14	扫拍价格: 248713自己上架价格: 0
05:14	扫拍价格: 311111自己上架价格: 110000
05:14	扫拍价格: 661111自己上架价格: 116568
05:14	扫拍价格: 911111自己上架价格: 110392
05:15	扫拍价格: 911111自己上架价格: 110800
05:15	扫拍价格: 38000自己上架价格: 0
05:15	扫拍价格: 66000自己上架价格: 0
05:15	扫拍价格: 101390自己上架价格: 0
05:15	扫拍价格: 101390自己上架价格: 0
05:16	扫拍价格: 69648自己上架价格: 0
05:16	扫拍价格: 69648自己上架价格: 0
05:16	扫拍价格: 69998自己上架价格: 0
05:16	扫拍价格: 70000自己上架价格: 0
05:16	扫拍价格: 89500自己上架价格: 0
05:16	扫拍价格: 99111自己上架价格: 0
05:16	扫拍价格: 177104自己上架价格: 0
05:16	扫拍价格: 785260自己上架价格: 111352
05:16	扫拍价格: 911111自己上架价格: 115128
05:16	扫拍价格: 911111自己上架价格: 118200
05:17	扫拍价格: 33333自己上架价格: 0
05:17	扫拍价格: 50000自己上架价格: 0
05:17	扫拍价格: 230000自己上架价格: 0
05:18	扫拍价格: 50000自己上架价格: 0
05:18	扫拍价格: 51111自己上架价格: 0
05:18	扫拍价格: 60000自己上架价格: 0
05:18	扫拍价格: 80000自己上架价格: 0
05:18	扫拍价格: 100000自己上架价格: 115000
05:19	扫拍价格: 213147自己上架价格: 0
05:19	扫拍价格: 213147自己上架价格: 0
05:19	扫拍价格: 80000自己上架价格: 0
05:19	扫拍价格: 80000自己上架价格: 0
05:20	扫拍价格: 93784自己上架价格: 0
05:20	扫拍价格: 116307自己上架价格: 115000
05:20	扫拍价格: 116307自己上架价格: 115000
05:20	扫拍价格: 120000自己上架价格: 0
05:20	扫拍价格: 150000自己上架价格: 115000
05:20	扫拍价格: 186828自己上架价格: 115000
05:20	扫拍价格: 199888自己上架价格: 115008
05:20	扫拍价格: 250000自己上架价格: 115000
05:20	扫拍价格: 44219自己上架价格: 0
05:20	扫拍价格: 44220自己上架价格: 0
05:20	扫拍价格: 44220自己上架价格: 0
05:21	扫拍价格: 44443自己上架价格: 0
05:21	扫拍价格: 57000自己上架价格: 0
05:21	扫拍价格: 57606自己上架价格: 0
05:21	扫拍价格: 57607自己上架价格: 0
05:21	扫拍价格: 57608自己上架价格: 0
05:21	扫拍价格: 57899自己上架价格: 0
05:21	扫拍价格: 58189自己上架价格: 0
05:21	扫拍价格: 58190自己上架价格: 0
05:21	扫拍价格: 58191自己上架价格: 0
05:21	扫拍价格: 88888自己上架价格: 0
05:21	扫拍价格: 190000自己上架价格: 0
05:21	扫拍价格: 190744自己上架价格: 0
05:22	扫拍价格: 146640自己上架价格: 0
05:22	扫拍价格: 311111自己上架价格: 115072
05:22	扫拍价格: 611111自己上架价格: 188600
05:22	扫拍价格: 45000自己上架价格: 0
05:23	扫拍价格: 70000自己上架价格: 0
05:23	扫拍价格: 100000自己上架价格: 0
05:23	扫拍价格: 144606自己上架价格: 0
05:23	扫拍价格: 144607自己上架价格: 0
05:23	扫拍价格: 144608自己上架价格: 0
05:23	扫拍价格: 144608自己上架价格: 0
05:23	扫拍价格: 200000自己上架价格: 0
05:24	扫拍价格: 111109自己上架价格: 0
05:24	扫拍价格: 111110自己上架价格: 0
05:24	扫拍价格: 111110自己上架价格: 0
05:24	扫拍价格: 111111自己上架价格: 0
05:24	扫拍价格: 190000自己上架价格: 0
05:24	扫拍价格: 190000自己上架价格: 0
05:24	扫拍价格: 200000自己上架价格: 0
05:24	扫拍价格: 220845自己上架价格: 0
05:24	扫拍价格: 48791自己上架价格: 0
05:24	扫拍价格: 88791自己上架价格: 0
05:25	扫拍价格: 41888自己上架价格: 0
05:25	扫拍价格: 130000自己上架价格: 0
05:25	扫拍价格: 152616自己上架价格: 0
05:25	扫拍价格: 41888自己上架价格: 0
05:25	扫拍价格: 130000自己上架价格: 0
05:25	扫拍价格: 152616自己上架价格: 0
05:25	扫拍价格: 41888自己上架价格: 0
05:25	扫拍价格: 130000自己上架价格: 0
05:25	扫拍价格: 152616自己上架价格: 0
05:26	扫拍价格: 248713自己上架价格: 0
05:26	扫拍价格: 311111自己上架价格: 110000
05:26	扫拍价格: 661111自己上架价格: 116568
05:26	扫拍价格: 911111自己上架价格: 110392
05:27	扫拍价格: 911111自己上架价格: 110800
05:27	扫拍价格: 38000自己上架价格: 0
05:27	扫拍价格: 66000自己上架价格: 0
05:27	扫拍价格: 101390自己上架价格: 0
05:27	扫拍价格: 101390自己上架价格: 0
05:28	扫拍价格: 69648自己上架价格: 0
05:28	扫拍价格: 69648自己上架价格: 0
05:28	扫拍价格: 69998自己上架价格: 0
05:28	扫拍价格: 70000自己上架价格: 0
05:28	扫拍价格: 89500自己上架价格: 0
05:28	扫拍价格: 99111自己上架价格: 0
05:28	扫拍价格: 177104自己上架价格: 0
05:28	扫拍价格: 785260自己上架价格: 111352
05:29	扫拍价格: 911111自己上架价格: 115128
05:29	扫拍价格: 911111自己上架价格: 118200
05:29	扫拍价格: 33333自己上架价格: 0
05:29	扫拍价格: 50000自己上架价格: 0
05:29	扫拍价格: 230000自己上架价格: 0
05:31	扫拍价格: 50000自己上架价格: 0
05:31	扫拍价格: 51111自己上架价格: 0
05:31	扫拍价格: 60000自己上架价格: 0
05:31	扫拍价格: 80000自己上架价格: 0
05:31	扫拍价格: 100000自己上架价格: 115000
05:31	扫拍价格: 213147自己上架价格: 0
05:31	扫拍价格: 213147自己上架价格: 0
05:31	扫拍价格: 80000自己上架价格: 0
05:31	扫拍价格: 80000自己上架价格: 0
05:31	扫拍价格: 93784自己上架价格: 0
05:32	扫拍价格: 116307自己上架价格: 115000
05:32	扫拍价格: 116307自己上架价格: 115000
05:32	扫拍价格: 120000自己上架价格: 0
05:32	扫拍价格: 150000自己上架价格: 115000
05:32	扫拍价格: 186828自己上架价格: 115000
05:32	扫拍价格: 199888自己上架价格: 115008
05:32	扫拍价格: 250000自己上架价格: 115000
05:32	！！！大区33 东北2区角色3结束扫拍
05:32	！！！大区33 东北2区角色3开始变换
05:35	！！大区33 东北2区角色3结束变换
05:35	账号33 东北2区每日任务结束时间： 05:35
05:35	东北2区-角色3	开始
05:40	账号33 东北2区每日任务结束时间： 05:40
05:40	东北2区-角色4	开始
05:50	！！！大区33 东北2区角色4开始扫拍
05:50	！！！大区33 东北2区角色4结束扫拍
05:50	！！！大区33 东北2区角色4开始变换
05:53	！！大区33 东北2区角色4结束变换
05:53	账号33 东北2区每日任务结束时间： 05:53
05:53	东北2区-角色4	开始
05:57	超过上架上限
05:58	账号33 东北2区每日任务结束时间： 05:58
05:58	东北2区-角色5	开始
06:09	！！！大区33 东北2区角色5开始扫拍
06:09	！！！大区33 东北2区角色5结束扫拍
06:09	！！！大区33 东北2区角色5开始变换
06:13	！！大区33 东北2区角色5结束变换
06:13	账号33 东北2区每日任务结束时间： 06:13
06:13	东北2区-角色5	开始
06:20	超过上架上限
06:21	重新开始登陆
06:27	账号31 广西2区每日任务开始时间： 06:27
06:34	账号31 广西2区每日任务完成
06:34	账号31 广西2区每日任务结束时间： 06:34
06:34	广西2区-角色1	开始
06:44	！！！大区31 广西2区角色1开始扫拍
06:46	扫拍价格: 99500自己上架价格: 0
06:46	扫拍价格: 99500自己上架价格: 0
06:46	扫拍价格: 288888自己上架价格: 115000
06:46	扫拍价格: 288888自己上架价格: 115000
06:46	扫拍价格: 300000自己上架价格: 110000
06:46	扫拍价格: 300000自己上架价格: 115000
06:46	！！！大区31 广西2区角色1结束扫拍
06:46	！！！大区31 广西2区角色1开始变换
06:49	！！大区31 广西2区角色1结束变换
06:53	账号31 广西2区每日任务完成
06:53	账号31 广西2区每日任务结束时间： 06:53
06:53	广西2区-角色1	开始
06:58	！！！大区31 广西2区角色1开始扫拍
06:59	！！！大区31 广西2区角色1结束扫拍
06:59	！！！大区31 广西2区角色1开始变换
07:01	！！大区31 广西2区角色1结束变换
07:05	账号31 广西2区每日任务完成
07:06	账号31 广西2区每日任务结束时间： 07:06
07:06	广西2区-角色1	开始
07:08	！！！大区31 广西2区角色1开始扫拍
07:09	扫拍价格: 103293自己上架价格: 0
07:09	扫拍价格: 103293自己上架价格: 0
07:09	扫拍价格: 56145自己上架价格: 0
07:09	扫拍价格: 68887自己上架价格: 0
07:10	！！！大区31 广西2区角色1结束扫拍
07:10	！！！大区31 广西2区角色1开始变换
07:12	！！大区31 广西2区角色1结束变换
07:16	账号31 广西2区每日任务完成
07:16	账号31 广西2区每日任务结束时间： 07:16
07:17	广西2区-角色1	开始
07:19	！！！大区31 广西2区角色1开始扫拍
07:20	扫拍价格: 101919自己上架价格: 0
07:20	扫拍价格: 99998自己上架价格: 0
07:20	扫拍价格: 99999自己上架价格: 0
07:20	扫拍价格: 100000自己上架价格: 0
07:21	扫拍价格: 100000自己上架价格: 0
07:21	扫拍价格: 114918自己上架价格: 0
07:21	扫拍价格: 114918自己上架价格: 0
07:21	扫拍价格: 114918自己上架价格: 0
07:21	扫拍价格: 134870自己上架价格: 110000
07:21	扫拍价格: 260000自己上架价格: 115000
07:21	扫拍价格: 266666自己上架价格: 115000
07:21	扫拍价格: 280000自己上架价格: 115000
07:21	扫拍价格: 288888自己上架价格: 115000
07:21	扫拍价格: 320000自己上架价格: 115800
07:21	扫拍价格: 388888自己上架价格: 138800
07:22	扫拍价格: 42000自己上架价格: 0
07:22	扫拍价格: 199349自己上架价格: 0
07:23	扫拍价格: 35000自己上架价格: 0
07:23	扫拍价格: 90000自己上架价格: 0
07:23	扫拍价格: 95501自己上架价格: 0
07:23	扫拍价格: 98562自己上架价格: 0
07:23	扫拍价格: 100000自己上架价格: 0
07:23	扫拍价格: 118888自己上架价格: 0
07:23	扫拍价格: 125501自己上架价格: 0
07:24	扫拍价格: 125501自己上架价格: 0
07:24	扫拍价格: 125501自己上架价格: 0
07:24	扫拍价格: 125501自己上架价格: 0
07:24	扫拍价格: 125501自己上架价格: 0
07:24	扫拍价格: 125501自己上架价格: 0
07:24	！！！大区31 广西2区角色1结束扫拍
07:24	！！！大区31 广西2区角色1开始变换
07:26	！！大区31 广西2区角色1结束变换
07:30	账号31 广西2区每日任务完成
07:30	账号31 广西2区每日任务结束时间： 07:30
07:31	广西2区-角色1	开始
07:33	！！！大区31 广西2区角色1开始扫拍
07:34	扫拍价格: 50000自己上架价格: 0
07:34	扫拍价格: 68755自己上架价格: 0
07:34	扫拍价格: 68755自己上架价格: 0
07:34	扫拍价格: 110992自己上架价格: 122200
07:35	扫拍价格: 160000自己上架价格: 122200
07:35	扫拍价格: 280000自己上架价格: 179800
07:36	！！！大区31 广西2区角色1结束扫拍
07:36	！！！大区31 广西2区角色1开始变换
07:38	！！大区31 广西2区角色1结束变换
07:41	账号31角色1 每日任务换角色出错
07:41	重新开始登陆
07:47	账号31 广西2区每日任务开始时间： 07:47
07:49	账号31 广西2区每日任务完成
07:49	账号31 广西2区每日任务结束时间： 07:49
07:49	广西2区-角色1	开始
07:52	！！！大区31 广西2区角色1开始扫拍
07:52	扫拍价格: 68483自己上架价格: 0
07:52	扫拍价格: 70000自己上架价格: 0
07:53	扫拍价格: 78888自己上架价格: 115000
07:53	扫拍价格: 88888自己上架价格: 0
07:53	扫拍价格: 91111自己上架价格: 0
07:53	扫拍价格: 144444自己上架价格: 0
07:53	扫拍价格: 189999自己上架价格: 0
07:53	扫拍价格: 214378自己上架价格: 113200
07:53	扫拍价格: 216282自己上架价格: 110800
07:53	扫拍价格: 218483自己上架价格: 0
07:53	扫拍价格: 218483自己上架价格: 0
07:54	扫拍价格: 156250自己上架价格: 110000
07:54	扫拍价格: 181891自己上架价格: 0
07:54	扫拍价格: 222201自己上架价格: 115800
07:54	扫拍价格: 511111自己上架价格: 143800
07:54	扫拍价格: 1500000自己上架价格: 230200
07:54	扫拍价格: 50000自己上架价格: 0
07:54	扫拍价格: 53740自己上架价格: 0
07:54	扫拍价格: 55555自己上架价格: 0
07:55	扫拍价格: 90000自己上架价格: 115000
07:55	扫拍价格: 99825自己上架价格: 115000
07:55	扫拍价格: 99999自己上架价格: 0
07:55	扫拍价格: 106433自己上架价格: 110000
07:55	扫拍价格: 150000自己上架价格: 0
07:55	扫拍价格: 150000自己上架价格: 0
07:55	扫拍价格: 201322自己上架价格: 118200
07:55	扫拍价格: 229342自己上架价格: 0
07:55	扫拍价格: 229342自己上架价格: 0
07:57	扫拍价格: 288888自己上架价格: 115000
07:57	扫拍价格: 288888自己上架价格: 115000
07:57	扫拍价格: 300000自己上架价格: 110000
07:57	扫拍价格: 300000自己上架价格: 115000
07:57	！！！大区31 广西2区角色1结束扫拍
07:57	！！！大区31 广西2区角色1开始变换
08:00	！！大区31 广西2区角色1结束变换
08:03	账号31 广西2区每日任务完成
08:04	账号31 广西2区每日任务结束时间： 08:04
08:04	广西2区-角色1	开始
08:07	！！！大区31 广西2区角色1开始扫拍
08:07	扫拍价格: 103293自己上架价格: 0
08:07	扫拍价格: 103293自己上架价格: 0
08:08	扫拍价格: 56145自己上架价格: 0
08:08	扫拍价格: 68887自己上架价格: 0
08:08	！！！大区31 广西2区角色1结束扫拍
08:08	！！！大区31 广西2区角色1开始变换
08:11	！！大区31 广西2区角色1结束变换
08:14	账号31 广西2区每日任务完成
08:15	账号31 广西2区每日任务结束时间： 08:15
08:15	广西2区-角色1	开始
08:18	！！！大区31 广西2区角色1开始扫拍
08:18	扫拍价格: 101919自己上架价格: 0
08:19	扫拍价格: 99998自己上架价格: 0
08:19	扫拍价格: 99999自己上架价格: 0
08:19	扫拍价格: 100000自己上架价格: 0
08:19	扫拍价格: 100000自己上架价格: 0
08:19	扫拍价格: 114918自己上架价格: 0
08:19	扫拍价格: 114918自己上架价格: 0
08:19	扫拍价格: 114918自己上架价格: 0
08:19	扫拍价格: 134870自己上架价格: 110000
08:19	扫拍价格: 260000自己上架价格: 115000
08:19	扫拍价格: 266666自己上架价格: 115000
08:19	扫拍价格: 280000自己上架价格: 115000
08:19	扫拍价格: 288888自己上架价格: 115000
08:19	扫拍价格: 320000自己上架价格: 115800
08:19	扫拍价格: 388888自己上架价格: 138800
08:20	扫拍价格: 42000自己上架价格: 0
08:20	扫拍价格: 199349自己上架价格: 0
08:21	扫拍价格: 35000自己上架价格: 0
08:22	扫拍价格: 90000自己上架价格: 0
08:22	扫拍价格: 95501自己上架价格: 0
08:22	扫拍价格: 98562自己上架价格: 0
08:22	扫拍价格: 100000自己上架价格: 0
08:22	扫拍价格: 118888自己上架价格: 0
08:22	扫拍价格: 125501自己上架价格: 0
08:22	扫拍价格: 125501自己上架价格: 0
08:22	扫拍价格: 125501自己上架价格: 0
08:22	扫拍价格: 125501自己上架价格: 0
08:22	扫拍价格: 125501自己上架价格: 0
08:22	扫拍价格: 125501自己上架价格: 0
08:23	扫拍价格: 50000自己上架价格: 0
08:23	扫拍价格: 68755自己上架价格: 0
08:23	扫拍价格: 68755自己上架价格: 0
08:23	扫拍价格: 110992自己上架价格: 122200
08:23	扫拍价格: 160000自己上架价格: 122200
08:23	扫拍价格: 280000自己上架价格: 179800
08:24	！！！大区31 广西2区角色1结束扫拍
08:24	！！！大区31 广西2区角色1开始变换
08:26	！！大区31 广西2区角色1结束变换
08:30	账号31 广西2区每日任务完成
08:31	账号31 广西2区每日任务结束时间： 08:31
08:31	广西2区-角色1	开始
08:33	！！！大区31 广西2区角色1开始扫拍
08:34	扫拍价格: 68483自己上架价格: 0
08:34	扫拍价格: 70000自己上架价格: 0
08:34	扫拍价格: 78888自己上架价格: 115000
08:34	扫拍价格: 88888自己上架价格: 0
08:34	扫拍价格: 91111自己上架价格: 0
08:34	扫拍价格: 144444自己上架价格: 0
08:34	扫拍价格: 189999自己上架价格: 0
08:35	扫拍价格: 214378自己上架价格: 113200
08:35	扫拍价格: 216282自己上架价格: 110800
08:35	扫拍价格: 218483自己上架价格: 0
08:35	扫拍价格: 218483自己上架价格: 0
08:35	扫拍价格: 40000自己上架价格: 0
08:35	扫拍价格: 156250自己上架价格: 110000
08:35	扫拍价格: 181891自己上架价格: 0
08:35	扫拍价格: 222201自己上架价格: 115800
08:35	扫拍价格: 511111自己上架价格: 143800
08:35	扫拍价格: 1500000自己上架价格: 230200
08:36	扫拍价格: 50000自己上架价格: 0
08:36	扫拍价格: 53740自己上架价格: 0
08:36	扫拍价格: 55555自己上架价格: 0
08:36	扫拍价格: 90000自己上架价格: 115000
08:36	扫拍价格: 99825自己上架价格: 115000
08:36	扫拍价格: 99999自己上架价格: 0
08:36	扫拍价格: 106433自己上架价格: 110000
08:36	扫拍价格: 150000自己上架价格: 0
08:36	扫拍价格: 150000自己上架价格: 0
08:36	扫拍价格: 201322自己上架价格: 118200
08:37	扫拍价格: 229342自己上架价格: 0
08:37	扫拍价格: 229342自己上架价格: 0
08:38	扫拍价格: 288888自己上架价格: 115000
08:38	扫拍价格: 288888自己上架价格: 115000
08:38	扫拍价格: 300000自己上架价格: 110000
08:38	扫拍价格: 300000自己上架价格: 115000
08:39	！！！大区31 广西2区角色1结束扫拍
08:39	！！！大区31 广西2区角色1开始变换
08:41	！！大区31 广西2区角色1结束变换
08:45	账号31 广西2区每日任务完成
08:45	账号31 广西2区每日任务结束时间： 08:45
08:45	广西2区-角色1	开始
08:48	！！！大区31 广西2区角色1开始扫拍
08:49	扫拍价格: 103293自己上架价格: 0
08:49	扫拍价格: 103293自己上架价格: 0
08:49	扫拍价格: 56145自己上架价格: 0
08:49	扫拍价格: 68887自己上架价格: 0
08:50	！！！大区31 广西2区角色1结束扫拍
08:50	！！！大区31 广西2区角色1开始变换
08:52	！！大区31 广西2区角色1结束变换
08:56	账号31 广西2区每日任务完成
08:56	账号31 广西2区每日任务结束时间： 08:56
08:56	广西2区-角色1	开始
08:59	！！！大区31 广西2区角色1开始扫拍
09:00	扫拍价格: 101919自己上架价格: 0
09:00	扫拍价格: 99998自己上架价格: 0
09:00	扫拍价格: 99999自己上架价格: 0
09:00	扫拍价格: 100000自己上架价格: 0
09:00	扫拍价格: 100000自己上架价格: 0
09:00	扫拍价格: 114918自己上架价格: 0
09:00	扫拍价格: 114918自己上架价格: 0
09:00	扫拍价格: 114918自己上架价格: 0
09:01	扫拍价格: 134870自己上架价格: 110000
09:01	扫拍价格: 260000自己上架价格: 115000
09:01	扫拍价格: 266666自己上架价格: 115000
09:01	扫拍价格: 280000自己上架价格: 115000
09:01	扫拍价格: 288888自己上架价格: 115000
09:01	扫拍价格: 320000自己上架价格: 115800
09:01	扫拍价格: 388888自己上架价格: 138800
09:02	扫拍价格: 42000自己上架价格: 0
09:02	扫拍价格: 199349自己上架价格: 0
09:03	扫拍价格: 35000自己上架价格: 0
09:03	扫拍价格: 90000自己上架价格: 0
09:03	扫拍价格: 95501自己上架价格: 0
09:03	扫拍价格: 98562自己上架价格: 0
09:03	扫拍价格: 100000自己上架价格: 0
09:03	扫拍价格: 118888自己上架价格: 0
09:03	扫拍价格: 125501自己上架价格: 0
09:03	扫拍价格: 125501自己上架价格: 0
09:03	扫拍价格: 125501自己上架价格: 0
09:03	扫拍价格: 125501自己上架价格: 0
09:04	扫拍价格: 125501自己上架价格: 0
09:04	扫拍价格: 50000自己上架价格: 0
09:04	扫拍价格: 68755自己上架价格: 0
09:04	扫拍价格: 68755自己上架价格: 0
09:04	扫拍价格: 110992自己上架价格: 122200
09:04	扫拍价格: 160000自己上架价格: 122200
09:05	扫拍价格: 280000自己上架价格: 179800
09:06	扫拍价格: 68483自己上架价格: 0
09:06	扫拍价格: 70000自己上架价格: 0
09:06	扫拍价格: 78888自己上架价格: 115000
09:06	扫拍价格: 88888自己上架价格: 0
09:06	扫拍价格: 91111自己上架价格: 0
09:06	扫拍价格: 144444自己上架价格: 0
09:06	扫拍价格: 189999自己上架价格: 0
09:06	扫拍价格: 214378自己上架价格: 113200
09:06	扫拍价格: 216282自己上架价格: 110800
09:06	扫拍价格: 218483自己上架价格: 0
09:06	扫拍价格: 218483自己上架价格: 0
09:07	扫拍价格: 156250自己上架价格: 110000
09:07	扫拍价格: 181891自己上架价格: 0
09:07	扫拍价格: 222201自己上架价格: 115800
09:07	扫拍价格: 511111自己上架价格: 143800
09:07	扫拍价格: 1500000自己上架价格: 230200
09:07	扫拍价格: 50000自己上架价格: 0
09:07	扫拍价格: 53740自己上架价格: 0
09:07	扫拍价格: 55555自己上架价格: 0
09:08	扫拍价格: 90000自己上架价格: 115000
09:08	扫拍价格: 99825自己上架价格: 115000
09:08	扫拍价格: 99999自己上架价格: 0
09:08	扫拍价格: 106433自己上架价格: 110000
09:08	扫拍价格: 150000自己上架价格: 0
09:08	扫拍价格: 150000自己上架价格: 0
09:08	扫拍价格: 201322自己上架价格: 118200
09:08	扫拍价格: 229342自己上架价格: 0
09:08	扫拍价格: 229342自己上架价格: 0
09:08	扫拍价格: 229342自己上架价格: 0
09:10	扫拍价格: 118802自己上架价格: 0
09:10	扫拍价格: 288888自己上架价格: 115000
09:10	扫拍价格: 288888自己上架价格: 115000
09:10	扫拍价格: 300000自己上架价格: 110000
09:10	扫拍价格: 300000自己上架价格: 115000
09:10	！！！大区31 广西2区角色1结束扫拍
09:10	！！！大区31 广西2区角色1开始变换
09:13	！！大区31 广西2区角色1结束变换
09:16	账号31 广西2区每日任务完成
09:17	账号31 广西2区每日任务结束时间： 09:17
09:17	广西2区-角色1	开始
09:20	！！！大区31 广西2区角色1开始扫拍
09:20	扫拍价格: 103293自己上架价格: 0
09:20	扫拍价格: 103293自己上架价格: 0
09:21	扫拍价格: 56145自己上架价格: 0
09:21	扫拍价格: 68887自己上架价格: 0
09:21	！！！大区31 广西2区角色1结束扫拍
09:21	！！！大区31 广西2区角色1开始变换
09:23	！！大区31 广西2区角色1结束变换
09:27	账号31 广西2区每日任务完成
09:28	账号31 广西2区每日任务结束时间： 09:28
09:28	广西2区-角色1	开始
09:31	！！！大区31 广西2区角色1开始扫拍
09:32	扫拍价格: 101919自己上架价格: 0
09:32	！！！大区31 广西2区角色1结束扫拍
09:32	！！！大区31 广西2区角色1开始变换
09:34	！！大区31 广西2区角色1结束变换
09:38	账号31 广西2区每日任务完成
09:38	账号31 广西2区每日任务结束时间： 09:38
09:38	广西2区-角色1	开始
09:41	！！！大区31 广西2区角色1开始扫拍
09:42	扫拍价格: 99998自己上架价格: 0
09:42	扫拍价格: 99999自己上架价格: 0
09:42	扫拍价格: 100000自己上架价格: 0
09:42	扫拍价格: 100000自己上架价格: 0
09:42	扫拍价格: 114918自己上架价格: 0
09:42	扫拍价格: 114918自己上架价格: 0
09:42	扫拍价格: 114918自己上架价格: 0
09:42	扫拍价格: 134870自己上架价格: 110000
09:42	扫拍价格: 260000自己上架价格: 115000
09:42	扫拍价格: 266666自己上架价格: 115000
09:42	扫拍价格: 280000自己上架价格: 115000
09:42	扫拍价格: 288888自己上架价格: 115000
09:42	扫拍价格: 320000自己上架价格: 115800
09:42	扫拍价格: 388888自己上架价格: 138800
09:43	扫拍价格: 42000自己上架价格: 0
09:43	扫拍价格: 199349自己上架价格: 0
09:44	扫拍价格: 35000自己上架价格: 0
09:44	扫拍价格: 90000自己上架价格: 0
09:45	扫拍价格: 98562自己上架价格: 0
09:45	扫拍价格: 100000自己上架价格: 0
09:45	扫拍价格: 118888自己上架价格: 0
09:45	扫拍价格: 125501自己上架价格: 0
09:45	扫拍价格: 125501自己上架价格: 0
09:45	扫拍价格: 125501自己上架价格: 0
09:45	扫拍价格: 125501自己上架价格: 0
09:45	扫拍价格: 125501自己上架价格: 0
09:45	扫拍价格: 125501自己上架价格: 0
09:45	扫拍价格: 50000自己上架价格: 0
09:45	扫拍价格: 68755自己上架价格: 0
09:46	扫拍价格: 68755自己上架价格: 0
09:46	扫拍价格: 110992自己上架价格: 122200
09:46	扫拍价格: 160000自己上架价格: 122200
09:46	扫拍价格: 280000自己上架价格: 179800
09:47	扫拍价格: 68483自己上架价格: 0
09:47	扫拍价格: 70000自己上架价格: 0
09:47	扫拍价格: 78888自己上架价格: 115000
09:47	扫拍价格: 88888自己上架价格: 0
09:47	扫拍价格: 91111自己上架价格: 0
09:47	扫拍价格: 144444自己上架价格: 0
09:47	扫拍价格: 189999自己上架价格: 0
09:48	扫拍价格: 214378自己上架价格: 113200
09:48	扫拍价格: 216282自己上架价格: 110800
09:48	扫拍价格: 218483自己上架价格: 0
09:48	扫拍价格: 218483自己上架价格: 0
09:48	扫拍价格: 156250自己上架价格: 110000
09:48	扫拍价格: 181891自己上架价格: 0
09:48	扫拍价格: 222201自己上架价格: 115800
09:48	扫拍价格: 511111自己上架价格: 143800
09:48	扫拍价格: 1500000自己上架价格: 230200
09:49	扫拍价格: 50000自己上架价格: 0
09:49	扫拍价格: 53740自己上架价格: 0
09:49	扫拍价格: 55555自己上架价格: 0
09:49	扫拍价格: 90000自己上架价格: 115000
09:49	扫拍价格: 99825自己上架价格: 115000
09:49	扫拍价格: 99999自己上架价格: 0
09:49	扫拍价格: 106433自己上架价格: 110000
09:49	扫拍价格: 150000自己上架价格: 0
09:49	扫拍价格: 150000自己上架价格: 0
09:49	扫拍价格: 201322自己上架价格: 118200
09:49	扫拍价格: 229342自己上架价格: 0
09:50	扫拍价格: 229342自己上架价格: 0
09:51	扫拍价格: 118802自己上架价格: 0
09:51	扫拍价格: 288888自己上架价格: 115000
09:51	扫拍价格: 288888自己上架价格: 115000
09:51	扫拍价格: 300000自己上架价格: 110000
09:51	扫拍价格: 300000自己上架价格: 115000
09:52	！！！大区31 广西2区角色1结束扫拍
09:52	！！！大区31 广西2区角色1开始变换
09:54	！！大区31 广西2区角色1结束变换
09:58	账号31 广西2区每日任务完成
09:58	账号31 广西2区每日任务结束时间： 09:58
09:58	广西2区-角色1	开始
10:01	！！！大区31 广西2区角色1开始扫拍
10:02	扫拍价格: 103293自己上架价格: 0
10:02	扫拍价格: 103293自己上架价格: 0
10:02	扫拍价格: 56145自己上架价格: 0
10:02	扫拍价格: 68887自己上架价格: 0
10:03	！！！大区31 广西2区角色1结束扫拍
10:03	！！！大区31 广西2区角色1开始变换
10:05	！！大区31 广西2区角色1结束变换
10:09	账号31 广西2区每日任务完成
10:09	账号31 广西2区每日任务结束时间： 10:09
10:09	广西2区-角色1	开始
10:12	！！！大区31 广西2区角色1开始扫拍
10:13	扫拍价格: 101919自己上架价格: 0
10:13	扫拍价格: 99998自己上架价格: 0
10:13	扫拍价格: 99999自己上架价格: 0
10:13	扫拍价格: 100000自己上架价格: 0
10:13	扫拍价格: 100000自己上架价格: 0
10:13	扫拍价格: 114918自己上架价格: 0
10:13	扫拍价格: 114918自己上架价格: 0
10:13	扫拍价格: 134870自己上架价格: 110000
10:13	扫拍价格: 260000自己上架价格: 115000
10:13	扫拍价格: 266666自己上架价格: 115000
10:13	扫拍价格: 280000自己上架价格: 115000
10:14	扫拍价格: 288888自己上架价格: 115000
10:14	扫拍价格: 320000自己上架价格: 115800
10:14	扫拍价格: 388888自己上架价格: 138800
10:15	扫拍价格: 42000自己上架价格: 0
10:15	扫拍价格: 199349自己上架价格: 0
10:16	扫拍价格: 35000自己上架价格: 0
10:16	扫拍价格: 90000自己上架价格: 0
10:16	扫拍价格: 98562自己上架价格: 0
10:16	扫拍价格: 100000自己上架价格: 0
10:16	扫拍价格: 118888自己上架价格: 0
10:16	扫拍价格: 125501自己上架价格: 0
10:16	扫拍价格: 125501自己上架价格: 0
10:16	扫拍价格: 125501自己上架价格: 0
10:16	扫拍价格: 125501自己上架价格: 0
10:16	扫拍价格: 125501自己上架价格: 0
10:16	扫拍价格: 125501自己上架价格: 0
10:17	扫拍价格: 50000自己上架价格: 0
10:17	扫拍价格: 68755自己上架价格: 0
10:17	扫拍价格: 68755自己上架价格: 0
10:17	扫拍价格: 110992自己上架价格: 122200
10:17	扫拍价格: 160000自己上架价格: 122200
10:17	扫拍价格: 280000自己上架价格: 179800
10:18	！！！大区31 广西2区角色1结束扫拍
10:18	！！！大区31 广西2区角色1开始变换
10:21	！！大区31 广西2区角色1结束变换
10:24	账号31 广西2区每日任务完成
10:25	账号31 广西2区每日任务结束时间： 10:25
10:25	广西2区-角色1	开始
10:28	！！！大区31 广西2区角色1开始扫拍
10:28	扫拍价格: 70000自己上架价格: 0
10:28	扫拍价格: 78888自己上架价格: 115000
10:29	扫拍价格: 88888自己上架价格: 0
10:29	扫拍价格: 91111自己上架价格: 0
10:29	扫拍价格: 144444自己上架价格: 0
10:29	扫拍价格: 189999自己上架价格: 0
10:29	扫拍价格: 214378自己上架价格: 113200
10:29	扫拍价格: 216282自己上架价格: 110800
10:29	扫拍价格: 218483自己上架价格: 0
10:29	扫拍价格: 218483自己上架价格: 0
10:29	扫拍价格: 156250自己上架价格: 110000
10:29	扫拍价格: 181891自己上架价格: 0
10:29	扫拍价格: 222201自己上架价格: 115800
10:30	扫拍价格: 511111自己上架价格: 143800
10:30	扫拍价格: 50000自己上架价格: 0
10:30	扫拍价格: 53740自己上架价格: 0
10:30	扫拍价格: 55555自己上架价格: 0
10:30	扫拍价格: 90000自己上架价格: 115000
10:30	扫拍价格: 99999自己上架价格: 0
10:30	扫拍价格: 106433自己上架价格: 110000
10:31	扫拍价格: 150000自己上架价格: 0
10:31	扫拍价格: 150000自己上架价格: 0
10:31	扫拍价格: 201322自己上架价格: 118200
10:31	扫拍价格: 229342自己上架价格: 0
10:31	扫拍价格: 229342自己上架价格: 0
10:31	扫拍价格: 229342自己上架价格: 0
10:32	扫拍价格: 118802自己上架价格: 0
10:33	扫拍价格: 288888自己上架价格: 115000
10:33	扫拍价格: 288888自己上架价格: 115000
10:33	扫拍价格: 300000自己上架价格: 110000
10:33	扫拍价格: 300000自己上架价格: 115000
10:33	！！！大区31 广西2区角色1结束扫拍
10:33	！！！大区31 广西2区角色1开始变换
17:14	重新开始登陆
17:23	账号31 角色1开始清理
17:24	清理失败
17:24	清理失败
17:25	清理失败
17:25	金币存仓失败
17:25	金币存仓失败
17:25	金币存仓失败
17:25	魔力结晶存仓失败
17:25	金币存仓失败
17:26	金币存仓失败
17:26	金币存仓失败
17:26	魔力结晶存仓失败
17:26	重新开始登陆
17:34	重新开始登陆
17:40	账号31 角色2开始清理
17:43	清理失败
17:44	清理失败
17:45	清理失败
17:45	金币存仓失败
17:45	金币存仓失败
17:45	金币存仓失败
17:45	魔力结晶存仓失败
17:45	金币存仓失败
17:45	金币存仓失败
17:45	金币存仓失败
17:45	魔力结晶存仓失败
17:46	重新开始登陆
17:47	重新开始登陆
17:52	账号31 角色3开始清理
17:57	重新开始登陆
18:00	账号31 角色4开始清理
18:05	账号31 角色5开始清理
18:09	重新开始登陆
18:13	账号32 角色1开始清理
18:19	账号32 角色2开始清理
18:26	账号32 角色3开始清理
18:35	账号32 角色4开始清理
18:39	账号32 角色5开始清理
18:43	账号32 角色6开始清理
18:47	账号32 角色7开始清理
18:50	重新开始登陆
18:54	账号33 角色1开始清理
19:00	账号33 角色2开始清理
19:05	账号33 角色3开始清理
19:11	账号33 角色4开始清理
19:17	清理失败
19:20	清理失败
19:20	金币取仓失败
19:21	金币取仓失败
19:21	金币取仓失败
19:21	魔力结晶存仓失败
19:21	金币取仓失败
19:21	金币取仓失败
19:22	金币取仓失败
19:22	魔力结晶存仓失败
19:24	重新开始登陆
19:31	账号33 角色5开始清理
19:34	重新开始登陆
19:38	账号31 角色1开始清理
19:41	金币存仓失败
19:41	金币存仓失败
19:41	金币存仓失败
19:42	账号31 角色2开始清理
19:46	金币存仓失败
19:46	金币存仓失败
19:46	金币存仓失败
19:47	账号31 角色3开始清理
19:52	账号31 角色4开始清理
19:55	魔力结晶存仓失败
19:55	魔力结晶存仓失败
19:56	账号31 角色5开始清理
19:58	金币存仓失败
19:59	金币存仓失败
19:59	金币存仓失败
19:59	魔力结晶存仓失败
20:01	魔力结晶存仓失败
20:01	重新开始登陆
20:06	账号32 角色1开始清理
20:10	魔力结晶存仓失败
20:11	魔力结晶存仓失败
20:12	账号32 角色2开始清理
20:15	魔力结晶存仓失败
20:17	魔力结晶存仓失败
20:17	账号32 角色3开始清理
20:21	魔力结晶存仓失败
20:23	魔力结晶存仓失败
20:23	账号32 角色4开始清理
20:27	魔力结晶存仓失败
20:27	魔力结晶存仓失败
20:28	账号32 角色5开始清理
20:31	金币存仓失败
