00:05	重新开始登陆
00:14	重新开始登陆
00:21	登录失败
00:21	重新开始登陆
00:30	登录失败
00:30	重新开始登陆
00:40	重新开始登陆
00:55	登录失败
00:56	重新开始登陆
01:03	选频道出错
01:03	重新开始登陆
01:12	重新开始登陆
01:16	重新开始登陆
01:30	重新开始登陆
01:42	重新开始登陆
01:50	选频道出错
01:50	重新开始登陆
01:55	选角色出错
01:55	重新开始登陆
02:06	重新开始登陆
02:20	重新开始登陆
02:33	选角色出错
02:33	重新开始登陆
02:51	选频道出错
02:51	重新开始登陆
02:53	重新开始登陆
03:04	重新开始登陆
03:13	选频道出错
03:13	重新开始登陆
03:26	选频道出错
03:26	重新开始登陆
03:39	账号26 四川2区每日任务开始时间： 03:39
03:39	账号26 四川2区每日任务结束时间： 03:39
03:39	四川2区-角色1	开始
03:44	上架出错，下一个角色
03:46	账号26角色2 换角色出错
03:46	重新开始登陆
03:51	账号26 四川2区每日任务开始时间： 03:51
03:51	账号26 四川2区每日任务结束时间： 03:51
03:51	四川2区-角色2	开始
03:54	上架出错，下一个角色
03:55	账号26角色3 换角色出错
03:55	重新开始登陆
04:04	重新开始登陆
04:10	账号26 四川2区每日任务开始时间： 04:10
04:10	账号26 四川2区每日任务结束时间： 04:10
04:10	四川2区-角色3	开始
04:14	上架出错，下一个角色
04:14	账号26 四川2区每日任务结束时间： 04:14
04:14	四川2区-角色4	开始
04:28	！！！大区26 四川2区角色4开始扫拍
04:41	！！！大区26 四川2区角色4结束扫拍
04:41	！！！大区26 四川2区角色4开始变换
04:43	！！大区26 四川2区角色4结束变换
04:43	账号26 四川2区每日任务结束时间： 04:43
04:43	四川2区-角色4	开始
04:45	账号26 四川2区每日任务结束时间： 04:45
04:45	四川2区-角色5	开始
04:49	取仓出错
04:49	取仓出错
04:49	取仓出错
04:52	！！！大区26 四川2区角色5开始扫拍
04:52	！！！大区26 四川2区角色5结束扫拍
04:52	！！！大区26 四川2区角色5开始变换
04:53	打开物品栏并整理失败-变换前失败
04:53	打开物品栏并整理失败-变换前失败
04:53	由于变换前操作失败导致变换失败
04:53	打开物品栏并整理失败-变换前失败
04:53	打开物品栏并整理失败-变换前失败
04:54	由于变换前操作失败导致变换失败
04:54	打开物品栏并整理失败-变换前失败
04:54	打开物品栏并整理失败-变换前失败
04:54	由于变换前操作失败导致变换失败
04:55	打开物品栏并整理失败-变换前失败
04:55	打开物品栏并整理失败-变换前失败
04:55	由于变换前操作失败导致变换失败
04:55	打开物品栏并整理失败-变换前失败
04:56	打开物品栏并整理失败-变换前失败
04:56	由于变换前操作失败导致变换失败
04:56	！！！大区26 四川2区角色5变换次数过多，重新登录
04:56	重新开始登陆
04:57	重新开始登陆
04:59	重新开始登陆
05:03	重新开始登陆
05:09	重新开始登陆
05:18	重新开始登陆
05:31	重新开始登陆
05:32	重新开始登陆
05:35	重新开始登陆
05:38	重新开始登陆
05:45	重新开始登陆
05:54	重新开始登陆
06:07	初始化配置出错
