11:17	20000	密制天鹅绒短靴	
11:17	25813	密制天鹅绒短靴	
11:17	8755	密制豹皮短靴	
11:18	28755	密制豹皮短靴	
11:18	20000	密制紫榆短靴	
11:18	33333	密制紫榆短靴	
11:18	29799	密制科堡长靴	
11:18	30000	密制科堡长靴	
11:20	10412	密制提花护肩	
11:20	30000	密制提花护肩	
11:22	10000	密制锦丝腰带	
11:22	13597	密制锦丝腰带	
11:24	25468	密制薄纱斗篷	
11:24	25469	密制薄纱斗篷	
11:25	25813	密制天鹅绒短靴	
11:25	30000	密制天鹅绒短靴	
11:26	7999	密制豹皮短靴	
11:28	33900	密制提花护肩	
11:29	33929	密制提花护肩	
11:30	13598	密制锦丝腰带	
11:30	13599	密制锦丝腰带	
12:18	9979	密制薄纱护腿	
12:18	9980	密制薄纱护腿	
12:20	9999	密制天鹅绒腰带	
12:20	19796	密制天鹅绒腰带	
12:20	18099	密制豹皮腰带	
12:20	20000	密制豹皮腰带	
12:20	19998	密制紫榆腰带	
12:21	18888	密制紫榆腰带	
12:24	12000	密制提花长裤	
12:24	30000	密制提花长裤	
12:25	25000	密制锦丝长袍	
12:25	28800	密制锦丝长袍	
12:27	9981	密制薄纱护腿	
12:27	9982	密制薄纱护腿	
12:29	20000	密制天鹅绒腰带	
12:29	22222	密制天鹅绒腰带	
12:29	20000	密制豹皮腰带	
12:29	30380	密制豹皮腰带	
12:29	20000	密制紫榆腰带	
12:34	28881	密制锦丝长袍	
12:34	28882	密制锦丝长袍	
13:00	14472	密制守护石	
13:00	15000	密制守护石	
13:01	11111	密制日光石手镯	
13:01	21862	密制日光石手镯	暗属性抗性+6	
13:09	9983	密制薄纱护腿	
13:10	9984	密制薄纱护腿	
13:17	22222	密制守护石	
13:17	27177	密制守护石	智力+18	
