10:47	重新开始登陆
10:50	登录失败
10:50	重新开始登陆
10:58	选频道出错
10:58	重新开始登陆
11:08	账号55 陕西2区每日任务开始时间： 11:08
11:19	账号55 陕西2区每日任务完成
11:20	账号55 陕西2区每日任务结束时间： 11:20
11:20	陕西2区-角色1	开始
11:23	！！！！！！！！！！！购买优惠券！！！！！！！！！！！！！
11:24	账号55 陕西2区每日任务结束时间： 11:24
11:24	陕西2区-角色2	开始
11:27	！！！大区55 陕西2区角色2开始扫拍
11:27	扫拍价格: 44897自己上架价格: 0
11:27	扫拍价格: 44998自己上架价格: 0
11:27	扫拍价格: 44998自己上架价格: 0
11:28	扫拍价格: 44998自己上架价格: 0
11:28	扫拍价格: 50000自己上架价格: 0
11:28	扫拍价格: 58771自己上架价格: 0
11:28	扫拍价格: 68607自己上架价格: 0
11:28	扫拍价格: 108771自己上架价格: 0
11:28	扫拍价格: 44999自己上架价格: 0
11:28	扫拍价格: 77688自己上架价格: 0
11:28	扫拍价格: 107688自己上架价格: 0
11:28	扫拍价格: 60000自己上架价格: 0
11:28	扫拍价格: 60000自己上架价格: 0
11:28	扫拍价格: 44998自己上架价格: 0
11:28	扫拍价格: 50000自己上架价格: 0
11:28	扫拍价格: 84469自己上架价格: 0
11:28	扫拍价格: 64444自己上架价格: 0
11:29	扫拍价格: 140000自己上架价格: 0
11:29	扫拍价格: 222222自己上架价格: 0
11:29	扫拍价格: 222222自己上架价格: 0
11:29	扫拍价格: 54999自己上架价格: 0
11:29	扫拍价格: 60000自己上架价格: 0
11:29	扫拍价格: 134233自己上架价格: 0
11:29	扫拍价格: 134233自己上架价格: 0
11:29	扫拍价格: 57117自己上架价格: 0
11:31	扫拍价格: 77291自己上架价格: 0
11:31	扫拍价格: 87291自己上架价格: 0
11:31	扫拍价格: 87291自己上架价格: 0
11:31	扫拍价格: 107291自己上架价格: 0
11:31	扫拍价格: 107291自己上架价格: 0
11:31	扫拍价格: 107291自己上架价格: 0
11:31	扫拍价格: 107291自己上架价格: 0
11:31	扫拍价格: 107291自己上架价格: 0
11:31	扫拍价格: 107291自己上架价格: 0
11:32	扫拍价格: 56371自己上架价格: 0
11:32	扫拍价格: 136371自己上架价格: 0
11:32	扫拍价格: 136371自己上架价格: 0
11:32	扫拍价格: 136371自己上架价格: 0
11:32	扫拍价格: 43137自己上架价格: 0
11:34	扫拍价格: 34896自己上架价格: 0
11:34	扫拍价格: 34897自己上架价格: 0
11:35	扫拍价格: 43210自己上架价格: 0
11:35	扫拍价格: 45000自己上架价格: 0
11:35	扫拍价格: 45000自己上架价格: 0
11:35	扫拍价格: 45000自己上架价格: 0
11:35	扫拍价格: 66666自己上架价格: 0
11:35	扫拍价格: 66666自己上架价格: 0
11:35	扫拍价格: 93063自己上架价格: 0
11:35	扫拍价格: 93063自己上架价格: 0
11:36	扫拍价格: 44897自己上架价格: 0
11:36	扫拍价格: 44998自己上架价格: 0
11:36	扫拍价格: 44998自己上架价格: 0
11:36	扫拍价格: 44998自己上架价格: 0
11:36	扫拍价格: 50000自己上架价格: 0
11:36	扫拍价格: 58771自己上架价格: 0
11:36	扫拍价格: 68607自己上架价格: 0
11:37	扫拍价格: 108771自己上架价格: 0
11:37	扫拍价格: 44999自己上架价格: 0
11:37	扫拍价格: 77688自己上架价格: 0
11:37	扫拍价格: 107688自己上架价格: 0
11:37	扫拍价格: 60000自己上架价格: 0
11:37	扫拍价格: 60000自己上架价格: 0
11:37	扫拍价格: 44998自己上架价格: 0
11:37	扫拍价格: 50000自己上架价格: 0
11:37	扫拍价格: 84469自己上架价格: 0
11:37	扫拍价格: 64444自己上架价格: 0
11:38	扫拍价格: 140000自己上架价格: 0
11:38	扫拍价格: 222222自己上架价格: 0
11:38	扫拍价格: 222222自己上架价格: 0
11:38	扫拍价格: 54999自己上架价格: 0
11:38	扫拍价格: 60000自己上架价格: 0
11:38	扫拍价格: 134233自己上架价格: 0
11:38	扫拍价格: 134233自己上架价格: 0
11:38	扫拍价格: 57117自己上架价格: 0
11:39	扫拍价格: 77291自己上架价格: 0
11:39	扫拍价格: 87291自己上架价格: 0
11:39	扫拍价格: 87291自己上架价格: 0
11:39	扫拍价格: 107291自己上架价格: 0
11:39	扫拍价格: 107291自己上架价格: 0
11:39	扫拍价格: 107291自己上架价格: 0
11:39	扫拍价格: 107291自己上架价格: 0
11:39	扫拍价格: 107291自己上架价格: 0
11:39	扫拍价格: 107291自己上架价格: 0
11:39	扫拍价格: 629861自己上架价格: 0
11:41	扫拍价格: 56371自己上架价格: 0
11:41	扫拍价格: 136371自己上架价格: 0
11:41	扫拍价格: 136371自己上架价格: 0
11:41	扫拍价格: 136371自己上架价格: 0
11:41	扫拍价格: 43137自己上架价格: 0
11:43	！！！大区55 陕西2区角色2结束扫拍
11:43	！！！大区55 陕西2区角色2开始变换
11:45	！！大区55 陕西2区角色2结束变换
11:45	账号55 陕西2区每日任务结束时间： 11:45
11:45	陕西2区-角色2	开始
11:47	！！！！！！！！！！！购买优惠券！！！！！！！！！！！！！
11:47	账号55 陕西2区每日任务结束时间： 11:47
11:47	陕西2区-角色3	开始
11:50	！！！大区55 陕西2区角色3开始扫拍
11:50	扫拍价格: 51960自己上架价格: 0
11:50	扫拍价格: 52327自己上架价格: 0
11:50	扫拍价格: 52695自己上架价格: 0
11:50	扫拍价格: 52696自己上架价格: 0
11:50	扫拍价格: 53066自己上架价格: 0
11:50	扫拍价格: 53067自己上架价格: 0
11:50	扫拍价格: 53068自己上架价格: 0
11:50	扫拍价格: 53069自己上架价格: 0
11:50	扫拍价格: 53444自己上架价格: 0
11:50	扫拍价格: 61110自己上架价格: 0
11:50	扫拍价格: 61608自己上架价格: 0
11:50	扫拍价格: 62040自己上架价格: 0
11:50	扫拍价格: 62041自己上架价格: 0
11:50	扫拍价格: 62042自己上架价格: 0
11:50	扫拍价格: 62043自己上架价格: 0
11:50	扫拍价格: 66666自己上架价格: 0
11:51	扫拍价格: 138405自己上架价格: 0
11:52	扫拍价格: 126338自己上架价格: 0
11:52	扫拍价格: 126338自己上架价格: 0
11:52	扫拍价格: 49999自己上架价格: 0
11:52	扫拍价格: 116584自己上架价格: 0
11:53	扫拍价格: 37777自己上架价格: 0
11:53	扫拍价格: 38603自己上架价格: 0
11:53	扫拍价格: 38604自己上架价格: 0
11:53	扫拍价格: 38605自己上架价格: 0
11:53	扫拍价格: 38606自己上架价格: 0
11:53	扫拍价格: 38606自己上架价格: 0
11:53	扫拍价格: 38800自己上架价格: 0
11:53	扫拍价格: 38801自己上架价格: 0
11:53	扫拍价格: 39980自己上架价格: 0
11:53	扫拍价格: 39981自己上架价格: 0
11:53	扫拍价格: 39982自己上架价格: 0
11:53	扫拍价格: 39983自己上架价格: 0
11:53	扫拍价格: 39984自己上架价格: 0
11:53	扫拍价格: 39985自己上架价格: 0
11:53	扫拍价格: 39986自己上架价格: 0
11:53	扫拍价格: 41575自己上架价格: 0
11:53	扫拍价格: 46439自己上架价格: 0
11:53	扫拍价格: 60000自己上架价格: 0
11:53	扫拍价格: 100221自己上架价格: 0
11:53	扫拍价格: 100221自己上架价格: 0
11:54	扫拍价格: 163474自己上架价格: 0
11:54	扫拍价格: 51518自己上架价格: 0
11:54	扫拍价格: 51518自己上架价格: 0
11:54	扫拍价格: 40356自己上架价格: 0
11:54	扫拍价格: 33397自己上架价格: 0
11:54	扫拍价格: 40000自己上架价格: 0
11:54	扫拍价格: 41418自己上架价格: 0
11:56	扫拍价格: 74400自己上架价格: 0
11:56	扫拍价格: 74400自己上架价格: 0
11:56	扫拍价格: 74471自己上架价格: 0
11:56	扫拍价格: 74471自己上架价格: 0
11:56	扫拍价格: 74471自己上架价格: 0
11:56	扫拍价格: 74471自己上架价格: 0
11:56	扫拍价格: 74471自己上架价格: 0
11:56	扫拍价格: 45000自己上架价格: 0
11:56	扫拍价格: 45000自己上架价格: 0
11:56	扫拍价格: 62173自己上架价格: 0
11:56	扫拍价格: 45000自己上架价格: 0
11:56	扫拍价格: 58332自己上架价格: 0
11:56	扫拍价格: 87359自己上架价格: 0
11:56	扫拍价格: 50000自己上架价格: 0
11:56	扫拍价格: 45000自己上架价格: 0
11:57	扫拍价格: 40000自己上架价格: 0
11:57	扫拍价格: 60000自己上架价格: 0
11:57	扫拍价格: 80000自己上架价格: 0
11:57	扫拍价格: 171180自己上架价格: 0
11:57	扫拍价格: 171192自己上架价格: 0
11:57	扫拍价格: 171192自己上架价格: 0
11:57	扫拍价格: 171192自己上架价格: 0
11:57	扫拍价格: 40000自己上架价格: 0
11:57	扫拍价格: 69988自己上架价格: 0
11:57	扫拍价格: 96289自己上架价格: 0
11:58	扫拍价格: 40000自己上架价格: 0
11:58	扫拍价格: 60000自己上架价格: 0
11:58	扫拍价格: 80000自己上架价格: 0
11:58	扫拍价格: 171180自己上架价格: 0
11:58	扫拍价格: 171192自己上架价格: 0
11:58	扫拍价格: 171192自己上架价格: 0
11:58	扫拍价格: 171192自己上架价格: 0
11:58	扫拍价格: 40000自己上架价格: 0
11:58	扫拍价格: 69988自己上架价格: 0
11:58	扫拍价格: 96289自己上架价格: 0
11:58	扫拍价格: 40000自己上架价格: 0
11:58	扫拍价格: 60000自己上架价格: 0
11:58	扫拍价格: 80000自己上架价格: 0
11:58	扫拍价格: 171180自己上架价格: 0
11:58	扫拍价格: 171192自己上架价格: 0
11:58	扫拍价格: 171192自己上架价格: 0
11:58	扫拍价格: 171192自己上架价格: 0
11:58	扫拍价格: 40000自己上架价格: 0
11:58	扫拍价格: 69988自己上架价格: 0
11:58	扫拍价格: 96289自己上架价格: 0
12:00	扫拍价格: 51960自己上架价格: 0
12:00	扫拍价格: 52327自己上架价格: 0
12:00	扫拍价格: 52695自己上架价格: 0
12:00	扫拍价格: 52696自己上架价格: 0
12:00	扫拍价格: 53066自己上架价格: 0
12:00	扫拍价格: 53067自己上架价格: 0
12:00	扫拍价格: 53068自己上架价格: 0
12:01	扫拍价格: 53069自己上架价格: 0
12:01	扫拍价格: 53444自己上架价格: 0
12:01	扫拍价格: 61110自己上架价格: 0
12:01	扫拍价格: 61607自己上架价格: 0
12:02	扫拍价格: 126338自己上架价格: 0
12:02	扫拍价格: 126338自己上架价格: 0
12:02	扫拍价格: 49999自己上架价格: 0
12:02	扫拍价格: 116584自己上架价格: 0
12:03	扫拍价格: 37777自己上架价格: 0
12:03	扫拍价格: 38603自己上架价格: 0
12:03	扫拍价格: 38604自己上架价格: 0
12:03	扫拍价格: 38605自己上架价格: 0
12:03	扫拍价格: 38606自己上架价格: 0
12:03	扫拍价格: 38606自己上架价格: 0
12:03	扫拍价格: 38800自己上架价格: 0
12:03	扫拍价格: 38801自己上架价格: 0
12:03	扫拍价格: 39980自己上架价格: 0
12:03	扫拍价格: 39981自己上架价格: 0
12:03	扫拍价格: 39982自己上架价格: 0
12:03	扫拍价格: 39983自己上架价格: 0
12:03	扫拍价格: 39984自己上架价格: 0
12:03	扫拍价格: 39985自己上架价格: 0
12:03	扫拍价格: 39986自己上架价格: 0
12:03	扫拍价格: 41575自己上架价格: 0
12:03	扫拍价格: 46439自己上架价格: 0
12:03	扫拍价格: 60000自己上架价格: 0
12:03	扫拍价格: 100221自己上架价格: 0
12:03	扫拍价格: 100221自己上架价格: 0
12:04	扫拍价格: 38799自己上架价格: 0
12:04	扫拍价格: 41576自己上架价格: 0
12:04	扫拍价格: 39982自己上架价格: 0
12:04	扫拍价格: 41576自己上架价格: 0
12:04	扫拍价格: 43497自己上架价格: 0
12:04	扫拍价格: 61576自己上架价格: 0
12:04	扫拍价格: 163474自己上架价格: 0
12:04	扫拍价格: 51518自己上架价格: 0
12:04	扫拍价格: 51518自己上架价格: 0
12:04	扫拍价格: 40356自己上架价格: 0
12:04	扫拍价格: 33397自己上架价格: 0
12:04	扫拍价格: 40000自己上架价格: 0
12:04	扫拍价格: 41418自己上架价格: 0
12:06	扫拍价格: 74400自己上架价格: 0
12:06	扫拍价格: 74400自己上架价格: 0
12:06	扫拍价格: 74471自己上架价格: 0
12:06	扫拍价格: 74471自己上架价格: 0
12:06	扫拍价格: 74471自己上架价格: 0
12:06	扫拍价格: 74471自己上架价格: 0
12:06	扫拍价格: 74471自己上架价格: 0
12:06	扫拍价格: 45000自己上架价格: 0
12:06	扫拍价格: 45000自己上架价格: 0
12:06	扫拍价格: 62173自己上架价格: 0
12:06	扫拍价格: 45000自己上架价格: 0
12:06	扫拍价格: 58332自己上架价格: 0
12:06	扫拍价格: 87359自己上架价格: 0
12:06	扫拍价格: 50000自己上架价格: 0
12:06	扫拍价格: 45000自己上架价格: 0
12:07	扫拍价格: 40000自己上架价格: 0
12:07	扫拍价格: 60000自己上架价格: 0
12:07	扫拍价格: 80000自己上架价格: 0
12:07	扫拍价格: 171180自己上架价格: 0
12:07	扫拍价格: 171192自己上架价格: 0
12:07	扫拍价格: 171192自己上架价格: 0
12:07	扫拍价格: 171192自己上架价格: 0
12:07	扫拍价格: 40000自己上架价格: 0
12:07	扫拍价格: 69988自己上架价格: 0
12:07	扫拍价格: 96289自己上架价格: 0
12:07	扫拍价格: 40000自己上架价格: 0
12:07	扫拍价格: 60000自己上架价格: 0
12:07	扫拍价格: 80000自己上架价格: 0
12:07	扫拍价格: 171180自己上架价格: 0
12:08	扫拍价格: 171192自己上架价格: 0
12:08	扫拍价格: 171192自己上架价格: 0
12:08	扫拍价格: 171192自己上架价格: 0
12:08	扫拍价格: 40000自己上架价格: 0
12:08	扫拍价格: 69988自己上架价格: 0
12:08	扫拍价格: 96289自己上架价格: 0
12:08	扫拍价格: 40000自己上架价格: 0
12:08	扫拍价格: 60000自己上架价格: 0
12:08	扫拍价格: 80000自己上架价格: 0
12:08	扫拍价格: 171180自己上架价格: 0
12:08	扫拍价格: 171192自己上架价格: 0
12:08	扫拍价格: 171192自己上架价格: 0
12:08	扫拍价格: 171192自己上架价格: 0
12:08	扫拍价格: 40000自己上架价格: 0
12:08	扫拍价格: 69988自己上架价格: 0
12:08	扫拍价格: 96289自己上架价格: 0
12:10	！！！大区55 陕西2区角色3结束扫拍
12:10	！！！大区55 陕西2区角色3开始变换
12:12	！！大区55 陕西2区角色3结束变换
12:12	账号55 陕西2区每日任务结束时间： 12:12
12:12	陕西2区-角色3	开始
12:15	账号55 陕西2区每日任务结束时间： 12:15
12:15	陕西2区-角色4	开始
12:16	！！！！！！！！！！！购买优惠券！！！！！！！！！！！！！
12:18	账号55 陕西2区每日任务结束时间： 12:18
12:18	陕西2区-角色5	开始
12:20	！！！！！！！！！！！购买优惠券！！！！！！！！！！！！！
12:21	重新开始登陆
12:25	金币取仓失败
12:25	账号56 四川5区每日任务开始时间： 12:25
12:25	账号56角色1 每日任务换角色出错
12:26	账号56角色1 每日任务换角色出错
12:26	账号56角色1 每日任务换角色出错
12:26	账号56角色1 每日任务换角色出错
12:27	账号56角色1 每日任务换角色出错
12:27	账号56角色1 每日任务换角色出错
12:28	账号56角色1 每日任务换角色出错
12:28	账号56角色1 每日任务换角色出错
12:28	账号56角色1 每日任务换角色出错
12:29	账号56角色1 每日任务换角色出错
12:29	账号56角色1 每日任务换角色出错
12:30	账号56角色1 每日任务换角色出错
12:30	账号56角色1 每日任务换角色出错
12:30	账号56角色1 每日任务换角色出错
12:31	账号56角色1 每日任务换角色出错
12:31	账号56角色1 每日任务换角色出错
12:31	账号56角色1 每日任务换角色出错
12:32	账号56角色1 每日任务换角色出错
12:32	账号56 四川5区每日任务完成
12:32	重新开始登陆
12:38	账号56 四川5区每日任务开始时间： 12:38
12:46	重新开始登陆
12:48	重新开始登陆
12:57	重新开始登陆
13:06	重新开始登陆
13:12	账号56 四川5区每日任务开始时间： 13:12
13:12	账号56 四川5区每日任务结束时间： 13:12
13:12	四川5区-角色1	开始
13:14	超过上架上限
13:16	账号56 四川5区每日任务结束时间： 13:16
13:16	四川5区-角色2	开始
