00:02	！！！大区56 四川5区角色4结束扫拍
00:02	！！！大区56 四川5区角色4开始变换
00:04	由于变换失败装备过多过多,而导致变换失败
00:05	打开物品栏并整理失败-变换前失败
00:05	打开物品栏并整理失败-变换前失败
00:05	由于变换前操作失败导致变换失败
00:06	打开物品栏并整理失败-变换前失败
00:06	打开物品栏并整理失败-变换前失败
00:06	由于变换前操作失败导致变换失败
00:07	打开物品栏并整理失败-变换前失败
00:07	打开物品栏并整理失败-变换前失败
00:07	由于变换前操作失败导致变换失败
00:08	打开物品栏并整理失败-变换前失败
00:08	打开物品栏并整理失败-变换前失败
00:08	由于变换前操作失败导致变换失败
00:08	！！！大区56 四川5区角色4变换次数过多，重新登录
00:08	重新开始登陆
00:17	账号56 四川5区每日任务开始时间： 00:17
00:17	！！！大区56 四川5区角色4开始变换
00:19	！！大区56 四川5区角色4结束变换
00:19	账号56 四川5区每日任务结束时间： 00:19
00:19	四川5区-角色4	开始
00:23	！！！大区56 四川5区角色4开始扫拍
00:24	扫拍价格: 80000自己上架价格: 113200
00:24	扫拍价格: 85000自己上架价格: 110000
00:25	扫拍价格: 120000自己上架价格: 0
00:25	扫拍价格: 150000自己上架价格: 0
00:25	扫拍价格: 200000自己上架价格: 122800
00:25	扫拍价格: 204738自己上架价格: 0
00:25	扫拍价格: 204738自己上架价格: 0
00:25	扫拍价格: 204738自己上架价格: 0
00:25	扫拍价格: 204738自己上架价格: 0
00:25	扫拍价格: 204738自己上架价格: 0
00:26	扫拍价格: 39599自己上架价格: 0
00:26	扫拍价格: 39990自己上架价格: 0
00:26	扫拍价格: 100000自己上架价格: 0
00:26	扫拍价格: 168708自己上架价格: 0
00:27	扫拍价格: 134922自己上架价格: 0
00:28	扫拍价格: 150000自己上架价格: 0
00:28	扫拍价格: 210472自己上架价格: 0
00:28	扫拍价格: 210472自己上架价格: 0
00:30	扫拍价格: 50000自己上架价格: 0
00:30	扫拍价格: 50000自己上架价格: 0
00:30	扫拍价格: 50000自己上架价格: 0
00:32	扫拍价格: 211110自己上架价格: 0
00:33	扫拍价格: 156693自己上架价格: 0
00:33	扫拍价格: 156693自己上架价格: 0
00:33	扫拍价格: 156693自己上架价格: 0
00:33	扫拍价格: 156693自己上架价格: 0
00:34	扫拍价格: 156693自己上架价格: 0
00:34	扫拍价格: 156693自己上架价格: 0
00:34	扫拍价格: 156693自己上架价格: 0
00:34	扫拍价格: 156693自己上架价格: 0
00:34	扫拍价格: 156693自己上架价格: 0
00:34	扫拍价格: 156693自己上架价格: 0
00:34	扫拍价格: 156693自己上架价格: 0
00:34	扫拍价格: 156693自己上架价格: 0
00:35	扫拍价格: 59886自己上架价格: 0
00:36	扫拍价格: 53124自己上架价格: 0
00:38	扫拍价格: 39599自己上架价格: 0
00:38	扫拍价格: 39990自己上架价格: 0
00:38	扫拍价格: 100000自己上架价格: 0
00:38	扫拍价格: 168708自己上架价格: 0
00:40	扫拍价格: 134922自己上架价格: 0
00:40	扫拍价格: 150000自己上架价格: 0
00:41	扫拍价格: 210472自己上架价格: 0
00:41	扫拍价格: 210472自己上架价格: 0
00:41	！！！大区56 四川5区角色4结束扫拍
00:41	！！！大区56 四川5区角色4开始变换
00:46	！！大区56 四川5区角色4结束变换
00:46	账号56 四川5区每日任务结束时间： 00:46
00:46	四川5区-角色4	开始
00:50	账号56 四川5区每日任务结束时间： 00:50
00:50	四川5区-角色5	开始
00:54	！！！大区56 四川5区角色5开始扫拍
00:57	扫拍价格: 114770自己上架价格: 0
00:58	扫拍价格: 300000自己上架价格: 0
00:58	扫拍价格: 511111自己上架价格: 0
00:58	扫拍价格: 50042自己上架价格: 0
01:00	扫拍价格: 90000自己上架价格: 0
01:00	扫拍价格: 99999自己上架价格: 118200
01:00	扫拍价格: 100000自己上架价格: 0
01:00	扫拍价格: 200000自己上架价格: 0
01:00	扫拍价格: 273112自己上架价格: 0
01:00	扫拍价格: 375879自己上架价格: 113200
01:01	扫拍价格: 76118自己上架价格: 0
01:01	扫拍价格: 76118自己上架价格: 0
01:02	扫拍价格: 50000自己上架价格: 0
01:05	扫拍价格: 205793自己上架价格: 0
01:06	扫拍价格: 38751自己上架价格: 0
01:06	扫拍价格: 70000自己上架价格: 0
01:06	扫拍价格: 99379自己上架价格: 110000
01:06	扫拍价格: 138751自己上架价格: 0
01:06	扫拍价格: 150000自己上架价格: 115000
01:09	扫拍价格: 114770自己上架价格: 0
01:10	扫拍价格: 300000自己上架价格: 0
01:10	扫拍价格: 511111自己上架价格: 0
01:10	扫拍价格: 50042自己上架价格: 0
01:12	扫拍价格: 90000自己上架价格: 0
01:12	扫拍价格: 99999自己上架价格: 118200
01:12	扫拍价格: 100000自己上架价格: 0
01:12	扫拍价格: 200000自己上架价格: 0
01:12	扫拍价格: 273112自己上架价格: 0
01:12	扫拍价格: 375879自己上架价格: 113200
01:13	扫拍价格: 76118自己上架价格: 0
01:13	扫拍价格: 76118自己上架价格: 0
01:15	扫拍价格: 205793自己上架价格: 0
01:16	扫拍价格: 38751自己上架价格: 0
01:16	扫拍价格: 70000自己上架价格: 0
01:16	扫拍价格: 99379自己上架价格: 110000
01:16	扫拍价格: 138751自己上架价格: 0
01:16	扫拍价格: 150000自己上架价格: 115000
01:17	！！！大区56 四川5区角色5结束扫拍
01:17	！！！大区56 四川5区角色5开始变换
01:20	！！大区56 四川5区角色5结束变换
01:20	账号56 四川5区每日任务结束时间： 01:20
01:20	四川5区-角色5	开始
01:21	重新开始登陆
01:26	账号57 广东5区每日任务开始时间： 01:26
01:26	账号57 广东5区每日任务结束时间： 01:26
01:26	广东5区-角色1	开始
01:29	！！！大区57 广东5区角色1开始扫拍
01:31	扫拍价格: 80245自己上架价格: 0
01:32	扫拍价格: 87074自己上架价格: 0
01:32	扫拍价格: 98896自己上架价格: 0
01:32	扫拍价格: 107074自己上架价格: 0
01:33	扫拍价格: 94499自己上架价格: 0
01:33	扫拍价格: 121111自己上架价格: 0
01:33	扫拍价格: 104906自己上架价格: 0
01:33	扫拍价格: 132236自己上架价格: 0
01:33	扫拍价格: 132236自己上架价格: 0
01:33	扫拍价格: 132236自己上架价格: 0
01:33	扫拍价格: 196260自己上架价格: 143800
01:35	扫拍价格: 33333自己上架价格: 0
01:35	扫拍价格: 68888自己上架价格: 0
01:35	扫拍价格: 93200自己上架价格: 0
01:35	扫拍价格: 95444自己上架价格: 0
01:35	扫拍价格: 95444自己上架价格: 0
01:35	扫拍价格: 911110自己上架价格: 0
01:36	扫拍价格: 91484自己上架价格: 0
01:36	扫拍价格: 191484自己上架价格: 0
01:36	扫拍价格: 50000自己上架价格: 0
01:37	！！！大区57 广东5区角色1结束扫拍
01:37	！！！大区57 广东5区角色1开始变换
01:39	！！大区57 广东5区角色1结束变换
01:39	账号57 广东5区每日任务结束时间： 01:39
01:39	广东5区-角色1	开始
01:41	账号57 广东5区每日任务结束时间： 01:41
01:41	广东5区-角色2	开始
01:44	！！！大区57 广东5区角色2开始扫拍
01:44	扫拍价格: 41111自己上架价格: 0
01:44	扫拍价格: 64100自己上架价格: 0
01:45	扫拍价格: 127111自己上架价格: 0
01:45	扫拍价格: 127752自己上架价格: 0
01:45	扫拍价格: 127752自己上架价格: 0
01:45	扫拍价格: 131111自己上架价格: 0
01:46	扫拍价格: 199845自己上架价格: 0
01:47	扫拍价格: 199845自己上架价格: 0
01:47	扫拍价格: 88888自己上架价格: 110000
01:47	扫拍价格: 88888自己上架价格: 115800
01:47	扫拍价格: 89148自己上架价格: 0
01:47	扫拍价格: 94755自己上架价格: 110000
01:47	扫拍价格: 99999自己上架价格: 115000
01:47	扫拍价格: 121498自己上架价格: 113200
01:47	扫拍价格: 121498自己上架价格: 115000
01:48	扫拍价格: 144447自己上架价格: 115000
01:48	扫拍价格: 201010自己上架价格: 0
01:48	扫拍价格: 201498自己上架价格: 118200
01:48	扫拍价格: 1288888自己上架价格: 214200
01:49	扫拍价格: 43917自己上架价格: 0
01:49	扫拍价格: 44017自己上架价格: 0
01:49	扫拍价格: 64017自己上架价格: 0
01:49	扫拍价格: 151023自己上架价格: 0
01:50	扫拍价格: 50000自己上架价格: 0
01:50	扫拍价格: 125000自己上架价格: 0
01:50	扫拍价格: 125000自己上架价格: 0
01:51	扫拍价格: 55555自己上架价格: 0
01:51	扫拍价格: 55555自己上架价格: 0
01:51	扫拍价格: 55853自己上架价格: 0
01:51	扫拍价格: 55853自己上架价格: 0
01:51	扫拍价格: 39715自己上架价格: 0
01:51	扫拍价格: 66666自己上架价格: 0
01:51	扫拍价格: 102235自己上架价格: 0
01:51	扫拍价格: 102235自己上架价格: 0
01:51	扫拍价格: 102235自己上架价格: 0
01:52	扫拍价格: 56000自己上架价格: 0
01:52	扫拍价格: 134585自己上架价格: 0
01:52	扫拍价格: 134585自己上架价格: 0
01:53	扫拍价格: 150000自己上架价格: 0
01:53	扫拍价格: 33333自己上架价格: 0
01:53	扫拍价格: 42365自己上架价格: 0
01:53	扫拍价格: 50000自己上架价格: 0
01:53	扫拍价格: 95476自己上架价格: 0
01:55	扫拍价格: 306774自己上架价格: 0
01:55	扫拍价格: 41111自己上架价格: 0
01:55	扫拍价格: 64100自己上架价格: 0
01:55	扫拍价格: 127111自己上架价格: 0
01:55	扫拍价格: 127752自己上架价格: 0
01:55	扫拍价格: 127752自己上架价格: 0
01:55	扫拍价格: 131111自己上架价格: 0
01:57	扫拍价格: 199845自己上架价格: 0
01:57	扫拍价格: 199845自己上架价格: 0
01:57	扫拍价格: 88888自己上架价格: 110000
01:57	扫拍价格: 88888自己上架价格: 115800
01:57	扫拍价格: 89148自己上架价格: 0
01:57	扫拍价格: 94755自己上架价格: 110000
01:57	扫拍价格: 99999自己上架价格: 115000
01:57	扫拍价格: 121498自己上架价格: 113200
01:57	扫拍价格: 121498自己上架价格: 115000
01:58	扫拍价格: 144447自己上架价格: 115000
01:58	扫拍价格: 201010自己上架价格: 0
01:58	扫拍价格: 201498自己上架价格: 118200
01:58	扫拍价格: 1288888自己上架价格: 214200
01:58	！！！大区57 广东5区角色2结束扫拍
01:58	！！！大区57 广东5区角色2开始变换
02:00	！！大区57 广东5区角色2结束变换
02:00	账号57 广东5区每日任务结束时间： 02:00
02:00	广东5区-角色2	开始
02:01	账号57 广东5区每日任务结束时间： 02:01
02:01	广东5区-角色3	开始
02:04	！！！大区57 广东5区角色3开始扫拍
02:04	扫拍价格: 70000自己上架价格: 0
02:04	扫拍价格: 80820自己上架价格: 0
02:05	扫拍价格: 88888自己上架价格: 0
02:05	扫拍价格: 104031自己上架价格: 0
02:05	扫拍价格: 104240自己上架价格: 0
02:06	扫拍价格: 50000自己上架价格: 0
02:06	扫拍价格: 99999自己上架价格: 0
02:06	扫拍价格: 80000自己上架价格: 0
02:07	扫拍价格: 79359自己上架价格: 0
02:07	扫拍价格: 79359自己上架价格: 0
02:07	扫拍价格: 85773自己上架价格: 0
02:07	扫拍价格: 85773自己上架价格: 0
02:07	扫拍价格: 85775自己上架价格: 0
02:07	扫拍价格: 85775自己上架价格: 0
02:07	扫拍价格: 92732自己上架价格: 0
02:19	！！！大区57 广东5区角色3结束扫拍
02:19	！！！大区57 广东5区角色3开始变换
02:19	打开物品栏并整理失败-变换前失败
02:20	打开物品栏并整理失败-变换前失败
02:20	由于变换前操作失败导致变换失败
02:20	打开物品栏并整理失败-变换前失败
02:20	打开物品栏并整理失败-变换前失败
02:20	由于变换前操作失败导致变换失败
02:21	打开物品栏并整理失败-变换前失败
02:21	打开物品栏并整理失败-变换前失败
02:21	由于变换前操作失败导致变换失败
02:22	打开物品栏并整理失败-变换前失败
02:22	打开物品栏并整理失败-变换前失败
02:22	由于变换前操作失败导致变换失败
02:23	打开物品栏并整理失败-变换前失败
02:23	打开物品栏并整理失败-变换前失败
02:23	由于变换前操作失败导致变换失败
02:23	！！！大区57 广东5区角色3变换次数过多，重新登录
02:23	重新开始登陆
02:31	金币取仓失败
02:31	账号57 广东5区每日任务开始时间： 02:31
02:31	！！！大区57 广东5区角色3开始变换
02:31	打开物品栏并整理失败-变换前失败
02:31	打开物品栏并整理失败-变换前失败
02:32	由于变换前操作失败导致变换失败
02:32	打开物品栏并整理失败-变换前失败
02:32	打开物品栏并整理失败-变换前失败
02:32	由于变换前操作失败导致变换失败
02:33	打开物品栏并整理失败-变换前失败
02:33	打开物品栏并整理失败-变换前失败
02:33	由于变换前操作失败导致变换失败
02:34	打开物品栏并整理失败-变换前失败
02:34	打开物品栏并整理失败-变换前失败
02:34	由于变换前操作失败导致变换失败
02:34	打开物品栏并整理失败-变换前失败
02:35	打开物品栏并整理失败-变换前失败
02:35	由于变换前操作失败导致变换失败
02:35	！！！大区57 广东5区角色3变换次数过多，重新登录
02:35	重新开始登陆
02:40	账号57 广东5区每日任务开始时间： 02:40
02:40	！！！大区57 广东5区角色3开始变换
02:42	！！大区57 广东5区角色3结束变换
02:42	账号57 广东5区每日任务结束时间： 02:42
02:42	广东5区-角色3	开始
02:43	上架出错，下一个角色
02:45	账号57角色4 换角色出错
02:45	重新开始登陆
02:51	账号57 广东5区每日任务开始时间： 02:51
02:51	账号57 广东5区每日任务结束时间： 02:51
02:51	广东5区-角色4	开始
02:54	！！！大区57 广东5区角色4开始扫拍
02:54	扫拍价格: 80805自己上架价格: 0
02:55	扫拍价格: 97211自己上架价格: 0
02:55	扫拍价格: 97211自己上架价格: 0
02:55	扫拍价格: 97756自己上架价格: 0
02:55	扫拍价格: 99601自己上架价格: 0
02:56	扫拍价格: 50000自己上架价格: 0
02:56	扫拍价格: 68074自己上架价格: 0
02:56	扫拍价格: 91842自己上架价格: 0
02:56	扫拍价格: 64999自己上架价格: 0
02:56	扫拍价格: 64999自己上架价格: 0
02:57	扫拍价格: 100000自己上架价格: 0
02:57	扫拍价格: 165966自己上架价格: 0
02:57	扫拍价格: 78806自己上架价格: 0
02:57	扫拍价格: 78806自己上架价格: 0
02:57	扫拍价格: 79102自己上架价格: 0
02:58	扫拍价格: 199595自己上架价格: 0
02:58	扫拍价格: 199795自己上架价格: 0
02:58	扫拍价格: 199895自己上架价格: 0
02:58	扫拍价格: 444000自己上架价格: 0
02:58	扫拍价格: 90000自己上架价格: 0
02:59	扫拍价格: 121924自己上架价格: 0
02:59	扫拍价格: 250101自己上架价格: 0
02:59	扫拍价格: 301010自己上架价格: 0
02:59	扫拍价格: 350000自己上架价格: 149200
03:00	扫拍价格: 39680自己上架价格: 0
03:00	扫拍价格: 40000自己上架价格: 0
03:00	扫拍价格: 65235自己上架价格: 0
03:00	扫拍价格: 65235自己上架价格: 0
03:00	扫拍价格: 65235自己上架价格: 0
03:01	扫拍价格: 60000自己上架价格: 0
03:01	扫拍价格: 80000自己上架价格: 0
03:01	扫拍价格: 100000自己上架价格: 0
03:01	扫拍价格: 147508自己上架价格: 0
03:01	扫拍价格: 147508自己上架价格: 0
03:01	扫拍价格: 147508自己上架价格: 0
03:02	扫拍价格: 147508自己上架价格: 0
03:02	扫拍价格: 200000自己上架价格: 117200
03:02	扫拍价格: 248750自己上架价格: 0
03:02	扫拍价格: 135111自己上架价格: 0
03:02	扫拍价格: 135761自己上架价格: 0
03:02	扫拍价格: 135761自己上架价格: 0
03:03	扫拍价格: 307804自己上架价格: 0
03:03	扫拍价格: 307804自己上架价格: 0
03:03	扫拍价格: 307804自己上架价格: 0
03:05	扫拍价格: 80805自己上架价格: 0
03:06	扫拍价格: 97211自己上架价格: 0
03:06	扫拍价格: 97211自己上架价格: 0
03:06	扫拍价格: 97756自己上架价格: 0
03:06	扫拍价格: 99601自己上架价格: 0
03:06	扫拍价格: 50000自己上架价格: 0
03:06	扫拍价格: 68074自己上架价格: 0
03:06	扫拍价格: 91842自己上架价格: 0
03:07	扫拍价格: 64999自己上架价格: 0
03:07	扫拍价格: 64999自己上架价格: 0
03:07	扫拍价格: 100000自己上架价格: 0
03:07	扫拍价格: 165966自己上架价格: 0
03:08	扫拍价格: 78806自己上架价格: 0
03:08	扫拍价格: 78806自己上架价格: 0
03:08	扫拍价格: 79102自己上架价格: 0
03:08	扫拍价格: 199595自己上架价格: 0
03:08	扫拍价格: 199795自己上架价格: 0
03:08	扫拍价格: 199895自己上架价格: 0
03:08	扫拍价格: 444000自己上架价格: 0
03:09	扫拍价格: 90000自己上架价格: 0
03:10	扫拍价格: 121924自己上架价格: 0
03:10	扫拍价格: 250101自己上架价格: 0
03:10	扫拍价格: 301010自己上架价格: 0
03:10	扫拍价格: 350000自己上架价格: 149200
03:10	扫拍价格: 39680自己上架价格: 0
03:10	扫拍价格: 40000自己上架价格: 0
03:10	扫拍价格: 65235自己上架价格: 0
03:10	扫拍价格: 65235自己上架价格: 0
03:10	扫拍价格: 65235自己上架价格: 0
03:11	扫拍价格: 60000自己上架价格: 0
03:11	扫拍价格: 80000自己上架价格: 0
03:12	扫拍价格: 100000自己上架价格: 0
03:12	扫拍价格: 147508自己上架价格: 0
03:12	扫拍价格: 147508自己上架价格: 0
03:12	扫拍价格: 147508自己上架价格: 0
03:12	扫拍价格: 147508自己上架价格: 0
03:12	扫拍价格: 200000自己上架价格: 117200
03:12	扫拍价格: 248750自己上架价格: 0
03:12	扫拍价格: 135111自己上架价格: 0
03:12	扫拍价格: 135761自己上架价格: 0
03:12	扫拍价格: 135761自己上架价格: 0
03:13	扫拍价格: 307804自己上架价格: 0
03:13	扫拍价格: 307804自己上架价格: 0
03:13	扫拍价格: 307804自己上架价格: 0
03:14	！！！大区57 广东5区角色4结束扫拍
03:14	！！！大区57 广东5区角色4开始变换
03:16	！！大区57 广东5区角色4结束变换
03:16	账号57 广东5区每日任务结束时间： 03:16
03:16	广东5区-角色4	开始
03:18	账号57 广东5区每日任务结束时间： 03:18
03:18	广东5区-角色5	开始
03:21	！！！大区57 广东5区角色5开始扫拍
03:21	扫拍价格: 79999自己上架价格: 0
03:21	扫拍价格: 80000自己上架价格: 0
03:21	扫拍价格: 89025自己上架价格: 0
03:23	扫拍价格: 39794自己上架价格: 0
03:23	扫拍价格: 70000自己上架价格: 0
03:23	扫拍价格: 72200自己上架价格: 0
03:23	扫拍价格: 32332自己上架价格: 0
03:23	扫拍价格: 34647自己上架价格: 0
03:23	扫拍价格: 100912自己上架价格: 0
03:23	扫拍价格: 51297自己上架价格: 0
03:23	扫拍价格: 81297自己上架价格: 0
03:24	扫拍价格: 69894自己上架价格: 0
03:24	扫拍价格: 108395自己上架价格: 0
03:24	扫拍价格: 125965自己上架价格: 0
03:24	扫拍价格: 125965自己上架价格: 0
03:25	扫拍价格: 49999自己上架价格: 0
03:25	扫拍价格: 78471自己上架价格: 115032
03:25	扫拍价格: 300000自己上架价格: 0
03:26	扫拍价格: 150000自己上架价格: 0
03:26	扫拍价格: 211111自己上架价格: 122200
03:26	扫拍价格: 211111自己上架价格: 115800
03:26	扫拍价格: 248561自己上架价格: 115000
03:27	扫拍价格: 301011自己上架价格: 115000
03:27	扫拍价格: 301011自己上架价格: 110000
03:27	扫拍价格: 328352自己上架价格: 110000
03:27	扫拍价格: 328352自己上架价格: 110000
03:27	扫拍价格: 410985自己上架价格: 0
03:27	扫拍价格: 465515自己上架价格: 0
03:27	扫拍价格: 467515自己上架价格: 0
03:27	扫拍价格: 467515自己上架价格: 0
03:27	扫拍价格: 66500自己上架价格: 0
03:27	扫拍价格: 78111自己上架价格: 0
03:27	扫拍价格: 78883自己上架价格: 0
03:27	扫拍价格: 78883自己上架价格: 0
03:29	扫拍价格: 227226自己上架价格: 0
03:29	扫拍价格: 227226自己上架价格: 0
03:31	扫拍价格: 159999自己上架价格: 0
03:31	扫拍价格: 196343自己上架价格: 0
03:31	扫拍价格: 196343自己上架价格: 0
03:31	扫拍价格: 196343自己上架价格: 0
03:31	扫拍价格: 196343自己上架价格: 0
03:31	扫拍价格: 196343自己上架价格: 0
03:31	扫拍价格: 200000自己上架价格: 116568
03:32	扫拍价格: 79999自己上架价格: 0
03:32	扫拍价格: 80000自己上架价格: 0
03:32	扫拍价格: 89025自己上架价格: 0
03:33	扫拍价格: 39794自己上架价格: 0
03:33	扫拍价格: 70000自己上架价格: 0
03:33	扫拍价格: 72200自己上架价格: 0
03:34	扫拍价格: 32332自己上架价格: 0
03:34	扫拍价格: 34647自己上架价格: 0
03:34	扫拍价格: 100912自己上架价格: 0
03:34	扫拍价格: 51297自己上架价格: 0
03:34	扫拍价格: 81297自己上架价格: 0
03:35	扫拍价格: 69894自己上架价格: 0
03:35	扫拍价格: 108395自己上架价格: 0
03:35	扫拍价格: 125965自己上架价格: 0
03:35	扫拍价格: 125965自己上架价格: 0
03:35	扫拍价格: 78471自己上架价格: 115032
03:35	扫拍价格: 300000自己上架价格: 0
03:37	扫拍价格: 150000自己上架价格: 0
03:37	扫拍价格: 211111自己上架价格: 122200
03:37	扫拍价格: 211111自己上架价格: 115800
03:37	扫拍价格: 248561自己上架价格: 115000
03:37	扫拍价格: 301011自己上架价格: 115000
03:37	扫拍价格: 301011自己上架价格: 110000
03:37	扫拍价格: 328352自己上架价格: 110000
03:37	扫拍价格: 328352自己上架价格: 110000
03:37	扫拍价格: 410985自己上架价格: 0
03:37	扫拍价格: 465515自己上架价格: 0
03:37	扫拍价格: 467515自己上架价格: 0
03:38	扫拍价格: 467515自己上架价格: 0
03:38	扫拍价格: 66500自己上架价格: 0
03:38	扫拍价格: 78111自己上架价格: 0
03:38	扫拍价格: 78883自己上架价格: 0
03:38	扫拍价格: 78883自己上架价格: 0
03:39	扫拍价格: 227226自己上架价格: 0
03:39	扫拍价格: 227226自己上架价格: 0
03:40	扫拍价格: 229185自己上架价格: 0
03:41	扫拍价格: 106023自己上架价格: 110000
03:41	扫拍价格: 159999自己上架价格: 0
03:41	扫拍价格: 196343自己上架价格: 0
03:41	扫拍价格: 196343自己上架价格: 0
03:41	扫拍价格: 196343自己上架价格: 0
03:41	扫拍价格: 196343自己上架价格: 0
03:41	扫拍价格: 196343自己上架价格: 0
03:41	扫拍价格: 200000自己上架价格: 116568
03:41	！！！大区57 广东5区角色5结束扫拍
03:41	！！！大区57 广东5区角色5开始变换
03:43	！！大区57 广东5区角色5结束变换
03:43	账号57 广东5区每日任务结束时间： 03:43
03:43	广东5区-角色5	开始
03:45	重新开始登陆
03:50	账号55 陕西2区每日任务开始时间： 03:50
03:50	账号55 陕西2区每日任务结束时间： 03:50
03:50	陕西2区-角色1	开始
03:53	！！！！！！！！！！！购买优惠券！！！！！！！！！！！！！
03:53	金币存仓失败
03:53	金币存仓失败
03:54	金币存仓失败
03:54	账号55 陕西2区每日任务结束时间： 03:54
03:54	陕西2区-角色2	开始
03:57	！！！大区55 陕西2区角色2开始扫拍
03:57	扫拍价格: 34892自己上架价格: 0
03:57	扫拍价格: 34893自己上架价格: 0
03:57	扫拍价格: 34894自己上架价格: 0
03:57	扫拍价格: 34895自己上架价格: 0
03:58	扫拍价格: 34896自己上架价格: 0
03:58	扫拍价格: 34897自己上架价格: 0
03:58	扫拍价格: 43208自己上架价格: 0
03:58	扫拍价格: 43209自己上架价格: 0
03:58	扫拍价格: 43210自己上架价格: 0
03:58	扫拍价格: 45000自己上架价格: 0
03:58	扫拍价格: 45000自己上架价格: 0
03:58	扫拍价格: 66666自己上架价格: 0
03:58	扫拍价格: 66666自己上架价格: 0
03:59	扫拍价格: 139219自己上架价格: 0
03:59	扫拍价格: 238440自己上架价格: 0
04:00	扫拍价格: 68607自己上架价格: 0
04:00	扫拍价格: 108771自己上架价格: 0
04:00	扫拍价格: 54441自己上架价格: 0
04:00	扫拍价格: 55000自己上架价格: 0
04:01	扫拍价格: 134233自己上架价格: 0
04:01	扫拍价格: 134233自己上架价格: 0
04:02	扫拍价格: 87291自己上架价格: 0
04:03	扫拍价格: 107291自己上架价格: 0
04:03	扫拍价格: 107291自己上架价格: 0
04:03	扫拍价格: 107291自己上架价格: 0
04:03	扫拍价格: 107291自己上架价格: 0
04:04	扫拍价格: 159999自己上架价格: 0
04:04	扫拍价格: 288888自己上架价格: 0
04:04	扫拍价格: 380687自己上架价格: 0
04:04	扫拍价格: 380687自己上架价格: 0
04:04	扫拍价格: 159999自己上架价格: 0
04:04	扫拍价格: 288888自己上架价格: 0
04:04	扫拍价格: 380687自己上架价格: 0
04:04	扫拍价格: 380687自己上架价格: 0
04:04	扫拍价格: 159999自己上架价格: 0
04:04	扫拍价格: 288888自己上架价格: 0
04:04	扫拍价格: 380687自己上架价格: 0
04:04	扫拍价格: 380687自己上架价格: 0
04:05	扫拍价格: 56371自己上架价格: 0
04:05	扫拍价格: 100000自己上架价格: 0
04:05	扫拍价格: 136371自己上架价格: 0
04:05	扫拍价格: 136371自己上架价格: 0
04:06	扫拍价格: 40919自己上架价格: 0
04:06	扫拍价格: 42919自己上架价格: 0
04:06	扫拍价格: 42919自己上架价格: 0
04:06	扫拍价格: 65116自己上架价格: 0
04:07	扫拍价格: 66666自己上架价格: 0
04:07	扫拍价格: 39999自己上架价格: 0
04:07	扫拍价格: 66666自己上架价格: 0
04:07	扫拍价格: 137351自己上架价格: 0
04:07	扫拍价格: 137351自己上架价格: 0
04:07	扫拍价格: 137351自己上架价格: 0
04:08	扫拍价格: 137351自己上架价格: 0
04:08	扫拍价格: 137351自己上架价格: 0
04:08	扫拍价格: 184080自己上架价格: 0
04:08	扫拍价格: 184080自己上架价格: 0
04:08	扫拍价格: 184080自己上架价格: 0
04:08	扫拍价格: 184080自己上架价格: 0
04:09	扫拍价格: 87777自己上架价格: 0
04:09	扫拍价格: 100000自己上架价格: 115200
04:09	扫拍价格: 109789自己上架价格: 0
04:09	扫拍价格: 120000自己上架价格: 0
04:09	扫拍价格: 200000自己上架价格: 190008
04:09	扫拍价格: 217000自己上架价格: 0
04:09	扫拍价格: 235000自己上架价格: 115000
04:09	扫拍价格: 239000自己上架价格: 115000
04:10	扫拍价格: 785421自己上架价格: 0
04:10	扫拍价格: 34892自己上架价格: 0
04:10	扫拍价格: 34893自己上架价格: 0
04:10	扫拍价格: 34894自己上架价格: 0
04:10	扫拍价格: 34895自己上架价格: 0
04:10	扫拍价格: 34896自己上架价格: 0
04:10	扫拍价格: 43208自己上架价格: 0
04:10	扫拍价格: 43209自己上架价格: 0
04:10	扫拍价格: 43210自己上架价格: 0
04:10	扫拍价格: 45000自己上架价格: 0
04:10	扫拍价格: 45000自己上架价格: 0
04:10	扫拍价格: 66666自己上架价格: 0
04:10	扫拍价格: 66666自己上架价格: 0
04:11	扫拍价格: 139219自己上架价格: 0
04:11	扫拍价格: 238440自己上架价格: 0
04:12	扫拍价格: 68607自己上架价格: 0
04:12	扫拍价格: 108771自己上架价格: 0
04:12	扫拍价格: 54441自己上架价格: 0
04:12	扫拍价格: 55000自己上架价格: 0
04:13	扫拍价格: 134233自己上架价格: 0
04:13	扫拍价格: 134233自己上架价格: 0
04:14	扫拍价格: 87291自己上架价格: 0
04:14	扫拍价格: 107291自己上架价格: 0
04:14	扫拍价格: 107291自己上架价格: 0
04:14	扫拍价格: 107291自己上架价格: 0
04:14	扫拍价格: 107291自己上架价格: 0
04:15	扫拍价格: 159999自己上架价格: 0
04:15	扫拍价格: 288888自己上架价格: 0
04:15	扫拍价格: 380687自己上架价格: 0
04:16	扫拍价格: 380687自己上架价格: 0
04:16	扫拍价格: 159999自己上架价格: 0
04:16	扫拍价格: 288888自己上架价格: 0
04:16	扫拍价格: 380687自己上架价格: 0
04:16	扫拍价格: 380687自己上架价格: 0
04:16	扫拍价格: 159999自己上架价格: 0
04:16	扫拍价格: 288888自己上架价格: 0
04:16	扫拍价格: 380687自己上架价格: 0
04:16	扫拍价格: 380687自己上架价格: 0
04:17	扫拍价格: 56371自己上架价格: 0
04:17	扫拍价格: 100000自己上架价格: 0
04:17	扫拍价格: 136371自己上架价格: 0
04:17	扫拍价格: 136371自己上架价格: 0
04:18	扫拍价格: 39999自己上架价格: 0
04:18	扫拍价格: 66666自己上架价格: 0
04:18	扫拍价格: 137351自己上架价格: 0
04:18	扫拍价格: 137351自己上架价格: 0
04:18	扫拍价格: 137351自己上架价格: 0
04:19	扫拍价格: 137351自己上架价格: 0
04:19	扫拍价格: 137351自己上架价格: 0
04:19	扫拍价格: 184080自己上架价格: 0
04:19	扫拍价格: 184080自己上架价格: 0
04:19	扫拍价格: 184080自己上架价格: 0
04:20	扫拍价格: 184080自己上架价格: 0
04:20	扫拍价格: 87777自己上架价格: 0
04:20	扫拍价格: 100000自己上架价格: 115200
04:20	扫拍价格: 109789自己上架价格: 0
04:20	扫拍价格: 120000自己上架价格: 0
04:20	扫拍价格: 200000自己上架价格: 190008
04:20	扫拍价格: 217000自己上架价格: 0
04:20	扫拍价格: 235000自己上架价格: 115000
04:20	扫拍价格: 239000自己上架价格: 115000
04:20	扫拍价格: 785421自己上架价格: 0
04:21	！！！大区55 陕西2区角色2结束扫拍
04:21	！！！大区55 陕西2区角色2开始变换
04:23	！！大区55 陕西2区角色2结束变换
04:23	账号55 陕西2区每日任务结束时间： 04:23
04:23	陕西2区-角色2	开始
04:25	账号55 陕西2区每日任务结束时间： 04:25
04:25	陕西2区-角色3	开始
04:28	！！！大区55 陕西2区角色3开始扫拍
04:28	扫拍价格: 50420自己上架价格: 0
04:28	扫拍价格: 50421自己上架价格: 0
04:28	扫拍价格: 50776自己上架价格: 0
04:28	扫拍价格: 51128自己上架价格: 0
04:28	扫拍价格: 51130自己上架价格: 0
04:28	扫拍价格: 51131自己上架价格: 0
04:28	扫拍价格: 51132自己上架价格: 0
04:28	扫拍价格: 51133自己上架价格: 0
04:28	扫拍价格: 51134自己上架价格: 0
04:28	扫拍价格: 51135自己上架价格: 0
04:29	扫拍价格: 52689自己上架价格: 0
04:29	扫拍价格: 52690自己上架价格: 0
04:29	扫拍价格: 52691自己上架价格: 0
04:29	扫拍价格: 52692自己上架价格: 0
04:29	扫拍价格: 52693自己上架价格: 0
04:29	扫拍价格: 52694自己上架价格: 0
04:29	扫拍价格: 53061自己上架价格: 0
04:29	扫拍价格: 53062自己上架价格: 0
04:29	扫拍价格: 53063自己上架价格: 0
04:29	扫拍价格: 53064自己上架价格: 0
04:29	扫拍价格: 53065自己上架价格: 0
04:29	扫拍价格: 53066自己上架价格: 0
04:29	扫拍价格: 53067自己上架价格: 0
04:29	扫拍价格: 61110自己上架价格: 0
04:29	扫拍价格: 66666自己上架价格: 0
04:29	扫拍价格: 138405自己上架价格: 0
04:31	扫拍价格: 79996自己上架价格: 0
04:31	扫拍价格: 79997自己上架价格: 0
04:31	扫拍价格: 79998自己上架价格: 0
04:31	扫拍价格: 79999自己上架价格: 0
04:31	扫拍价格: 83422自己上架价格: 0
04:31	扫拍价格: 83422自己上架价格: 0
04:31	扫拍价格: 83422自己上架价格: 0
04:33	扫拍价格: 163474自己上架价格: 0
04:34	扫拍价格: 60000自己上架价格: 0
04:34	扫拍价格: 39999自己上架价格: 0
04:34	扫拍价格: 74471自己上架价格: 0
04:35	扫拍价格: 135910自己上架价格: 0
04:36	扫拍价格: 135910自己上架价格: 0
04:36	扫拍价格: 135910自己上架价格: 0
04:36	扫拍价格: 135910自己上架价格: 0
04:36	扫拍价格: 157944自己上架价格: 110000
04:36	扫拍价格: 171192自己上架价格: 0
04:36	扫拍价格: 171192自己上架价格: 0
04:36	扫拍价格: 171192自己上架价格: 0
04:36	扫拍价格: 171192自己上架价格: 0
04:37	扫拍价格: 39601自己上架价格: 0
04:38	扫拍价格: 39601自己上架价格: 0
04:38	扫拍价格: 39601自己上架价格: 0
04:38	扫拍价格: 40000自己上架价格: 0
04:38	扫拍价格: 40956自己上架价格: 0
04:38	扫拍价格: 50000自己上架价格: 0
04:38	扫拍价格: 110956自己上架价格: 0
04:39	扫拍价格: 244444自己上架价格: 0
04:39	扫拍价格: 980000自己上架价格: 225000
04:39	扫拍价格: 50420自己上架价格: 0
04:39	扫拍价格: 50421自己上架价格: 0
04:39	扫拍价格: 50776自己上架价格: 0
04:39	扫拍价格: 51128自己上架价格: 0
04:39	扫拍价格: 51130自己上架价格: 0
04:39	扫拍价格: 51131自己上架价格: 0
04:40	扫拍价格: 51132自己上架价格: 0
04:40	扫拍价格: 51133自己上架价格: 0
04:40	扫拍价格: 51134自己上架价格: 0
04:40	扫拍价格: 51135自己上架价格: 0
04:40	扫拍价格: 52689自己上架价格: 0
04:40	扫拍价格: 52690自己上架价格: 0
04:40	扫拍价格: 52691自己上架价格: 0
04:40	扫拍价格: 52692自己上架价格: 0
04:40	扫拍价格: 52693自己上架价格: 0
04:40	扫拍价格: 52694自己上架价格: 0
04:40	扫拍价格: 53061自己上架价格: 0
04:40	扫拍价格: 53062自己上架价格: 0
04:40	扫拍价格: 53063自己上架价格: 0
04:40	扫拍价格: 53064自己上架价格: 0
04:40	扫拍价格: 53065自己上架价格: 0
04:40	扫拍价格: 53066自己上架价格: 0
04:40	扫拍价格: 53067自己上架价格: 0
04:40	扫拍价格: 61110自己上架价格: 0
04:40	扫拍价格: 66666自己上架价格: 0
04:40	扫拍价格: 138405自己上架价格: 0
04:42	扫拍价格: 79996自己上架价格: 0
04:42	扫拍价格: 79997自己上架价格: 0
04:42	扫拍价格: 79998自己上架价格: 0
04:42	扫拍价格: 79999自己上架价格: 0
04:42	扫拍价格: 83422自己上架价格: 0
04:42	扫拍价格: 83422自己上架价格: 0
04:42	扫拍价格: 83422自己上架价格: 0
04:43	扫拍价格: 163474自己上架价格: 0
04:44	扫拍价格: 60000自己上架价格: 0
04:44	扫拍价格: 39999自己上架价格: 0
04:44	扫拍价格: 74471自己上架价格: 0
04:46	扫拍价格: 135910自己上架价格: 0
04:46	扫拍价格: 135910自己上架价格: 0
04:46	扫拍价格: 135910自己上架价格: 0
04:46	扫拍价格: 135910自己上架价格: 0
04:46	扫拍价格: 157944自己上架价格: 110000
04:46	扫拍价格: 171192自己上架价格: 0
04:46	扫拍价格: 171192自己上架价格: 0
04:46	扫拍价格: 171192自己上架价格: 0
04:46	扫拍价格: 171192自己上架价格: 0
04:48	扫拍价格: 39601自己上架价格: 0
04:48	扫拍价格: 39601自己上架价格: 0
04:48	扫拍价格: 39601自己上架价格: 0
04:48	扫拍价格: 40000自己上架价格: 0
04:48	扫拍价格: 40956自己上架价格: 0
04:48	扫拍价格: 50000自己上架价格: 0
04:48	扫拍价格: 110956自己上架价格: 0
04:48	扫拍价格: 244444自己上架价格: 0
04:49	扫拍价格: 980000自己上架价格: 225000
04:49	！！！大区55 陕西2区角色3结束扫拍
04:49	！！！大区55 陕西2区角色3开始变换
04:51	！！大区55 陕西2区角色3结束变换
04:51	账号55 陕西2区每日任务结束时间： 04:51
04:51	陕西2区-角色3	开始
04:54	账号55 陕西2区每日任务结束时间： 04:54
04:54	陕西2区-角色4	开始
04:57	！！！大区55 陕西2区角色4开始扫拍
04:58	扫拍价格: 46028自己上架价格: 0
04:58	扫拍价格: 46029自己上架价格: 0
04:58	扫拍价格: 46030自己上架价格: 0
04:58	扫拍价格: 46030自己上架价格: 0
04:58	扫拍价格: 46031自己上架价格: 0
04:58	扫拍价格: 46032自己上架价格: 0
04:58	扫拍价格: 46036自己上架价格: 0
04:58	扫拍价格: 56041自己上架价格: 0
04:58	扫拍价格: 136604自己上架价格: 0
04:58	扫拍价格: 166041自己上架价格: 0
04:58	扫拍价格: 166041自己上架价格: 0
04:58	扫拍价格: 166041自己上架价格: 0
04:59	扫拍价格: 166041自己上架价格: 0
04:59	扫拍价格: 50000自己上架价格: 0
04:59	扫拍价格: 170110自己上架价格: 0
04:59	扫拍价格: 170110自己上架价格: 0
04:59	扫拍价格: 250000自己上架价格: 0
05:00	扫拍价格: 73681自己上架价格: 0
05:00	扫拍价格: 38688自己上架价格: 0
05:00	扫拍价格: 39999自己上架价格: 0
05:00	扫拍价格: 55552自己上架价格: 0
05:00	扫拍价格: 55553自己上架价格: 0
05:00	扫拍价格: 55554自己上架价格: 0
05:00	扫拍价格: 59086自己上架价格: 0
05:00	扫拍价格: 59087自己上架价格: 0
05:00	扫拍价格: 60000自己上架价格: 0
05:00	扫拍价格: 88886自己上架价格: 0
05:00	扫拍价格: 88887自己上架价格: 0
05:00	扫拍价格: 120777自己上架价格: 0
05:01	扫拍价格: 80000自己上架价格: 0
05:01	扫拍价格: 49634自己上架价格: 0
05:01	扫拍价格: 125320自己上架价格: 0
05:02	扫拍价格: 80000自己上架价格: 0
05:02	扫拍价格: 911110自己上架价格: 0
05:05	扫拍价格: 50000自己上架价格: 0
05:05	扫拍价格: 45000自己上架价格: 0
05:05	扫拍价格: 154248自己上架价格: 0
05:06	扫拍价格: 80000自己上架价格: 0
05:07	扫拍价格: 94092自己上架价格: 0
05:07	扫拍价格: 113400自己上架价格: 0
05:07	扫拍价格: 113400自己上架价格: 0
05:07	扫拍价格: 113400自己上架价格: 0
05:09	扫拍价格: 46028自己上架价格: 0
05:09	扫拍价格: 46029自己上架价格: 0
05:09	扫拍价格: 46030自己上架价格: 0
05:09	扫拍价格: 46030自己上架价格: 0
05:09	扫拍价格: 46031自己上架价格: 0
05:09	扫拍价格: 46032自己上架价格: 0
05:09	扫拍价格: 46036自己上架价格: 0
05:09	扫拍价格: 56041自己上架价格: 0
05:09	扫拍价格: 136604自己上架价格: 0
05:09	扫拍价格: 166041自己上架价格: 0
05:09	扫拍价格: 166041自己上架价格: 0
05:09	扫拍价格: 166041自己上架价格: 0
05:09	扫拍价格: 166041自己上架价格: 0
05:10	扫拍价格: 50000自己上架价格: 0
05:10	扫拍价格: 170110自己上架价格: 0
05:10	扫拍价格: 170110自己上架价格: 0
05:10	扫拍价格: 250000自己上架价格: 0
05:10	扫拍价格: 73681自己上架价格: 0
05:11	扫拍价格: 38688自己上架价格: 0
05:11	扫拍价格: 39999自己上架价格: 0
05:11	扫拍价格: 55552自己上架价格: 0
05:11	扫拍价格: 55553自己上架价格: 0
05:11	扫拍价格: 55554自己上架价格: 0
05:11	扫拍价格: 59086自己上架价格: 0
05:11	扫拍价格: 59087自己上架价格: 0
05:11	扫拍价格: 60000自己上架价格: 0
05:11	扫拍价格: 88886自己上架价格: 0
05:11	扫拍价格: 88887自己上架价格: 0
05:11	扫拍价格: 120777自己上架价格: 0
05:12	扫拍价格: 80000自己上架价格: 0
05:12	扫拍价格: 49634自己上架价格: 0
05:12	扫拍价格: 125320自己上架价格: 0
05:13	扫拍价格: 80000自己上架价格: 0
05:13	扫拍价格: 911110自己上架价格: 0
05:15	扫拍价格: 45000自己上架价格: 0
05:15	扫拍价格: 154248自己上架价格: 0
05:16	扫拍价格: 80000自己上架价格: 0
05:17	扫拍价格: 94092自己上架价格: 0
05:17	扫拍价格: 113400自己上架价格: 0
05:17	扫拍价格: 113400自己上架价格: 0
05:17	扫拍价格: 113400自己上架价格: 0
05:17	！！！大区55 陕西2区角色4结束扫拍
05:17	！！！大区55 陕西2区角色4开始变换
05:19	！！大区55 陕西2区角色4结束变换
05:19	账号55 陕西2区每日任务结束时间： 05:19
05:19	陕西2区-角色4	开始
05:22	账号55 陕西2区每日任务结束时间： 05:22
05:22	陕西2区-角色5	开始
05:24	！！！！！！！！！！！购买优惠券！！！！！！！！！！！！！
05:25	重新开始登陆
05:31	账号56 四川5区每日任务开始时间： 05:31
05:31	账号56 四川5区每日任务结束时间： 05:31
05:31	四川5区-角色1	开始
05:33	！！！大区56 四川5区角色1开始扫拍
05:35	扫拍价格: 50859自己上架价格: 0
05:35	扫拍价格: 50867自己上架价格: 0
05:35	扫拍价格: 50869自己上架价格: 0
05:35	扫拍价格: 50870自己上架价格: 0
05:38	扫拍价格: 77777自己上架价格: 0
05:38	扫拍价格: 92853自己上架价格: 0
05:38	扫拍价格: 92853自己上架价格: 0
05:38	扫拍价格: 92853自己上架价格: 0
05:39	扫拍价格: 120047自己上架价格: 110000
05:40	扫拍价格: 82463自己上架价格: 0
05:40	扫拍价格: 82463自己上架价格: 0
05:40	扫拍价格: 82463自己上架价格: 0
05:40	扫拍价格: 82463自己上架价格: 0
05:40	扫拍价格: 82463自己上架价格: 0
05:40	扫拍价格: 82463自己上架价格: 0
05:42	扫拍价格: 100000自己上架价格: 0
05:42	扫拍价格: 111111自己上架价格: 0
05:42	扫拍价格: 120000自己上架价格: 0
05:42	扫拍价格: 200000自己上架价格: 0
05:42	扫拍价格: 230000自己上架价格: 0
05:42	扫拍价格: 250000自己上架价格: 193400
05:42	扫拍价格: 250000自己上架价格: 115800
05:42	扫拍价格: 250000自己上架价格: 118200
05:42	扫拍价格: 250000自己上架价格: 115800
05:45	扫拍价格: 50859自己上架价格: 0
05:45	扫拍价格: 50867自己上架价格: 0
05:45	扫拍价格: 50869自己上架价格: 0
05:45	扫拍价格: 50870自己上架价格: 0
05:47	扫拍价格: 77777自己上架价格: 0
05:47	扫拍价格: 92853自己上架价格: 0
05:47	扫拍价格: 92853自己上架价格: 0
05:47	扫拍价格: 92853自己上架价格: 0
05:48	扫拍价格: 120047自己上架价格: 110000
05:49	扫拍价格: 82463自己上架价格: 0
05:49	扫拍价格: 82463自己上架价格: 0
05:49	扫拍价格: 82463自己上架价格: 0
05:49	扫拍价格: 82463自己上架价格: 0
05:49	扫拍价格: 82463自己上架价格: 0
05:49	扫拍价格: 82463自己上架价格: 0
05:50	扫拍价格: 100000自己上架价格: 0
05:50	扫拍价格: 111111自己上架价格: 0
05:50	扫拍价格: 120000自己上架价格: 0
05:50	扫拍价格: 200000自己上架价格: 0
05:51	扫拍价格: 230000自己上架价格: 0
05:51	扫拍价格: 250000自己上架价格: 193400
05:51	扫拍价格: 250000自己上架价格: 115800
05:51	扫拍价格: 250000自己上架价格: 118200
05:51	扫拍价格: 250000自己上架价格: 115800
05:51	！！！大区56 四川5区角色1结束扫拍
05:51	！！！大区56 四川5区角色1开始变换
05:53	！！大区56 四川5区角色1结束变换
05:53	账号56 四川5区每日任务结束时间： 05:53
05:53	四川5区-角色1	开始
05:55	账号56 四川5区每日任务结束时间： 05:55
05:55	四川5区-角色2	开始
05:58	！！！大区56 四川5区角色2开始扫拍
05:59	扫拍价格: 51040自己上架价格: 0
06:01	扫拍价格: 85000自己上架价格: 0
06:01	扫拍价格: 115037自己上架价格: 0
06:01	扫拍价格: 115037自己上架价格: 0
06:01	扫拍价格: 85000自己上架价格: 0
06:02	扫拍价格: 115037自己上架价格: 0
06:02	扫拍价格: 115037自己上架价格: 0
06:02	扫拍价格: 85000自己上架价格: 0
06:02	扫拍价格: 115037自己上架价格: 0
06:02	扫拍价格: 115037自己上架价格: 0
06:03	扫拍价格: 65748自己上架价格: 0
06:03	扫拍价格: 59899自己上架价格: 0
06:03	扫拍价格: 60000自己上架价格: 0
06:03	扫拍价格: 66001自己上架价格: 0
06:03	扫拍价格: 76579自己上架价格: 0
06:04	扫拍价格: 121832自己上架价格: 0
06:05	扫拍价格: 140000自己上架价格: 0
06:05	扫拍价格: 121832自己上架价格: 0
06:05	扫拍价格: 140000自己上架价格: 0
06:05	扫拍价格: 121832自己上架价格: 0
06:05	扫拍价格: 140000自己上架价格: 0
06:06	扫拍价格: 152000自己上架价格: 0
06:07	扫拍价格: 50000自己上架价格: 0
06:07	扫拍价格: 56250自己上架价格: 0
06:07	扫拍价格: 75740自己上架价格: 0
06:07	扫拍价格: 80000自己上架价格: 110000
06:08	扫拍价格: 166666自己上架价格: 0
06:08	扫拍价格: 168932自己上架价格: 0
06:08	扫拍价格: 168932自己上架价格: 0
06:08	扫拍价格: 168932自己上架价格: 0
06:08	扫拍价格: 168932自己上架价格: 0
06:08	扫拍价格: 168932自己上架价格: 0
06:08	扫拍价格: 168932自己上架价格: 0
06:08	扫拍价格: 168932自己上架价格: 0
06:08	扫拍价格: 215700自己上架价格: 122200
06:08	扫拍价格: 60000自己上架价格: 0
06:09	扫拍价格: 225119自己上架价格: 127800
06:09	扫拍价格: 350000自己上架价格: 0
06:09	扫拍价格: 50000自己上架价格: 0
06:09	扫拍价格: 140000自己上架价格: 0
06:09	扫拍价格: 145345自己上架价格: 110000
06:09	扫拍价格: 145345自己上架价格: 110392
06:09	扫拍价格: 180000自己上架价格: 0
06:10	扫拍价格: 196141自己上架价格: 0
06:10	扫拍价格: 196141自己上架价格: 0
06:10	扫拍价格: 196141自己上架价格: 0
06:10	扫拍价格: 196141自己上架价格: 0
06:10	扫拍价格: 196141自己上架价格: 0
06:10	扫拍价格: 1406370自己上架价格: 110200
06:10	扫拍价格: 70698自己上架价格: 0
06:11	扫拍价格: 70698自己上架价格: 0
06:11	扫拍价格: 100000自己上架价格: 0
06:11	扫拍价格: 100000自己上架价格: 0
06:11	扫拍价格: 100113自己上架价格: 110000
06:11	扫拍价格: 100113自己上架价格: 115000
06:11	扫拍价格: 102795自己上架价格: 115000
06:11	扫拍价格: 102795自己上架价格: 115000
06:11	扫拍价格: 123416自己上架价格: 113200
06:11	扫拍价格: 130000自己上架价格: 0
06:12	扫拍价格: 51040自己上架价格: 0
06:13	扫拍价格: 85000自己上架价格: 0
06:14	扫拍价格: 115037自己上架价格: 0
06:14	扫拍价格: 115037自己上架价格: 0
06:14	扫拍价格: 85000自己上架价格: 0
06:14	扫拍价格: 115037自己上架价格: 0
06:14	扫拍价格: 115037自己上架价格: 0
06:14	扫拍价格: 85000自己上架价格: 0
06:14	扫拍价格: 115037自己上架价格: 0
06:14	扫拍价格: 115037自己上架价格: 0
06:15	扫拍价格: 65748自己上架价格: 0
06:16	扫拍价格: 59899自己上架价格: 0
06:16	扫拍价格: 60000自己上架价格: 0
06:16	扫拍价格: 66001自己上架价格: 0
06:16	扫拍价格: 76579自己上架价格: 0
06:17	扫拍价格: 121832自己上架价格: 0
06:17	扫拍价格: 140000自己上架价格: 0
06:17	扫拍价格: 121832自己上架价格: 0
06:17	扫拍价格: 140000自己上架价格: 0
06:18	扫拍价格: 121832自己上架价格: 0
06:18	扫拍价格: 140000自己上架价格: 0
06:19	扫拍价格: 152000自己上架价格: 0
06:20	扫拍价格: 50000自己上架价格: 0
06:20	扫拍价格: 56250自己上架价格: 0
06:20	扫拍价格: 75740自己上架价格: 0
06:20	扫拍价格: 80000自己上架价格: 110000
06:20	扫拍价格: 166666自己上架价格: 0
06:20	扫拍价格: 168932自己上架价格: 0
06:20	扫拍价格: 168932自己上架价格: 0
06:20	扫拍价格: 168932自己上架价格: 0
06:20	扫拍价格: 168932自己上架价格: 0
06:20	扫拍价格: 168932自己上架价格: 0
06:20	扫拍价格: 168932自己上架价格: 0
06:20	扫拍价格: 168932自己上架价格: 0
06:20	扫拍价格: 215700自己上架价格: 122200
06:21	扫拍价格: 60000自己上架价格: 0
06:21	扫拍价格: 225119自己上架价格: 127800
06:21	扫拍价格: 350000自己上架价格: 0
06:22	扫拍价格: 50000自己上架价格: 0
06:22	扫拍价格: 140000自己上架价格: 0
06:22	扫拍价格: 145345自己上架价格: 110000
06:22	扫拍价格: 145345自己上架价格: 110392
06:22	扫拍价格: 180000自己上架价格: 0
06:22	扫拍价格: 196141自己上架价格: 0
06:22	扫拍价格: 196141自己上架价格: 0
06:22	扫拍价格: 196141自己上架价格: 0
06:22	扫拍价格: 196141自己上架价格: 0
06:22	扫拍价格: 196141自己上架价格: 0
06:22	扫拍价格: 1406370自己上架价格: 110200
06:22	！！！大区56 四川5区角色2结束扫拍
06:22	！！！大区56 四川5区角色2开始变换
06:25	！！大区56 四川5区角色2结束变换
06:25	账号56 四川5区每日任务结束时间： 06:25
06:25	四川5区-角色2	开始
06:27	账号56 四川5区每日任务结束时间： 06:27
06:27	四川5区-角色3	开始
06:30	！！！大区56 四川5区角色3开始扫拍
06:31	扫拍价格: 103173自己上架价格: 0
06:32	扫拍价格: 88888自己上架价格: 0
06:32	扫拍价格: 55555自己上架价格: 0
06:32	扫拍价格: 124053自己上架价格: 0
06:32	扫拍价格: 124053自己上架价格: 0
06:33	扫拍价格: 75000自己上架价格: 0
06:33	扫拍价格: 119029自己上架价格: 0
06:33	扫拍价格: 561109自己上架价格: 0
06:34	扫拍价格: 44535自己上架价格: 0
06:35	扫拍价格: 44535自己上架价格: 0
06:35	扫拍价格: 71992自己上架价格: 0
06:36	扫拍价格: 182490自己上架价格: 0
06:36	扫拍价格: 55489自己上架价格: 0
06:36	扫拍价格: 175489自己上架价格: 0
06:36	扫拍价格: 175489自己上架价格: 0
06:38	扫拍价格: 156812自己上架价格: 0
06:38	扫拍价格: 167654自己上架价格: 110032
06:39	扫拍价格: 46000自己上架价格: 0
06:39	扫拍价格: 65000自己上架价格: 0
06:39	扫拍价格: 65000自己上架价格: 0
06:39	扫拍价格: 70000自己上架价格: 0
06:39	扫拍价格: 70000自己上架价格: 0
06:39	扫拍价格: 110800自己上架价格: 110800
06:39	扫拍价格: 120000自己上架价格: 115000
06:39	扫拍价格: 121527自己上架价格: 0
06:39	扫拍价格: 121527自己上架价格: 0
06:41	扫拍价格: 103173自己上架价格: 0
06:41	扫拍价格: 88888自己上架价格: 0
06:42	扫拍价格: 55555自己上架价格: 0
06:42	扫拍价格: 124053自己上架价格: 0
06:42	扫拍价格: 124053自己上架价格: 0
06:42	扫拍价格: 75000自己上架价格: 0
06:42	扫拍价格: 119029自己上架价格: 0
06:42	扫拍价格: 561109自己上架价格: 0
06:43	扫拍价格: 44535自己上架价格: 0
06:43	扫拍价格: 44535自己上架价格: 0
06:43	扫拍价格: 71992自己上架价格: 0
06:45	扫拍价格: 182490自己上架价格: 0
06:45	扫拍价格: 55489自己上架价格: 0
06:45	扫拍价格: 175489自己上架价格: 0
06:45	扫拍价格: 175489自己上架价格: 0
06:47	扫拍价格: 156812自己上架价格: 0
06:47	扫拍价格: 167654自己上架价格: 110032
06:47	扫拍价格: 46000自己上架价格: 0
06:47	扫拍价格: 65000自己上架价格: 0
06:47	扫拍价格: 65000自己上架价格: 0
06:47	扫拍价格: 70000自己上架价格: 0
06:47	扫拍价格: 70000自己上架价格: 0
06:48	扫拍价格: 110800自己上架价格: 110800
06:48	扫拍价格: 120000自己上架价格: 115000
06:48	扫拍价格: 121527自己上架价格: 0
06:48	扫拍价格: 121527自己上架价格: 0
06:48	！！！大区56 四川5区角色3结束扫拍
06:48	！！！大区56 四川5区角色3开始变换
06:51	！！大区56 四川5区角色3结束变换
06:51	账号56 四川5区每日任务结束时间： 06:51
06:51	四川5区-角色3	开始
06:53	账号56 四川5区每日任务结束时间： 06:53
06:53	四川5区-角色4	开始
06:56	！！！大区56 四川5区角色4开始扫拍
06:58	扫拍价格: 211110自己上架价格: 0
06:58	扫拍价格: 88888自己上架价格: 0
06:58	扫拍价格: 156693自己上架价格: 0
06:58	扫拍价格: 156693自己上架价格: 0
06:59	扫拍价格: 156693自己上架价格: 0
06:59	扫拍价格: 156693自己上架价格: 0
06:59	扫拍价格: 59886自己上架价格: 0
07:00	扫拍价格: 99900自己上架价格: 0
07:00	扫拍价格: 53124自己上架价格: 0
07:01	扫拍价格: 80000自己上架价格: 113200
07:01	扫拍价格: 120000自己上架价格: 0
07:01	扫拍价格: 150000自己上架价格: 0
07:02	扫拍价格: 200000自己上架价格: 122800
07:02	扫拍价格: 204738自己上架价格: 0
07:02	扫拍价格: 204738自己上架价格: 0
07:02	扫拍价格: 204738自己上架价格: 0
07:02	扫拍价格: 204738自己上架价格: 0
07:02	扫拍价格: 204738自己上架价格: 0
07:02	扫拍价格: 220918自己上架价格: 122200
07:02	扫拍价格: 39599自己上架价格: 0
07:02	扫拍价格: 39990自己上架价格: 0
07:02	扫拍价格: 100000自己上架价格: 0
07:02	扫拍价格: 168708自己上架价格: 0
07:04	扫拍价格: 150000自己上架价格: 0
07:04	扫拍价格: 210472自己上架价格: 0
07:04	扫拍价格: 210472自己上架价格: 0
07:05	扫拍价格: 50000自己上架价格: 0
07:05	扫拍价格: 50000自己上架价格: 0
07:07	扫拍价格: 211110自己上架价格: 0
07:07	扫拍价格: 88888自己上架价格: 0
07:08	扫拍价格: 156693自己上架价格: 0
07:08	扫拍价格: 156693自己上架价格: 0
07:08	扫拍价格: 156693自己上架价格: 0
07:08	扫拍价格: 156693自己上架价格: 0
07:08	扫拍价格: 59886自己上架价格: 0
07:09	扫拍价格: 99900自己上架价格: 0
07:09	扫拍价格: 53124自己上架价格: 0
07:11	扫拍价格: 80000自己上架价格: 113200
07:11	扫拍价格: 120000自己上架价格: 0
07:11	扫拍价格: 150000自己上架价格: 0
07:11	扫拍价格: 200000自己上架价格: 122800
07:11	扫拍价格: 204738自己上架价格: 0
07:11	扫拍价格: 204738自己上架价格: 0
07:11	扫拍价格: 204738自己上架价格: 0
07:11	扫拍价格: 204738自己上架价格: 0
07:11	扫拍价格: 204738自己上架价格: 0
07:11	扫拍价格: 220918自己上架价格: 122200
07:11	扫拍价格: 39599自己上架价格: 0
07:11	扫拍价格: 39990自己上架价格: 0
07:12	扫拍价格: 100000自己上架价格: 0
07:12	扫拍价格: 168708自己上架价格: 0
07:13	扫拍价格: 150000自己上架价格: 0
07:13	扫拍价格: 210472自己上架价格: 0
07:13	扫拍价格: 210472自己上架价格: 0
07:14	！！！大区56 四川5区角色4结束扫拍
07:14	！！！大区56 四川5区角色4开始变换
07:16	！！大区56 四川5区角色4结束变换
07:16	账号56 四川5区每日任务结束时间： 07:16
07:16	四川5区-角色4	开始
07:19	账号56 四川5区每日任务结束时间： 07:19
07:19	四川5区-角色5	开始
07:22	！！！大区56 四川5区角色5开始扫拍
07:24	扫拍价格: 114770自己上架价格: 0
07:24	扫拍价格: 114770自己上架价格: 0
07:25	扫拍价格: 300000自己上架价格: 0
07:25	扫拍价格: 511111自己上架价格: 0
07:25	扫拍价格: 50042自己上架价格: 0
07:26	扫拍价格: 90000自己上架价格: 0
07:26	扫拍价格: 100000自己上架价格: 0
07:26	扫拍价格: 200000自己上架价格: 0
07:26	扫拍价格: 273112自己上架价格: 0
07:26	扫拍价格: 375879自己上架价格: 113200
07:27	扫拍价格: 76117自己上架价格: 0
07:27	扫拍价格: 76118自己上架价格: 0
07:27	扫拍价格: 76118自己上架价格: 0
07:28	扫拍价格: 50000自己上架价格: 0
07:29	扫拍价格: 60000自己上架价格: 0
07:29	扫拍价格: 124600自己上架价格: 0
07:29	扫拍价格: 124600自己上架价格: 0
07:29	扫拍价格: 124600自己上架价格: 0
07:31	扫拍价格: 205793自己上架价格: 0
07:31	扫拍价格: 70000自己上架价格: 0
07:31	扫拍价格: 99379自己上架价格: 110000
07:31	扫拍价格: 138751自己上架价格: 0
07:31	扫拍价格: 150000自己上架价格: 115000
07:32	扫拍价格: 40000自己上架价格: 0
07:32	扫拍价格: 40000自己上架价格: 0
07:32	扫拍价格: 45644自己上架价格: 0
07:32	扫拍价格: 50000自己上架价格: 0
07:32	扫拍价格: 50000自己上架价格: 0
07:33	扫拍价格: 50101自己上架价格: 0
07:34	扫拍价格: 114770自己上架价格: 0
07:34	扫拍价格: 114770自己上架价格: 0
07:35	扫拍价格: 300000自己上架价格: 0
07:35	扫拍价格: 511111自己上架价格: 0
07:35	扫拍价格: 50042自己上架价格: 0
07:36	扫拍价格: 90000自己上架价格: 0
07:36	扫拍价格: 100000自己上架价格: 0
07:36	扫拍价格: 200000自己上架价格: 0
07:36	扫拍价格: 273112自己上架价格: 0
07:36	扫拍价格: 375879自己上架价格: 113200
07:37	扫拍价格: 76117自己上架价格: 0
07:37	扫拍价格: 76118自己上架价格: 0
07:37	扫拍价格: 76118自己上架价格: 0
07:38	扫拍价格: 60000自己上架价格: 0
07:38	扫拍价格: 124600自己上架价格: 0
07:38	扫拍价格: 124600自己上架价格: 0
07:38	扫拍价格: 124600自己上架价格: 0
07:40	扫拍价格: 205793自己上架价格: 0
07:40	扫拍价格: 70000自己上架价格: 0
07:41	扫拍价格: 99379自己上架价格: 110000
07:41	扫拍价格: 138751自己上架价格: 0
07:41	扫拍价格: 150000自己上架价格: 115000
07:41	！！！大区56 四川5区角色5结束扫拍
07:41	！！！大区56 四川5区角色5开始变换
07:43	！！大区56 四川5区角色5结束变换
07:43	账号56 四川5区每日任务结束时间： 07:43
07:43	四川5区-角色5	开始
07:45	重新开始登陆
07:49	账号57 广东5区每日任务开始时间： 07:49
07:57	账号57 广东5区每日任务完成
07:58	账号57 广东5区每日任务结束时间： 07:58
07:58	广东5区-角色1	开始
08:01	！！！大区57 广东5区角色1开始扫拍
08:02	扫拍价格: 79998自己上架价格: 0
08:04	扫拍价格: 98896自己上架价格: 0
08:04	扫拍价格: 107074自己上架价格: 0
08:04	扫拍价格: 94499自己上架价格: 0
08:04	扫拍价格: 121111自己上架价格: 0
08:05	扫拍价格: 104906自己上架价格: 0
08:05	扫拍价格: 132236自己上架价格: 0
08:05	扫拍价格: 132236自己上架价格: 0
08:05	扫拍价格: 132236自己上架价格: 0
08:05	扫拍价格: 196260自己上架价格: 143800
08:06	扫拍价格: 33333自己上架价格: 0
08:06	扫拍价格: 68888自己上架价格: 0
08:06	扫拍价格: 93200自己上架价格: 0
08:06	扫拍价格: 95444自己上架价格: 0
08:07	扫拍价格: 95444自己上架价格: 0
08:07	扫拍价格: 911110自己上架价格: 0
08:08	扫拍价格: 91484自己上架价格: 0
08:08	扫拍价格: 144444自己上架价格: 0
08:08	扫拍价格: 155234自己上架价格: 0
08:08	扫拍价格: 191484自己上架价格: 0
08:08	扫拍价格: 50000自己上架价格: 0
08:09	扫拍价格: 102111自己上架价格: 0
08:09	扫拍价格: 102677自己上架价格: 0
08:09	扫拍价格: 102677自己上架价格: 0
08:09	扫拍价格: 102677自己上架价格: 0
08:09	扫拍价格: 102677自己上架价格: 0
08:09	扫拍价格: 102677自己上架价格: 0
08:09	扫拍价格: 150000自己上架价格: 0
08:09	扫拍价格: 89999自己上架价格: 0
08:09	扫拍价格: 137631自己上架价格: 0
08:09	扫拍价格: 137631自己上架价格: 0
08:09	扫拍价格: 137631自己上架价格: 0
08:09	扫拍价格: 137631自己上架价格: 0
08:10	扫拍价格: 61971自己上架价格: 0
08:11	扫拍价格: 92000自己上架价格: 0
08:11	扫拍价格: 111111自己上架价格: 0
08:11	扫拍价格: 121111自己上架价格: 115000
08:11	扫拍价格: 121971自己上架价格: 0
08:11	扫拍价格: 199999自己上架价格: 0
08:11	扫拍价格: 221971自己上架价格: 0
08:11	扫拍价格: 221971自己上架价格: 0
08:12	扫拍价格: 123746自己上架价格: 115000
08:12	扫拍价格: 169435自己上架价格: 0
08:13	扫拍价格: 50000自己上架价格: 0
08:13	扫拍价格: 95000自己上架价格: 0
08:13	扫拍价格: 102474自己上架价格: 115000
08:13	扫拍价格: 173313自己上架价格: 115000
08:13	扫拍价格: 236820自己上架价格: 0
08:13	扫拍价格: 236820自己上架价格: 0
08:13	扫拍价格: 236820自己上架价格: 0
08:13	扫拍价格: 236820自己上架价格: 0
08:13	扫拍价格: 236820自己上架价格: 0
08:13	扫拍价格: 236820自己上架价格: 0
08:14	扫拍价格: 355555自己上架价格: 122200
08:15	扫拍价格: 79998自己上架价格: 0
08:17	扫拍价格: 98896自己上架价格: 0
08:17	扫拍价格: 107074自己上架价格: 0
08:18	扫拍价格: 94499自己上架价格: 0
08:18	扫拍价格: 121111自己上架价格: 0
08:18	扫拍价格: 104906自己上架价格: 0
08:18	扫拍价格: 132236自己上架价格: 0
08:18	扫拍价格: 132236自己上架价格: 0
08:18	扫拍价格: 132236自己上架价格: 0
08:18	扫拍价格: 196260自己上架价格: 143800
08:20	扫拍价格: 33333自己上架价格: 0
08:20	扫拍价格: 68888自己上架价格: 0
08:20	扫拍价格: 93200自己上架价格: 0
08:20	扫拍价格: 95444自己上架价格: 0
08:20	扫拍价格: 95444自己上架价格: 0
08:20	扫拍价格: 911110自己上架价格: 0
08:21	扫拍价格: 91484自己上架价格: 0
08:21	扫拍价格: 144444自己上架价格: 0
08:21	扫拍价格: 155234自己上架价格: 0
08:21	扫拍价格: 191484自己上架价格: 0
08:22	扫拍价格: 50000自己上架价格: 0
08:22	扫拍价格: 102111自己上架价格: 0
08:22	扫拍价格: 102677自己上架价格: 0
08:22	扫拍价格: 102677自己上架价格: 0
08:22	扫拍价格: 102677自己上架价格: 0
08:22	扫拍价格: 102677自己上架价格: 0
08:22	扫拍价格: 102677自己上架价格: 0
08:22	扫拍价格: 150000自己上架价格: 0
08:22	扫拍价格: 89999自己上架价格: 0
08:22	扫拍价格: 137631自己上架价格: 0
08:22	扫拍价格: 137631自己上架价格: 0
08:22	扫拍价格: 137631自己上架价格: 0
08:22	扫拍价格: 137631自己上架价格: 0
08:23	扫拍价格: 61971自己上架价格: 0
08:24	扫拍价格: 92000自己上架价格: 0
08:24	扫拍价格: 92000自己上架价格: 0
08:24	扫拍价格: 111111自己上架价格: 0
08:24	扫拍价格: 121111自己上架价格: 115000
08:24	扫拍价格: 121971自己上架价格: 0
08:24	扫拍价格: 199999自己上架价格: 0
08:24	扫拍价格: 221971自己上架价格: 0
08:25	扫拍价格: 123746自己上架价格: 115000
08:25	扫拍价格: 169435自己上架价格: 0
08:26	扫拍价格: 50000自己上架价格: 0
08:26	扫拍价格: 95000自己上架价格: 0
08:26	扫拍价格: 102474自己上架价格: 115000
08:26	扫拍价格: 173313自己上架价格: 115000
08:26	扫拍价格: 236820自己上架价格: 0
08:26	扫拍价格: 236820自己上架价格: 0
08:26	扫拍价格: 236820自己上架价格: 0
08:26	扫拍价格: 236820自己上架价格: 0
08:26	扫拍价格: 236820自己上架价格: 0
08:26	扫拍价格: 236820自己上架价格: 0
08:27	扫拍价格: 355555自己上架价格: 122200
08:27	！！！大区57 广东5区角色1结束扫拍
08:27	！！！大区57 广东5区角色1开始变换
08:29	！！大区57 广东5区角色1结束变换
08:35	账号57 广东5区每日任务完成
08:35	账号57 广东5区每日任务结束时间： 08:35
08:35	广东5区-角色1	开始
08:38	！！！大区57 广东5区角色1开始扫拍
08:40	扫拍价格: 79998自己上架价格: 0
08:41	扫拍价格: 98896自己上架价格: 0
08:42	扫拍价格: 107074自己上架价格: 0
08:42	扫拍价格: 94499自己上架价格: 0
08:42	扫拍价格: 121111自己上架价格: 0
08:42	扫拍价格: 104906自己上架价格: 0
08:43	扫拍价格: 132236自己上架价格: 0
08:43	扫拍价格: 132236自己上架价格: 0
08:43	扫拍价格: 132236自己上架价格: 0
08:43	扫拍价格: 196260自己上架价格: 143800
08:44	扫拍价格: 33333自己上架价格: 0
08:44	扫拍价格: 68888自己上架价格: 0
08:44	扫拍价格: 93200自己上架价格: 0
08:44	扫拍价格: 95444自己上架价格: 0
08:44	扫拍价格: 95444自己上架价格: 0
08:44	扫拍价格: 911110自己上架价格: 0
08:45	扫拍价格: 91484自己上架价格: 0
08:45	扫拍价格: 144444自己上架价格: 0
08:45	扫拍价格: 155234自己上架价格: 0
08:45	扫拍价格: 191484自己上架价格: 0
08:46	扫拍价格: 50000自己上架价格: 0
08:46	扫拍价格: 102111自己上架价格: 0
08:46	扫拍价格: 102677自己上架价格: 0
08:46	扫拍价格: 102677自己上架价格: 0
08:46	扫拍价格: 102677自己上架价格: 0
08:46	扫拍价格: 102677自己上架价格: 0
08:46	扫拍价格: 102677自己上架价格: 0
08:46	扫拍价格: 150000自己上架价格: 0
08:46	扫拍价格: 89999自己上架价格: 0
08:47	扫拍价格: 137631自己上架价格: 0
08:47	扫拍价格: 137631自己上架价格: 0
08:47	扫拍价格: 137631自己上架价格: 0
08:47	扫拍价格: 137631自己上架价格: 0
08:48	扫拍价格: 61971自己上架价格: 0
08:48	扫拍价格: 92000自己上架价格: 0
08:48	扫拍价格: 92000自己上架价格: 0
08:48	扫拍价格: 111111自己上架价格: 0
08:48	扫拍价格: 121111自己上架价格: 115000
08:48	扫拍价格: 121971自己上架价格: 0
08:49	扫拍价格: 199999自己上架价格: 0
08:49	扫拍价格: 221971自己上架价格: 0
08:49	扫拍价格: 221971自己上架价格: 0
08:49	扫拍价格: 123746自己上架价格: 115000
08:49	扫拍价格: 169435自己上架价格: 0
08:50	扫拍价格: 50000自己上架价格: 0
08:50	扫拍价格: 95000自己上架价格: 0
08:50	扫拍价格: 102474自己上架价格: 115000
08:51	扫拍价格: 173313自己上架价格: 115000
08:51	扫拍价格: 236820自己上架价格: 0
08:51	扫拍价格: 236820自己上架价格: 0
08:51	扫拍价格: 236820自己上架价格: 0
08:51	扫拍价格: 236820自己上架价格: 0
08:51	扫拍价格: 236820自己上架价格: 0
08:51	扫拍价格: 236820自己上架价格: 0
08:51	扫拍价格: 355555自己上架价格: 122200
08:53	扫拍价格: 79998自己上架价格: 0
08:55	扫拍价格: 98896自己上架价格: 0
08:55	扫拍价格: 107074自己上架价格: 0
08:55	扫拍价格: 121111自己上架价格: 0
08:55	扫拍价格: 104906自己上架价格: 0
08:56	扫拍价格: 132236自己上架价格: 0
08:56	扫拍价格: 132236自己上架价格: 0
08:56	扫拍价格: 196260自己上架价格: 143800
08:57	扫拍价格: 33333自己上架价格: 0
08:57	扫拍价格: 68888自己上架价格: 0
08:57	扫拍价格: 93200自己上架价格: 0
08:57	扫拍价格: 95444自己上架价格: 0
08:57	扫拍价格: 95444自己上架价格: 0
08:57	扫拍价格: 911110自己上架价格: 0
08:58	扫拍价格: 91484自己上架价格: 0
08:58	扫拍价格: 144444自己上架价格: 0
08:59	扫拍价格: 155234自己上架价格: 0
08:59	扫拍价格: 50000自己上架价格: 0
08:59	扫拍价格: 102111自己上架价格: 0
08:59	扫拍价格: 102677自己上架价格: 0
08:59	扫拍价格: 102677自己上架价格: 0
08:59	扫拍价格: 102677自己上架价格: 0
08:59	扫拍价格: 102677自己上架价格: 0
08:59	扫拍价格: 102677自己上架价格: 0
08:59	扫拍价格: 150000自己上架价格: 0
09:00	扫拍价格: 89999自己上架价格: 0
09:00	扫拍价格: 137631自己上架价格: 0
09:00	扫拍价格: 137631自己上架价格: 0
09:00	扫拍价格: 137631自己上架价格: 0
09:00	扫拍价格: 137631自己上架价格: 0
09:01	扫拍价格: 61971自己上架价格: 0
09:01	扫拍价格: 92000自己上架价格: 0
09:02	扫拍价格: 92000自己上架价格: 0
09:02	扫拍价格: 111111自己上架价格: 0
09:02	扫拍价格: 121111自己上架价格: 115000
09:02	扫拍价格: 121971自己上架价格: 0
09:02	扫拍价格: 199999自己上架价格: 0
09:02	扫拍价格: 221971自己上架价格: 0
09:02	扫拍价格: 221971自己上架价格: 0
09:03	扫拍价格: 123746自己上架价格: 115000
09:03	扫拍价格: 169435自己上架价格: 0
09:03	扫拍价格: 50000自己上架价格: 0
09:04	扫拍价格: 95000自己上架价格: 0
09:04	扫拍价格: 102474自己上架价格: 115000
09:04	扫拍价格: 173313自己上架价格: 115000
09:04	扫拍价格: 236820自己上架价格: 0
09:04	扫拍价格: 236820自己上架价格: 0
09:04	扫拍价格: 236820自己上架价格: 0
09:04	扫拍价格: 236820自己上架价格: 0
09:04	扫拍价格: 236820自己上架价格: 0
09:04	扫拍价格: 236820自己上架价格: 0
09:04	扫拍价格: 355555自己上架价格: 122200
09:05	！！！大区57 广东5区角色1结束扫拍
09:05	！！！大区57 广东5区角色1开始变换
09:07	！！大区57 广东5区角色1结束变换
09:11	账号57 广东5区每日任务完成
09:12	账号57 广东5区每日任务结束时间： 09:12
09:12	广东5区-角色1	开始
09:15	！！！大区57 广东5区角色1开始扫拍
09:16	扫拍价格: 79998自己上架价格: 0
09:18	扫拍价格: 98896自己上架价格: 0
09:18	扫拍价格: 107074自己上架价格: 0
09:19	扫拍价格: 121111自己上架价格: 0
09:19	扫拍价格: 104906自己上架价格: 0
09:19	扫拍价格: 132236自己上架价格: 0
09:20	扫拍价格: 132236自己上架价格: 0
09:20	扫拍价格: 132236自己上架价格: 0
09:20	扫拍价格: 196260自己上架价格: 143800
09:21	扫拍价格: 33333自己上架价格: 0
09:21	扫拍价格: 68888自己上架价格: 0
09:21	扫拍价格: 93200自己上架价格: 0
09:21	扫拍价格: 95444自己上架价格: 0
09:21	扫拍价格: 95444自己上架价格: 0
09:21	扫拍价格: 911110自己上架价格: 0
09:22	扫拍价格: 91484自己上架价格: 0
09:22	扫拍价格: 144444自己上架价格: 0
09:22	扫拍价格: 155234自己上架价格: 0
09:22	扫拍价格: 191484自己上架价格: 0
09:23	扫拍价格: 50000自己上架价格: 0
09:23	扫拍价格: 102111自己上架价格: 0
09:23	扫拍价格: 102677自己上架价格: 0
09:23	扫拍价格: 102677自己上架价格: 0
09:23	扫拍价格: 102677自己上架价格: 0
09:23	扫拍价格: 102677自己上架价格: 0
09:23	扫拍价格: 102677自己上架价格: 0
09:23	扫拍价格: 150000自己上架价格: 0
09:23	扫拍价格: 89999自己上架价格: 0
09:23	扫拍价格: 137631自己上架价格: 0
09:23	扫拍价格: 137631自己上架价格: 0
09:23	扫拍价格: 137631自己上架价格: 0
09:23	扫拍价格: 137631自己上架价格: 0
09:25	扫拍价格: 61971自己上架价格: 0
09:25	扫拍价格: 92000自己上架价格: 0
09:25	扫拍价格: 92000自己上架价格: 0
09:25	扫拍价格: 111111自己上架价格: 0
09:25	扫拍价格: 121111自己上架价格: 115000
09:25	扫拍价格: 121971自己上架价格: 0
09:25	扫拍价格: 199999自己上架价格: 0
09:26	扫拍价格: 221971自己上架价格: 0
09:26	扫拍价格: 221971自己上架价格: 0
09:26	扫拍价格: 123746自己上架价格: 115000
09:26	扫拍价格: 169435自己上架价格: 0
09:27	扫拍价格: 50000自己上架价格: 0
09:27	扫拍价格: 95000自己上架价格: 0
09:27	扫拍价格: 102474自己上架价格: 115000
09:27	扫拍价格: 173313自己上架价格: 115000
09:27	扫拍价格: 236820自己上架价格: 0
09:27	扫拍价格: 236820自己上架价格: 0
09:28	扫拍价格: 236820自己上架价格: 0
09:28	扫拍价格: 236820自己上架价格: 0
09:28	扫拍价格: 236820自己上架价格: 0
09:28	扫拍价格: 236820自己上架价格: 0
09:28	扫拍价格: 355555自己上架价格: 122200
09:36	重新开始登陆
09:44	金币取仓失败
09:44	账号57 广东5区每日任务开始时间： 09:44
09:45	！！！大区57 广东5区角色1开始扫拍
09:45	！！！大区57 广东5区角色1结束扫拍
09:45	！！！大区57 广东5区角色1开始变换
09:46	打开物品栏并整理失败-变换前失败
09:46	打开物品栏并整理失败-变换前失败
09:46	由于变换前操作失败导致变换失败
09:46	打开物品栏并整理失败-变换前失败
09:47	打开物品栏并整理失败-变换前失败
09:47	由于变换前操作失败导致变换失败
09:47	打开物品栏并整理失败-变换前失败
09:47	打开物品栏并整理失败-变换前失败
09:47	由于变换前操作失败导致变换失败
09:48	打开物品栏并整理失败-变换前失败
09:48	打开物品栏并整理失败-变换前失败
09:48	由于变换前操作失败导致变换失败
09:49	打开物品栏并整理失败-变换前失败
09:49	打开物品栏并整理失败-变换前失败
09:49	由于变换前操作失败导致变换失败
09:49	！！！大区57 广东5区角色1变换次数过多，重新登录
09:49	重新开始登陆
09:54	账号57 广东5区每日任务开始时间： 09:54
09:54	！！！大区57 广东5区角色1开始变换
09:56	！！大区57 广东5区角色1结束变换
09:56	账号57 广东5区每日任务结束时间： 09:56
09:56	广东5区-角色1	开始
09:58	上架出错，下一个角色
10:00	账号57角色2 换角色出错
10:00	重新开始登陆
10:05	账号57 广东5区每日任务开始时间： 10:05
10:05	账号57 广东5区每日任务结束时间： 10:05
10:06	广东5区-角色2	开始
10:08	！！！大区57 广东5区角色2开始扫拍
10:09	扫拍价格: 54126自己上架价格: 0
10:10	扫拍价格: 64017自己上架价格: 0
10:10	扫拍价格: 69340自己上架价格: 0
10:11	扫拍价格: 42217自己上架价格: 0
10:11	扫拍价格: 50000自己上架价格: 0
10:11	扫拍价格: 125000自己上架价格: 0
10:11	扫拍价格: 125000自己上架价格: 0
10:11	扫拍价格: 55555自己上架价格: 0
10:11	扫拍价格: 55555自己上架价格: 0
10:11	扫拍价格: 55853自己上架价格: 0
10:11	扫拍价格: 55853自己上架价格: 0
10:11	扫拍价格: 55853自己上架价格: 0
10:11	扫拍价格: 55854自己上架价格: 0
10:12	扫拍价格: 39715自己上架价格: 0
10:12	扫拍价格: 66666自己上架价格: 0
10:12	扫拍价格: 102235自己上架价格: 0
10:12	扫拍价格: 102235自己上架价格: 0
10:12	扫拍价格: 41663自己上架价格: 0
10:12	扫拍价格: 56000自己上架价格: 0
10:12	扫拍价格: 134585自己上架价格: 0
10:12	扫拍价格: 134585自己上架价格: 0
10:13	扫拍价格: 150000自己上架价格: 0
10:14	扫拍价格: 33333自己上架价格: 0
10:14	扫拍价格: 42365自己上架价格: 0
10:14	扫拍价格: 50000自己上架价格: 0
10:14	扫拍价格: 95476自己上架价格: 0
10:14	扫拍价格: 95476自己上架价格: 0
10:15	扫拍价格: 133333自己上架价格: 0
10:15	扫拍价格: 306774自己上架价格: 0
10:16	扫拍价格: 41111自己上架价格: 0
10:16	扫拍价格: 64100自己上架价格: 0
10:16	扫拍价格: 127111自己上架价格: 0
10:16	扫拍价格: 127752自己上架价格: 0
10:16	扫拍价格: 127752自己上架价格: 0
10:16	扫拍价格: 131111自己上架价格: 0
10:17	扫拍价格: 60000自己上架价格: 0
10:17	扫拍价格: 80000自己上架价格: 0
10:18	扫拍价格: 46687自己上架价格: 0
10:18	扫拍价格: 72803自己上架价格: 0
10:18	扫拍价格: 88888自己上架价格: 0
10:18	扫拍价格: 139648自己上架价格: 115000
10:18	扫拍价格: 181111自己上架价格: 117200
10:18	扫拍价格: 192803自己上架价格: 0
10:19	扫拍价格: 199845自己上架价格: 0
10:19	扫拍价格: 199845自己上架价格: 0
10:19	扫拍价格: 88888自己上架价格: 110000
10:19	扫拍价格: 89148自己上架价格: 0
10:19	扫拍价格: 89148自己上架价格: 0
10:20	扫拍价格: 89148自己上架价格: 0
10:20	扫拍价格: 99999自己上架价格: 115000
10:20	扫拍价格: 121498自己上架价格: 113200
10:20	扫拍价格: 121498自己上架价格: 115000
10:20	扫拍价格: 144447自己上架价格: 115000
10:20	扫拍价格: 160000自己上架价格: 179800
10:20	扫拍价格: 201010自己上架价格: 0
10:20	扫拍价格: 201498自己上架价格: 118200
10:20	扫拍价格: 1288888自己上架价格: 214200
10:21	扫拍价格: 54126自己上架价格: 0
10:22	扫拍价格: 64017自己上架价格: 0
10:22	扫拍价格: 69340自己上架价格: 0
10:23	扫拍价格: 42217自己上架价格: 0
10:23	扫拍价格: 50000自己上架价格: 0
10:23	扫拍价格: 125000自己上架价格: 0
10:23	扫拍价格: 125000自己上架价格: 0
10:23	扫拍价格: 55555自己上架价格: 0
10:23	扫拍价格: 55555自己上架价格: 0
10:23	扫拍价格: 55853自己上架价格: 0
10:23	扫拍价格: 55853自己上架价格: 0
10:23	扫拍价格: 55853自己上架价格: 0
10:23	扫拍价格: 55854自己上架价格: 0
10:24	扫拍价格: 39715自己上架价格: 0
10:24	扫拍价格: 66666自己上架价格: 0
17:35	重新开始登陆
17:37	重新开始登陆
17:44	账号57 角色2开始清理
17:47	金币存仓失败
17:47	金币存仓失败
17:47	金币存仓失败
17:47	魔力结晶存仓失败
17:47	金币存仓失败
17:47	金币存仓失败
17:48	金币存仓失败
17:48	魔力结晶存仓失败
17:48	重新开始登陆
17:53	账号57 角色3开始清理
17:56	账号57 角色4开始清理
18:01	账号57 角色5开始清理
18:04	重新开始登陆
18:08	账号55 角色1开始清理
18:14	金币存仓失败
18:14	金币存仓失败
18:14	金币存仓失败
18:15	账号55 角色2开始清理
18:22	账号55 角色3开始清理
18:28	账号55 角色4开始清理
18:32	账号55 角色5开始清理
18:37	金币存仓失败
18:39	账号55 角色6开始清理
18:44	账号55 角色7开始清理
18:48	账号55 角色8开始清理
18:52	账号55 角色9开始清理
19:00	账号55 角色10开始清理
19:04	账号55 角色11开始清理
19:09	账号55 角色12开始清理
19:12	魔力结晶存仓失败
19:14	魔力结晶存仓失败
19:14	账号55 角色13开始清理
19:18	魔力结晶存仓失败
19:20	魔力结晶存仓失败
19:20	账号55 角色14开始清理
19:26	重新开始登陆
19:30	账号56 角色1开始清理
19:33	魔力结晶存仓失败
19:33	金币存仓失败
19:33	金币存仓失败
19:34	金币存仓失败
19:34	魔力结晶存仓失败
19:34	重新开始登陆
19:38	账号56 角色2开始清理
19:41	金币存仓失败
19:41	金币存仓失败
19:41	金币存仓失败
19:42	账号56 角色3开始清理
19:46	账号56 角色4开始清理
19:50	账号56 角色5开始清理
19:56	金币存仓失败
19:56	金币存仓失败
19:57	金币存仓失败
19:58	账号56 角色6开始清理
20:01	重新开始登陆
20:06	账号57 角色1开始清理
20:12	账号57 角色2开始清理
20:18	账号57 角色3开始清理
20:23	魔力结晶存仓失败
20:24	魔力结晶存仓失败
20:25	账号57 角色4开始清理
20:27	魔力结晶存仓失败
20:28	魔力结晶存仓失败
20:29	账号57 角色5开始清理
20:34	魔力结晶存仓失败
20:35	魔力结晶存仓失败
20:35	重新开始登陆
20:39	账号55 角色1开始清理
20:42	金币存仓失败
20:43	魔力结晶存仓失败
20:43	金币存仓失败
20:43	金币存仓失败
20:43	金币存仓失败
20:43	魔力结晶存仓失败
20:43	重新开始登陆
20:49	账号55 角色2开始清理
