11:20	110000	密制蚕纱护肩	智力+16	
11:21	110800	密制提花长裤	智力+17	
11:21	110800	密制提花护肩	智力+17	
11:21	115800	密制提花护肩	智力+17	
11:22	117200	密制锦丝短靴	智力+19	
11:22	138800	密制提花长裤	智力+22	
11:23	118200	密制提花护肩	智力+18	
11:23	122200	密制提花护肩	智力+19	
11:24	110800	密制提花长裤	智力+17	
11:24	110000	密制提花护肩	智力+16	
11:24	290000	密制锦丝长裤	智力+31	
11:25	115800	密制提花长裤	智力+17	
11:25	118200	密制提花长裤	智力+18	
11:26	300000	密制蚕纱护肩	智力+16	魔法暴击率+2.7	
11:26	110800	密制蚕纱护腿	智力+17	
11:26	110800	密制蚕纱护腿	智力+17	
11:27	118200	密制锦丝短靴	智力+18	
11:50	398800	密制勒格恩腰带	智力+35	
11:50	110800	密制提花护肩	智力+17	
11:50	115000	密制提花护肩	智力+16	
11:51	266800	密制提花长裤	智力+30	
11:51	113200	密制提花护肩	智力+18	
11:52	113200	密制提花护肩	智力+18	
11:52	211800	密制蚕纱护肩	智力+27	
11:53	115800	密制蚕纱护肩	智力+17	
11:53	154200	密制薄纱长袍	智力+23	
11:53	117200	密制天鹅绒短裤	智力+19	
12:18	115000	密制薄纱长袍	智力+16	
12:28	271800	密制锦丝长裤	智力+30	
13:14	115000	密制提花腰带	智力+16	
13:15	118200	密制提花腰带	智力+18	
13:15	299200	密制檀木名牌	力量+20	物理暴击率+2.3	
13:16	110000	密制没落贵族臂章	力量+13	
13:16	206800	密制黑云母	智力+24	
13:17	110800	密制黑云母	力量+14	
13:17	122200	密制年轮石	智力+16	
13:18	113200	密制檀木名牌	力量+15	
13:18	230200	密制精锐胫甲	力量+28	
13:19	283800	密制黑云母	智力+19	魔法暴击率+2.2	
13:19	143800	密制檀木名牌	智力+19	
13:20	206800	密制秘银护腿	力量+27	
13:20	110800	密制神木胸甲	力量+17	
13:21	117200	密制神木胸甲	力量+19	
13:21	110800	密制神木胸甲	力量+17	
13:21	230200	密制神木护腿	力量+28	
13:22	110000	密制神木腰带	力量+16	
13:22	113200	密制神木护腿	力量+18	
13:43	238200	密制钛护腿	智力+18	魔法暴击率+2	
13:44	138800	密制钛护腿	智力+22	
13:44	110800	密制合金护肩	智力+17	
13:45	277200	密制纤尘腰带	力量+19	物理暴击率+2.4	
13:45	115000	密制没落贵族臂章	力量+13	
13:46	130000	密制黑云母	力量+18	
13:46	143800	密制黑云母	力量+19	
13:47	130000	密制檀木名牌	智力+18	
13:47	115800	密制檀木名牌	力量+14	
14:16	115000	密制薄纱护腿	智力+16	
14:16	110800	密制薄纱护腿	智力+17	
14:17	161200	密制提花长裤	智力+24	
14:17	130000	密制秘银护腿	力量+21	精神+27	
14:18	270800	密制精锐长靴	力量+17	物理暴击率+2.4	
14:18	130000	密制秘银护腿	力量+21	
14:59	110800	密制灵龟雕纹护腿	智力+17	
14:59	135000	密制薄纱短靴	智力+21	
15:00	115800	密制提花短靴	智力+17	
15:00	110000	密制合金胸甲	智力+16	
15:01	166200	密制紫榆胸甲	力量+24	
15:01	154200	密制薄纱短靴	智力+23	
15:01	127800	密制薄纱短靴	智力+20	
15:02	206800	密制铜绿胸甲	智力+27	
15:02	110800	密制铜绿胸甲	智力+17	
15:03	110000	密制铜绿胸甲	智力+16	
15:03	333400	密制铜绿胸甲	智力+15	魔法暴击率+3	
15:04	143800	密制铜绿胸甲	智力+22	
15:04	113200	密制铜绿胸甲	智力+18	
15:05	117200	密制铜绿胸甲	智力+19	
15:05	122200	密制铜绿胸甲	智力+19	
15:05	127800	密制薄纱短靴	智力+20	
15:08	110800	密制蟒皮护腿	力量+17	
15:08	115800	密制貂皮短靴	力量+17	
15:08	118200	密制貂皮短靴	力量+18	
15:09	154200	密制蟒皮护腿	力量+23	
15:09	122800	密制漆皮护肩	力量+20	
15:10	138800	密制蟒皮腰带	力量+22	
15:10	110800	密制蟒皮短靴	力量+17	
15:11	110800	密制貂皮短靴	力量+17	
15:11	161200	密制漆皮长袍	力量+24	
15:11	118200	密制漆皮长袍	力量+18	
15:12	110800	密制漆皮长袍	力量+17	
15:12	110000	密制漆皮长袍	力量+16	
15:13	115800	密制漆皮长袍	力量+17	
15:13	293200	密制漆皮长袍	力量+18	物理暴击率+2.6	
15:14	122200	密制漆皮护腿	力量+19	
15:14	115000	密制漆皮护肩	力量+16	
15:14	117200	密制貂皮短靴	力量+19	
15:15	250200	密制漆皮护肩	力量+29	
15:33	166200	密制蟒皮长袍	力量+24	
15:34	305000	密制漆皮长袍	力量+16	物理暴击率+2.7	
15:34	115800	密制漆皮长袍	力量+17	
15:35	115000	密制漆皮护肩	力量+16	
15:35	130000	密制蟒皮护肩	力量+21	
15:35	110000	密制漆皮长袍	力量+16	
15:36	122800	密制蟒皮护腿	力量+20	
15:36	127800	密制貂皮短靴	力量+20	
15:37	149200	密制合金护肩	智力+23	
15:37	115000	密制合金护肩	智力+16	
15:38	250200	密制薄纱腰带	智力+29	
20:11	117200	密制神木胸甲	力量+19	
20:12	115800	密制檀木名牌	力量+14	
20:12	154200	密制没落贵族臂章	智力+20	
20:36	110800	密制铜绿胸甲	智力+17	
20:37	110800	密制铜绿胸甲	智力+17	
20:37	110800	密制铜绿胸甲	智力+17	
20:38	149200	密制铜绿战靴	智力+23	
20:58	166200	密制豹皮胸甲	力量+24	
21:11	127800	密制薄纱腰带	智力+20	
