11:40	before	密制薄纱长袍	HP最大值+98	
11:42	after	密制薄纱长袍	HP最大值+119	
11:42	before	密制天鹅绒短裤	力量+10	
11:43	after	密制天鹅绒短裤	智力+19	
11:57	before	密制薄纱长袍	HP最大值+119	
11:59	after	密制薄纱长袍	HP最大值+109	
12:00	before	密制薄纱长袍	HP最大值+109	
12:01	after	密制薄纱长袍	智力+16	
13:27	before	密制合金护肩	MP最大值+139	
13:29	after	密制合金护肩	智力+17	
13:29	before	密制没落贵族臂章	智力+12	
13:30	after	密制没落贵族臂章	力量+13	
13:30	before	密制黑云母	精神+22	
13:30	after	密制黑云母	力量+18	
13:30	before	密制黑云母	回避率+1.4	
13:31	after	密制黑云母	力量+19	
13:31	before	密制檀木名牌	魔法暴击率+2.3	
13:31	after	密制檀木名牌	智力+18	
13:31	before	密制檀木名牌	HP最大值+205	
13:32	after	密制檀木名牌	力量+14	
13:32	before	密制没落贵族臂章	魔法暴击率+1.9	
13:33	after	密制没落贵族臂章	智力+20	
13:33	before	密制没落贵族臂章	精神+19	
13:33	after	密制没落贵族臂章	智力+22	
13:33	before	密制黑云母	命中率+1.7	
13:34	after	密制黑云母	智力+18	
13:34	before	密制檀木名牌	物理暴击率+1.6	
13:34	after	密制檀木名牌	力量+16	
13:34	before	密制黑云母	物理暴击率+2.8	
13:35	after	密制黑云母	智力+18	
13:35	before	密制没落贵族臂章	精神+17	
13:35	after	密制没落贵族臂章	力量+13	
13:35	before	密制没落贵族臂章	命中率+1.3	
13:36	after	密制没落贵族臂章	智力+16	
13:36	before	密制漆皮长袍	MP最大值+109	
13:38	after	密制漆皮长袍	力量+16	
14:10	before	密制薄纱护腿	MP最大值+87	
14:10	after	密制薄纱护腿	智力+16	
14:10	before	密制锦丝长袍	力量+16	精神+18	
14:12	after	密制锦丝长袍	力量+16	智力+20	
14:12	before	密制提花长裤	体力+17	
14:13	after	密制提花长裤	智力+24	
14:41	before	密制薄纱短靴	魔法暴击率+1.7	
14:42	after	密制薄纱短靴	智力+21	
14:42	before	密制提花短靴	智力+13	
14:43	after	密制提花短靴	智力+17	
14:43	before	密制合金胸甲	力量+12	
14:45	after	密制合金胸甲	智力+16	
14:45	before	密制豹皮胸甲	HP最大值+100	
14:47	after	密制豹皮胸甲	魔法暴击率+2.2	
14:47	before	密制薄纱短靴	回避率+2.4	
14:48	after	密制薄纱短靴	智力+23	
14:48	before	密制薄纱短靴	物理暴击率+2.2	
14:48	after	密制薄纱短靴	智力+20	
14:51	before	密制豹皮胸甲	魔法暴击率+2.2	
14:54	after	密制豹皮胸甲	智力+13	
14:54	before	密制薄纱短靴	回避率+2.9	
14:57	after	密制薄纱短靴	智力+20	
15:23	before	密制合金护肩	体力+12	
15:23	after	密制合金护肩	智力+23	
15:23	before	密制合金护肩	智力+9	
15:25	after	密制合金护肩	智力+16	
15:25	before	密制薄纱腰带	魔法暴击率+2.1	
15:26	after	密制薄纱腰带	智力+29	
15:27	before	密制薄纱腰带	回避率+1.4	
15:29	after	密制薄纱腰带	体力+18	
15:31	before	密制薄纱腰带	体力+18	
15:31	after	密制薄纱腰带	
20:56	before	密制豹皮胸甲	智力+13	
20:56	after	密制豹皮胸甲	力量+24	
21:06	before	密制薄纱腰带	智力+15	
21:07	after	密制薄纱腰带	智力+20	
21:07	before	密制合金护肩	回避率+2.7	
21:08	after	密制合金护肩	智力+19	
21:08	before	密制豹皮护肩	回避率+2	
21:09	after	密制豹皮护肩	力量+16	
