16:32	9492	密制科堡绑腿	
16:32	9493	密制科堡绑腿	
16:34	19999	密制提花长袍	
16:35	19999	密制提花长袍	
16:38	14188	密制薄纱长袍	
16:38	14189	密制薄纱长袍	
16:39	24994	密制天鹅绒短裤	
16:40	24995	密制天鹅绒短裤	
16:40	25000	密制豹皮绑腿	
16:41	9494	密制科堡绑腿	
16:43	25000	密制提花长袍	
17:09	14185	密制薄纱长袍	
17:09	14186	密制薄纱长袍	
17:10	24995	密制天鹅绒短裤	
17:10	24996	密制天鹅绒短裤	
17:11	9495	密制科堡绑腿	
17:17	14184	密制薄纱长袍	
17:17	14187	密制薄纱长袍	
17:18	24997	密制天鹅绒短裤	
17:18	24998	密制天鹅绒短裤	
17:19	9495	密制科堡绑腿	
17:53	14185	密制薄纱长袍	
17:53	14186	密制薄纱长袍	
17:55	24996	密制天鹅绒短裤	
17:55	24999	密制天鹅绒短裤	
17:56	9496	密制科堡绑腿	
18:01	14186	密制薄纱长袍	
18:01	14187	密制薄纱长袍	
18:03	25000	密制天鹅绒短裤	
18:03	28012	密制天鹅绒短裤	
18:04	9497	密制科堡绑腿	
18:23	14083	密制薄纱长袍	
18:23	14084	密制薄纱长袍	
18:24	28012	密制天鹅绒短裤	
18:24	28013	密制天鹅绒短裤	
18:25	9498	密制科堡绑腿	
18:31	14184	密制薄纱长袍	
18:31	14185	密制薄纱长袍	
18:32	28014	密制天鹅绒短裤	
18:32	28015	密制天鹅绒短裤	
18:33	9499	密制科堡绑腿	
