04:06	138800	密制锦丝长袍	智力+22	
04:07	530200	密制锦丝长袍	智力+28	魔法暴击率+3.8	
04:20	122200	密制提花护肩	智力+19	
04:21	110800	密制提花护肩	智力+17	
04:21	275800	密制提花长袍	智力+17	魔法暴击率+2.4	
04:21	115800	密制提花长袍	智力+17	
04:22	273600	密制提花护肩	智力+14	魔法暴击率+2.5	
04:22	118200	密制提花长袍	智力+18	
04:23	115000	密制提花护肩	智力+16	
04:23	290000	密制天鹅绒短裤	智力+31	
04:26	110000	密制神木护腿	力量+16	
04:27	225200	密制神木腰带	力量+28	
04:28	115800	密制神木护肩	力量+17	
04:28	118200	密制神木腰带	力量+18	
04:28	118200	密制角斗士腰带	力量+18	
04:29	250200	密制神木护肩	力量+29	
04:29	225200	密制神思者铠甲	力量+28	
04:46	206800	密制神木腰带	力量+27	
04:50	225200	密制秘银长靴	力量+28	
04:50	324800	密制秘银长靴	力量+25	物理暴击率+2.3	
05:14	113200	密制科堡腰带	力量+18	
05:14	118200	密制薄纱护腿	智力+18	
05:15	225200	密制雪纺缎带	智力+25	
05:15	117200	密制雪纺缎带	力量+16	
05:16	211800	密制年轮石	智力+24	
05:19	113200	密制铜绿胸甲	智力+18	
05:49	206800	密制战地护腿	智力+27	
05:49	115000	密制铜绿护腿	智力+16	
05:50	179800	密制没落贵族臂章	力量+22	
05:50	250200	密制没落贵族臂章	智力+26	
05:50	117200	密制铜绿胸甲	智力+19	
05:51	110800	密制铜绿胸甲	智力+17	
05:51	110800	密制铜绿护肩	智力+17	
05:52	266800	密制战地护腿	智力+30	
05:52	143800	密制铜绿胸甲	智力+22	
05:53	130000	密制灵龟雕纹护腿	智力+21	
05:53	110800	密制灵龟雕纹胸甲	智力+17	
05:56	110800	密制貂皮护肩	力量+17	
05:57	113200	密制漆皮长袍	力量+18	
05:57	154200	密制蟒皮护腿	力量+23	
05:58	130000	密制蟒皮腰带	力量+21	
05:58	149200	密制蟒皮腰带	力量+23	
05:58	113200	密制蟒皮腰带	力量+18	
05:59	117200	密制指战员长靴	力量+19	体力+19	
05:59	110800	密制貂皮腰带	力量+17	
06:00	143800	密制貂皮绑腿	力量+22	
06:00	117200	密制漆皮腰带	力量+19	
