00:01	！！！大区50 广东2区角色1结束扫拍
00:01	！！！大区50 广东2区角色1开始变换
00:02	由于变换失败装备过多过多,而导致变换失败
00:04	由于变换失败装备过多过多,而导致变换失败
00:05	打开物品栏并整理失败-变换前失败
00:05	打开物品栏并整理失败-变换前失败
00:05	由于变换前操作失败导致变换失败
00:06	打开物品栏并整理失败-变换前失败
00:06	打开物品栏并整理失败-变换前失败
00:06	由于变换前操作失败导致变换失败
00:07	打开物品栏并整理失败-变换前失败
00:07	打开物品栏并整理失败-变换前失败
00:07	由于变换前操作失败导致变换失败
00:07	！！！大区50 广东2区角色1变换次数过多，重新登录
00:07	重新开始登陆
00:12	账号50 广东2区每日任务开始时间： 00:12
00:12	！！！大区50 广东2区角色1开始变换
00:15	！！大区50 广东2区角色1结束变换
00:15	账号50 广东2区每日任务结束时间： 00:15
00:15	广东2区-角色1	开始
00:21	！！！大区50 广东2区角色1开始扫拍
00:34	！！！大区50 广东2区角色1结束扫拍
00:34	！！！大区50 广东2区角色1开始变换
00:36	！！大区50 广东2区角色1结束变换
00:36	账号50 广东2区每日任务结束时间： 00:36
00:36	广东2区-角色1	开始
00:38	账号50 广东2区每日任务结束时间： 00:38
00:38	广东2区-角色2	开始
00:42	！！！大区50 广东2区角色2开始扫拍
00:49	！！！大区50 广东2区角色2结束扫拍
00:49	！！！大区50 广东2区角色2开始变换
00:56	！！大区50 广东2区角色2结束变换
00:56	账号50 广东2区每日任务结束时间： 00:56
00:56	广东2区-角色2	开始
01:00	上架出错，下一个角色
01:01	账号50 广东2区每日任务结束时间： 01:01
01:01	广东2区-角色3	开始
01:09	金币存仓失败
01:09	金币存仓失败
01:09	金币存仓失败
01:09	！！！大区50 广东2区角色3开始扫拍
01:09	！！！大区50 广东2区角色3结束扫拍
01:09	！！！大区50 广东2区角色3开始变换
01:19	打开物品栏并整理失败-变换前失败
01:19	打开物品栏并整理失败-变换前失败
01:19	由于变换前操作失败导致变换失败
01:19	打开物品栏并整理失败-变换前失败
01:20	打开物品栏并整理失败-变换前失败
01:20	由于变换前操作失败导致变换失败
01:20	打开物品栏并整理失败-变换前失败
01:20	打开物品栏并整理失败-变换前失败
01:20	由于变换前操作失败导致变换失败
01:21	打开物品栏并整理失败-变换前失败
01:21	打开物品栏并整理失败-变换前失败
01:21	由于变换前操作失败导致变换失败
01:21	！！！大区50 广东2区角色3变换次数过多，重新登录
01:21	重新开始登陆
01:30	重新开始登陆
01:36	账号50 广东2区每日任务开始时间： 01:36
01:36	！！！大区50 广东2区角色3开始变换
01:43	打开物品栏并整理失败-变换前失败
01:43	打开物品栏并整理失败-变换前失败
01:43	由于变换前操作失败导致变换失败
01:44	打开物品栏并整理失败-变换前失败
01:45	打开物品栏并整理失败-变换前失败
01:45	由于变换前操作失败导致变换失败
01:46	打开物品栏并整理失败-变换前失败
01:46	打开物品栏并整理失败-变换前失败
01:46	由于变换前操作失败导致变换失败
01:47	打开物品栏并整理失败-变换前失败
01:47	打开物品栏并整理失败-变换前失败
01:47	由于变换前操作失败导致变换失败
01:47	！！！大区50 广东2区角色3变换次数过多，重新登录
01:47	重新开始登陆
01:53	账号50 广东2区每日任务开始时间： 01:53
01:53	！！！大区50 广东2区角色3开始变换
02:05	！！大区50 广东2区角色3结束变换
02:05	账号50 广东2区每日任务结束时间： 02:05
02:05	广东2区-角色3	开始
02:10	上架出错，下一个角色
02:12	账号50角色4 换角色出错
02:12	重新开始登陆
02:20	重新开始登陆
02:26	账号50 广东2区每日任务开始时间： 02:26
02:26	账号50 广东2区每日任务结束时间： 02:26
02:26	广东2区-角色4	开始
02:30	上架出错，下一个角色
02:31	账号50角色5 换角色出错
02:31	重新开始登陆
02:36	账号50 广东2区每日任务开始时间： 02:36
02:36	账号50 广东2区每日任务结束时间： 02:36
02:36	广东2区-角色5	开始
02:39	上架出错，下一个角色
02:39	重新开始登陆
02:45	选频道出错
02:45	重新开始登陆
02:50	选角色出错
02:50	重新开始登陆
02:58	账号51 江苏2区每日任务开始时间： 02:58
02:58	账号51 江苏2区每日任务结束时间： 02:58
02:58	江苏2区-角色1	开始
03:02	！！！大区51 江苏2区角色1开始扫拍
03:11	！！！大区51 江苏2区角色1结束扫拍
03:11	！！！大区51 江苏2区角色1开始变换
03:12	！！大区51 江苏2区角色1结束变换
03:12	账号51 江苏2区每日任务结束时间： 03:12
03:13	江苏2区-角色1	开始
03:14	账号51 江苏2区每日任务结束时间： 03:14
03:14	江苏2区-角色2	开始
03:22	上架出错，下一个角色
03:22	账号51 江苏2区每日任务结束时间： 03:22
03:22	江苏2区-角色3	开始
03:26	！！！大区51 江苏2区角色3开始扫拍
03:37	！！！大区51 江苏2区角色3结束扫拍
03:37	！！！大区51 江苏2区角色3开始变换
03:43	！！大区51 江苏2区角色3结束变换
03:43	账号51 江苏2区每日任务结束时间： 03:43
03:43	江苏2区-角色3	开始
03:47	上架出错，下一个角色
03:47	账号51 江苏2区每日任务结束时间： 03:47
03:47	江苏2区-角色4	开始
03:54	！！！大区51 江苏2区角色4开始扫拍
04:10	！！！大区51 江苏2区角色4结束扫拍
04:10	！！！大区51 江苏2区角色4开始变换
04:25	！！大区51 江苏2区角色4结束变换
04:25	账号51 江苏2区每日任务结束时间： 04:25
04:25	江苏2区-角色4	开始
04:32	账号51 江苏2区每日任务结束时间： 04:32
04:32	江苏2区-角色5	开始
04:39	上架出错，下一个角色
04:39	初始化配置出错
09:52	重新开始登陆
09:54	重新开始登陆
09:56	重新开始登陆
09:58	重新开始登陆
10:07	登录失败
10:07	重新开始登陆
10:23	重新开始登陆
10:27	账号49 角色1开始清理
10:31	清理失败
10:32	清理失败
10:33	清理失败
10:34	魔力结晶存仓失败
10:36	魔力结晶存仓失败
10:37	重新开始登陆
10:40	重新开始登陆
10:44	账号49 角色2开始清理
10:50	清理失败
10:51	清理失败
10:52	清理失败
10:54	魔力结晶存仓失败
10:55	魔力结晶存仓失败
10:56	重新开始登陆
11:00	账号49 角色3开始清理
11:09	清理失败
11:10	清理失败
11:11	清理失败
11:13	重新开始登陆
11:17	账号49 角色2开始清理
11:44	清理失败
11:47	清理失败
11:49	清理失败
11:52	魔力结晶存仓失败
11:55	魔力结晶存仓失败
11:58	重新开始登陆
12:02	账号49 角色3开始清理
12:07	魔力结晶存仓失败
12:08	魔力结晶存仓失败
12:08	账号49 角色4开始清理
12:13	魔力结晶存仓失败
12:14	魔力结晶存仓失败
12:15	账号49 角色5开始清理
16:16	重新开始登陆
16:23	金币存仓失败
16:23	金币存仓失败
16:23	魔力结晶存仓失败
16:26	魔力结晶存仓失败
16:26	账号49 角色1开始清理
16:30	魔力结晶存仓失败
16:31	魔力结晶存仓失败
16:32	账号49 角色2开始清理
16:36	魔力结晶存仓失败
16:37	魔力结晶存仓失败
16:39	账号49 角色3开始清理
16:44	魔力结晶存仓失败
16:46	重新开始登陆
16:52	金币存仓失败
16:52	金币存仓失败
16:53	魔力结晶存仓失败
16:55	魔力结晶存仓失败
16:56	账号49 角色1开始清理
16:59	金币存仓失败
16:59	金币存仓失败
17:00	金币存仓失败
17:00	魔力结晶存仓失败
17:03	魔力结晶存仓失败
17:04	账号49 角色2开始清理
17:09	魔力结晶存仓失败
17:11	魔力结晶存仓失败
17:13	账号49 角色3开始清理
17:18	金币存仓失败
17:19	金币存仓失败
17:19	金币存仓失败
17:19	魔力结晶存仓失败
17:22	魔力结晶存仓失败
17:24	账号49 角色4开始清理
17:29	魔力结晶存仓失败
17:30	魔力结晶存仓失败
17:32	账号49 角色5开始清理
17:37	魔力结晶存仓失败
17:40	魔力结晶存仓失败
17:40	账号49 角色6开始清理
17:45	魔力结晶存仓失败
17:47	魔力结晶存仓失败
17:47	重新开始登陆
17:54	魔力结晶存仓失败
17:56	魔力结晶存仓失败
17:57	账号50 角色1开始清理
18:00	金币存仓失败
18:00	金币存仓失败
18:01	金币存仓失败
18:01	魔力结晶存仓失败
18:03	魔力结晶存仓失败
18:03	账号50 角色2开始清理
18:08	魔力结晶存仓失败
18:09	魔力结晶存仓失败
18:10	账号50 角色3开始清理
18:14	金币存仓失败
18:14	金币存仓失败
18:14	金币存仓失败
18:15	魔力结晶存仓失败
18:16	魔力结晶存仓失败
18:17	账号50 角色4开始清理
18:20	魔力结晶存仓失败
18:21	魔力结晶存仓失败
18:22	账号50 角色5开始清理
18:27	魔力结晶存仓失败
18:29	魔力结晶存仓失败
18:30	账号50 角色6开始清理
18:34	魔力结晶存仓失败
18:36	魔力结晶存仓失败
18:36	重新开始登陆
18:42	魔力结晶存仓失败
18:44	魔力结晶存仓失败
18:45	账号51 角色1开始清理
18:49	金币存仓失败
18:49	金币存仓失败
18:49	金币存仓失败
18:49	魔力结晶存仓失败
18:51	魔力结晶存仓失败
18:53	账号51 角色2开始清理
18:56	金币存仓失败
18:57	金币存仓失败
18:57	金币存仓失败
18:57	魔力结晶存仓失败
18:59	魔力结晶存仓失败
19:00	账号51 角色3开始清理
19:04	魔力结晶存仓失败
19:06	魔力结晶存仓失败
19:06	账号51 角色4开始清理
19:09	魔力结晶存仓失败
19:10	魔力结晶存仓失败
19:11	账号51 角色5开始清理
19:14	金币存仓失败
19:14	金币存仓失败
19:15	金币存仓失败
19:15	魔力结晶存仓失败
19:17	魔力结晶存仓失败
19:18	账号51 角色6开始清理
19:23	魔力结晶存仓失败
19:25	魔力结晶存仓失败
19:25	重新开始登陆
19:29	账号51 角色7开始清理
19:34	魔力结晶存仓失败
19:36	魔力结晶存仓失败
19:36	重新开始登陆
19:41	金币存仓失败
19:42	金币存仓失败
19:42	魔力结晶存仓失败
19:44	魔力结晶存仓失败
19:45	账号49 角色1开始清理
19:48	金币存仓失败
19:48	金币存仓失败
19:48	金币存仓失败
19:49	魔力结晶存仓失败
19:51	魔力结晶存仓失败
19:52	账号49 角色2开始清理
19:55	魔力结晶存仓失败
19:57	魔力结晶存仓失败
19:59	账号49 角色3开始清理
20:03	金币存仓失败
20:03	金币存仓失败
20:03	金币存仓失败
20:04	魔力结晶存仓失败
20:06	魔力结晶存仓失败
20:07	账号49 角色4开始清理
20:12	魔力结晶存仓失败
20:13	魔力结晶存仓失败
20:15	账号49 角色5开始清理
20:19	魔力结晶存仓失败
20:21	魔力结晶存仓失败
20:23	重新开始登陆
20:33	重新开始登陆
20:38	账号49 角色6开始清理
20:42	魔力结晶存仓失败
20:45	魔力结晶存仓失败
20:45	重新开始登陆
20:50	账号50 角色1开始清理
20:52	魔力结晶存仓失败
20:54	魔力结晶存仓失败
20:54	重新开始登陆
21:03	重新开始登陆
21:09	账号50 角色2开始清理
21:12	魔力结晶存仓失败
21:13	魔力结晶存仓失败
21:14	重新开始登陆
21:22	重新开始登陆
21:28	金币存仓失败
21:28	金币存仓失败
21:28	金币存仓失败
21:28	魔力结晶存仓失败
21:30	魔力结晶存仓失败
21:30	重新开始登陆
21:39	重新开始登陆
21:43	账号50 角色1开始清理
21:47	金币存仓失败
21:47	金币存仓失败
21:47	金币存仓失败
21:47	魔力结晶存仓失败
21:49	魔力结晶存仓失败
21:50	账号50 角色2开始清理
21:54	魔力结晶存仓失败
21:56	魔力结晶存仓失败
21:57	账号50 角色3开始清理
22:01	金币存仓失败
22:01	金币存仓失败
22:01	金币存仓失败
22:01	魔力结晶存仓失败
22:03	魔力结晶存仓失败
22:04	账号50 角色4开始清理
22:07	魔力结晶存仓失败
22:08	魔力结晶存仓失败
22:09	账号50 角色5开始清理
22:14	魔力结晶存仓失败
22:16	魔力结晶存仓失败
22:17	账号50 角色6开始清理
22:20	魔力结晶存仓失败
22:22	魔力结晶存仓失败
22:22	重新开始登陆
22:28	魔力结晶存仓失败
22:30	魔力结晶存仓失败
22:31	账号51 角色1开始清理
22:34	金币存仓失败
22:34	金币存仓失败
22:34	金币存仓失败
22:34	魔力结晶存仓失败
22:36	魔力结晶存仓失败
22:37	账号51 角色2开始清理
22:40	金币存仓失败
22:41	金币存仓失败
22:41	金币存仓失败
22:41	魔力结晶存仓失败
22:43	魔力结晶存仓失败
22:44	账号51 角色3开始清理
22:48	魔力结晶存仓失败
22:50	魔力结晶存仓失败
22:50	账号51 角色4开始清理
22:53	魔力结晶存仓失败
22:54	魔力结晶存仓失败
22:55	账号51 角色5开始清理
22:58	金币存仓失败
22:58	金币存仓失败
22:59	金币存仓失败
22:59	魔力结晶存仓失败
23:01	魔力结晶存仓失败
23:02	账号51 角色6开始清理
23:05	魔力结晶存仓失败
23:07	魔力结晶存仓失败
23:07	重新开始登陆
23:11	账号51 角色7开始清理
23:15	魔力结晶存仓失败
23:17	魔力结晶存仓失败
23:17	重新开始登陆
23:22	金币存仓失败
23:22	金币存仓失败
23:22	魔力结晶存仓失败
23:24	魔力结晶存仓失败
23:25	账号49 角色1开始清理
23:28	金币存仓失败
23:28	金币存仓失败
23:28	金币存仓失败
23:28	魔力结晶存仓失败
23:30	魔力结晶存仓失败
23:31	账号49 角色2开始清理
23:35	魔力结晶存仓失败
23:37	魔力结晶存仓失败
23:39	账号49 角色3开始清理
23:47	魔力结晶存仓失败
23:48	魔力结晶存仓失败
23:50	账号49 角色4开始清理
