00:01	由于变换失败装备过多过多,而导致变换失败
00:04	由于变换失败装备过多过多,而导致变换失败
00:08	由于变换失败装备过多过多,而导致变换失败
00:12	由于变换失败装备过多过多,而导致变换失败
00:12	！！！大区50 广东2区角色1变换次数过多，重新登录
00:12	重新开始登陆
00:13	重新开始登陆
00:19	账号50 广东2区每日任务开始时间： 00:19
00:19	！！！大区50 广东2区角色1开始变换
00:22	！！大区50 广东2区角色1结束变换
00:22	账号50 广东2区每日任务结束时间： 00:22
00:22	广东2区-角色1	开始
00:23	超过上架上限
00:25	账号50 广东2区每日任务结束时间： 00:25
00:25	广东2区-角色2	开始
00:28	！！！大区50 广东2区角色2开始扫拍
00:29	扫拍价格: 88000自己上架价格: 0
00:29	扫拍价格: 88212自己上架价格: 0
00:29	扫拍价格: 88656自己上架价格: 0
00:29	扫拍价格: 90000自己上架价格: 111152
00:29	扫拍价格: 90000自己上架价格: 0
00:29	扫拍价格: 90000自己上架价格: 0
00:29	扫拍价格: 90000自己上架价格: 110000
00:29	扫拍价格: 100000自己上架价格: 115000
00:29	扫拍价格: 100000自己上架价格: 0
00:30	扫拍价格: 88888自己上架价格: 0
00:30	扫拍价格: 100000自己上架价格: 0
00:30	扫拍价格: 47012自己上架价格: 0
00:30	扫拍价格: 100882自己上架价格: 0
00:31	扫拍价格: 48559自己上架价格: 0
00:31	扫拍价格: 63351自己上架价格: 0
00:31	扫拍价格: 63352自己上架价格: 0
00:31	扫拍价格: 63353自己上架价格: 0
00:32	扫拍价格: 111109自己上架价格: 0
00:32	扫拍价格: 163454自己上架价格: 0
00:32	扫拍价格: 163454自己上架价格: 0
00:33	扫拍价格: 100000自己上架价格: 0
00:33	扫拍价格: 148691自己上架价格: 115000
00:33	扫拍价格: 155555自己上架价格: 0
00:33	扫拍价格: 180000自己上架价格: 0
00:33	！！！大区50 广东2区角色2结束扫拍
00:33	！！！大区50 广东2区角色2开始变换
00:46	！！大区50 广东2区角色2结束变换
00:46	账号50 广东2区每日任务结束时间： 00:46
00:46	广东2区-角色2	开始
00:53	账号50 广东2区每日任务结束时间： 00:53
00:53	广东2区-角色3	开始
00:56	！！！大区50 广东2区角色3开始扫拍
00:58	扫拍价格: 100000自己上架价格: 0
00:58	扫拍价格: 119723自己上架价格: 0
00:58	扫拍价格: 172075自己上架价格: 0
00:58	扫拍价格: 172075自己上架价格: 0
00:58	扫拍价格: 172075自己上架价格: 0
01:00	扫拍价格: 47606自己上架价格: 0
01:01	扫拍价格: 84147自己上架价格: 122800
01:01	扫拍价格: 92082自己上架价格: 0
01:01	扫拍价格: 100000自己上架价格: 0
01:01	扫拍价格: 177606自己上架价格: 0
01:01	扫拍价格: 200000自己上架价格: 195000
01:01	扫拍价格: 200000自己上架价格: 0
01:01	扫拍价格: 277606自己上架价格: 0
01:01	扫拍价格: 277606自己上架价格: 0
01:01	扫拍价格: 311111自己上架价格: 0
01:01	扫拍价格: 611111自己上架价格: 0
01:02	扫拍价格: 34000自己上架价格: 0
01:02	扫拍价格: 81937自己上架价格: 0
01:02	扫拍价格: 100000自己上架价格: 0
01:02	扫拍价格: 120000自己上架价格: 110000
01:02	扫拍价格: 120000自己上架价格: 115000
01:02	扫拍价格: 130000自己上架价格: 110000
01:03	扫拍价格: 143990自己上架价格: 115800
01:03	扫拍价格: 143990自己上架价格: 117200
01:03	扫拍价格: 150000自己上架价格: 110392
01:03	扫拍价格: 183820自己上架价格: 115800
01:03	扫拍价格: 331250自己上架价格: 115000
01:03	扫拍价格: 343990自己上架价格: 115000
01:03	扫拍价格: 381741自己上架价格: 115000
01:03	扫拍价格: 383820自己上架价格: 115000
01:05	扫拍价格: 90000自己上架价格: 0
01:05	扫拍价格: 100000自己上架价格: 0
01:05	扫拍价格: 100000自己上架价格: 0
01:06	扫拍价格: 11369032自己上架价格: 0
01:06	扫拍价格: 135000自己上架价格: 0
01:06	扫拍价格: 136960自己上架价格: 0
01:07	扫拍价格: 140567自己上架价格: 0
01:07	扫拍价格: 140568自己上架价格: 0
01:07	扫拍价格: 140568自己上架价格: 0
01:07	扫拍价格: 143996自己上架价格: 0
01:08	扫拍价格: 161395自己上架价格: 115000
01:08	扫拍价格: 200000自己上架价格: 0
01:08	扫拍价格: 242733自己上架价格: 0
01:09	扫拍价格: 100000自己上架价格: 0
01:09	扫拍价格: 119723自己上架价格: 0
01:09	扫拍价格: 172075自己上架价格: 0
01:09	扫拍价格: 172075自己上架价格: 0
01:09	扫拍价格: 172075自己上架价格: 0
01:11	扫拍价格: 47606自己上架价格: 0
01:11	扫拍价格: 55555自己上架价格: 0
01:11	扫拍价格: 84147自己上架价格: 122800
01:11	扫拍价格: 92082自己上架价格: 0
01:11	扫拍价格: 100000自己上架价格: 0
01:11	扫拍价格: 177606自己上架价格: 0
01:11	扫拍价格: 200000自己上架价格: 115000
01:11	扫拍价格: 200000自己上架价格: 0
01:11	扫拍价格: 277606自己上架价格: 0
01:12	扫拍价格: 277606自己上架价格: 0
01:12	扫拍价格: 311111自己上架价格: 0
01:12	扫拍价格: 611111自己上架价格: 0
01:12	扫拍价格: 40847自己上架价格: 0
01:12	扫拍价格: 40847自己上架价格: 0
01:12	扫拍价格: 40847自己上架价格: 0
01:12	扫拍价格: 40847自己上架价格: 0
01:12	扫拍价格: 45000自己上架价格: 0
01:12	扫拍价格: 50000自己上架价格: 0
01:13	扫拍价格: 81937自己上架价格: 0
01:13	扫拍价格: 100000自己上架价格: 0
01:13	扫拍价格: 120000自己上架价格: 110000
01:13	扫拍价格: 120000自己上架价格: 115000
01:13	扫拍价格: 130000自己上架价格: 110000
01:13	扫拍价格: 143990自己上架价格: 115800
01:14	！！！大区50 广东2区角色3结束扫拍
01:14	！！！大区50 广东2区角色3开始变换
01:16	！！大区50 广东2区角色3结束变换
01:16	账号50 广东2区每日任务结束时间： 01:16
01:16	广东2区-角色3	开始
01:18	金币存仓失败
01:18	金币存仓失败
01:18	金币存仓失败
01:18	账号50 广东2区每日任务结束时间： 01:18
01:18	广东2区-角色4	开始
01:23	！！！大区50 广东2区角色4开始扫拍
01:24	！！！大区50 广东2区角色4结束扫拍
01:24	！！！大区50 广东2区角色4开始变换
01:49	！！大区50 广东2区角色4结束变换
01:49	账号50 广东2区每日任务结束时间： 01:49
01:50	广东2区-角色4	开始
01:56	账号50 广东2区每日任务结束时间： 01:56
01:56	广东2区-角色5	开始
01:58	！！！大区50 广东2区角色5开始扫拍
01:59	扫拍价格: 100000自己上架价格: 0
01:59	扫拍价格: 125850自己上架价格: 0
01:59	扫拍价格: 141239自己上架价格: 0
01:59	扫拍价格: 141239自己上架价格: 0
01:59	扫拍价格: 141239自己上架价格: 0
01:59	扫拍价格: 160000自己上架价格: 0
02:00	扫拍价格: 100219自己上架价格: 0
02:00	扫拍价格: 100219自己上架价格: 0
02:00	扫拍价格: 105219自己上架价格: 0
02:00	扫拍价格: 105219自己上架价格: 0
02:01	扫拍价格: 89150自己上架价格: 0
02:01	扫拍价格: 89150自己上架价格: 0
02:01	扫拍价格: 88649自己上架价格: 0
02:01	扫拍价格: 90000自己上架价格: 0
02:01	扫拍价格: 90000自己上架价格: 0
02:01	扫拍价格: 90000自己上架价格: 0
02:01	扫拍价格: 100000自己上架价格: 0
02:02	扫拍价格: 100000自己上架价格: 115000
02:02	扫拍价格: 100000自己上架价格: 0
02:02	扫拍价格: 100000自己上架价格: 0
02:02	扫拍价格: 114187自己上架价格: 0
02:03	扫拍价格: 256679自己上架价格: 238200
02:03	扫拍价格: 278492自己上架价格: 110000
02:03	扫拍价格: 381172自己上架价格: 110000
02:06	！！！大区50 广东2区角色5结束扫拍
02:06	！！！大区50 广东2区角色5开始变换
02:18	！！大区50 广东2区角色5结束变换
02:18	账号50 广东2区每日任务结束时间： 02:18
02:18	广东2区-角色5	开始
02:24	重新开始登陆
02:32	账号51 江苏2区每日任务开始时间： 02:32
02:37	账号51 江苏2区每日任务完成
02:38	账号51 江苏2区每日任务结束时间： 02:38
02:38	江苏2区-角色1	开始
02:41	超过上架上限
02:43	账号51 江苏2区每日任务结束时间： 02:43
02:43	江苏2区-角色2	开始
02:46	！！！大区51 江苏2区角色2开始扫拍
02:46	扫拍价格: 33333自己上架价格: 0
02:46	扫拍价格: 33333自己上架价格: 0
02:46	扫拍价格: 47841自己上架价格: 0
02:46	扫拍价格: 50000自己上架价格: 0
02:46	扫拍价格: 57841自己上架价格: 0
02:47	扫拍价格: 157841自己上架价格: 0
02:47	扫拍价格: 157841自己上架价格: 0
02:47	扫拍价格: 157841自己上架价格: 0
02:49	扫拍价格: 40000自己上架价格: 0
02:51	扫拍价格: 150652自己上架价格: 0
02:51	扫拍价格: 162975自己上架价格: 0
02:52	扫拍价格: 155683自己上架价格: 0
02:54	扫拍价格: 188811自己上架价格: 0
02:54	扫拍价格: 188811自己上架价格: 0
02:54	扫拍价格: 188811自己上架价格: 0
02:54	扫拍价格: 188811自己上架价格: 0
02:54	扫拍价格: 188811自己上架价格: 0
02:55	扫拍价格: 110445自己上架价格: 0
02:55	扫拍价格: 222950自己上架价格: 0
02:55	扫拍价格: 381111自己上架价格: 193400
02:55	扫拍价格: 38887自己上架价格: 0
02:55	扫拍价格: 38888自己上架价格: 0
02:56	扫拍价格: 42219自己上架价格: 0
02:56	扫拍价格: 42220自己上架价格: 0
02:56	扫拍价格: 42221自己上架价格: 0
02:56	扫拍价格: 60000自己上架价格: 0
02:56	扫拍价格: 92006自己上架价格: 0
02:57	扫拍价格: 100000自己上架价格: 0
02:57	扫拍价格: 174561自己上架价格: 0
02:57	扫拍价格: 274561自己上架价格: 0
02:57	扫拍价格: 361111自己上架价格: 115000
02:57	扫拍价格: 381111自己上架价格: 115000
02:57	扫拍价格: 381111自己上架价格: 115000
02:57	扫拍价格: 381111自己上架价格: 115000
02:57	扫拍价格: 611111自己上架价格: 194424
02:57	扫拍价格: 684375自己上架价格: 250000
02:57	扫拍价格: 699999自己上架价格: 300000
02:58	扫拍价格: 33333自己上架价格: 0
02:58	扫拍价格: 33333自己上架价格: 0
02:58	扫拍价格: 47841自己上架价格: 0
02:58	扫拍价格: 50000自己上架价格: 0
02:58	扫拍价格: 57841自己上架价格: 0
02:58	扫拍价格: 157841自己上架价格: 0
02:58	扫拍价格: 157841自己上架价格: 0
02:58	扫拍价格: 157841自己上架价格: 0
02:59	！！！大区51 江苏2区角色2结束扫拍
02:59	！！！大区51 江苏2区角色2开始变换
03:02	！！大区51 江苏2区角色2结束变换
03:02	账号51 江苏2区每日任务结束时间： 03:02
03:02	江苏2区-角色2	开始
03:05	账号51 江苏2区每日任务结束时间： 03:05
03:05	江苏2区-角色3	开始
03:08	！！！大区51 江苏2区角色3开始扫拍
03:09	扫拍价格: 88586自己上架价格: 0
03:09	扫拍价格: 89999自己上架价格: 0
03:11	扫拍价格: 103395自己上架价格: 0
03:11	扫拍价格: 103395自己上架价格: 0
03:13	扫拍价格: 103249自己上架价格: 0
03:14	扫拍价格: 730000自己上架价格: 223800
03:14	扫拍价格: 41763自己上架价格: 0
03:14	扫拍价格: 91762自己上架价格: 0
03:14	扫拍价格: 91763自己上架价格: 0
03:14	扫拍价格: 91763自己上架价格: 0
03:14	扫拍价格: 91763自己上架价格: 0
03:14	扫拍价格: 91763自己上架价格: 0
03:14	扫拍价格: 41763自己上架价格: 0
03:14	扫拍价格: 91762自己上架价格: 0
03:14	扫拍价格: 91763自己上架价格: 0
03:14	扫拍价格: 91763自己上架价格: 0
03:15	扫拍价格: 91763自己上架价格: 0
03:15	扫拍价格: 91763自己上架价格: 0
03:15	扫拍价格: 41763自己上架价格: 0
03:15	扫拍价格: 91762自己上架价格: 0
03:15	扫拍价格: 91763自己上架价格: 0
03:15	扫拍价格: 91763自己上架价格: 0
03:15	扫拍价格: 91763自己上架价格: 0
03:15	扫拍价格: 91763自己上架价格: 0
03:16	扫拍价格: 126666自己上架价格: 0
03:16	扫拍价格: 155555自己上架价格: 0
03:16	扫拍价格: 160000自己上架价格: 0
03:16	扫拍价格: 180000自己上架价格: 0
03:16	扫拍价格: 237561自己上架价格: 0
03:16	扫拍价格: 237561自己上架价格: 0
03:16	扫拍价格: 237561自己上架价格: 0
03:16	扫拍价格: 237561自己上架价格: 0
03:16	扫拍价格: 237561自己上架价格: 0
03:16	扫拍价格: 361111自己上架价格: 115000
03:17	扫拍价格: 361111自己上架价格: 115000
03:17	扫拍价格: 371111自己上架价格: 122200
03:17	扫拍价格: 381111自己上架价格: 115000
03:17	扫拍价格: 381111自己上架价格: 115000
03:17	扫拍价格: 160000自己上架价格: 0
03:17	扫拍价格: 250000自己上架价格: 0
03:17	扫拍价格: 290707自己上架价格: 0
03:17	扫拍价格: 290707自己上架价格: 0
03:19	扫拍价格: 52283自己上架价格: 0
03:19	扫拍价格: 85000自己上架价格: 115000
03:19	扫拍价格: 88888自己上架价格: 0
03:19	扫拍价格: 102283自己上架价格: 0
03:19	扫拍价格: 192283自己上架价格: 0
03:19	扫拍价格: 212283自己上架价格: 0
03:19	扫拍价格: 212283自己上架价格: 0
03:19	扫拍价格: 212283自己上架价格: 0
03:19	扫拍价格: 212283自己上架价格: 0
03:19	扫拍价格: 212283自己上架价格: 0
03:19	扫拍价格: 212283自己上架价格: 0
03:19	扫拍价格: 212283自己上架价格: 0
03:20	扫拍价格: 40000自己上架价格: 0
03:20	扫拍价格: 44444自己上架价格: 0
03:21	扫拍价格: 49999自己上架价格: 0
03:21	扫拍价格: 50000自己上架价格: 0
03:21	扫拍价格: 50000自己上架价格: 0
03:21	扫拍价格: 55555自己上架价格: 0
03:21	扫拍价格: 66666自己上架价格: 0
03:21	扫拍价格: 66666自己上架价格: 0
03:22	扫拍价格: 88586自己上架价格: 0
03:22	扫拍价格: 89999自己上架价格: 0
03:23	扫拍价格: 103395自己上架价格: 0
03:23	扫拍价格: 103395自己上架价格: 0
03:24	扫拍价格: 730000自己上架价格: 223800
03:25	扫拍价格: 41763自己上架价格: 0
03:25	扫拍价格: 91762自己上架价格: 0
03:25	扫拍价格: 91763自己上架价格: 0
03:25	扫拍价格: 91763自己上架价格: 0
03:25	扫拍价格: 91763自己上架价格: 0
03:25	扫拍价格: 91763自己上架价格: 0
03:25	扫拍价格: 41763自己上架价格: 0
03:25	扫拍价格: 91762自己上架价格: 0
03:25	扫拍价格: 91763自己上架价格: 0
03:25	扫拍价格: 91763自己上架价格: 0
03:25	扫拍价格: 91763自己上架价格: 0
03:25	扫拍价格: 91763自己上架价格: 0
03:25	扫拍价格: 41763自己上架价格: 0
03:25	扫拍价格: 91762自己上架价格: 0
03:26	扫拍价格: 91763自己上架价格: 0
03:26	扫拍价格: 91763自己上架价格: 0
03:26	扫拍价格: 91763自己上架价格: 0
03:26	扫拍价格: 91763自己上架价格: 0
03:27	扫拍价格: 126666自己上架价格: 0
03:27	扫拍价格: 155555自己上架价格: 0
03:27	扫拍价格: 160000自己上架价格: 0
03:27	扫拍价格: 180000自己上架价格: 0
03:27	扫拍价格: 237561自己上架价格: 0
03:27	扫拍价格: 237561自己上架价格: 0
03:27	扫拍价格: 237561自己上架价格: 0
03:27	扫拍价格: 237561自己上架价格: 0
03:27	扫拍价格: 237561自己上架价格: 0
03:27	扫拍价格: 361111自己上架价格: 115000
03:27	扫拍价格: 361111自己上架价格: 115000
03:27	扫拍价格: 371111自己上架价格: 122200
03:27	扫拍价格: 381111自己上架价格: 115000
03:27	扫拍价格: 381111自己上架价格: 115000
03:27	扫拍价格: 160000自己上架价格: 0
03:27	扫拍价格: 250000自己上架价格: 0
03:27	扫拍价格: 290707自己上架价格: 0
03:28	扫拍价格: 290707自己上架价格: 0
03:29	扫拍价格: 52283自己上架价格: 0
03:29	扫拍价格: 85000自己上架价格: 115000
03:29	扫拍价格: 88888自己上架价格: 0
03:29	扫拍价格: 102283自己上架价格: 0
03:29	扫拍价格: 192283自己上架价格: 0
03:30	扫拍价格: 212283自己上架价格: 0
03:30	扫拍价格: 212283自己上架价格: 0
03:30	扫拍价格: 212283自己上架价格: 0
03:30	扫拍价格: 212283自己上架价格: 0
03:30	扫拍价格: 212283自己上架价格: 0
03:30	扫拍价格: 212283自己上架价格: 0
03:30	扫拍价格: 212283自己上架价格: 0
03:30	！！！大区51 江苏2区角色3结束扫拍
03:30	！！！大区51 江苏2区角色3开始变换
03:45	！！大区51 江苏2区角色3结束变换
03:45	账号51 江苏2区每日任务结束时间： 03:45
03:45	江苏2区-角色3	开始
03:55	账号51 江苏2区每日任务结束时间： 03:55
03:55	江苏2区-角色4	开始
03:58	！！！大区51 江苏2区角色4开始扫拍
04:00	扫拍价格: 39390自己上架价格: 0
04:01	扫拍价格: 173393自己上架价格: 0
04:01	扫拍价格: 173393自己上架价格: 0
04:01	扫拍价格: 173393自己上架价格: 0
04:02	扫拍价格: 39998自己上架价格: 0
04:02	扫拍价格: 84783自己上架价格: 0
04:02	扫拍价格: 104783自己上架价格: 0
04:02	扫拍价格: 39999自己上架价格: 0
04:02	扫拍价格: 59999自己上架价格: 0
04:02	扫拍价格: 167261自己上架价格: 0
04:02	扫拍价格: 200000自己上架价格: 110000
04:03	扫拍价格: 551102自己上架价格: 0
04:03	扫拍价格: 551103自己上架价格: 0
04:03	扫拍价格: 551104自己上架价格: 0
04:03	扫拍价格: 551105自己上架价格: 0
04:03	扫拍价格: 551106自己上架价格: 0
04:04	扫拍价格: 181111自己上架价格: 110392
04:04	扫拍价格: 211835自己上架价格: 0
04:04	扫拍价格: 211835自己上架价格: 0
04:04	扫拍价格: 211835自己上架价格: 0
04:06	扫拍价格: 33333自己上架价格: 0
04:06	扫拍价格: 50000自己上架价格: 0
04:07	扫拍价格: 50000自己上架价格: 0
04:07	扫拍价格: 50000自己上架价格: 0
04:07	扫拍价格: 55555自己上架价格: 0
04:07	扫拍价格: 66666自己上架价格: 0
04:07	扫拍价格: 68888自己上架价格: 0
04:07	扫拍价格: 190000自己上架价格: 0
04:07	扫拍价格: 212110自己上架价格: 0
04:07	扫拍价格: 212110自己上架价格: 0
04:08	扫拍价格: 300000自己上架价格: 0
04:08	扫拍价格: 323215自己上架价格: 278976
04:08	扫拍价格: 350000自己上架价格: 0
04:08	扫拍价格: 371111自己上架价格: 115000
04:08	扫拍价格: 381111自己上架价格: 122200
04:08	扫拍价格: 499999自己上架价格: 115072
04:08	扫拍价格: 507144自己上架价格: 0
04:08	扫拍价格: 507144自己上架价格: 0
04:08	扫拍价格: 507144自己上架价格: 0
04:09	扫拍价格: 99784自己上架价格: 0
04:09	扫拍价格: 109389自己上架价格: 118200
04:09	扫拍价格: 196162自己上架价格: 0
04:09	扫拍价格: 220000自己上架价格: 0
04:09	扫拍价格: 279701自己上架价格: 0
04:09	扫拍价格: 400000自己上架价格: 115000
04:11	扫拍价格: 39390自己上架价格: 0
04:12	扫拍价格: 173393自己上架价格: 0
04:12	扫拍价格: 173393自己上架价格: 0
04:12	扫拍价格: 173393自己上架价格: 0
04:12	扫拍价格: 39998自己上架价格: 0
04:12	扫拍价格: 84783自己上架价格: 0
04:12	扫拍价格: 104783自己上架价格: 0
04:13	扫拍价格: 39999自己上架价格: 0
04:13	扫拍价格: 59999自己上架价格: 0
04:13	扫拍价格: 167261自己上架价格: 0
04:13	扫拍价格: 200000自己上架价格: 110000
04:13	扫拍价格: 551102自己上架价格: 0
04:14	扫拍价格: 551103自己上架价格: 0
04:14	扫拍价格: 551104自己上架价格: 0
04:14	扫拍价格: 551105自己上架价格: 0
04:14	扫拍价格: 551106自己上架价格: 0
04:15	扫拍价格: 181111自己上架价格: 110392
04:15	扫拍价格: 211835自己上架价格: 0
04:15	扫拍价格: 211835自己上架价格: 0
04:15	扫拍价格: 211835自己上架价格: 0
04:16	扫拍价格: 50000自己上架价格: 0
04:16	扫拍价格: 50000自己上架价格: 0
04:16	扫拍价格: 55555自己上架价格: 0
04:16	扫拍价格: 66666自己上架价格: 0
04:16	扫拍价格: 68888自己上架价格: 0
04:16	扫拍价格: 190000自己上架价格: 0
04:16	扫拍价格: 212110自己上架价格: 0
04:16	扫拍价格: 212110自己上架价格: 0
04:17	扫拍价格: 300000自己上架价格: 0
04:17	扫拍价格: 323215自己上架价格: 278976
04:17	扫拍价格: 350000自己上架价格: 0
04:17	扫拍价格: 371111自己上架价格: 115000
04:17	扫拍价格: 381111自己上架价格: 122200
04:18	扫拍价格: 499999自己上架价格: 115072
04:18	扫拍价格: 507144自己上架价格: 0
04:18	扫拍价格: 507144自己上架价格: 0
04:18	扫拍价格: 507144自己上架价格: 0
04:18	扫拍价格: 99784自己上架价格: 0
04:18	扫拍价格: 109389自己上架价格: 118200
04:18	扫拍价格: 196162自己上架价格: 0
04:18	扫拍价格: 220000自己上架价格: 0
04:18	扫拍价格: 279701自己上架价格: 0
04:18	扫拍价格: 400000自己上架价格: 115000
04:19	！！！大区51 江苏2区角色4结束扫拍
04:19	！！！大区51 江苏2区角色4开始变换
04:23	！！大区51 江苏2区角色4结束变换
04:23	账号51 江苏2区每日任务结束时间： 04:23
04:23	江苏2区-角色4	开始
04:28	账号51 江苏2区每日任务结束时间： 04:28
04:28	江苏2区-角色5	开始
04:31	！！！大区51 江苏2区角色5开始扫拍
04:33	扫拍价格: 69147自己上架价格: 0
04:33	扫拍价格: 129147自己上架价格: 0
04:34	扫拍价格: 65317自己上架价格: 0
04:35	扫拍价格: 39800自己上架价格: 0
04:35	扫拍价格: 115097自己上架价格: 0
04:35	扫拍价格: 300000自己上架价格: 110000
04:35	扫拍价格: 571111自己上架价格: 115000
04:35	扫拍价格: 51774自己上架价格: 0
04:35	扫拍价格: 121774自己上架价格: 0
04:35	扫拍价格: 121774自己上架价格: 0
04:36	扫拍价格: 121774自己上架价格: 0
04:37	扫拍价格: 80000自己上架价格: 115392
04:37	扫拍价格: 120000自己上架价格: 0
04:37	扫拍价格: 120000自己上架价格: 110000
04:37	扫拍价格: 133333自己上架价格: 115000
04:37	扫拍价格: 150000自己上架价格: 115000
04:37	扫拍价格: 150000自己上架价格: 117200
04:37	扫拍价格: 166666自己上架价格: 135000
04:37	扫拍价格: 171898自己上架价格: 0
04:37	扫拍价格: 243162自己上架价格: 0
04:37	扫拍价格: 245480自己上架价格: 0
04:37	扫拍价格: 245480自己上架价格: 0
04:40	扫拍价格: 198585自己上架价格: 115000
04:40	扫拍价格: 350000自己上架价格: 0
04:40	扫拍价格: 351111自己上架价格: 0
04:40	扫拍价格: 361111自己上架价格: 143800
04:40	扫拍价格: 361111自己上架价格: 115000
04:40	扫拍价格: 381111自己上架价格: 115000
04:40	扫拍价格: 461375自己上架价格: 0
04:40	扫拍价格: 461375自己上架价格: 0
04:40	扫拍价格: 461375自己上架价格: 0
04:40	扫拍价格: 461375自己上架价格: 0
04:40	扫拍价格: 461375自己上架价格: 0
04:41	扫拍价格: 461375自己上架价格: 0
04:41	扫拍价格: 59700自己上架价格: 0
04:41	扫拍价格: 62795自己上架价格: 0
04:41	扫拍价格: 88888自己上架价格: 0
04:41	扫拍价格: 126666自己上架价格: 0
04:41	扫拍价格: 130822自己上架价格: 127800
04:41	扫拍价格: 288621自己上架价格: 0
04:42	扫拍价格: 55555自己上架价格: 0
04:42	扫拍价格: 55555自己上架价格: 0
04:42	扫拍价格: 69648自己上架价格: 0
04:42	扫拍价格: 95000自己上架价格: 0
04:42	扫拍价格: 103266自己上架价格: 115128
04:42	扫拍价格: 104374自己上架价格: 110000
04:42	扫拍价格: 120000自己上架价格: 0
04:42	扫拍价格: 270555自己上架价格: 0
04:42	扫拍价格: 270555自己上架价格: 0
04:45	扫拍价格: 69147自己上架价格: 0
04:45	扫拍价格: 129147自己上架价格: 0
04:46	扫拍价格: 39800自己上架价格: 0
04:46	扫拍价格: 115097自己上架价格: 0
04:46	扫拍价格: 300000自己上架价格: 110000
04:46	扫拍价格: 571111自己上架价格: 115000
04:47	扫拍价格: 51774自己上架价格: 0
04:47	扫拍价格: 121774自己上架价格: 0
04:47	扫拍价格: 121774自己上架价格: 0
04:47	扫拍价格: 121774自己上架价格: 0
04:48	扫拍价格: 80000自己上架价格: 115392
04:48	扫拍价格: 120000自己上架价格: 0
04:48	扫拍价格: 120000自己上架价格: 110000
04:48	扫拍价格: 133333自己上架价格: 115000
04:48	扫拍价格: 150000自己上架价格: 115000
04:48	扫拍价格: 150000自己上架价格: 117200
04:48	扫拍价格: 166666自己上架价格: 135000
04:48	扫拍价格: 171898自己上架价格: 0
04:48	扫拍价格: 243162自己上架价格: 0
04:48	扫拍价格: 245480自己上架价格: 0
04:48	扫拍价格: 245480自己上架价格: 0
04:50	扫拍价格: 198585自己上架价格: 115000
04:50	扫拍价格: 350000自己上架价格: 0
04:50	扫拍价格: 351111自己上架价格: 0
04:50	扫拍价格: 361111自己上架价格: 143800
04:50	扫拍价格: 361111自己上架价格: 115000
04:51	扫拍价格: 381111自己上架价格: 115000
04:51	扫拍价格: 461375自己上架价格: 0
04:51	扫拍价格: 461375自己上架价格: 0
04:51	扫拍价格: 461375自己上架价格: 0
04:51	扫拍价格: 461375自己上架价格: 0
04:51	扫拍价格: 461375自己上架价格: 0
04:51	扫拍价格: 461375自己上架价格: 0
04:51	扫拍价格: 59700自己上架价格: 0
04:51	扫拍价格: 62795自己上架价格: 0
04:51	扫拍价格: 88888自己上架价格: 0
04:51	扫拍价格: 126666自己上架价格: 0
04:51	扫拍价格: 130822自己上架价格: 127800
04:51	扫拍价格: 288621自己上架价格: 0
04:52	扫拍价格: 55555自己上架价格: 0
04:52	扫拍价格: 55555自己上架价格: 0
04:52	扫拍价格: 69648自己上架价格: 0
04:52	扫拍价格: 95000自己上架价格: 0
04:52	扫拍价格: 103266自己上架价格: 115128
04:52	扫拍价格: 104374自己上架价格: 110000
04:52	扫拍价格: 120000自己上架价格: 0
04:52	扫拍价格: 270555自己上架价格: 0
04:52	扫拍价格: 270555自己上架价格: 0
04:53	！！！大区51 江苏2区角色5结束扫拍
04:53	！！！大区51 江苏2区角色5开始变换
04:54	！！大区51 江苏2区角色5结束变换
04:54	账号51 江苏2区每日任务结束时间： 04:54
04:54	江苏2区-角色5	开始
04:56	重新开始登陆
05:01	账号49 湖北2区每日任务开始时间： 05:01
05:01	账号49 湖北2区每日任务结束时间： 05:01
05:01	湖北2区-角色1	开始
05:05	！！！大区49 湖北2区角色1开始扫拍
05:05	！！！大区49 湖北2区角色1结束扫拍
05:05	！！！大区49 湖北2区角色1开始变换
05:07	！！大区49 湖北2区角色1结束变换
05:07	账号49 湖北2区每日任务结束时间： 05:07
05:07	湖北2区-角色1	开始
05:09	账号49 湖北2区每日任务结束时间： 05:09
05:09	湖北2区-角色2	开始
05:12	！！！大区49 湖北2区角色2开始扫拍
05:13	扫拍价格: 102608自己上架价格: 0
05:14	扫拍价格: 99601自己上架价格: 0
05:15	扫拍价格: 96290自己上架价格: 110000
05:15	扫拍价格: 96774自己上架价格: 110512
05:15	扫拍价格: 233333自己上架价格: 249216
05:16	扫拍价格: 99002自己上架价格: 0
05:16	扫拍价格: 99500自己上架价格: 0
05:16	扫拍价格: 100000自己上架价格: 0
05:16	扫拍价格: 111111自己上架价格: 0
05:16	扫拍价格: 120000自己上架价格: 115000
05:16	扫拍价格: 155132自己上架价格: 0
05:16	扫拍价格: 155132自己上架价格: 0
05:16	扫拍价格: 155132自己上架价格: 0
05:17	扫拍价格: 40000自己上架价格: 0
05:17	扫拍价格: 41979自己上架价格: 0
05:18	扫拍价格: 54321自己上架价格: 0
05:18	扫拍价格: 99999自己上架价格: 115000
05:18	扫拍价格: 231203自己上架价格: 0
05:18	扫拍价格: 231203自己上架价格: 0
05:19	扫拍价格: 33333自己上架价格: 0
05:19	扫拍价格: 80000自己上架价格: 0
05:19	扫拍价格: 81111自己上架价格: 0
05:20	扫拍价格: 83382自己上架价格: 115000
05:20	扫拍价格: 104316自己上架价格: 0
05:20	扫拍价格: 104316自己上架价格: 0
05:20	扫拍价格: 111111自己上架价格: 0
05:20	扫拍价格: 113669自己上架价格: 115800
05:20	扫拍价格: 120000自己上架价格: 110000
05:20	扫拍价格: 158447自己上架价格: 115800
05:20	扫拍价格: 160000自己上架价格: 115000
05:20	扫拍价格: 222222自己上架价格: 117888
05:20	扫拍价格: 350000自己上架价格: 145968
05:20	扫拍价格: 780000自己上架价格: 165000
05:20	扫拍价格: 1222222自己上架价格: 456200
05:21	扫拍价格: 102608自己上架价格: 0
05:22	扫拍价格: 99601自己上架价格: 0
05:23	扫拍价格: 96290自己上架价格: 110000
05:23	扫拍价格: 96774自己上架价格: 110512
05:23	扫拍价格: 233333自己上架价格: 249216
05:24	扫拍价格: 99002自己上架价格: 0
05:24	扫拍价格: 99500自己上架价格: 0
05:24	扫拍价格: 100000自己上架价格: 0
05:24	扫拍价格: 111111自己上架价格: 0
05:24	扫拍价格: 120000自己上架价格: 115000
05:24	扫拍价格: 155132自己上架价格: 0
05:24	扫拍价格: 155132自己上架价格: 0
05:25	扫拍价格: 155132自己上架价格: 0
05:26	扫拍价格: 54321自己上架价格: 0
05:26	扫拍价格: 99999自己上架价格: 115000
05:26	扫拍价格: 231203自己上架价格: 0
05:26	扫拍价格: 231203自己上架价格: 0
05:27	扫拍价格: 33333自己上架价格: 0
05:27	扫拍价格: 80000自己上架价格: 0
05:27	扫拍价格: 81111自己上架价格: 0
05:27	扫拍价格: 83382自己上架价格: 115000
05:27	扫拍价格: 104316自己上架价格: 0
05:27	扫拍价格: 104316自己上架价格: 0
05:27	扫拍价格: 111111自己上架价格: 0
05:27	扫拍价格: 113669自己上架价格: 115800
05:28	扫拍价格: 120000自己上架价格: 110000
05:28	扫拍价格: 158447自己上架价格: 115800
05:28	扫拍价格: 160000自己上架价格: 115000
05:28	扫拍价格: 222222自己上架价格: 117888
05:28	扫拍价格: 350000自己上架价格: 145968
05:28	扫拍价格: 780000自己上架价格: 165000
05:28	扫拍价格: 1222222自己上架价格: 456200
05:28	！！！大区49 湖北2区角色2结束扫拍
05:28	！！！大区49 湖北2区角色2开始变换
05:31	！！大区49 湖北2区角色2结束变换
05:31	账号49 湖北2区每日任务结束时间： 05:31
05:31	湖北2区-角色2	开始
05:34	账号49 湖北2区每日任务结束时间： 05:34
05:34	湖北2区-角色3	开始
05:36	！！！大区49 湖北2区角色3开始扫拍
05:38	扫拍价格: 49999自己上架价格: 0
05:38	扫拍价格: 85790自己上架价格: 0
05:38	扫拍价格: 85790自己上架价格: 0
05:38	扫拍价格: 100573自己上架价格: 0
05:38	扫拍价格: 134272自己上架价格: 0
05:39	扫拍价格: 138735自己上架价格: 0
05:39	扫拍价格: 66376自己上架价格: 0
05:40	扫拍价格: 114379自己上架价格: 0
05:40	扫拍价格: 55555自己上架价格: 0
05:40	扫拍价格: 69999自己上架价格: 0
05:40	扫拍价格: 110000自己上架价格: 0
05:40	扫拍价格: 139634自己上架价格: 0
05:41	扫拍价格: 38888自己上架价格: 0
05:41	扫拍价格: 40000自己上架价格: 0
05:41	扫拍价格: 55500自己上架价格: 0
05:41	扫拍价格: 69000自己上架价格: 0
05:41	扫拍价格: 79529自己上架价格: 0
05:42	扫拍价格: 99500自己上架价格: 0
05:42	扫拍价格: 121734自己上架价格: 0
05:42	扫拍价格: 121734自己上架价格: 0
05:43	扫拍价格: 160000自己上架价格: 0
05:43	扫拍价格: 174644自己上架价格: 0
05:43	扫拍价格: 174644自己上架价格: 0
05:44	扫拍价格: 35000自己上架价格: 0
05:44	扫拍价格: 40000自己上架价格: 0
05:44	扫拍价格: 51111自己上架价格: 0
05:44	扫拍价格: 100000自己上架价格: 0
05:44	扫拍价格: 106250自己上架价格: 115288
05:44	扫拍价格: 130980自己上架价格: 0
05:44	扫拍价格: 130980自己上架价格: 0
05:44	扫拍价格: 130980自己上架价格: 0
05:47	扫拍价格: 49999自己上架价格: 0
05:47	扫拍价格: 85790自己上架价格: 0
05:47	扫拍价格: 85790自己上架价格: 0
05:47	扫拍价格: 100573自己上架价格: 0
05:47	扫拍价格: 134272自己上架价格: 0
05:48	扫拍价格: 138735自己上架价格: 0
05:48	扫拍价格: 66376自己上架价格: 0
05:48	扫拍价格: 114379自己上架价格: 0
05:49	扫拍价格: 55555自己上架价格: 0
05:49	扫拍价格: 69999自己上架价格: 0
05:49	扫拍价格: 110000自己上架价格: 0
05:49	扫拍价格: 139634自己上架价格: 0
05:50	扫拍价格: 38888自己上架价格: 0
05:50	扫拍价格: 40000自己上架价格: 0
05:50	扫拍价格: 55500自己上架价格: 0
05:50	扫拍价格: 69000自己上架价格: 0
05:50	扫拍价格: 79529自己上架价格: 0
05:51	扫拍价格: 99500自己上架价格: 0
05:51	扫拍价格: 121734自己上架价格: 0
05:51	扫拍价格: 121734自己上架价格: 0
05:52	扫拍价格: 160000自己上架价格: 0
05:52	扫拍价格: 174644自己上架价格: 0
05:52	扫拍价格: 174644自己上架价格: 0
05:53	扫拍价格: 35000自己上架价格: 0
05:53	扫拍价格: 40000自己上架价格: 0
05:53	扫拍价格: 51111自己上架价格: 0
05:53	扫拍价格: 100000自己上架价格: 0
05:53	扫拍价格: 106250自己上架价格: 115288
05:53	扫拍价格: 130980自己上架价格: 0
05:53	扫拍价格: 130980自己上架价格: 0
05:53	扫拍价格: 130980自己上架价格: 0
05:53	！！！大区49 湖北2区角色3结束扫拍
05:53	！！！大区49 湖北2区角色3开始变换
05:56	！！大区49 湖北2区角色3结束变换
05:56	账号49 湖北2区每日任务结束时间： 05:56
05:56	湖北2区-角色3	开始
05:58	账号49 湖北2区每日任务结束时间： 05:58
05:58	湖北2区-角色4	开始
06:01	！！！大区49 湖北2区角色4开始扫拍
06:03	扫拍价格: 39999自己上架价格: 0
06:03	扫拍价格: 44485自己上架价格: 0
06:03	扫拍价格: 44485自己上架价格: 0
06:03	扫拍价格: 44709自己上架价格: 0
06:03	扫拍价格: 84709自己上架价格: 0
06:03	扫拍价格: 84709自己上架价格: 0
06:04	扫拍价格: 54799自己上架价格: 0
06:04	扫拍价格: 59899自己上架价格: 0
06:04	扫拍价格: 59899自己上架价格: 0
06:04	扫拍价格: 137571自己上架价格: 0
06:04	扫拍价格: 101342自己上架价格: 0
06:05	扫拍价格: 111110自己上架价格: 0
06:05	扫拍价格: 164942自己上架价格: 0
06:05	扫拍价格: 164942自己上架价格: 0
06:07	扫拍价格: 54608自己上架价格: 0
06:07	扫拍价格: 74608自己上架价格: 0
06:07	扫拍价格: 88888自己上架价格: 0
06:08	扫拍价格: 50000自己上架价格: 0
06:08	扫拍价格: 64687自己上架价格: 0
06:08	扫拍价格: 70000自己上架价格: 0
06:08	扫拍价格: 111111自己上架价格: 0
06:08	扫拍价格: 155555自己上架价格: 115000
06:08	扫拍价格: 188888自己上架价格: 174800
06:08	扫拍价格: 200000自己上架价格: 0
06:08	扫拍价格: 223417自己上架价格: 0
06:09	扫拍价格: 223417自己上架价格: 0
06:09	扫拍价格: 223417自己上架价格: 0
06:09	扫拍价格: 223417自己上架价格: 0
06:09	扫拍价格: 223417自己上架价格: 0
06:09	扫拍价格: 39000自己上架价格: 0
06:09	扫拍价格: 50000自己上架价格: 0
06:09	扫拍价格: 55555自己上架价格: 0
06:09	扫拍价格: 55555自己上架价格: 0
06:09	扫拍价格: 89999自己上架价格: 0
06:09	扫拍价格: 197056自己上架价格: 0
06:09	扫拍价格: 197056自己上架价格: 0
06:10	扫拍价格: 234037自己上架价格: 110000
06:10	扫拍价格: 249163自己上架价格: 0
06:10	扫拍价格: 249163自己上架价格: 0
06:10	扫拍价格: 249163自己上架价格: 0
06:10	扫拍价格: 249163自己上架价格: 0
06:10	扫拍价格: 258888自己上架价格: 115000
06:10	扫拍价格: 276419自己上架价格: 118200
06:11	扫拍价格: 74297自己上架价格: 0
06:11	扫拍价格: 74297自己上架价格: 0
06:11	扫拍价格: 74671自己上架价格: 0
06:11	扫拍价格: 88888自己上架价格: 110008
06:11	扫拍价格: 100000自己上架价格: 0
06:11	扫拍价格: 149888自己上架价格: 0
06:12	扫拍价格: 33333自己上架价格: 0
06:12	扫拍价格: 35869自己上架价格: 0
06:12	扫拍价格: 40000自己上架价格: 0
06:13	扫拍价格: 39999自己上架价格: 0
06:14	扫拍价格: 44485自己上架价格: 0
06:14	扫拍价格: 44485自己上架价格: 0
06:14	扫拍价格: 44709自己上架价格: 0
06:14	扫拍价格: 84709自己上架价格: 0
06:14	扫拍价格: 84709自己上架价格: 0
06:14	扫拍价格: 54799自己上架价格: 0
06:14	扫拍价格: 59899自己上架价格: 0
06:14	扫拍价格: 59899自己上架价格: 0
06:15	扫拍价格: 137571自己上架价格: 0
06:15	扫拍价格: 101342自己上架价格: 0
06:16	扫拍价格: 111110自己上架价格: 0
06:16	扫拍价格: 164942自己上架价格: 0
06:16	扫拍价格: 164942自己上架价格: 0
06:17	扫拍价格: 54608自己上架价格: 0
06:17	扫拍价格: 74608自己上架价格: 0
06:17	扫拍价格: 88888自己上架价格: 0
06:19	扫拍价格: 50000自己上架价格: 0
06:19	扫拍价格: 64687自己上架价格: 0
06:19	扫拍价格: 70000自己上架价格: 0
06:19	扫拍价格: 111111自己上架价格: 0
06:19	扫拍价格: 155555自己上架价格: 115000
06:19	扫拍价格: 188888自己上架价格: 174800
06:19	扫拍价格: 200000自己上架价格: 0
06:19	扫拍价格: 223417自己上架价格: 0
06:19	扫拍价格: 223417自己上架价格: 0
06:19	扫拍价格: 223417自己上架价格: 0
06:19	扫拍价格: 223417自己上架价格: 0
06:19	扫拍价格: 223417自己上架价格: 0
06:19	扫拍价格: 39000自己上架价格: 0
06:20	扫拍价格: 50000自己上架价格: 0
06:20	扫拍价格: 55555自己上架价格: 0
06:20	扫拍价格: 55555自己上架价格: 0
06:20	扫拍价格: 89999自己上架价格: 0
06:20	扫拍价格: 197056自己上架价格: 0
06:20	扫拍价格: 197056自己上架价格: 0
06:21	扫拍价格: 234037自己上架价格: 110000
06:21	扫拍价格: 249163自己上架价格: 0
06:21	扫拍价格: 249163自己上架价格: 0
06:21	扫拍价格: 249163自己上架价格: 0
06:21	扫拍价格: 249163自己上架价格: 0
06:21	扫拍价格: 258888自己上架价格: 115000
06:21	扫拍价格: 276419自己上架价格: 118200
06:22	扫拍价格: 74297自己上架价格: 0
06:22	扫拍价格: 74297自己上架价格: 0
06:22	扫拍价格: 74671自己上架价格: 0
06:22	扫拍价格: 88888自己上架价格: 110008
06:22	扫拍价格: 100000自己上架价格: 0
06:22	扫拍价格: 149888自己上架价格: 0
06:22	！！！大区49 湖北2区角色4结束扫拍
06:22	！！！大区49 湖北2区角色4开始变换
06:27	！！大区49 湖北2区角色4结束变换
06:27	账号49 湖北2区每日任务结束时间： 06:27
06:27	湖北2区-角色4	开始
06:28	金币存仓失败
06:28	金币存仓失败
06:28	金币存仓失败
06:29	账号49 湖北2区每日任务结束时间： 06:29
06:29	湖北2区-角色5	开始
06:32	！！！大区49 湖北2区角色5开始扫拍
06:33	扫拍价格: 40000自己上架价格: 0
06:33	扫拍价格: 49999自己上架价格: 0
06:33	扫拍价格: 39998自己上架价格: 0
06:33	扫拍价格: 82593自己上架价格: 0
06:34	扫拍价格: 561109自己上架价格: 0
06:35	扫拍价格: 58110自己上架价格: 0
06:35	扫拍价格: 78110自己上架价格: 0
06:35	扫拍价格: 95990自己上架价格: 0
06:35	扫拍价格: 95990自己上架价格: 0
06:35	扫拍价格: 44444自己上架价格: 0
06:35	扫拍价格: 109999自己上架价格: 0
06:35	扫拍价格: 117071自己上架价格: 0
06:36	扫拍价格: 31312自己上架价格: 0
06:37	扫拍价格: 100000自己上架价格: 0
06:37	扫拍价格: 100000自己上架价格: 0
06:37	扫拍价格: 100000自己上架价格: 0
06:37	扫拍价格: 100000自己上架价格: 0
06:37	扫拍价格: 130000自己上架价格: 0
06:37	扫拍价格: 200000自己上架价格: 0
06:37	扫拍价格: 222222自己上架价格: 230800
06:37	扫拍价格: 222222自己上架价格: 115392
06:37	扫拍价格: 313125自己上架价格: 0
06:37	扫拍价格: 313125自己上架价格: 0
06:38	扫拍价格: 44444自己上架价格: 0
06:38	扫拍价格: 88888自己上架价格: 0
06:38	扫拍价格: 90828自己上架价格: 0
06:39	！！！大区49 湖北2区角色5结束扫拍
06:39	！！！大区49 湖北2区角色5开始变换
06:41	！！大区49 湖北2区角色5结束变换
06:41	账号49 湖北2区每日任务结束时间： 06:41
06:41	湖北2区-角色5	开始
06:43	重新开始登陆
06:49	账号50 广东2区每日任务开始时间： 06:49
07:05	账号50 广东2区每日任务完成
07:06	账号50 广东2区每日任务结束时间： 07:06
07:06	广东2区-角色1	开始
07:08	超过上架上限
07:09	账号50 广东2区每日任务结束时间： 07:09
07:09	广东2区-角色2	开始
07:12	！！！大区50 广东2区角色2开始扫拍
07:12	！！！大区50 广东2区角色2结束扫拍
07:12	！！！大区50 广东2区角色2开始变换
07:14	！！大区50 广东2区角色2结束变换
07:14	账号50 广东2区每日任务结束时间： 07:14
07:14	广东2区-角色2	开始
07:17	账号50 广东2区每日任务结束时间： 07:17
07:17	广东2区-角色3	开始
07:20	！！！大区50 广东2区角色3开始扫拍
07:23	扫拍价格: 47606自己上架价格: 0
07:23	扫拍价格: 55555自己上架价格: 0
07:23	扫拍价格: 84147自己上架价格: 122800
07:23	扫拍价格: 92082自己上架价格: 0
07:23	扫拍价格: 100000自己上架价格: 0
07:23	扫拍价格: 177606自己上架价格: 0
07:23	扫拍价格: 200000自己上架价格: 115000
07:23	扫拍价格: 200000自己上架价格: 0
07:23	扫拍价格: 277606自己上架价格: 0
07:23	扫拍价格: 277606自己上架价格: 0
07:23	扫拍价格: 311111自己上架价格: 0
07:23	扫拍价格: 611111自己上架价格: 0
07:26	扫拍价格: 90000自己上架价格: 0
07:26	扫拍价格: 100000自己上架价格: 0
07:26	扫拍价格: 100000自己上架价格: 0
07:27	扫拍价格: 11369032自己上架价格: 0
07:27	扫拍价格: 135000自己上架价格: 0
07:27	扫拍价格: 136960自己上架价格: 0
07:28	扫拍价格: 70862自己上架价格: 0
07:28	扫拍价格: 140566自己上架价格: 0
07:28	扫拍价格: 140567自己上架价格: 0
07:28	扫拍价格: 140568自己上架价格: 0
07:29	扫拍价格: 140568自己上架价格: 0
07:29	扫拍价格: 140568自己上架价格: 0
07:29	扫拍价格: 140568自己上架价格: 0
07:29	扫拍价格: 143996自己上架价格: 0
07:30	扫拍价格: 200000自己上架价格: 0
07:30	扫拍价格: 242733自己上架价格: 0
07:31	扫拍价格: 100000自己上架价格: 0
07:31	扫拍价格: 119723自己上架价格: 0
07:31	扫拍价格: 172075自己上架价格: 0
07:31	扫拍价格: 172075自己上架价格: 0
07:31	扫拍价格: 172075自己上架价格: 0
07:34	扫拍价格: 47606自己上架价格: 0
07:34	扫拍价格: 55555自己上架价格: 0
07:34	扫拍价格: 84147自己上架价格: 122800
07:34	扫拍价格: 92082自己上架价格: 0
07:34	扫拍价格: 100000自己上架价格: 0
07:34	扫拍价格: 177606自己上架价格: 0
07:34	扫拍价格: 200000自己上架价格: 115000
07:34	扫拍价格: 200000自己上架价格: 0
07:34	扫拍价格: 277606自己上架价格: 0
07:34	扫拍价格: 277606自己上架价格: 0
07:34	扫拍价格: 311111自己上架价格: 0
07:34	扫拍价格: 611111自己上架价格: 0
07:35	！！！大区50 广东2区角色3结束扫拍
07:35	！！！大区50 广东2区角色3开始变换
07:38	！！大区50 广东2区角色3结束变换
07:38	账号50 广东2区每日任务结束时间： 07:38
07:38	广东2区-角色3	开始
07:39	金币存仓失败
07:40	金币存仓失败
07:40	金币存仓失败
07:40	账号50 广东2区每日任务结束时间： 07:40
07:40	广东2区-角色4	开始
07:50	超过上架上限
07:51	账号50 广东2区每日任务结束时间： 07:51
07:51	广东2区-角色5	开始
07:54	！！！大区50 广东2区角色5开始扫拍
07:56	！！！大区50 广东2区角色5结束扫拍
07:56	！！！大区50 广东2区角色5开始变换
07:58	！！大区50 广东2区角色5结束变换
07:58	账号50 广东2区每日任务结束时间： 07:58
07:58	广东2区-角色5	开始
08:00	重新开始登陆
08:05	账号51 江苏2区每日任务开始时间： 08:05
08:17	账号51 江苏2区每日任务完成
08:18	账号51 江苏2区每日任务结束时间： 08:18
08:18	江苏2区-角色1	开始
08:20	超过上架上限
08:21	账号51 江苏2区每日任务结束时间： 08:21
08:21	江苏2区-角色2	开始
08:25	！！！大区51 江苏2区角色2开始扫拍
08:25	扫拍价格: 49744自己上架价格: 0
08:25	扫拍价格: 150652自己上架价格: 0
08:25	扫拍价格: 162975自己上架价格: 0
08:26	扫拍价格: 122552自己上架价格: 0
08:26	扫拍价格: 122552自己上架价格: 0
08:26	扫拍价格: 122552自己上架价格: 0
08:26	扫拍价格: 155683自己上架价格: 0
08:27	扫拍价格: 101327自己上架价格: 0
08:28	扫拍价格: 188809自己上架价格: 0
08:28	扫拍价格: 188810自己上架价格: 0
08:28	扫拍价格: 188811自己上架价格: 0
08:28	扫拍价格: 188811自己上架价格: 0
08:28	扫拍价格: 188811自己上架价格: 0
08:28	扫拍价格: 188811自己上架价格: 0
08:28	扫拍价格: 188811自己上架价格: 0
08:30	扫拍价格: 222950自己上架价格: 0
08:30	扫拍价格: 381111自己上架价格: 0
08:30	扫拍价格: 38887自己上架价格: 0
08:30	扫拍价格: 38888自己上架价格: 0
08:30	扫拍价格: 42219自己上架价格: 0
08:30	扫拍价格: 60000自己上架价格: 0
08:30	扫拍价格: 92006自己上架价格: 0
08:31	扫拍价格: 100000自己上架价格: 0
08:31	扫拍价格: 174561自己上架价格: 0
08:31	扫拍价格: 274561自己上架价格: 0
08:32	扫拍价格: 361111自己上架价格: 115000
08:32	扫拍价格: 381111自己上架价格: 115000
08:32	扫拍价格: 381111自己上架价格: 115000
08:32	扫拍价格: 381111自己上架价格: 115000
08:32	扫拍价格: 611111自己上架价格: 194424
08:32	扫拍价格: 684375自己上架价格: 250000
08:32	扫拍价格: 699999自己上架价格: 300000
08:33	扫拍价格: 33333自己上架价格: 0
08:33	扫拍价格: 33333自己上架价格: 0
08:33	扫拍价格: 47841自己上架价格: 0
08:33	扫拍价格: 50000自己上架价格: 0
08:33	扫拍价格: 57841自己上架价格: 0
08:33	扫拍价格: 157841自己上架价格: 0
08:33	扫拍价格: 157841自己上架价格: 0
08:33	扫拍价格: 157841自己上架价格: 0
08:34	扫拍价格: 40000自己上架价格: 0
08:36	扫拍价格: 40000自己上架价格: 0
08:37	扫拍价格: 50000自己上架价格: 0
08:39	扫拍价格: 49744自己上架价格: 0
08:39	扫拍价格: 150652自己上架价格: 0
08:39	扫拍价格: 162975自己上架价格: 0
08:39	扫拍价格: 122552自己上架价格: 0
08:39	扫拍价格: 122552自己上架价格: 0
08:39	扫拍价格: 122552自己上架价格: 0
08:40	扫拍价格: 155683自己上架价格: 0
08:40	扫拍价格: 101327自己上架价格: 0
08:40	扫拍价格: 188809自己上架价格: 0
08:41	扫拍价格: 188810自己上架价格: 0
08:41	扫拍价格: 188811自己上架价格: 0
08:41	扫拍价格: 188811自己上架价格: 0
08:41	扫拍价格: 188811自己上架价格: 0
08:41	扫拍价格: 188811自己上架价格: 0
08:41	扫拍价格: 188811自己上架价格: 0
08:42	扫拍价格: 222950自己上架价格: 0
08:42	扫拍价格: 381111自己上架价格: 193400
08:43	扫拍价格: 38887自己上架价格: 0
08:43	扫拍价格: 38888自己上架价格: 0
08:43	扫拍价格: 42219自己上架价格: 0
08:43	扫拍价格: 60000自己上架价格: 0
08:43	扫拍价格: 92006自己上架价格: 0
08:44	扫拍价格: 100000自己上架价格: 0
08:44	扫拍价格: 174561自己上架价格: 0
08:44	扫拍价格: 274561自己上架价格: 0
08:44	扫拍价格: 361111自己上架价格: 115000
08:44	扫拍价格: 381111自己上架价格: 115000
08:44	扫拍价格: 381111自己上架价格: 115000
08:44	扫拍价格: 381111自己上架价格: 115000
08:44	扫拍价格: 611111自己上架价格: 194424
08:44	扫拍价格: 684375自己上架价格: 250000
08:44	扫拍价格: 699999自己上架价格: 300000
08:45	扫拍价格: 33333自己上架价格: 0
08:45	扫拍价格: 33333自己上架价格: 0
08:45	扫拍价格: 47841自己上架价格: 0
08:45	扫拍价格: 49999自己上架价格: 0
08:45	扫拍价格: 50000自己上架价格: 0
08:45	扫拍价格: 57841自己上架价格: 0
08:45	扫拍价格: 157841自己上架价格: 0
08:45	扫拍价格: 157841自己上架价格: 0
08:45	扫拍价格: 157841自己上架价格: 0
08:46	！！！大区51 江苏2区角色2结束扫拍
08:46	！！！大区51 江苏2区角色2开始变换
08:49	打开物品栏并整理失败-变换前失败
08:49	打开物品栏并整理失败-变换前失败
08:49	由于变换前操作失败导致变换失败
08:51	！！大区51 江苏2区角色2结束变换
08:51	账号51 江苏2区每日任务结束时间： 08:51
08:51	江苏2区-角色2	开始
09:20	重新开始登陆
09:26	账号49 湖北2区每日任务开始时间： 09:26
09:27	！！！大区49 湖北2区角色3开始扫拍
09:28	！！！大区49 湖北2区角色3结束扫拍
09:28	！！！大区49 湖北2区角色3开始变换
09:28	打开物品栏并整理失败-变换前失败
09:29	打开物品栏并整理失败-变换前失败
09:29	由于变换前操作失败导致变换失败
09:29	打开物品栏并整理失败-变换前失败
09:29	打开物品栏并整理失败-变换前失败
09:29	由于变换前操作失败导致变换失败
09:30	打开物品栏并整理失败-变换前失败
09:30	打开物品栏并整理失败-变换前失败
09:30	由于变换前操作失败导致变换失败
09:31	打开物品栏并整理失败-变换前失败
09:31	打开物品栏并整理失败-变换前失败
09:31	由于变换前操作失败导致变换失败
09:31	打开物品栏并整理失败-变换前失败
09:32	打开物品栏并整理失败-变换前失败
09:32	由于变换前操作失败导致变换失败
09:32	！！！大区49 湖北2区角色3变换次数过多，重新登录
09:32	重新开始登陆
09:36	账号49 湖北2区每日任务开始时间： 09:36
09:36	！！！大区49 湖北2区角色3开始变换
09:38	！！大区49 湖北2区角色3结束变换
09:38	账号49 湖北2区每日任务结束时间： 09:38
09:38	湖北2区-角色3	开始
