10:48	重新开始登陆
10:50	重新开始登陆
10:57	选频道出错
10:57	重新开始登陆
11:05	账号49 湖北2区每日任务开始时间： 11:05
11:10	账号49 湖北2区每日任务完成
11:10	账号49 湖北2区每日任务结束时间： 11:10
11:10	湖北2区-角色1	开始
11:12	超过上架上限
11:13	账号49 湖北2区每日任务结束时间： 11:13
11:14	湖北2区-角色2	开始
11:16	！！！大区49 湖北2区角色2开始扫拍
11:17	扫拍价格: 109450自己上架价格: 0
11:17	扫拍价格: 110000自己上架价格: 0
11:17	扫拍价格: 120000自己上架价格: 0
11:17	扫拍价格: 135000自己上架价格: 0
11:17	扫拍价格: 145754自己上架价格: 0
11:17	扫拍价格: 152842自己上架价格: 0
11:17	扫拍价格: 152842自己上架价格: 0
11:17	扫拍价格: 152842自己上架价格: 0
11:17	扫拍价格: 152842自己上架价格: 0
11:19	扫拍价格: 91495自己上架价格: 0
11:19	扫拍价格: 91495自己上架价格: 0
11:19	扫拍价格: 200000自己上架价格: 0
11:19	扫拍价格: 44444自己上架价格: 0
11:19	扫拍价格: 50000自己上架价格: 0
11:19	扫拍价格: 93025自己上架价格: 0
11:19	扫拍价格: 126633自己上架价格: 0
11:25	扫拍价格: 109450自己上架价格: 0
11:25	扫拍价格: 110000自己上架价格: 0
11:25	扫拍价格: 120000自己上架价格: 0
11:25	扫拍价格: 135000自己上架价格: 0
11:25	扫拍价格: 145754自己上架价格: 0
11:26	扫拍价格: 152842自己上架价格: 0
11:26	扫拍价格: 152842自己上架价格: 0
11:26	扫拍价格: 152842自己上架价格: 0
11:26	扫拍价格: 152842自己上架价格: 0
11:26	扫拍价格: 56666自己上架价格: 0
11:26	扫拍价格: 69628自己上架价格: 0
11:26	扫拍价格: 41297自己上架价格: 0
11:26	扫拍价格: 55555自己上架价格: 0
11:26	扫拍价格: 49998自己上架价格: 0
11:26	扫拍价格: 62500自己上架价格: 0
11:26	扫拍价格: 44444自己上架价格: 0
11:26	扫拍价格: 71540自己上架价格: 0
11:26	扫拍价格: 71540自己上架价格: 0
11:26	扫拍价格: 88888自己上架价格: 0
11:27	扫拍价格: 88888自己上架价格: 0
11:27	扫拍价格: 146548自己上架价格: 0
11:27	扫拍价格: 146548自己上架价格: 0
11:27	扫拍价格: 146548自己上架价格: 0
11:27	扫拍价格: 146548自己上架价格: 0
11:27	扫拍价格: 146548自己上架价格: 0
11:27	扫拍价格: 97932自己上架价格: 0
11:27	扫拍价格: 60400自己上架价格: 0
11:27	扫拍价格: 50905自己上架价格: 0
11:27	扫拍价格: 91495自己上架价格: 0
11:27	扫拍价格: 91495自己上架价格: 0
11:27	扫拍价格: 200000自己上架价格: 0
11:27	扫拍价格: 44444自己上架价格: 0
11:27	扫拍价格: 50000自己上架价格: 0
11:27	扫拍价格: 93025自己上架价格: 0
11:27	扫拍价格: 126633自己上架价格: 0
11:32	！！！大区49 湖北2区角色2结束扫拍
11:32	！！！大区49 湖北2区角色2开始变换
12:02	！！大区49 湖北2区角色2结束变换
12:02	账号49 湖北2区每日任务结束时间： 12:02
12:03	湖北2区-角色2	开始
12:15	账号49 湖北2区每日任务结束时间： 12:15
12:15	湖北2区-角色3	开始
12:18	！！！大区49 湖北2区角色3开始扫拍
12:20	扫拍价格: 100324自己上架价格: 0
12:21	扫拍价格: 100000自己上架价格: 0
12:21	扫拍价格: 138735自己上架价格: 0
12:21	扫拍价格: 138735自己上架价格: 0
12:21	扫拍价格: 138735自己上架价格: 0
12:21	扫拍价格: 138735自己上架价格: 0
12:21	扫拍价格: 77153自己上架价格: 0
12:21	扫拍价格: 51256自己上架价格: 0
12:21	扫拍价格: 55555自己上架价格: 0
12:21	扫拍价格: 99799自己上架价格: 0
12:21	扫拍价格: 70582自己上架价格: 0
12:21	扫拍价格: 100000自己上架价格: 0
12:21	扫拍价格: 138735自己上架价格: 0
12:21	扫拍价格: 138735自己上架价格: 0
12:21	扫拍价格: 138735自己上架价格: 0
12:21	扫拍价格: 138735自己上架价格: 0
12:21	扫拍价格: 77153自己上架价格: 0
12:21	扫拍价格: 51256自己上架价格: 0
12:21	扫拍价格: 55555自己上架价格: 0
12:21	扫拍价格: 99799自己上架价格: 0
12:21	扫拍价格: 70582自己上架价格: 0
12:21	扫拍价格: 100000自己上架价格: 0
12:21	扫拍价格: 138735自己上架价格: 0
12:21	扫拍价格: 138735自己上架价格: 0
12:22	扫拍价格: 138735自己上架价格: 0
12:22	扫拍价格: 138735自己上架价格: 0
12:22	扫拍价格: 77153自己上架价格: 0
12:22	扫拍价格: 51256自己上架价格: 0
12:22	扫拍价格: 55555自己上架价格: 0
12:22	扫拍价格: 99799自己上架价格: 0
12:22	扫拍价格: 70582自己上架价格: 0
12:22	扫拍价格: 66376自己上架价格: 0
12:22	扫拍价格: 94780自己上架价格: 0
12:22	扫拍价格: 94780自己上架价格: 0
12:22	扫拍价格: 94780自己上架价格: 0
12:22	扫拍价格: 114379自己上架价格: 0
12:22	扫拍价格: 114379自己上架价格: 0
12:22	扫拍价格: 66376自己上架价格: 0
12:22	扫拍价格: 40000自己上架价格: 0
12:22	扫拍价格: 69999自己上架价格: 0
12:22	扫拍价格: 70000自己上架价格: 0
12:22	扫拍价格: 139634自己上架价格: 0
12:22	扫拍价格: 58422自己上架价格: 0
12:23	扫拍价格: 58422自己上架价格: 0
12:29	扫拍价格: 100324自己上架价格: 0
12:29	扫拍价格: 47911自己上架价格: 0
12:30	扫拍价格: 100000自己上架价格: 0
12:30	扫拍价格: 138735自己上架价格: 0
12:30	扫拍价格: 138735自己上架价格: 0
12:30	扫拍价格: 138735自己上架价格: 0
12:30	扫拍价格: 138735自己上架价格: 0
12:30	扫拍价格: 77153自己上架价格: 0
12:30	扫拍价格: 51256自己上架价格: 0
12:30	扫拍价格: 55555自己上架价格: 0
12:30	扫拍价格: 99799自己上架价格: 0
12:30	扫拍价格: 70582自己上架价格: 0
12:30	扫拍价格: 100000自己上架价格: 0
12:30	扫拍价格: 138735自己上架价格: 0
12:30	扫拍价格: 138735自己上架价格: 0
12:30	扫拍价格: 138735自己上架价格: 0
12:30	扫拍价格: 138735自己上架价格: 0
12:30	扫拍价格: 77153自己上架价格: 0
12:30	扫拍价格: 51256自己上架价格: 0
12:30	扫拍价格: 55555自己上架价格: 0
12:30	扫拍价格: 99799自己上架价格: 0
12:30	扫拍价格: 70582自己上架价格: 0
12:31	扫拍价格: 100000自己上架价格: 0
12:31	扫拍价格: 138735自己上架价格: 0
12:31	扫拍价格: 138735自己上架价格: 0
12:31	扫拍价格: 138735自己上架价格: 0
12:31	扫拍价格: 138735自己上架价格: 0
12:31	扫拍价格: 77153自己上架价格: 0
12:31	扫拍价格: 51256自己上架价格: 0
12:31	扫拍价格: 55555自己上架价格: 0
12:31	扫拍价格: 99799自己上架价格: 0
12:31	扫拍价格: 70582自己上架价格: 0
12:31	扫拍价格: 66376自己上架价格: 0
12:31	扫拍价格: 94780自己上架价格: 0
12:31	扫拍价格: 94780自己上架价格: 0
12:31	扫拍价格: 94780自己上架价格: 0
12:31	扫拍价格: 114379自己上架价格: 0
12:31	扫拍价格: 114379自己上架价格: 0
12:31	扫拍价格: 66376自己上架价格: 0
12:32	扫拍价格: 40000自己上架价格: 0
12:32	扫拍价格: 69999自己上架价格: 0
12:32	扫拍价格: 70000自己上架价格: 0
12:32	扫拍价格: 139634自己上架价格: 0
12:32	扫拍价格: 58422自己上架价格: 0
12:32	扫拍价格: 58422自己上架价格: 0
12:33	扫拍价格: 39529自己上架价格: 0
12:33	扫拍价格: 61111自己上架价格: 0
12:33	扫拍价格: 70000自己上架价格: 0
12:33	扫拍价格: 79529自己上架价格: 0
12:33	扫拍价格: 79529自己上架价格: 0
12:33	扫拍价格: 79529自己上架价格: 0
12:33	扫拍价格: 79529自己上架价格: 0
12:44	重新开始登陆
12:52	账号49 湖北2区每日任务开始时间： 12:52
12:53	！！！大区49 湖北2区角色3开始扫拍
12:54	扫拍价格: 148899自己上架价格: 0
12:54	扫拍价格: 159525自己上架价格: 0
12:54	扫拍价格: 38999自己上架价格: 0
12:54	扫拍价格: 38999自己上架价格: 0
12:55	扫拍价格: 56453自己上架价格: 0
12:55	扫拍价格: 81269自己上架价格: 0
12:55	扫拍价格: 67112自己上架价格: 0
12:55	扫拍价格: 67112自己上架价格: 0
12:55	扫拍价格: 79201自己上架价格: 0
12:55	扫拍价格: 85909自己上架价格: 0
12:56	扫拍价格: 93025自己上架价格: 0
12:56	扫拍价格: 126633自己上架价格: 0
12:57	扫拍价格: 34123自己上架价格: 0
12:57	扫拍价格: 50000自己上架价格: 0
12:57	扫拍价格: 60000自己上架价格: 0
12:57	扫拍价格: 66666自己上架价格: 0
12:57	扫拍价格: 74123自己上架价格: 0
12:57	扫拍价格: 104100自己上架价格: 0
12:57	扫拍价格: 104123自己上架价格: 0
12:57	扫拍价格: 104123自己上架价格: 0
12:57	扫拍价格: 104123自己上架价格: 0
12:57	扫拍价格: 104123自己上架价格: 0
12:58	扫拍价格: 95000自己上架价格: 0
12:58	扫拍价格: 98580自己上架价格: 0
12:58	扫拍价格: 98580自己上架价格: 0
12:58	扫拍价格: 98580自己上架价格: 0
13:00	扫拍价格: 54321自己上架价格: 0
13:00	扫拍价格: 55555自己上架价格: 0
13:00	扫拍价格: 99999自己上架价格: 130000
13:00	扫拍价格: 99999自己上架价格: 0
13:00	扫拍价格: 186631自己上架价格: 115000
13:00	扫拍价格: 231203自己上架价格: 0
13:01	扫拍价格: 38888自己上架价格: 0
13:01	扫拍价格: 48000自己上架价格: 0
13:01	扫拍价格: 51111自己上架价格: 0
13:01	扫拍价格: 55555自己上架价格: 0
13:01	扫拍价格: 66666自己上架价格: 0
13:01	扫拍价格: 66666自己上架价格: 0
13:01	扫拍价格: 88888自己上架价格: 110000
13:02	扫拍价格: 104316自己上架价格: 0
13:02	扫拍价格: 104316自己上架价格: 0
13:02	扫拍价格: 104316自己上架价格: 0
13:02	扫拍价格: 104316自己上架价格: 0
13:02	扫拍价格: 111111自己上架价格: 0
13:02	扫拍价格: 122222自己上架价格: 110512
13:02	扫拍价格: 138447自己上架价格: 118200
13:02	扫拍价格: 158447自己上架价格: 115800
13:02	！！！大区49 湖北2区角色3结束扫拍
13:02	！！！大区49 湖北2区角色3开始变换
13:06	！！大区49 湖北2区角色3结束变换
13:06	账号49 湖北2区每日任务结束时间： 13:06
13:06	湖北2区-角色3	开始
13:09	！！！大区49 湖北2区角色3开始扫拍
13:10	扫拍价格: 148899自己上架价格: 0
13:10	扫拍价格: 159525自己上架价格: 0
13:11	扫拍价格: 38999自己上架价格: 0
13:11	扫拍价格: 38999自己上架价格: 0
13:11	扫拍价格: 56453自己上架价格: 0
13:11	扫拍价格: 81269自己上架价格: 0
13:11	扫拍价格: 561109自己上架价格: 0
13:12	扫拍价格: 67112自己上架价格: 0
13:12	扫拍价格: 67112自己上架价格: 0
13:12	扫拍价格: 79201自己上架价格: 0
13:12	扫拍价格: 85909自己上架价格: 0
13:12	扫拍价格: 93025自己上架价格: 0
13:12	扫拍价格: 126633自己上架价格: 0
13:13	扫拍价格: 34123自己上架价格: 0
13:13	扫拍价格: 50000自己上架价格: 0
13:13	扫拍价格: 60000自己上架价格: 0
13:13	扫拍价格: 66666自己上架价格: 0
13:13	扫拍价格: 74123自己上架价格: 0
13:14	扫拍价格: 104100自己上架价格: 0
13:14	扫拍价格: 104123自己上架价格: 0
13:14	扫拍价格: 104123自己上架价格: 0
13:14	扫拍价格: 104123自己上架价格: 0
13:14	扫拍价格: 104123自己上架价格: 0
13:15	扫拍价格: 95000自己上架价格: 0
13:15	扫拍价格: 98580自己上架价格: 0
13:15	扫拍价格: 98580自己上架价格: 0
13:15	扫拍价格: 98580自己上架价格: 0
13:15	扫拍价格: 98580自己上架价格: 0
13:15	扫拍价格: 129732自己上架价格: 115000
13:17	扫拍价格: 54321自己上架价格: 0
13:17	扫拍价格: 55555自己上架价格: 0
13:17	扫拍价格: 99999自己上架价格: 130000
13:17	扫拍价格: 99999自己上架价格: 0
13:17	扫拍价格: 186631自己上架价格: 115000
13:17	扫拍价格: 231203自己上架价格: 0
13:18	扫拍价格: 34256自己上架价格: 0
13:18	扫拍价格: 116811自己上架价格: 110032
20:06	重新开始登陆
20:11	登录失败
20:11	重新开始登陆
20:20	账号25 东北3区每日任务开始时间： 20:20
20:21	账号25角色1 每日任务换角色出错
20:23	账号25角色1 每日任务换角色出错
20:24	账号25角色1 每日任务换角色出错
20:26	账号25角色1 每日任务换角色出错
20:27	账号25角色1 每日任务换角色出错
20:29	账号25角色1 每日任务换角色出错
20:30	账号25角色1 每日任务换角色出错
20:32	账号25角色1 每日任务换角色出错
20:33	账号25角色1 每日任务换角色出错
20:35	账号25角色1 每日任务换角色出错
20:36	账号25角色1 每日任务换角色出错
20:38	账号25角色1 每日任务换角色出错
20:39	账号25角色1 每日任务换角色出错
20:41	账号25角色1 每日任务换角色出错
20:43	账号25角色1 每日任务换角色出错
20:44	账号25角色1 每日任务换角色出错
20:46	账号25角色1 每日任务换角色出错
20:47	账号25角色1 每日任务换角色出错
20:47	账号25 东北3区每日任务完成
20:49	重新开始登陆
20:53	账号25 东北3区每日任务开始时间： 20:53
20:56	重新开始登陆
21:04	重新开始登陆
21:14	重新开始登陆
21:20	金币取仓失败
21:20	账号25 东北3区每日任务开始时间： 21:20
21:20	账号25 东北3区每日任务结束时间： 21:20
21:20	东北3区-角色1	开始
21:20	打开物品栏并整理失败-变换前失败
21:21	上架出错，下一个角色
21:23	账号25角色2 换角色出错
21:23	重新开始登陆
21:31	重新开始登陆
21:41	重新开始登陆
21:48	账号25 东北3区每日任务开始时间： 21:48
21:48	账号25 东北3区每日任务结束时间： 21:48
21:48	东北3区-角色2	开始
21:50	上架出错，下一个角色
21:53	账号25角色3 换角色出错
21:53	重新开始登陆
21:58	账号25 东北3区每日任务开始时间： 21:58
21:58	账号25 东北3区每日任务结束时间： 21:58
21:58	东北3区-角色3	开始
21:59	上架出错，下一个角色
22:03	账号25角色4 换角色出错
22:03	重新开始登陆
22:12	重新开始登陆
22:21	重新开始登陆
22:32	重新开始登陆
22:40	重新开始登陆
22:50	重新开始登陆
22:57	账号25 东北3区每日任务开始时间： 22:57
22:57	账号25 东北3区每日任务结束时间： 22:57
22:57	东北3区-角色1	开始
22:59	上架出错，下一个角色
23:02	账号25角色2 换角色出错
23:02	重新开始登陆
23:07	账号25 东北3区每日任务开始时间： 23:07
23:07	账号25 东北3区每日任务结束时间： 23:07
23:07	东北3区-角色2	开始
23:09	上架出错，下一个角色
23:14	账号25角色3 换角色出错
23:14	重新开始登陆
23:18	账号25 东北3区每日任务开始时间： 23:18
23:18	账号25 东北3区每日任务结束时间： 23:18
23:18	东北3区-角色3	开始
23:20	上架出错，下一个角色
23:23	账号25角色4 换角色出错
23:23	重新开始登陆
23:28	账号25 东北3区每日任务开始时间： 23:28
23:28	账号25 东北3区每日任务结束时间： 23:28
23:28	东北3区-角色4	开始
23:29	上架出错，下一个角色
23:33	账号25角色5 换角色出错
23:33	重新开始登陆
23:41	重新开始登陆
23:46	金币取仓失败
23:46	账号25 东北3区每日任务开始时间： 23:46
23:46	账号25 东北3区每日任务结束时间： 23:46
23:46	东北3区-角色5	开始
23:46	打开物品栏并整理失败-变换前失败
23:47	上架出错，下一个角色
23:48	重新开始登陆
23:53	账号26 四川2区每日任务开始时间： 23:53
23:56	账号26角色1 每日任务换角色出错
23:56	重新开始登陆
