04:22	113200	密制蚕纱护肩	智力+18	
04:23	127800	密制蚕纱短靴	智力+20	
04:23	110800	密制提花护肩	智力+17	
04:24	110000	密制提花长裤	智力+16	
04:24	245200	密制锦丝短靴	智力+29	
04:24	127800	密制锦丝短靴	智力+20	
04:25	110800	密制蚕纱短靴	智力+17	
04:25	225200	密制锦丝长裤	智力+28	
04:26	118200	密制提花护肩	智力+18	
04:26	110800	密制提花护肩	智力+17	
04:27	135000	密制锦丝腰带	智力+21	
04:27	113200	密制提花护肩	智力+18	
04:27	122200	密制蚕纱短靴	智力+19	
04:28	245200	密制蚕纱短靴	智力+29	
04:28	122200	密制锦丝短靴	智力+19	
04:29	149200	密制提花护肩	智力+23	
04:29	118200	密制提花护肩	智力+18	
04:30	300000	密制提花护肩	智力+16	魔法暴击率+2.7	
04:30	118200	密制提花护肩	智力+18	
04:30	113200	密制提花护肩	智力+18	
04:43	117200	密制蚕纱护腿	智力+19	
04:43	113200	密制蚕纱护腿	智力+18	
