04:33	19589	密制薄纱长袍	
04:33	19590	密制薄纱长袍	
04:34	22222	密制天鹅绒短裤	
04:46	25368	密制天鹅绒短裤	
04:46	25370	密制天鹅绒短裤	
04:52	20000	密制增益石	
05:03	93336	密制增益石	力量+18	
05:05	67000	密制檀木名牌	物理暴击率+2	
05:09	19587	密制薄纱长袍	
05:09	19587	密制薄纱长袍	
05:10	25371	密制天鹅绒短裤	
05:30	25372	密制天鹅绒短裤	
05:30	29813	密制天鹅绒短裤	
05:46	19587	密制薄纱长袍	
05:46	19588	密制薄纱长袍	
05:54	24999	密制血玉石项坠	暗属性抗性+5	
06:22	19589	密制薄纱长袍	
06:22	19590	密制薄纱长袍	
07:10	19589	密制薄纱长袍	
07:11	19590	密制薄纱长袍	
07:59	19589	密制薄纱长袍	
07:59	19590	密制薄纱长袍	
08:47	19588	密制薄纱长袍	
08:47	19588	密制薄纱长袍	
09:35	19585	密制薄纱长袍	
09:35	19585	密制薄纱长袍	
10:23	19584	密制薄纱长袍	
10:23	19584	密制薄纱长袍	
