04:20	122200	密制提花护肩	智力+19	
04:21	115800	密制提花护肩	智力+17	
04:21	110800	密制蚕纱短靴	智力+17	
04:22	110800	密制蚕纱短靴	智力+17	
04:22	110000	密制蚕纱腰带	智力+16	
04:23	118200	密制提花护肩	智力+18	
04:23	211800	密制提花护肩	智力+27	
04:23	110800	密制提花长袍	智力+17	
04:24	110800	密制勒格恩腿甲	智力+17	
04:24	135000	密制勒格恩腿甲	智力+21	
04:24	118200	密制提花护肩	智力+18	
04:34	115000	密制日光石手镯	智力+13	
04:34	115000	密制豹皮短靴	力量+16	
04:35	110800	密制纤尘胸甲	力量+17	
04:35	110800	密制神木护腿	力量+17	
04:35	122800	密制神木护腿	力量+20	
04:36	115800	密制神思者护肩	力量+17	
04:36	225200	密制神木腰带	力量+28	
04:37	338400	密制神木护腿	力量+15	物理暴击率+3.1	
04:37	206800	密制神木护腿	力量+27	
04:37	113200	密制神木护腿	力量+18	
04:38	110800	密制神思者护肩	力量+17	
04:38	115800	密制神思者护肩	力量+17	
05:00	115000	密制伊利石手镯	力量+13	
05:01	110800	密制伊利石手镯	力量+14	
05:01	127800	密制雪纺缎带	力量+17	
