02:07	20310	密制守护石	
02:07	20313	密制守护石	
02:08	35000	密制日光石手镯	智力+13	
02:08	50000	密制伊利石戒指	移动速度+2	
02:08	50000	密制伊利石戒指	智力+23	所有异常状态抗性+6	
02:18	41111	密制青空之蓝手套	物理暴击率+2	
02:18	80000	密制青空之蓝手套	智力+24	
02:18	22110	密制日光石手镯	
02:27	73833	密制黄玉手镯	移动速度+1.2	
02:32	22999	密制提花长裤	
02:35	9429	密制年轮石	
02:35	11111	密制年轮石	
02:36	22211	密制雪纺缎带	HP最大值+219	
02:36	22222	密制雪纺缎带	
02:36	100000	密制伊利石手镯	施放速度+2.4	精神+11	
03:01	27777	密制提花短靴	
03:02	32000	密制没落贵族臂章	物理暴击率+2.4	
03:02	71111	密制没落贵族臂章	魔法暴击率+2.3	
03:06	22222	密制芭芭拉手套	
03:06	28440	密制芭芭拉手套	力量+12	
03:31	25000	密制提花腰带	
03:32	10000	密制龙魂石	体力+13	
03:32	10000	密制龙魂石	MP最大值+155	
03:36	24029	密制日光石项坠	
03:36	26319	密制日光石项坠	所有异常状态抗性+4	
03:36	8888	密制黑云母	
03:36	9800	密制万伤石	
03:37	10000	密制万伤石	
06:46	67638	密制守护石	魔法暴击率+2.8	
06:46	111111	密制守护石	智力+23	
06:47	266666	密制青空之蓝手套	力量+32	
06:47	22110	密制日光石手镯	
06:48	50000	密制日光石手镯	移动速度+1.7	
06:48	22222	密制伊利石戒指	
07:15	35000	密制提花长裤	
07:19	30000	密制年轮石	
07:20	22222	密制雪纺缎带	
07:20	25000	密制雪纺缎带	魔法暴击率+2.6	
07:20	9999	密制伊利石手镯	
07:50	30261	密制紫罗兰戒指	
07:52	30000	密制芭芭拉手套	魔法暴击率+1.8	
07:52	30000	密制芭芭拉手套	物理暴击率+1.8	
08:20	10000	密制龙魂石	体力+18	
08:20	11940	密制龙魂石	物理暴击率+1.6	
08:24	10000	密制黑云母	
08:25	20309	密制万伤石	
08:25	30309	密制万伤石	
