00:27	39800	密制没落贵族臂章	物理暴击率+2.1	
00:30	30000	密制芭芭拉手套	体力+12	
00:30	58888	密制芭芭拉手套	物理暴击率+1.9	
00:31	18999	密制天鹅绒衬衫	
00:31	19754	密制天鹅绒衬衫	
00:48	6440	密制天鹅绒护肩	
00:48	6492	密制天鹅绒护肩	
00:49	30000	密制紫榆护肩	
00:49	30000	密制紫榆护肩	
00:49	28686	密制合金护肩	
00:52	50000	密制龙魂石	力量+13	
00:52	58888	密制龙魂石	智力+17	
00:54	9657	密制日光石项坠	
00:55	8457	密制黑云母	
00:55	32222	密制万伤石	智力+14	命中率+1.9	
00:55	36293	密制万伤石	力量+14	
04:00	8858	密制薄纱长袍	
04:00	8859	密制薄纱长袍	
04:01	11186	密制天鹅绒短裤	
04:02	11186	密制天鹅绒短裤	
04:09	7459	密制天鹅绒短靴	
04:09	7459	密制天鹅绒短靴	
04:10	29569	密制豹皮短靴	
04:13	33000	密制锦丝腰带	
04:16	45555	密制伊利石戒指	智力+14	
04:17	55555	密制伊利石戒指	智力+15	
04:54	19754	密制天鹅绒衬衫	
04:54	19755	密制天鹅绒衬衫	
04:58	22266	密制没落贵族臂章	
05:02	75555	密制芭芭拉手套	力量+15	
05:19	11157	密制薄纱腰带	
05:19	11158	密制薄纱腰带	
05:20	6492	密制天鹅绒护肩	
05:20	6545	密制天鹅绒护肩	
05:26	8457	密制黑云母	
05:27	88888	密制万伤石	力量+28	
