10:34	重新开始登陆
10:36	重新开始登陆
10:47	重新开始登陆
10:51	登录失败
10:51	重新开始登陆
10:57	登录失败
10:57	重新开始登陆
11:11	账号58 湖南2区每日任务开始时间： 11:11
11:18	账号58 湖南2区每日任务完成
11:19	账号58 湖南2区每日任务结束时间： 11:19
11:19	湖南2区-角色1	开始
11:29	！！！大区58 湖南2区角色1开始扫拍
11:29	扫拍价格: 60000自己上架价格: 0
11:30	扫拍价格: 60000自己上架价格: 0
11:30	扫拍价格: 50000自己上架价格: 0
11:30	扫拍价格: 77777自己上架价格: 0
11:30	扫拍价格: 77777自己上架价格: 0
11:30	扫拍价格: 110462自己上架价格: 0
11:31	扫拍价格: 36932自己上架价格: 0
11:31	扫拍价格: 50000自己上架价格: 0
11:33	扫拍价格: 74665自己上架价格: 0
11:36	！！！大区58 湖南2区角色1结束扫拍
11:36	！！！大区58 湖南2区角色1开始变换
11:43	！！大区58 湖南2区角色1结束变换
11:47	账号58 湖南2区每日任务完成
11:48	账号58 湖南2区每日任务结束时间： 11:48
11:48	湖南2区-角色1	开始
11:56	！！！大区58 湖南2区角色1开始扫拍
11:56	！！！大区58 湖南2区角色1结束扫拍
11:56	！！！大区58 湖南2区角色1开始变换
12:01	！！大区58 湖南2区角色1结束变换
12:05	账号58 湖南2区每日任务完成
12:06	重新开始登陆
12:12	账号58 湖南2区每日任务开始时间： 12:12
12:16	账号58 湖南2区每日任务完成
12:16	账号58 湖南2区每日任务结束时间： 12:16
12:16	湖南2区-角色1	开始
12:20	！！！大区58 湖南2区角色1开始扫拍
12:20	！！！大区58 湖南2区角色1结束扫拍
12:20	！！！大区58 湖南2区角色1开始变换
12:22	！！大区58 湖南2区角色1结束变换
12:26	账号58 湖南2区每日任务完成
12:26	账号58 湖南2区每日任务结束时间： 12:26
12:26	湖南2区-角色1	开始
12:30	！！！大区58 湖南2区角色1开始扫拍
12:30	！！！大区58 湖南2区角色1结束扫拍
12:30	！！！大区58 湖南2区角色1开始变换
12:32	！！大区58 湖南2区角色1结束变换
12:36	账号58 湖南2区每日任务完成
12:37	账号58 湖南2区每日任务结束时间： 12:37
12:37	湖南2区-角色1	开始
12:40	！！！大区58 湖南2区角色1开始扫拍
12:40	！！！大区58 湖南2区角色1结束扫拍
12:40	！！！大区58 湖南2区角色1开始变换
12:42	！！大区58 湖南2区角色1结束变换
12:46	重新开始登陆
12:47	重新开始登陆
12:57	重新开始登陆
13:04	账号58 湖南2区每日任务开始时间： 13:04
13:04	账号58 湖南2区每日任务结束时间： 13:04
13:04	湖南2区-角色1	开始
13:07	！！！大区58 湖南2区角色1开始扫拍
13:07	！！！大区58 湖南2区角色1结束扫拍
13:07	！！！大区58 湖南2区角色1开始变换
13:09	！！大区58 湖南2区角色1结束变换
13:09	账号58 湖南2区每日任务结束时间： 13:09
13:09	湖南2区-角色1	开始
13:11	账号58 湖南2区每日任务结束时间： 13:11
13:11	湖南2区-角色2	开始
