04:05	110800	密制貂皮长袍	力量+17	
04:06	113200	密制漆皮长袍	力量+18	HP最大值+109	
04:06	110800	密制漆皮长袍	力量+17	
04:07	113200	密制漆皮长袍	力量+18	
04:07	115800	密制漆皮护腿	力量+17	
04:08	115800	密制漆皮长袍	力量+17	
04:08	283600	密制貂皮护肩	力量+14	物理暴击率+2.6	
04:08	154200	密制貂皮护肩	力量+23	
04:09	295000	密制貂皮护肩	力量+31	
04:09	113200	密制漆皮长袍	力量+18	
04:10	225200	密制蟒皮长袍	力量+28	
04:10	113200	密制蟒皮护腿	力量+18	
04:10	115800	密制漆皮长袍	力量+17	
04:11	115800	密制漆皮长袍	力量+17	
04:11	138800	密制漆皮长袍	力量+22	
04:12	266800	密制貂皮绑腿	力量+30	
04:12	110800	密制漆皮护腿	力量+17	
04:12	110000	密制漆皮长袍	力量+16	
04:13	113200	密制漆皮长袍	力量+18	
04:13	245200	密制貂皮长袍	力量+29	
04:14	113200	密制貂皮长袍	力量+18	
04:14	118200	密制貂皮绑腿	力量+18	
04:14	122200	密制貂皮护肩	力量+19	
04:15	179800	密制貂皮绑腿	力量+25	
04:15	117200	密制貂皮绑腿	力量+19	
04:16	117200	密制漆皮护肩	力量+19	
04:16	127800	密制漆皮护肩	力量+20	智力+17	
04:16	118200	密制蟒皮护腿	力量+18	
04:17	115800	密制蟒皮腰带	力量+17	
04:17	295000	密制蟒皮长袍	力量+16	物理暴击率+2.6	
04:18	154200	密制貂皮护肩	力量+23	
