10:48	重新开始登陆
10:50	重新开始登陆
10:57	选频道出错
10:57	重新开始登陆
11:05	账号49 湖北2区每日任务开始时间： 11:05
11:10	账号49 湖北2区每日任务完成
11:10	账号49 湖北2区每日任务结束时间： 11:10
11:10	湖北2区-角色1	开始
11:12	超过上架上限
11:13	账号49 湖北2区每日任务结束时间： 11:13
11:14	湖北2区-角色2	开始
11:16	！！！大区49 湖北2区角色2开始扫拍
11:17	扫拍价格: 109450自己上架价格: 0
11:17	扫拍价格: 110000自己上架价格: 0
11:17	扫拍价格: 120000自己上架价格: 0
11:17	扫拍价格: 135000自己上架价格: 0
11:17	扫拍价格: 145754自己上架价格: 0
11:17	扫拍价格: 152842自己上架价格: 0
11:17	扫拍价格: 152842自己上架价格: 0
11:17	扫拍价格: 152842自己上架价格: 0
11:17	扫拍价格: 152842自己上架价格: 0
11:19	扫拍价格: 91495自己上架价格: 0
11:19	扫拍价格: 91495自己上架价格: 0
11:19	扫拍价格: 200000自己上架价格: 0
11:19	扫拍价格: 44444自己上架价格: 0
11:19	扫拍价格: 50000自己上架价格: 0
11:19	扫拍价格: 93025自己上架价格: 0
11:19	扫拍价格: 126633自己上架价格: 0
11:25	扫拍价格: 109450自己上架价格: 0
11:25	扫拍价格: 110000自己上架价格: 0
11:25	扫拍价格: 120000自己上架价格: 0
11:25	扫拍价格: 135000自己上架价格: 0
11:25	扫拍价格: 145754自己上架价格: 0
11:26	扫拍价格: 152842自己上架价格: 0
11:26	扫拍价格: 152842自己上架价格: 0
11:26	扫拍价格: 152842自己上架价格: 0
11:26	扫拍价格: 152842自己上架价格: 0
11:26	扫拍价格: 56666自己上架价格: 0
11:26	扫拍价格: 69628自己上架价格: 0
11:26	扫拍价格: 41297自己上架价格: 0
11:26	扫拍价格: 55555自己上架价格: 0
11:26	扫拍价格: 49998自己上架价格: 0
11:26	扫拍价格: 62500自己上架价格: 0
11:26	扫拍价格: 44444自己上架价格: 0
11:26	扫拍价格: 71540自己上架价格: 0
11:26	扫拍价格: 71540自己上架价格: 0
11:26	扫拍价格: 88888自己上架价格: 0
11:27	扫拍价格: 88888自己上架价格: 0
11:27	扫拍价格: 146548自己上架价格: 0
11:27	扫拍价格: 146548自己上架价格: 0
11:27	扫拍价格: 146548自己上架价格: 0
11:27	扫拍价格: 146548自己上架价格: 0
11:27	扫拍价格: 146548自己上架价格: 0
11:27	扫拍价格: 97932自己上架价格: 0
11:27	扫拍价格: 60400自己上架价格: 0
11:27	扫拍价格: 50905自己上架价格: 0
11:27	扫拍价格: 91495自己上架价格: 0
11:27	扫拍价格: 91495自己上架价格: 0
11:27	扫拍价格: 200000自己上架价格: 0
11:27	扫拍价格: 44444自己上架价格: 0
11:27	扫拍价格: 50000自己上架价格: 0
11:27	扫拍价格: 93025自己上架价格: 0
11:27	扫拍价格: 126633自己上架价格: 0
11:32	！！！大区49 湖北2区角色2结束扫拍
11:32	！！！大区49 湖北2区角色2开始变换
12:02	！！大区49 湖北2区角色2结束变换
12:02	账号49 湖北2区每日任务结束时间： 12:02
12:03	湖北2区-角色2	开始
12:15	账号49 湖北2区每日任务结束时间： 12:15
12:15	湖北2区-角色3	开始
12:18	！！！大区49 湖北2区角色3开始扫拍
12:20	扫拍价格: 100324自己上架价格: 0
12:21	扫拍价格: 100000自己上架价格: 0
12:21	扫拍价格: 138735自己上架价格: 0
12:21	扫拍价格: 138735自己上架价格: 0
12:21	扫拍价格: 138735自己上架价格: 0
12:21	扫拍价格: 138735自己上架价格: 0
12:21	扫拍价格: 77153自己上架价格: 0
12:21	扫拍价格: 51256自己上架价格: 0
12:21	扫拍价格: 55555自己上架价格: 0
12:21	扫拍价格: 99799自己上架价格: 0
12:21	扫拍价格: 70582自己上架价格: 0
12:21	扫拍价格: 100000自己上架价格: 0
12:21	扫拍价格: 138735自己上架价格: 0
12:21	扫拍价格: 138735自己上架价格: 0
12:21	扫拍价格: 138735自己上架价格: 0
12:21	扫拍价格: 138735自己上架价格: 0
12:21	扫拍价格: 77153自己上架价格: 0
12:21	扫拍价格: 51256自己上架价格: 0
12:21	扫拍价格: 55555自己上架价格: 0
12:21	扫拍价格: 99799自己上架价格: 0
12:21	扫拍价格: 70582自己上架价格: 0
12:21	扫拍价格: 100000自己上架价格: 0
12:21	扫拍价格: 138735自己上架价格: 0
12:21	扫拍价格: 138735自己上架价格: 0
12:22	扫拍价格: 138735自己上架价格: 0
12:22	扫拍价格: 138735自己上架价格: 0
12:22	扫拍价格: 77153自己上架价格: 0
12:22	扫拍价格: 51256自己上架价格: 0
12:22	扫拍价格: 55555自己上架价格: 0
12:22	扫拍价格: 99799自己上架价格: 0
12:22	扫拍价格: 70582自己上架价格: 0
12:22	扫拍价格: 66376自己上架价格: 0
12:22	扫拍价格: 94780自己上架价格: 0
12:22	扫拍价格: 94780自己上架价格: 0
12:22	扫拍价格: 94780自己上架价格: 0
12:22	扫拍价格: 114379自己上架价格: 0
12:22	扫拍价格: 114379自己上架价格: 0
12:22	扫拍价格: 66376自己上架价格: 0
12:22	扫拍价格: 40000自己上架价格: 0
12:22	扫拍价格: 69999自己上架价格: 0
12:22	扫拍价格: 70000自己上架价格: 0
12:22	扫拍价格: 139634自己上架价格: 0
12:22	扫拍价格: 58422自己上架价格: 0
12:23	扫拍价格: 58422自己上架价格: 0
12:29	扫拍价格: 100324自己上架价格: 0
12:29	扫拍价格: 47911自己上架价格: 0
12:30	扫拍价格: 100000自己上架价格: 0
12:30	扫拍价格: 138735自己上架价格: 0
12:30	扫拍价格: 138735自己上架价格: 0
12:30	扫拍价格: 138735自己上架价格: 0
12:30	扫拍价格: 138735自己上架价格: 0
12:30	扫拍价格: 77153自己上架价格: 0
12:30	扫拍价格: 51256自己上架价格: 0
12:30	扫拍价格: 55555自己上架价格: 0
12:30	扫拍价格: 99799自己上架价格: 0
12:30	扫拍价格: 70582自己上架价格: 0
12:30	扫拍价格: 100000自己上架价格: 0
12:30	扫拍价格: 138735自己上架价格: 0
12:30	扫拍价格: 138735自己上架价格: 0
12:30	扫拍价格: 138735自己上架价格: 0
12:30	扫拍价格: 138735自己上架价格: 0
12:30	扫拍价格: 77153自己上架价格: 0
12:30	扫拍价格: 51256自己上架价格: 0
12:30	扫拍价格: 55555自己上架价格: 0
12:30	扫拍价格: 99799自己上架价格: 0
12:30	扫拍价格: 70582自己上架价格: 0
12:31	扫拍价格: 100000自己上架价格: 0
12:31	扫拍价格: 138735自己上架价格: 0
12:31	扫拍价格: 138735自己上架价格: 0
12:31	扫拍价格: 138735自己上架价格: 0
12:31	扫拍价格: 138735自己上架价格: 0
12:31	扫拍价格: 77153自己上架价格: 0
12:31	扫拍价格: 51256自己上架价格: 0
12:31	扫拍价格: 55555自己上架价格: 0
12:31	扫拍价格: 99799自己上架价格: 0
12:31	扫拍价格: 70582自己上架价格: 0
12:31	扫拍价格: 66376自己上架价格: 0
12:31	扫拍价格: 94780自己上架价格: 0
12:31	扫拍价格: 94780自己上架价格: 0
12:31	扫拍价格: 94780自己上架价格: 0
12:31	扫拍价格: 114379自己上架价格: 0
12:31	扫拍价格: 114379自己上架价格: 0
12:31	扫拍价格: 66376自己上架价格: 0
12:32	扫拍价格: 40000自己上架价格: 0
12:32	扫拍价格: 69999自己上架价格: 0
12:32	扫拍价格: 70000自己上架价格: 0
12:32	扫拍价格: 139634自己上架价格: 0
12:32	扫拍价格: 58422自己上架价格: 0
12:32	扫拍价格: 58422自己上架价格: 0
12:33	扫拍价格: 39529自己上架价格: 0
12:33	扫拍价格: 61111自己上架价格: 0
12:33	扫拍价格: 70000自己上架价格: 0
12:33	扫拍价格: 79529自己上架价格: 0
12:33	扫拍价格: 79529自己上架价格: 0
12:33	扫拍价格: 79529自己上架价格: 0
12:33	扫拍价格: 79529自己上架价格: 0
12:44	重新开始登陆
12:52	账号49 湖北2区每日任务开始时间： 12:52
12:53	！！！大区49 湖北2区角色3开始扫拍
12:54	扫拍价格: 148899自己上架价格: 0
12:54	扫拍价格: 159525自己上架价格: 0
12:54	扫拍价格: 38999自己上架价格: 0
12:54	扫拍价格: 38999自己上架价格: 0
12:55	扫拍价格: 56453自己上架价格: 0
12:55	扫拍价格: 81269自己上架价格: 0
12:55	扫拍价格: 67112自己上架价格: 0
12:55	扫拍价格: 67112自己上架价格: 0
12:55	扫拍价格: 79201自己上架价格: 0
12:55	扫拍价格: 85909自己上架价格: 0
12:56	扫拍价格: 93025自己上架价格: 0
12:56	扫拍价格: 126633自己上架价格: 0
12:57	扫拍价格: 34123自己上架价格: 0
12:57	扫拍价格: 50000自己上架价格: 0
12:57	扫拍价格: 60000自己上架价格: 0
12:57	扫拍价格: 66666自己上架价格: 0
12:57	扫拍价格: 74123自己上架价格: 0
12:57	扫拍价格: 104100自己上架价格: 0
12:57	扫拍价格: 104123自己上架价格: 0
12:57	扫拍价格: 104123自己上架价格: 0
12:57	扫拍价格: 104123自己上架价格: 0
12:57	扫拍价格: 104123自己上架价格: 0
12:58	扫拍价格: 95000自己上架价格: 0
12:58	扫拍价格: 98580自己上架价格: 0
12:58	扫拍价格: 98580自己上架价格: 0
12:58	扫拍价格: 98580自己上架价格: 0
13:00	扫拍价格: 54321自己上架价格: 0
13:00	扫拍价格: 55555自己上架价格: 0
13:00	扫拍价格: 99999自己上架价格: 130000
13:00	扫拍价格: 99999自己上架价格: 0
13:00	扫拍价格: 186631自己上架价格: 115000
13:00	扫拍价格: 231203自己上架价格: 0
13:01	扫拍价格: 38888自己上架价格: 0
13:01	扫拍价格: 48000自己上架价格: 0
13:01	扫拍价格: 51111自己上架价格: 0
13:01	扫拍价格: 55555自己上架价格: 0
13:01	扫拍价格: 66666自己上架价格: 0
13:01	扫拍价格: 66666自己上架价格: 0
13:01	扫拍价格: 88888自己上架价格: 110000
13:02	扫拍价格: 104316自己上架价格: 0
13:02	扫拍价格: 104316自己上架价格: 0
13:02	扫拍价格: 104316自己上架价格: 0
13:02	扫拍价格: 104316自己上架价格: 0
13:02	扫拍价格: 111111自己上架价格: 0
13:02	扫拍价格: 122222自己上架价格: 110512
13:02	扫拍价格: 138447自己上架价格: 118200
13:02	扫拍价格: 158447自己上架价格: 115800
13:02	！！！大区49 湖北2区角色3结束扫拍
13:02	！！！大区49 湖北2区角色3开始变换
13:06	！！大区49 湖北2区角色3结束变换
13:06	账号49 湖北2区每日任务结束时间： 13:06
13:06	湖北2区-角色3	开始
13:09	！！！大区49 湖北2区角色3开始扫拍
13:10	扫拍价格: 148899自己上架价格: 0
13:10	扫拍价格: 159525自己上架价格: 0
13:11	扫拍价格: 38999自己上架价格: 0
13:11	扫拍价格: 38999自己上架价格: 0
13:11	扫拍价格: 56453自己上架价格: 0
13:11	扫拍价格: 81269自己上架价格: 0
13:11	扫拍价格: 561109自己上架价格: 0
13:12	扫拍价格: 67112自己上架价格: 0
13:12	扫拍价格: 67112自己上架价格: 0
13:12	扫拍价格: 79201自己上架价格: 0
13:12	扫拍价格: 85909自己上架价格: 0
13:12	扫拍价格: 93025自己上架价格: 0
13:12	扫拍价格: 126633自己上架价格: 0
13:13	扫拍价格: 34123自己上架价格: 0
13:13	扫拍价格: 50000自己上架价格: 0
13:13	扫拍价格: 60000自己上架价格: 0
13:13	扫拍价格: 66666自己上架价格: 0
13:13	扫拍价格: 74123自己上架价格: 0
13:14	扫拍价格: 104100自己上架价格: 0
13:14	扫拍价格: 104123自己上架价格: 0
13:14	扫拍价格: 104123自己上架价格: 0
13:14	扫拍价格: 104123自己上架价格: 0
13:14	扫拍价格: 104123自己上架价格: 0
13:15	扫拍价格: 95000自己上架价格: 0
13:15	扫拍价格: 98580自己上架价格: 0
13:15	扫拍价格: 98580自己上架价格: 0
13:15	扫拍价格: 98580自己上架价格: 0
13:15	扫拍价格: 98580自己上架价格: 0
13:15	扫拍价格: 129732自己上架价格: 115000
13:17	扫拍价格: 54321自己上架价格: 0
13:17	扫拍价格: 55555自己上架价格: 0
13:17	扫拍价格: 99999自己上架价格: 130000
13:17	扫拍价格: 99999自己上架价格: 0
13:17	扫拍价格: 186631自己上架价格: 115000
13:17	扫拍价格: 231203自己上架价格: 0
13:18	扫拍价格: 34256自己上架价格: 0
13:18	扫拍价格: 116811自己上架价格: 110032
13:18	扫拍价格: 228308自己上架价格: 0
13:18	扫拍价格: 228308自己上架价格: 0
13:19	扫拍价格: 38888自己上架价格: 0
13:19	扫拍价格: 48000自己上架价格: 0
13:19	扫拍价格: 51111自己上架价格: 0
13:19	扫拍价格: 55555自己上架价格: 0
13:19	扫拍价格: 66666自己上架价格: 0
13:19	扫拍价格: 66666自己上架价格: 0
13:19	扫拍价格: 80000自己上架价格: 0
13:19	扫拍价格: 88888自己上架价格: 110000
13:20	扫拍价格: 104316自己上架价格: 0
13:20	扫拍价格: 104316自己上架价格: 0
13:20	扫拍价格: 104316自己上架价格: 0
13:20	扫拍价格: 104316自己上架价格: 0
13:20	扫拍价格: 111111自己上架价格: 0
13:20	扫拍价格: 122222自己上架价格: 110512
13:20	扫拍价格: 138447自己上架价格: 118200
13:21	扫拍价格: 148899自己上架价格: 0
13:21	扫拍价格: 159525自己上架价格: 0
13:22	扫拍价格: 38999自己上架价格: 0
13:22	扫拍价格: 38999自己上架价格: 0
13:22	扫拍价格: 56453自己上架价格: 0
13:22	扫拍价格: 81269自己上架价格: 0
13:22	扫拍价格: 561109自己上架价格: 0
13:23	扫拍价格: 67112自己上架价格: 0
13:23	扫拍价格: 67112自己上架价格: 0
13:23	扫拍价格: 79201自己上架价格: 0
13:23	扫拍价格: 85909自己上架价格: 0
13:23	扫拍价格: 93025自己上架价格: 0
13:23	扫拍价格: 126633自己上架价格: 0
13:24	扫拍价格: 34123自己上架价格: 0
13:24	扫拍价格: 50000自己上架价格: 0
13:24	扫拍价格: 60000自己上架价格: 0
13:24	扫拍价格: 66666自己上架价格: 0
13:24	扫拍价格: 74123自己上架价格: 0
13:25	扫拍价格: 104100自己上架价格: 0
13:25	扫拍价格: 104123自己上架价格: 0
13:25	扫拍价格: 104123自己上架价格: 0
13:25	扫拍价格: 104123自己上架价格: 0
13:25	扫拍价格: 104123自己上架价格: 0
13:26	扫拍价格: 95000自己上架价格: 0
13:26	扫拍价格: 98580自己上架价格: 0
13:26	扫拍价格: 98580自己上架价格: 0
13:26	扫拍价格: 98580自己上架价格: 0
13:26	扫拍价格: 98580自己上架价格: 0
13:26	扫拍价格: 129732自己上架价格: 115000
13:28	扫拍价格: 54321自己上架价格: 0
13:28	扫拍价格: 55555自己上架价格: 0
13:28	扫拍价格: 99999自己上架价格: 130000
13:28	扫拍价格: 99999自己上架价格: 0
13:28	扫拍价格: 186631自己上架价格: 115000
13:28	扫拍价格: 231203自己上架价格: 0
13:29	扫拍价格: 34256自己上架价格: 0
13:29	扫拍价格: 116811自己上架价格: 110032
13:29	扫拍价格: 228308自己上架价格: 0
13:29	扫拍价格: 228308自己上架价格: 0
13:30	扫拍价格: 38888自己上架价格: 0
13:30	扫拍价格: 48000自己上架价格: 0
13:30	扫拍价格: 51111自己上架价格: 0
13:30	扫拍价格: 55555自己上架价格: 0
13:30	扫拍价格: 66666自己上架价格: 0
13:30	扫拍价格: 66666自己上架价格: 0
13:30	扫拍价格: 80000自己上架价格: 0
13:30	扫拍价格: 88888自己上架价格: 110000
13:30	扫拍价格: 104316自己上架价格: 0
13:30	扫拍价格: 104316自己上架价格: 0
13:30	扫拍价格: 104316自己上架价格: 0
13:31	扫拍价格: 104316自己上架价格: 0
13:31	扫拍价格: 111111自己上架价格: 0
13:31	扫拍价格: 122222自己上架价格: 110512
13:31	扫拍价格: 138447自己上架价格: 118200
13:31	！！！大区49 湖北2区角色3结束扫拍
13:31	！！！大区49 湖北2区角色3开始变换
13:34	！！大区49 湖北2区角色3结束变换
13:34	账号49 湖北2区每日任务结束时间： 13:34
13:34	湖北2区-角色3	开始
13:38	账号49 湖北2区每日任务结束时间： 13:38
13:38	湖北2区-角色4	开始
13:41	！！！大区49 湖北2区角色4开始扫拍
13:43	扫拍价格: 70000自己上架价格: 0
13:44	扫拍价格: 164277自己上架价格: 0
13:44	扫拍价格: 200000自己上架价格: 0
13:44	扫拍价格: 91495自己上架价格: 0
13:44	扫拍价格: 69999自己上架价格: 0
13:44	扫拍价格: 70000自己上架价格: 0
13:45	扫拍价格: 96774自己上架价格: 110512
13:45	扫拍价格: 97261自己上架价格: 0
13:45	扫拍价格: 97261自己上架价格: 0
13:45	扫拍价格: 97261自己上架价格: 0
13:45	扫拍价格: 97261自己上架价格: 0
13:46	扫拍价格: 61111自己上架价格: 0
13:46	扫拍价格: 70000自己上架价格: 0
13:46	扫拍价格: 79529自己上架价格: 0
13:46	扫拍价格: 79529自己上架价格: 0
13:47	扫拍价格: 52273自己上架价格: 0
13:47	扫拍价格: 65000自己上架价格: 0
13:47	扫拍价格: 80000自己上架价格: 115288
13:47	扫拍价格: 100000自己上架价格: 110000
13:47	扫拍价格: 100000自己上架价格: 0
13:47	扫拍价格: 114214自己上架价格: 110008
13:47	扫拍价格: 124664自己上架价格: 115000
13:47	扫拍价格: 155132自己上架价格: 0
13:47	扫拍价格: 155132自己上架价格: 0
13:47	扫拍价格: 155132自己上架价格: 0
13:49	扫拍价格: 51111自己上架价格: 0
13:50	扫拍价格: 117552自己上架价格: 0
13:50	扫拍价格: 117552自己上架价格: 0
13:50	扫拍价格: 117552自己上架价格: 0
13:50	扫拍价格: 120000自己上架价格: 0
13:50	扫拍价格: 166666自己上架价格: 115000
13:50	扫拍价格: 167093自己上架价格: 190000
13:50	扫拍价格: 200000自己上架价格: 0
13:50	扫拍价格: 222222自己上架价格: 110000
13:51	扫拍价格: 450000自己上架价格: 209856
13:51	扫拍价格: 1000000自己上架价格: 385000
13:53	扫拍价格: 70000自己上架价格: 0
13:53	扫拍价格: 164277自己上架价格: 0
13:53	扫拍价格: 200000自己上架价格: 0
13:54	扫拍价格: 91495自己上架价格: 0
13:54	扫拍价格: 70000自己上架价格: 0
13:55	扫拍价格: 96774自己上架价格: 110512
13:55	扫拍价格: 97261自己上架价格: 0
13:55	扫拍价格: 97261自己上架价格: 0
13:55	扫拍价格: 97261自己上架价格: 0
13:55	扫拍价格: 97261自己上架价格: 0
13:55	扫拍价格: 96774自己上架价格: 110512
13:55	扫拍价格: 97261自己上架价格: 0
13:55	扫拍价格: 97261自己上架价格: 0
13:55	扫拍价格: 97261自己上架价格: 0
13:55	扫拍价格: 97261自己上架价格: 0
13:56	扫拍价格: 96774自己上架价格: 110512
13:56	扫拍价格: 97261自己上架价格: 0
13:56	扫拍价格: 97261自己上架价格: 0
13:56	扫拍价格: 97261自己上架价格: 0
13:56	扫拍价格: 97261自己上架价格: 0
13:56	扫拍价格: 61111自己上架价格: 0
13:56	扫拍价格: 79529自己上架价格: 0
13:56	扫拍价格: 79529自己上架价格: 0
13:57	扫拍价格: 52273自己上架价格: 0
13:57	扫拍价格: 65000自己上架价格: 0
13:57	扫拍价格: 80000自己上架价格: 115288
13:57	扫拍价格: 100000自己上架价格: 110000
13:57	扫拍价格: 100000自己上架价格: 0
13:57	扫拍价格: 114214自己上架价格: 110008
13:57	扫拍价格: 124664自己上架价格: 115000
13:57	扫拍价格: 155132自己上架价格: 0
13:57	扫拍价格: 155132自己上架价格: 0
13:57	扫拍价格: 155132自己上架价格: 0
13:59	扫拍价格: 51111自己上架价格: 0
13:59	扫拍价格: 87111自己上架价格: 0
13:59	扫拍价格: 100000自己上架价格: 0
13:59	扫拍价格: 106250自己上架价格: 115288
13:59	扫拍价格: 130980自己上架价格: 0
13:59	扫拍价格: 130980自己上架价格: 0
13:59	扫拍价格: 130980自己上架价格: 0
14:00	扫拍价格: 300000自己上架价格: 0
14:00	扫拍价格: 117552自己上架价格: 0
14:01	扫拍价格: 117552自己上架价格: 0
14:01	扫拍价格: 117552自己上架价格: 0
14:01	扫拍价格: 117552自己上架价格: 0
14:01	扫拍价格: 120000自己上架价格: 0
14:01	扫拍价格: 166666自己上架价格: 115000
14:01	扫拍价格: 167093自己上架价格: 190000
14:01	扫拍价格: 200000自己上架价格: 0
14:01	扫拍价格: 222222自己上架价格: 110000
14:01	扫拍价格: 450000自己上架价格: 209856
14:01	扫拍价格: 1000000自己上架价格: 385000
14:01	！！！大区49 湖北2区角色4结束扫拍
14:01	！！！大区49 湖北2区角色4开始变换
14:05	！！大区49 湖北2区角色4结束变换
14:05	账号49 湖北2区每日任务结束时间： 14:05
14:05	湖北2区-角色4	开始
14:08	账号49 湖北2区每日任务结束时间： 14:08
14:08	湖北2区-角色5	开始
14:11	！！！大区49 湖北2区角色5开始扫拍
14:12	扫拍价格: 38888自己上架价格: 0
14:12	扫拍价格: 39999自己上架价格: 0
14:12	扫拍价格: 50000自己上架价格: 0
14:12	扫拍价格: 50000自己上架价格: 0
14:12	扫拍价格: 131249自己上架价格: 0
14:12	扫拍价格: 131249自己上架价格: 0
14:12	扫拍价格: 82593自己上架价格: 0
14:13	扫拍价格: 49549自己上架价格: 0
14:13	扫拍价格: 71540自己上架价格: 0
14:13	扫拍价格: 88888自己上架价格: 0
14:13	扫拍价格: 88888自己上架价格: 0
14:13	扫拍价格: 146548自己上架价格: 0
14:13	扫拍价格: 146548自己上架价格: 0
14:13	扫拍价格: 146548自己上架价格: 0
14:14	扫拍价格: 33333自己上架价格: 0
14:14	扫拍价格: 94780自己上架价格: 0
14:14	扫拍价格: 94780自己上架价格: 0
14:14	扫拍价格: 114379自己上架价格: 0
14:14	扫拍价格: 114379自己上架价格: 0
14:14	扫拍价格: 111110自己上架价格: 0
14:14	扫拍价格: 164666自己上架价格: 0
14:14	扫拍价格: 164942自己上架价格: 0
14:15	扫拍价格: 333333自己上架价格: 115000
14:16	扫拍价格: 74608自己上架价格: 0
14:16	扫拍价格: 88888自己上架价格: 0
14:16	扫拍价格: 455555自己上架价格: 0
14:16	扫拍价格: 60000自己上架价格: 0
14:17	扫拍价格: 69301自己上架价格: 0
14:17	扫拍价格: 101734自己上架价格: 0
14:17	扫拍价格: 121734自己上架价格: 0
14:17	扫拍价格: 121734自己上架价格: 0
14:17	扫拍价格: 121734自己上架价格: 0
14:17	扫拍价格: 121734自己上架价格: 0
14:20	扫拍价格: 38888自己上架价格: 0
14:20	扫拍价格: 39999自己上架价格: 0
14:20	扫拍价格: 50000自己上架价格: 0
14:20	扫拍价格: 50000自己上架价格: 0
14:20	扫拍价格: 131249自己上架价格: 0
14:21	扫拍价格: 131249自己上架价格: 0
14:21	扫拍价格: 82593自己上架价格: 0
14:21	扫拍价格: 49549自己上架价格: 0
14:22	扫拍价格: 71540自己上架价格: 0
14:22	扫拍价格: 88888自己上架价格: 0
14:22	扫拍价格: 88888自己上架价格: 0
14:22	扫拍价格: 146548自己上架价格: 0
14:22	扫拍价格: 146548自己上架价格: 0
14:22	扫拍价格: 146548自己上架价格: 0
14:22	扫拍价格: 33333自己上架价格: 0
14:22	扫拍价格: 94780自己上架价格: 0
14:22	扫拍价格: 94780自己上架价格: 0
14:22	扫拍价格: 114379自己上架价格: 0
14:22	扫拍价格: 114379自己上架价格: 0
14:23	扫拍价格: 111110自己上架价格: 0
14:23	扫拍价格: 164666自己上架价格: 0
14:23	扫拍价格: 164942自己上架价格: 0
14:24	扫拍价格: 333333自己上架价格: 115000
14:24	扫拍价格: 74608自己上架价格: 0
14:24	扫拍价格: 88888自己上架价格: 0
14:24	扫拍价格: 455555自己上架价格: 0
14:25	扫拍价格: 60000自己上架价格: 0
14:25	扫拍价格: 69301自己上架价格: 0
14:25	扫拍价格: 101734自己上架价格: 0
14:25	扫拍价格: 121734自己上架价格: 0
14:25	扫拍价格: 121734自己上架价格: 0
14:25	扫拍价格: 121734自己上架价格: 0
14:26	扫拍价格: 121734自己上架价格: 0
14:28	！！！大区49 湖北2区角色5结束扫拍
14:28	！！！大区49 湖北2区角色5开始变换
14:30	！！大区49 湖北2区角色5结束变换
14:30	账号49 湖北2区每日任务结束时间： 14:30
14:30	湖北2区-角色5	开始
14:33	账号49 湖北2区每日任务结束时间： 14:33
14:33	湖北2区-角色6	开始
14:36	！！！大区49 湖北2区角色6开始扫拍
14:47	！！！大区49 湖北2区角色6结束扫拍
14:47	！！！大区49 湖北2区角色6开始变换
14:49	！！大区49 湖北2区角色6结束变换
14:49	账号49 湖北2区每日任务结束时间： 14:49
14:49	湖北2区-角色6	开始
14:50	重新开始登陆
14:57	账号50 广东2区每日任务开始时间： 14:57
15:17	账号50 广东2区每日任务完成
15:18	账号50 广东2区每日任务结束时间： 15:18
15:18	广东2区-角色1	开始
15:20	超过上架上限
15:23	账号50 广东2区每日任务结束时间： 15:23
15:23	广东2区-角色2	开始
15:27	！！！大区50 广东2区角色2开始扫拍
15:29	扫拍价格: 79600自己上架价格: 0
15:30	扫拍价格: 113690自己上架价格: 0
15:32	扫拍价格: 140000自己上架价格: 0
15:32	扫拍价格: 171757自己上架价格: 0
15:33	扫拍价格: 90000自己上架价格: 0
15:33	扫拍价格: 90000自己上架价格: 110000
15:33	扫拍价格: 105000自己上架价格: 0
15:34	扫拍价格: 80000自己上架价格: 0
15:34	扫拍价格: 82221自己上架价格: 0
15:34	扫拍价格: 149403自己上架价格: 0
15:36	扫拍价格: 48759自己上架价格: 0
15:36	扫拍价格: 50000自己上架价格: 0
15:36	扫拍价格: 51111自己上架价格: 0
15:38	扫拍价格: 50000自己上架价格: 0
15:38	扫拍价格: 80000自己上架价格: 0
15:38	扫拍价格: 80000自己上架价格: 0
15:39	扫拍价格: 100000自己上架价格: 122200
15:39	扫拍价格: 106970自己上架价格: 110800
15:39	扫拍价格: 125847自己上架价格: 143800
15:39	扫拍价格: 130188自己上架价格: 0
15:39	扫拍价格: 139188自己上架价格: 0
15:40	扫拍价格: 141270自己上架价格: 110800
15:40	扫拍价格: 141270自己上架价格: 115000
15:40	扫拍价格: 150188自己上架价格: 0
15:40	扫拍价格: 160000自己上架价格: 117200
15:40	扫拍价格: 200000自己上架价格: 211800
15:40	扫拍价格: 80000自己上架价格: 0
15:40	扫拍价格: 82663自己上架价格: 115000
15:40	扫拍价格: 90000自己上架价格: 0
15:40	扫拍价格: 90000自己上架价格: 0
15:41	扫拍价格: 91189自己上架价格: 0
15:41	扫拍价格: 100000自己上架价格: 0
15:41	扫拍价格: 100000自己上架价格: 0
15:41	扫拍价格: 160000自己上架价格: 115000
15:41	扫拍价格: 172751自己上架价格: 110000
15:41	扫拍价格: 172751自己上架价格: 115800
15:41	扫拍价格: 191189自己上架价格: 0
15:41	扫拍价格: 191189自己上架价格: 0
15:42	扫拍价格: 74208自己上架价格: 0
15:43	扫拍价格: 95139自己上架价格: 115000
15:43	扫拍价格: 122082自己上架价格: 0
15:43	扫拍价格: 161111自己上架价格: 115000
15:43	扫拍价格: 182082自己上架价格: 0
15:43	扫拍价格: 240000自己上架价格: 0
15:43	扫拍价格: 241111自己上架价格: 0
15:43	扫拍价格: 242082自己上架价格: 0
15:43	扫拍价格: 242082自己上架价格: 0
15:43	扫拍价格: 242082自己上架价格: 0
15:43	扫拍价格: 242082自己上架价格: 0
15:45	扫拍价格: 79600自己上架价格: 0
15:47	扫拍价格: 113690自己上架价格: 0
15:49	扫拍价格: 140000自己上架价格: 0
15:49	扫拍价格: 171757自己上架价格: 0
15:49	扫拍价格: 90000自己上架价格: 0
15:50	扫拍价格: 90000自己上架价格: 110000
15:50	扫拍价格: 105000自己上架价格: 0
15:51	扫拍价格: 80000自己上架价格: 0
15:51	扫拍价格: 82221自己上架价格: 0
15:51	扫拍价格: 149403自己上架价格: 0
15:53	扫拍价格: 48759自己上架价格: 0
15:53	扫拍价格: 50000自己上架价格: 0
15:53	扫拍价格: 51111自己上架价格: 0
15:54	扫拍价格: 100000自己上架价格: 0
15:54	扫拍价格: 159319自己上架价格: 0
15:55	扫拍价格: 80000自己上架价格: 0
15:55	扫拍价格: 80000自己上架价格: 0
15:55	扫拍价格: 100000自己上架价格: 122200
15:56	扫拍价格: 106970自己上架价格: 110800
15:56	扫拍价格: 125847自己上架价格: 143800
15:56	扫拍价格: 130188自己上架价格: 0
15:56	扫拍价格: 139188自己上架价格: 0
15:56	扫拍价格: 141270自己上架价格: 110800
15:56	扫拍价格: 141270自己上架价格: 115000
15:56	扫拍价格: 150188自己上架价格: 0
15:56	扫拍价格: 160000自己上架价格: 117200
15:56	扫拍价格: 200000自己上架价格: 211800
15:56	扫拍价格: 200000自己上架价格: 130000
15:57	扫拍价格: 200000自己上架价格: 161200
15:57	扫拍价格: 200000自己上架价格: 190000
15:57	扫拍价格: 80000自己上架价格: 0
15:57	扫拍价格: 82663自己上架价格: 115000
15:57	扫拍价格: 90000自己上架价格: 0
15:57	扫拍价格: 90000自己上架价格: 0
15:57	扫拍价格: 91189自己上架价格: 0
15:57	扫拍价格: 100000自己上架价格: 0
15:57	扫拍价格: 100000自己上架价格: 0
15:58	扫拍价格: 160000自己上架价格: 115000
15:58	扫拍价格: 172751自己上架价格: 110000
15:58	扫拍价格: 172751自己上架价格: 115800
15:58	扫拍价格: 191189自己上架价格: 0
15:58	扫拍价格: 191189自己上架价格: 0
15:59	扫拍价格: 74208自己上架价格: 0
15:59	扫拍价格: 95139自己上架价格: 115000
15:59	扫拍价格: 122082自己上架价格: 0
15:59	扫拍价格: 161111自己上架价格: 115000
15:59	扫拍价格: 182082自己上架价格: 0
15:59	扫拍价格: 240000自己上架价格: 0
15:59	扫拍价格: 241111自己上架价格: 0
15:59	扫拍价格: 242082自己上架价格: 0
16:00	扫拍价格: 242082自己上架价格: 0
16:00	扫拍价格: 242082自己上架价格: 0
16:00	扫拍价格: 242082自己上架价格: 0
16:00	！！！大区50 广东2区角色2结束扫拍
16:00	！！！大区50 广东2区角色2开始变换
16:41	！！大区50 广东2区角色2结束变换
16:41	账号50 广东2区每日任务结束时间： 16:41
16:41	广东2区-角色2	开始
17:01	账号50 广东2区每日任务结束时间： 17:01
17:01	广东2区-角色3	开始
17:05	！！！大区50 广东2区角色3开始扫拍
17:07	扫拍价格: 89550自己上架价格: 110000
17:07	扫拍价格: 90000自己上架价格: 0
17:07	扫拍价格: 90000自己上架价格: 0
17:07	扫拍价格: 90000自己上架价格: 0
17:07	扫拍价格: 90000自己上架价格: 0
17:07	扫拍价格: 90000自己上架价格: 110000
17:07	扫拍价格: 90000自己上架价格: 111152
17:07	扫拍价格: 90000自己上架价格: 0
17:08	扫拍价格: 90000自己上架价格: 0
17:08	扫拍价格: 100000自己上架价格: 0
17:08	扫拍价格: 100000自己上架价格: 0
17:08	扫拍价格: 100000自己上架价格: 0
17:08	扫拍价格: 100000自己上架价格: 0
17:08	扫拍价格: 100000自己上架价格: 115000
17:08	扫拍价格: 100000自己上架价格: 0
17:08	扫拍价格: 100000自己上架价格: 0
17:08	扫拍价格: 100000自己上架价格: 0
17:08	扫拍价格: 100000自己上架价格: 0
17:08	扫拍价格: 100000自己上架价格: 115000
17:08	扫拍价格: 130000自己上架价格: 0
