00:04	账号28 江苏3区每日任务开始时间： 00:04
00:08	账号28角色1 每日任务换角色出错
00:08	重新开始登陆
00:12	金币取仓失败
00:12	账号28 江苏3区每日任务开始时间： 00:12
00:14	账号28角色1 每日任务换角色出错
00:14	重新开始登陆
00:16	重新开始登陆
00:24	选频道出错
00:24	重新开始登陆
00:30	登录失败
00:30	重新开始登陆
00:44	重新开始登陆
00:56	登录失败
00:56	重新开始登陆
01:12	选角色出错
01:12	重新开始登陆
01:16	账号29 河北2区每日任务开始时间： 01:16
01:16	账号29 河北2区每日任务结束时间： 01:16
01:17	河北2区-角色1	开始
01:18	上架出错，下一个角色
01:20	账号29角色2 换角色出错
01:20	重新开始登陆
01:23	登录失败
01:23	重新开始登陆
01:28	登录失败
01:28	重新开始登陆
01:43	重新开始登陆
01:47	登录失败
01:47	重新开始登陆
01:55	选频道出错
01:55	重新开始登陆
02:02	金币取仓失败
02:02	账号28 江苏3区每日任务开始时间： 02:02
02:02	账号28角色1 每日任务换角色出错
02:02	重新开始登陆
02:05	金币取仓失败
02:05	账号28 江苏3区每日任务开始时间： 02:05
02:06	账号28角色1 每日任务换角色出错
02:06	重新开始登陆
02:07	重新开始登陆
02:13	账号28 江苏3区每日任务开始时间： 02:13
02:16	账号28角色1 每日任务换角色出错
02:16	重新开始登陆
02:17	重新开始登陆
02:20	重新开始登陆
02:31	重新开始登陆
02:41	账号28 江苏3区每日任务开始时间： 02:41
02:43	账号28角色1 每日任务换角色出错
02:43	重新开始登陆
02:52	重新开始登陆
03:00	选频道出错
03:00	重新开始登陆
03:08	账号28 江苏3区每日任务开始时间： 03:08
03:10	账号28角色1 每日任务换角色出错
03:10	重新开始登陆
03:11	重新开始登陆
03:17	账号28 江苏3区每日任务开始时间： 03:17
03:19	账号28角色1 每日任务换角色出错
03:19	重新开始登陆
03:27	选频道出错
03:27	重新开始登陆
03:34	账号28 江苏3区每日任务开始时间： 03:34
03:36	账号28角色1 每日任务换角色出错
03:36	重新开始登陆
03:41	账号28 江苏3区每日任务开始时间： 03:41
03:44	账号28角色1 每日任务换角色出错
03:44	重新开始登陆
03:48	金币取仓失败
03:48	账号28 江苏3区每日任务开始时间： 03:48
03:49	账号28角色1 每日任务换角色出错
03:49	重新开始登陆
03:51	重新开始登陆
04:00	重新开始登陆
04:06	登录失败
04:06	重新开始登陆
04:16	账号28 江苏3区每日任务开始时间： 04:16
04:21	账号28 江苏3区每日任务完成
04:21	账号28 江苏3区每日任务结束时间： 04:21
04:21	江苏3区-角色1	开始
04:36	！！！大区28 江苏3区角色1开始扫拍
04:49	！！！大区28 江苏3区角色1结束扫拍
04:49	！！！大区28 江苏3区角色1开始变换
04:50	打开物品栏并整理失败-变换前失败
04:50	打开物品栏并整理失败-变换前失败
04:50	由于变换前操作失败导致变换失败
04:51	打开物品栏并整理失败-变换前失败
04:51	打开物品栏并整理失败-变换前失败
04:51	由于变换前操作失败导致变换失败
04:51	打开物品栏并整理失败-变换前失败
04:51	打开物品栏并整理失败-变换前失败
04:51	由于变换前操作失败导致变换失败
04:52	打开物品栏并整理失败-变换前失败
04:52	打开物品栏并整理失败-变换前失败
04:52	由于变换前操作失败导致变换失败
04:53	打开物品栏并整理失败-变换前失败
04:53	打开物品栏并整理失败-变换前失败
04:53	由于变换前操作失败导致变换失败
04:53	！！！大区28 江苏3区角色1变换次数过多，重新登录
04:53	重新开始登陆
05:00	选频道出错
05:00	重新开始登陆
05:03	重新开始登陆
05:04	重新开始登陆
05:06	重新开始登陆
05:08	重新开始登陆
05:10	重新开始登陆
05:12	重新开始登陆
05:14	重新开始登陆
05:16	重新开始登陆
05:17	重新开始登陆
05:19	重新开始登陆
05:21	重新开始登陆
05:23	重新开始登陆
05:25	重新开始登陆
05:27	重新开始登陆
05:29	重新开始登陆
05:30	重新开始登陆
05:32	初始化配置出错
