00:04	账号46 浙江4区每日任务开始时间： 00:04
00:04	账号46 浙江4区每日任务结束时间： 00:04
00:04	浙江4区-角色3	开始
00:08	上架出错，下一个角色
00:10	账号46角色4 换角色出错
00:10	重新开始登陆
00:17	账号46 浙江4区每日任务开始时间： 00:17
00:17	账号46 浙江4区每日任务结束时间： 00:17
00:17	浙江4区-角色4	开始
00:19	上架出错，下一个角色
00:19	账号46角色5 换角色出错
00:19	重新开始登陆
00:25	账号46 浙江4区每日任务开始时间： 00:25
00:25	账号46 浙江4区每日任务结束时间： 00:25
00:25	浙江4区-角色5	开始
00:27	上架出错，下一个角色
00:27	重新开始登陆
00:37	重新开始登陆
00:46	选频道出错
00:46	重新开始登陆
00:58	重新开始登陆
01:13	重新开始登陆
01:25	登录失败
01:25	重新开始登陆
01:41	登录失败
01:41	重新开始登陆
01:46	账号48 安徽2区每日任务开始时间： 01:46
01:46	账号48 安徽2区每日任务结束时间： 01:46
01:47	安徽2区-角色1	开始
01:49	上架出错，下一个角色
01:51	账号48角色2 换角色出错
01:51	重新开始登陆
01:52	重新开始登陆
02:00	选频道出错
02:00	重新开始登陆
02:10	选频道出错
02:10	重新开始登陆
02:22	选频道出错
02:22	重新开始登陆
02:37	选频道出错
02:37	重新开始登陆
02:53	账号48 安徽2区每日任务开始时间： 02:53
02:53	账号48 安徽2区每日任务结束时间： 02:53
02:53	安徽2区-角色2	开始
02:55	上架出错，下一个角色
02:56	账号48角色3 换角色出错
02:56	重新开始登陆
03:05	重新开始登陆
03:14	选频道出错
03:14	重新开始登陆
03:26	重新开始登陆
03:40	重新开始登陆
03:58	重新开始登陆
04:18	账号48 安徽2区每日任务开始时间： 04:18
04:18	账号48 安徽2区每日任务结束时间： 04:18
04:18	安徽2区-角色3	开始
04:21	上架出错，下一个角色
04:22	账号48角色4 换角色出错
04:22	重新开始登陆
04:28	账号48 安徽2区每日任务开始时间： 04:28
04:28	账号48 安徽2区每日任务结束时间： 04:28
04:28	安徽2区-角色4	开始
04:39	！！！大区48 安徽2区角色4开始扫拍
04:43	！！！大区48 安徽2区角色4结束扫拍
04:43	！！！大区48 安徽2区角色4开始变换
04:48	！！大区48 安徽2区角色4结束变换
04:48	账号48 安徽2区每日任务结束时间： 04:48
04:48	安徽2区-角色4	开始
04:53	账号48 安徽2区每日任务结束时间： 04:53
04:53	安徽2区-角色5	开始
05:02	上架出错，下一个角色
05:02	初始化配置出错
