00:02	！！！大区57 广东5区角色2结束扫拍
00:02	！！！大区57 广东5区角色2开始变换
00:03	打开物品栏并整理失败-变换前失败
00:03	打开物品栏并整理失败-变换前失败
00:03	由于变换前操作失败导致变换失败
00:04	打开物品栏并整理失败-变换前失败
00:04	打开物品栏并整理失败-变换前失败
00:04	由于变换前操作失败导致变换失败
00:05	打开物品栏并整理失败-变换前失败
00:05	打开物品栏并整理失败-变换前失败
00:05	由于变换前操作失败导致变换失败
00:06	打开物品栏并整理失败-变换前失败
00:06	打开物品栏并整理失败-变换前失败
00:06	由于变换前操作失败导致变换失败
00:07	打开物品栏并整理失败-变换前失败
00:07	打开物品栏并整理失败-变换前失败
00:07	由于变换前操作失败导致变换失败
00:07	！！！大区57 广东5区角色2变换次数过多，重新登录
00:07	重新开始登陆
00:12	账号57 广东5区每日任务开始时间： 00:12
00:12	！！！大区57 广东5区角色2开始变换
00:22	！！大区57 广东5区角色2结束变换
00:22	账号57 广东5区每日任务结束时间： 00:22
00:22	广东5区-角色2	开始
00:26	上架出错，下一个角色
00:26	账号57 广东5区每日任务结束时间： 00:26
00:27	广东5区-角色3	开始
00:30	！！！大区57 广东5区角色3开始扫拍
00:40	！！！大区57 广东5区角色3结束扫拍
00:40	！！！大区57 广东5区角色3开始变换
00:42	！！大区57 广东5区角色3结束变换
00:42	账号57 广东5区每日任务结束时间： 00:42
00:42	广东5区-角色3	开始
00:44	账号57 广东5区每日任务结束时间： 00:44
00:44	广东5区-角色4	开始
00:49	！！！大区57 广东5区角色4开始扫拍
01:03	！！！大区57 广东5区角色4结束扫拍
01:03	！！！大区57 广东5区角色4开始变换
01:03	打开物品栏并整理失败-变换前失败
01:04	打开物品栏并整理失败-变换前失败
01:04	由于变换前操作失败导致变换失败
01:05	打开物品栏并整理失败-变换前失败
01:05	打开物品栏并整理失败-变换前失败
01:05	由于变换前操作失败导致变换失败
01:06	打开物品栏并整理失败-变换前失败
01:06	打开物品栏并整理失败-变换前失败
01:06	由于变换前操作失败导致变换失败
01:07	打开物品栏并整理失败-变换前失败
01:07	打开物品栏并整理失败-变换前失败
01:07	由于变换前操作失败导致变换失败
01:08	打开物品栏并整理失败-变换前失败
01:08	打开物品栏并整理失败-变换前失败
01:08	由于变换前操作失败导致变换失败
01:08	！！！大区57 广东5区角色4变换次数过多，重新登录
01:08	重新开始登陆
01:14	账号57 广东5区每日任务开始时间： 01:14
01:14	！！！大区57 广东5区角色4开始变换
01:17	！！大区57 广东5区角色4结束变换
01:17	账号57 广东5区每日任务结束时间： 01:17
01:17	广东5区-角色4	开始
01:18	打开物品栏并整理失败-变换前失败
01:19	上架出错，下一个角色
01:19	账号57角色5 换角色出错
01:19	重新开始登陆
01:28	重新开始登陆
01:34	账号57 广东5区每日任务开始时间： 01:34
01:34	账号57 广东5区每日任务结束时间： 01:34
01:34	广东5区-角色5	开始
01:40	！！！大区57 广东5区角色5开始扫拍
01:41	！！！大区57 广东5区角色5结束扫拍
01:41	！！！大区57 广东5区角色5开始变换
01:41	打开物品栏并整理失败-变换前失败
01:41	打开物品栏并整理失败-变换前失败
01:41	由于变换前操作失败导致变换失败
01:42	打开物品栏并整理失败-变换前失败
01:42	打开物品栏并整理失败-变换前失败
01:42	由于变换前操作失败导致变换失败
01:43	打开物品栏并整理失败-变换前失败
01:43	打开物品栏并整理失败-变换前失败
01:43	由于变换前操作失败导致变换失败
01:43	打开物品栏并整理失败-变换前失败
01:44	打开物品栏并整理失败-变换前失败
01:44	由于变换前操作失败导致变换失败
01:44	打开物品栏并整理失败-变换前失败
01:44	打开物品栏并整理失败-变换前失败
01:44	由于变换前操作失败导致变换失败
01:44	！！！大区57 广东5区角色5变换次数过多，重新登录
01:44	重新开始登陆
01:49	重新开始登陆
01:54	账号57 广东5区每日任务开始时间： 01:54
01:56	！！！大区57 广东5区角色2开始扫拍
02:07	！！！大区57 广东5区角色2结束扫拍
02:07	！！！大区57 广东5区角色2开始变换
02:13	！！大区57 广东5区角色2结束变换
02:13	账号57 广东5区每日任务结束时间： 02:13
02:13	广东5区-角色2	开始
02:17	上架出错，下一个角色
02:17	账号57 广东5区每日任务结束时间： 02:17
02:17	广东5区-角色3	开始
02:19	上架出错，下一个角色
02:21	账号57角色4 换角色出错
02:21	重新开始登陆
02:26	账号57 广东5区每日任务开始时间： 02:26
02:26	账号57 广东5区每日任务结束时间： 02:26
02:26	广东5区-角色4	开始
02:32	！！！大区57 广东5区角色4开始扫拍
02:50	！！！大区57 广东5区角色4结束扫拍
02:50	！！！大区57 广东5区角色4开始变换
02:51	！！大区57 广东5区角色4结束变换
02:51	账号57 广东5区每日任务结束时间： 02:51
02:51	广东5区-角色4	开始
02:53	账号57 广东5区每日任务结束时间： 02:53
02:53	广东5区-角色5	开始
02:57	！！！大区57 广东5区角色5开始扫拍
03:10	！！！大区57 广东5区角色5结束扫拍
03:10	！！！大区57 广东5区角色5开始变换
03:10	打开物品栏并整理失败-变换前失败
03:11	打开物品栏并整理失败-变换前失败
03:11	由于变换前操作失败导致变换失败
03:12	打开物品栏并整理失败-变换前失败
03:12	打开物品栏并整理失败-变换前失败
03:12	由于变换前操作失败导致变换失败
03:13	打开物品栏并整理失败-变换前失败
03:13	打开物品栏并整理失败-变换前失败
03:13	由于变换前操作失败导致变换失败
03:14	打开物品栏并整理失败-变换前失败
03:14	打开物品栏并整理失败-变换前失败
03:14	由于变换前操作失败导致变换失败
03:15	打开物品栏并整理失败-变换前失败
03:15	打开物品栏并整理失败-变换前失败
03:15	由于变换前操作失败导致变换失败
03:15	！！！大区57 广东5区角色5变换次数过多，重新登录
03:15	重新开始登陆
03:22	账号57 广东5区每日任务开始时间： 03:22
03:22	！！！大区57 广东5区角色5开始变换
03:28	！！大区57 广东5区角色5结束变换
03:28	账号57 广东5区每日任务结束时间： 03:28
03:28	广东5区-角色5	开始
03:36	！！！大区57 广东5区角色5开始扫拍
03:57	！！！大区57 广东5区角色5结束扫拍
03:57	！！！大区57 广东5区角色5开始变换
03:59	！！大区57 广东5区角色5结束变换
03:59	账号57 广东5区每日任务结束时间： 03:59
03:59	广东5区-角色5	开始
04:01	初始化配置出错
