02:07	before	密制薄纱长袍	精神+11	
02:07	after	密制薄纱长袍	智力+21	
02:07	before	密制薄纱长袍	力量+13	
02:08	before	密制薄纱长袍	体力+18	
02:19	before	密制薄纱长袍	力量+13	
02:20	after	密制薄纱长袍	智力+16	
02:20	before	密制薄纱长袍	体力+18	
02:21	after	密制薄纱长袍	智力+19	
03:09	before	密制科堡腰带	力量+12	
03:10	after	密制科堡腰带	力量+18	
03:10	before	密制薄纱护腿	MP最大值+138	
03:11	after	密制薄纱护腿	智力+17	
03:11	before	密制提花长裤	精神+21	
03:12	after	密制提花长裤	智力+16	
03:12	before	密制紫榆腰带	体力+16	
03:12	after	密制紫榆腰带	力量+20	
03:37	before	密制墨钢长靴	回避率+2.2	
03:38	after	密制墨钢长靴	力量+16	
03:38	before	密制薄纱短靴	魔法暴击率+1.7	精神+15	
03:38	after	密制薄纱短靴	智力+15	魔法暴击率+1.7	
03:38	before	密制芭芭拉手套	物理暴击率+1.4	
03:38	after	密制芭芭拉手套	力量+21	
03:39	before	密制芭芭拉手套	物理暴击率+1.7	
03:39	after	密制芭芭拉手套	智力+15	
03:39	before	密制貂皮护肩	力量+26	体力+28	
03:40	after	密制貂皮护肩	力量+26	物理暴击率+2.2	
03:40	before	密制貂皮护肩	物理暴击率+2.4	
03:40	after	密制貂皮护肩	力量+21	
03:40	before	密制铂铜护腿	物理暴击率+2.3	
03:42	after	密制铂铜护腿	智力+20	
03:42	before	密制精锐肩甲	力量+15	HP最大值+109	
03:42	after	密制精锐肩甲	力量+15	物理暴击率+2.7	
03:42	before	密制漆皮短靴	魔法暴击率+3.2	
03:43	after	密制漆皮短靴	力量+17	
03:43	before	密制铜绿战靴	回避率+1.8	
03:43	after	密制铜绿战靴	智力+17	
03:43	before	密制提花短靴	物理暴击率+3.4	
03:45	after	密制提花短靴	MP最大值+135	
03:45	before	密制提花短靴	MP最大值+157	
03:46	after	密制提花短靴	智力+18	
03:46	before	密制墨钢长靴	力量+14	
03:49	after	密制墨钢长靴	体力+12	
03:49	before	密制薄纱短靴	力量+23	
03:53	before	密制提花短靴	MP最大值+135	
03:53	after	密制提花短靴	智力+19	
03:53	before	密制墨钢长靴	体力+12	
03:55	after	密制墨钢长靴	力量+16	
03:55	before	密制薄纱短靴	MP最大值+106	
03:55	after	密制薄纱短靴	智力+17	
04:31	before	密制漆皮长袍	HP最大值+132	
04:31	after	密制漆皮长袍	力量+27	
04:32	before	密制蚕纱短靴	精神+21	回避率+1.9	
04:33	after	密制蚕纱短靴	智力+29	精神+21	
04:33	before	密制豹皮护肩	力量+11	
04:33	after	密制豹皮护肩	力量+16	
