02:25	130000	密制薄纱长袍	智力+21	
02:26	110000	密制薄纱长袍	智力+16	
02:26	117200	密制薄纱长袍	智力+19	
02:26	130000	密制蚕纱护腿	智力+21	
02:27	115800	密制锦丝短靴	智力+17	
02:27	135000	密制锦丝长裤	智力+21	
02:28	118200	密制提花护肩	智力+18	
02:28	143800	密制提花护肩	智力+22	
02:28	110000	密制蚕纱腰带	智力+16	
02:29	122200	密制锦丝腰带	智力+19	
02:32	127800	密制没落贵族臂章	力量+17	
02:32	117200	密制角斗士长靴	力量+19	
02:33	115800	密制角斗士护肩	力量+17	
02:33	110000	密制日光石戒指	智力+13	
02:33	110000	密制日光石戒指	智力+13	
02:34	110800	密制貂皮绑腿	力量+17	
02:34	118200	密制貂皮绑腿	力量+18	
02:35	127800	密制铂铜护腿	智力+20	
02:35	245200	密制铂铜护腿	智力+29	
02:35	266800	密制漆皮护肩	力量+30	
02:36	206800	密制铜绿护肩	智力+27	
02:36	110000	密制铜绿护肩	智力+16	
02:37	225200	密制秘银护肩	力量+28	
02:37	190000	密制秘银护肩	力量+26	
02:37	117200	密制墨钢护肩	力量+19	
02:38	213400	密制墨钢护肩	力量+15	物理暴击率+1.8	
02:38	190000	密制纤尘短靴	力量+26	
02:39	118200	密制没落贵族臂章	智力+15	
02:48	122200	密制铜绿护腿	智力+19	
02:49	115800	密制铜绿护腿	智力+17	
02:49	115800	密制提花长裤	智力+17	
02:49	127800	密制蟒皮护肩	力量+20	
02:50	230200	密制科堡腰带	力量+28	
02:50	166200	密制薄纱护腿	智力+24	
02:51	113200	密制伊利石手镯	力量+15	
02:51	113200	密制伊利石手镯	力量+15	
02:51	113200	密制雪纺缎带	智力+15	
02:52	115000	密制纤尘胸甲	力量+16	
02:52	122800	密制锦丝长袍	智力+20	
02:53	346200	密制秘银长靴	力量+33	
02:53	118200	密制秘银护腿	力量+18	
02:54	122200	密制秘银护腿	力量+19	
02:54	122200	密制秘银护腿	力量+19	
03:15	118200	密制科堡腰带	力量+18	
03:15	115800	密制薄纱护腿	智力+17	
03:16	115000	密制提花长裤	智力+16	
03:16	122800	密制紫榆腰带	力量+20	
03:19	143800	密制铜绿护肩	智力+22	
03:20	138800	密制铜绿护肩	智力+22	体力+12	
03:57	115000	密制墨钢长靴	力量+16	
03:58	203400	密制薄纱短靴	智力+15	魔法暴击率+1.7	
03:58	166200	密制芭芭拉手套	力量+21	
03:59	113200	密制芭芭拉手套	智力+15	
03:59	330000	密制貂皮护肩	力量+26	物理暴击率+2.2	
03:59	135000	密制貂皮护肩	力量+21	
04:00	122800	密制铂铜护腿	智力+20	
04:00	303400	密制精锐肩甲	力量+15	物理暴击率+2.7	
04:01	110800	密制漆皮短靴	力量+17	
04:01	115800	密制铜绿战靴	智力+17	
04:02	122200	密制提花短靴	智力+19	
04:02	113200	密制提花短靴	智力+18	
04:03	115000	密制墨钢长靴	力量+16	
04:03	115800	密制薄纱短靴	智力+17	
04:06	110800	密制蟒皮腰带	力量+17	
04:07	283200	密制蟒皮短靴	力量+18	物理暴击率+2.5	
04:07	113200	密制蟒皮短靴	力量+18	
04:07	117200	密制指战员肩章	力量+19	
04:08	330800	密制貂皮短靴	力量+17	物理暴击率+3	
04:08	110000	密制漆皮短靴	力量+16	
04:09	230200	密制蟒皮短靴	力量+28	
04:09	115800	密制貂皮绑腿	力量+17	
04:10	117200	密制蟒皮短靴	力量+19	
04:10	118200	密制漆皮长袍	力量+18	
04:10	110000	密制漆皮护腿	力量+16	
04:11	117200	密制貂皮绑腿	力量+19	
04:11	122200	密制漆皮短靴	力量+19	
04:12	110800	密制漆皮长袍	力量+17	HP最大值+186	
04:12	250200	密制指战员长裤	力量+29	
04:12	115000	密制蟒皮短靴	力量+16	
04:13	113200	密制漆皮短靴	力量+18	
04:13	117200	密制漆皮长袍	力量+19	
04:36	206800	密制漆皮长袍	力量+27	
04:36	250200	密制蚕纱短靴	智力+29	精神+21	
04:37	110000	密制豹皮护肩	力量+16	
