04:46	13969	密制薄纱长袍	
04:46	13970	密制薄纱长袍	
04:47	28007	密制天鹅绒短裤	
04:47	28008	密制天鹅绒短裤	
04:48	9484	密制科堡绑腿	
05:07	8076	密制薄纱斗篷	
05:07	8077	密制薄纱斗篷	
05:08	14993	密制天鹅绒短靴	
05:08	14994	密制天鹅绒短靴	
05:09	9233	密制科堡长靴	
05:09	9234	密制科堡长靴	
05:09	11000	密制合金长靴	
05:11	15000	密制提花护肩	
05:11	15000	密制提花护肩	
05:12	19899	密制锦丝腰带	
05:12	22222	密制锦丝腰带	
05:26	9226	密制薄纱护腿	
05:26	9227	密制薄纱护腿	
05:27	9984	密制天鹅绒腰带	
05:28	9985	密制天鹅绒腰带	
05:28	9996	密制科堡腰带	
05:29	9997	密制科堡腰带	
05:59	7999	密制薄纱短靴	
05:59	7999	密制薄纱短靴	
06:00	11994	密制天鹅绒衬衫	
06:00	11995	密制天鹅绒衬衫	
06:01	29992	密制科堡胸甲	
06:01	29993	密制科堡胸甲	
06:04	30000	密制锦丝护肩	
06:04	33333	密制锦丝护肩	
06:20	7999	密制薄纱腰带	
06:20	8000	密制薄纱腰带	
06:21	11096	密制天鹅绒护肩	
06:22	11097	密制天鹅绒护肩	
06:22	9229	密制科堡护肩	
06:23	9230	密制科堡护肩	
