05:48	117200	密制精锐腰带	力量+19	
05:49	122200	密制精锐腰带	力量+19	
05:49	110000	密制科堡腰带	力量+16	
05:50	110000	密制科堡腰带	力量+16	
05:50	267200	密制精锐腰带	力量+19	物理暴击率+2.3	
05:50	110000	密制秘银护腿	力量+16	
05:51	122800	密制秘银护腿	力量+20	
05:51	113200	密制秘银胸甲	力量+18	
05:52	113200	密制秘银胸甲	力量+18	
05:52	110000	密制秘银腰带	力量+16	
05:52	225200	密制秘银胸甲	力量+28	
05:55	110000	密制铜绿护腿	智力+16	
05:55	117200	密制铜绿胸甲	智力+19	
05:56	230200	密制灵龟雕纹护腿	智力+28	
05:56	319400	密制铂铜战靴	智力+12	魔法暴击率+3.1	
05:56	110800	密制铜绿腰带	智力+17	
06:16	110800	密制战地腰带	智力+17	
06:16	143800	密制战地腰带	智力+22	
06:40	115000	密制貂皮护肩	力量+16	
06:40	117200	密制科堡护肩	力量+19	
06:41	174800	密制科堡护肩	力量+25	
06:41	110800	密制漆皮长袍	力量+17	
06:41	113200	密制漆皮长袍	力量+18	
06:42	117200	密制貂皮绑腿	力量+19	
06:42	113200	密制漆皮长袍	力量+18	
06:43	110800	密制貂皮绑腿	力量+17	
06:43	110800	密制漆皮长袍	力量+17	
06:43	110800	密制漆皮长袍	力量+17	
06:44	245200	密制貂皮绑腿	力量+29	
06:44	113200	密制漆皮长袍	力量+18	
06:45	190000	密制指战员长裤	力量+26	
