11:12	122800	密制锦丝长裤	智力+20	
12:05	83200	密制角斗士胸甲	力量+18	
12:05	250000	密制神木护腿	力量+11	物理暴击率+2.9	
12:06	195200	密制角斗士腰带	力量+28	
12:06	295000	密制锦丝腰带	智力+31	
12:07	80000	密制提花护肩	智力+16	
12:07	87200	密制提花护肩	智力+19	
12:07	83200	密制豹皮短靴	力量+18	
12:08	161200	密制天鹅绒短靴	智力+24	
12:08	83200	密制天鹅绒短靴	智力+18	
12:08	118200	密制薄纱斗篷	智力+18	
12:09	143800	密制薄纱斗篷	智力+22	
12:09	115800	密制锦丝腰带	智力+17	
12:10	110000	密制锦丝腰带	智力+16	
12:10	83200	密制提花护肩	智力+18	
12:10	122200	密制提花护肩	智力+19	
12:11	83200	密制科堡长靴	力量+18	
12:11	80000	密制科堡长靴	力量+16	
12:12	80000	密制紫榆短靴	力量+16	
12:12	131200	密制紫榆短靴	力量+24	
12:13	115800	密制豹皮短靴	力量+17	
12:13	230200	密制豹皮短靴	力量+28	
12:13	83200	密制天鹅绒短靴	智力+18	
12:14	83200	密制天鹅绒短靴	智力+18	
12:14	115800	密制锦丝腰带	智力+17	
13:07	117200	密制精锐锁甲	力量+19	
13:08	135000	密制锦丝长袍	智力+21	
