11:35	before	密制锦丝腰带	力量+16	
11:35	after	密制锦丝腰带	智力+31	
11:35	before	密制提花护肩	精神+14	
11:36	after	密制提花护肩	智力+16	
11:36	before	密制提花护肩	物理暴击率+3	
11:36	after	密制提花护肩	智力+19	
11:36	before	密制豹皮短靴	回避率+1.8	
11:37	after	密制豹皮短靴	力量+18	
11:37	before	密制天鹅绒短靴	魔法暴击率+2	
11:38	after	密制天鹅绒短靴	智力+24	
11:38	before	密制天鹅绒短靴	MP最大值+115	
11:39	after	密制天鹅绒短靴	智力+18	
11:39	before	密制薄纱斗篷	物理暴击率+2.1	
11:39	after	密制薄纱斗篷	智力+18	
11:39	before	密制锦丝腰带	体力+14	
11:40	after	密制锦丝腰带	智力+17	
11:40	before	密制锦丝腰带	MP最大值+150	
11:42	after	密制锦丝腰带	智力+16	
11:42	before	密制提花护肩	精神+17	
11:43	after	密制提花护肩	智力+18	
11:43	before	密制提花护肩	MP最大值+122	
11:43	after	密制提花护肩	智力+19	
11:43	before	密制科堡长靴	力量+9	
11:46	after	密制科堡长靴	HP最大值+141	
11:46	before	密制科堡长靴	体力+11	
11:46	after	密制科堡长靴	力量+16	
11:46	before	密制紫榆短靴	回避率+2.2	
11:48	after	密制紫榆短靴	HP最大值+135	
11:48	before	密制紫榆短靴	回避率+2	
11:50	after	密制紫榆短靴	力量+24	
11:50	before	密制豹皮短靴	精神+14	
11:53	after	密制豹皮短靴	体力+14	
11:53	before	密制豹皮短靴	物理暴击率+2.2	
11:53	after	密制豹皮短靴	力量+28	
11:53	before	密制天鹅绒短靴	MP最大值+180	
11:55	after	密制天鹅绒短靴	智力+18	
11:56	before	密制天鹅绒短靴	物理暴击率+2.3	
11:56	after	密制天鹅绒短靴	智力+18	
11:59	before	密制科堡长靴	HP最大值+141	
12:00	after	密制科堡长靴	力量+18	
12:00	before	密制紫榆短靴	HP最大值+135	
12:00	after	密制紫榆短靴	力量+16	
12:01	before	密制豹皮短靴	体力+14	
12:02	after	密制豹皮短靴	力量+17	
12:02	before	密制锦丝腰带	魔法暴击率+3.2	
12:02	after	密制锦丝腰带	智力+17	
13:04	before	密制精锐锁甲	HP最大值+107	
13:04	after	密制精锐锁甲	力量+19	
13:32	before	密制守护石	体力+19	
13:32	after	密制守护石	力量+14	
13:32	before	密制守护石	HP最大值+162	
13:33	after	密制守护石	智力+14	
14:02	before	密制年轮石	物理暴击率+1.9	
14:03	after	密制年轮石	智力+19	
14:03	before	密制年轮石	物理暴击率+1.9	
14:03	after	密制年轮石	智力+22	
19:51	before	密制薄纱护腿	HP最大值+119	
19:52	after	密制薄纱护腿	智力+19	
21:04	before	密制芭芭拉手套	智力+12	
21:04	after	密制芭芭拉手套	力量+18	
21:04	before	密制锦丝护肩	物理暴击率+2.2	
21:05	after	密制锦丝护肩	智力+24	
21:05	before	密制锦丝护肩	HP最大值+135	
21:05	after	密制锦丝护肩	智力+16	
21:05	before	密制薄纱腰带	MP最大值+119	
21:07	after	密制薄纱腰带	智力+20	
21:07	before	密制薄纱腰带	体力+12	
21:07	after	密制薄纱腰带	智力+18	
21:07	before	密制芭芭拉手套	MP最大值+177	
21:07	after	密制芭芭拉手套	力量+16	
21:08	before	密制芭芭拉手套	体力+13	回避率+1.6	
21:08	after	密制芭芭拉手套	智力+22	体力+13	
21:08	before	密制锦丝护肩	智力+12	
21:08	after	密制锦丝护肩	智力+19	
21:08	before	密制锦丝护肩	体力+14	
21:09	after	密制锦丝护肩	智力+35	
21:09	before	密制提花短靴	回避率+2	
21:10	after	密制提花短靴	智力+26	
21:10	before	密制薄纱腰带	体力+13	
21:13	after	密制薄纱腰带	回避率+2.6	
21:13	before	密制薄纱腰带	精神+15	
21:15	after	密制薄纱腰带	力量+15	
21:15	before	密制提花短靴	MP最大值+125	
21:17	after	密制提花短靴	回避率+2.4	
21:20	before	密制薄纱腰带	回避率+2.6	
21:20	after	密制薄纱腰带	智力+22	
21:20	before	密制薄纱腰带	力量+15	
21:21	after	密制薄纱腰带	智力+17	
21:21	before	密制提花短靴	回避率+2.4	
23:35	before	密制芭芭拉手套	体力+19	
23:35	after	密制芭芭拉手套	力量+19	
