15:27	8031	密制薄纱斗篷	
15:27	8032	密制薄纱斗篷	
15:29	14998	密制天鹅绒短靴	
15:29	14999	密制天鹅绒短靴	
15:31	29996	密制科堡胸甲	
15:31	29997	密制科堡胸甲	
15:33	51313	密制紫玛瑙手镯	移动速度+1.6	
15:34	12717	密制提花长袍	
15:36	44444	密制增益石	智力+14	
15:36	56597	密制增益石	物理暴击率+2.2	
15:37	5000	密制锦丝腰带	
15:37	6593	密制锦丝腰带	
15:39	120000	密制檀木名牌	力量+24	
15:42	35555	密制日光石戒指	火属性抗性+5	
15:44	8030	密制薄纱斗篷	
15:45	8031	密制薄纱斗篷	
15:46	17979	密制天鹅绒短靴	
15:46	25996	密制天鹅绒短靴	
15:48	29998	密制科堡胸甲	
15:48	29999	密制科堡胸甲	
15:53	9888	密制增益石	
15:53	68125	密制增益石	力量+11	
17:06	7745	密制薄纱护腿	
17:06	8459	密制薄纱护腿	
17:09	7796	密制天鹅绒腰带	
17:09	8031	密制天鹅绒腰带	
17:10	28784	密制科堡护肩	
17:11	29496	密制科堡护肩	
17:11	24000	密制合金护腿	
17:14	8888	密制提花护肩	
17:18	21065	密制守护石	
17:18	21233	密制守护石	魔法暴击率+2.8	
17:24	44750	密制伊利石戒指	力量+8	
17:25	55555	密制伊利石戒指	施放速度+2	
17:25	8460	密制薄纱护腿	
17:26	8461	密制薄纱护腿	
17:29	8032	密制天鹅绒腰带	
17:29	8033	密制天鹅绒腰带	
17:30	29497	密制科堡护肩	
17:30	29498	密制科堡护肩	
17:34	9949	密制提花护肩	
17:36	30000	密制血玉石项坠	
17:40	19000	密制青空之蓝手套	
17:46	68265	密制伊利石戒指	攻击速度+2.2	
17:46	68265	密制伊利石戒指	攻击速度+2.6	
17:58	9795	密制薄纱短靴	
17:59	9796	密制薄纱短靴	
18:00	98010	密制黄玉手镯	力量+11	施放速度+1.4	
18:01	17900	密制豹皮胸甲	
18:02	19985	密制科堡绑腿	
18:02	19986	密制科堡绑腿	
18:07	8777	密制提花长裤	
18:07	8777	密制提花长裤	
18:10	14503	密制锦丝长袍	
18:10	14503	密制锦丝长袍	
18:14	42435	密制雪纺缎带	力量+15	
18:15	61111	密制雪纺缎带	智力+16	
18:15	49217	密制伊利石手镯	攻击速度+1.3	
18:16	50000	密制伊利石手镯	智力+15	
18:17	9796	密制薄纱短靴	
18:17	9797	密制薄纱短靴	
18:21	19987	密制科堡绑腿	
18:21	19988	密制科堡绑腿	
18:25	10309	密制提花长裤	
18:26	10309	密制提花长裤	
18:30	6000	密制年轮石	
18:30	9949	密制年轮石	
18:31	66666	密制雪纺缎带	力量+11	
