16:04	before	密制纤尘肩甲	力量+15	
16:04	before	密制角斗士胸甲	智力+13	
16:04	after	密制角斗士胸甲	力量+18	
16:04	before	密制科堡胸甲	物理暴击率+1.5	
16:07	after	密制科堡胸甲	力量+17	
16:07	before	密制科堡胸甲	物理暴击率+2.3	
16:09	after	密制科堡胸甲	力量+18	
16:09	before	密制天鹅绒短靴	HP最大值+118	
16:10	before	密制天鹅绒短靴	体力+13	
16:11	before	密制薄纱斗篷	智力+13	
16:14	after	密制薄纱斗篷	回避率+2.9	
16:14	before	密制薄纱斗篷	智力+15	
16:17	after	密制薄纱斗篷	精神+15	
16:17	before	密制日光石戒指	火属性抗性+5	
16:18	before	密制锦丝腰带	力量+16	智力+17	
16:19	after	密制锦丝腰带	力量+16	智力+30	
16:19	before	密制增益石	物理暴击率+2.2	
16:20	after	密制增益石	力量+15	
16:20	before	密制提花长袍	MP最大值+178	
16:22	before	密制紫玛瑙手镯	移动速度+1.6	
16:22	after	密制紫玛瑙手镯	力量+13	
16:22	before	密制科堡胸甲	体力+22	
16:23	after	密制科堡胸甲	力量+19	
16:23	before	密制科堡胸甲	力量+14	
16:27	before	密制天鹅绒短靴	魔法暴击率+2.4	
16:29	before	密制天鹅绒短靴	回避率+2.1	
16:30	before	密制薄纱斗篷	回避率+2.9	
16:31	after	密制薄纱斗篷	智力+18	
16:31	before	密制薄纱斗篷	精神+15	
16:32	before	密制日光石戒指	光属性抗性+6	
16:33	before	密制提花长袍	回避率+2.1	
16:34	before	密制科堡胸甲	MP最大值+132	
16:37	before	密制增益石	力量+11	
16:38	after	密制增益石	智力+18	
16:38	before	密制增益石	魔法暴击率+1.7	
16:38	after	密制增益石	力量+15	
16:38	before	密制天鹅绒短靴	物理暴击率+2.8	
16:38	after	密制天鹅绒短靴	智力+23	
16:38	before	密制天鹅绒短靴	力量+13	
16:39	before	密制薄纱斗篷	MP最大值+117	
16:40	after	密制薄纱斗篷	智力+19	
16:40	before	密制薄纱斗篷	力量+11	
16:41	after	密制薄纱斗篷	智力+17	
18:38	before	密制提花长裤	HP最大值+121	
18:38	before	密制提花长裤	力量+16	
18:39	before	密制科堡绑腿	精神+15	
18:41	after	密制科堡绑腿	力量+20	
18:41	before	密制科堡绑腿	体力+15	
18:42	before	密制薄纱短靴	力量+14	
