00:01	上架出错，下一个角色
00:03	重新开始登陆
00:08	账号41 贵州1区每日任务开始时间： 00:08
00:14	重新开始登陆
00:19	账号40 上海3区每日任务开始时间： 00:19
00:19	！！！大区40 上海3区角色4开始变换
00:19	打开物品栏并整理失败-变换前失败
00:20	打开物品栏并整理失败-变换前失败
00:20	由于变换前操作失败导致变换失败
00:20	打开物品栏并整理失败-变换前失败
00:20	打开物品栏并整理失败-变换前失败
00:20	由于变换前操作失败导致变换失败
00:21	打开物品栏并整理失败-变换前失败
00:21	打开物品栏并整理失败-变换前失败
00:21	由于变换前操作失败导致变换失败
00:22	打开物品栏并整理失败-变换前失败
00:22	打开物品栏并整理失败-变换前失败
00:22	由于变换前操作失败导致变换失败
00:23	打开物品栏并整理失败-变换前失败
00:23	打开物品栏并整理失败-变换前失败
00:23	由于变换前操作失败导致变换失败
00:23	！！！大区40 上海3区角色4变换次数过多，重新登录
00:23	重新开始登陆
00:32	重新开始登陆
00:40	选频道出错
00:40	重新开始登陆
00:46	登录失败
00:46	重新开始登陆
00:57	账号40 上海3区每日任务开始时间： 00:57
00:57	！！！大区40 上海3区角色4开始变换
00:57	打开物品栏并整理失败-变换前失败
00:58	打开物品栏并整理失败-变换前失败
00:58	由于变换前操作失败导致变换失败
00:58	打开物品栏并整理失败-变换前失败
00:58	打开物品栏并整理失败-变换前失败
00:58	由于变换前操作失败导致变换失败
00:59	打开物品栏并整理失败-变换前失败
00:59	打开物品栏并整理失败-变换前失败
00:59	由于变换前操作失败导致变换失败
01:00	打开物品栏并整理失败-变换前失败
01:00	打开物品栏并整理失败-变换前失败
01:00	由于变换前操作失败导致变换失败
01:01	打开物品栏并整理失败-变换前失败
01:01	打开物品栏并整理失败-变换前失败
01:01	由于变换前操作失败导致变换失败
01:01	！！！大区40 上海3区角色4变换次数过多，重新登录
01:01	重新开始登陆
01:06	账号40 上海3区每日任务开始时间： 01:06
01:06	！！！大区40 上海3区角色4开始变换
01:06	打开物品栏并整理失败-变换前失败
01:06	打开物品栏并整理失败-变换前失败
01:07	由于变换前操作失败导致变换失败
01:07	打开物品栏并整理失败-变换前失败
01:07	打开物品栏并整理失败-变换前失败
01:07	由于变换前操作失败导致变换失败
01:08	打开物品栏并整理失败-变换前失败
01:08	打开物品栏并整理失败-变换前失败
01:08	由于变换前操作失败导致变换失败
01:09	打开物品栏并整理失败-变换前失败
01:09	打开物品栏并整理失败-变换前失败
01:09	由于变换前操作失败导致变换失败
01:10	打开物品栏并整理失败-变换前失败
01:10	打开物品栏并整理失败-变换前失败
01:10	由于变换前操作失败导致变换失败
01:10	！！！大区40 上海3区角色4变换次数过多，重新登录
01:10	重新开始登陆
01:19	重新开始登陆
01:27	选频道出错
01:27	重新开始登陆
01:40	重新开始登陆
01:46	重新开始登陆
01:59	选角色出错
01:59	重新开始登陆
02:12	重新开始登陆
02:13	重新开始登陆
02:23	重新开始登陆
02:31	账号41 贵州1区每日任务开始时间： 02:31
02:33	账号41角色1 每日任务换角色出错
02:33	重新开始登陆
02:38	账号41 贵州1区每日任务开始时间： 02:38
02:40	账号41角色1 每日任务换角色出错
02:40	重新开始登陆
02:41	重新开始登陆
02:51	选频道出错
02:51	重新开始登陆
03:02	重新开始登陆
03:12	账号41 贵州1区每日任务开始时间： 03:12
03:16	账号41角色1 每日任务换角色出错
03:16	重新开始登陆
03:21	账号41 贵州1区每日任务开始时间： 03:21
03:23	账号41角色1 每日任务换角色出错
03:23	重新开始登陆
03:24	重新开始登陆
03:34	重新开始登陆
03:46	重新开始登陆
03:57	账号41 贵州1区每日任务开始时间： 03:57
04:00	账号41角色1 每日任务换角色出错
04:00	重新开始登陆
04:05	账号41 贵州1区每日任务开始时间： 04:05
04:08	账号41角色1 每日任务换角色出错
04:08	重新开始登陆
04:13	账号41 贵州1区每日任务开始时间： 04:13
04:14	账号41 贵州1区每日任务完成
04:14	账号41 贵州1区每日任务结束时间： 04:14
04:14	贵州1区-角色1	开始
04:18	！！！大区41 贵州1区角色1开始扫拍
04:19	扫拍价格: 49988自己上架价格: 0
04:19	扫拍价格: 49989自己上架价格: 0
04:19	扫拍价格: 49990自己上架价格: 0
04:19	扫拍价格: 49991自己上架价格: 0
04:19	扫拍价格: 49992自己上架价格: 0
04:19	扫拍价格: 49993自己上架价格: 0
04:19	扫拍价格: 49994自己上架价格: 0
04:19	扫拍价格: 49995自己上架价格: 0
04:19	扫拍价格: 49996自己上架价格: 0
04:19	扫拍价格: 49997自己上架价格: 0
04:19	扫拍价格: 49998自己上架价格: 0
04:19	扫拍价格: 49999自己上架价格: 0
04:19	扫拍价格: 50000自己上架价格: 0
04:19	扫拍价格: 54318自己上架价格: 0
04:19	扫拍价格: 54319自己上架价格: 0
04:19	扫拍价格: 54320自己上架价格: 0
04:19	扫拍价格: 54321自己上架价格: 0
04:19	扫拍价格: 54322自己上架价格: 0
04:19	扫拍价格: 54593自己上架价格: 0
04:19	扫拍价格: 54594自己上架价格: 0
04:19	扫拍价格: 61366自己上架价格: 0
04:19	扫拍价格: 105923自己上架价格: 0
04:20	扫拍价格: 145555自己上架价格: 0
04:20	扫拍价格: 149999自己上架价格: 0
04:21	扫拍价格: 90870自己上架价格: 0
04:22	！！！大区41 贵州1区角色1结束扫拍
04:22	！！！大区41 贵州1区角色1开始变换
04:31	！！大区41 贵州1区角色1结束变换
04:35	账号41 贵州1区每日任务完成
04:35	账号41 贵州1区每日任务结束时间： 04:35
04:35	贵州1区-角色1	开始
04:38	超过上架上限
04:40	账号41 贵州1区每日任务结束时间： 04:40
04:40	贵州1区-角色2	开始
04:44	！！！大区41 贵州1区角色2开始扫拍
04:44	扫拍价格: 35000自己上架价格: 0
04:45	扫拍价格: 50000自己上架价格: 0
04:45	扫拍价格: 90000自己上架价格: 0
04:45	扫拍价格: 100000自己上架价格: 0
04:45	扫拍价格: 165695自己上架价格: 0
04:45	扫拍价格: 165699自己上架价格: 0
04:45	扫拍价格: 133333自己上架价格: 0
04:45	扫拍价格: 133333自己上架价格: 0
04:45	扫拍价格: 133333自己上架价格: 0
04:45	扫拍价格: 133333自己上架价格: 0
04:45	扫拍价格: 133333自己上架价格: 0
04:45	扫拍价格: 133333自己上架价格: 0
04:45	扫拍价格: 141922自己上架价格: 0
04:45	扫拍价格: 133333自己上架价格: 0
04:45	扫拍价格: 133333自己上架价格: 0
04:45	扫拍价格: 133333自己上架价格: 0
04:45	扫拍价格: 133333自己上架价格: 0
04:46	扫拍价格: 133333自己上架价格: 0
04:46	扫拍价格: 133333自己上架价格: 0
04:46	扫拍价格: 141922自己上架价格: 0
04:46	扫拍价格: 133333自己上架价格: 0
04:46	扫拍价格: 133333自己上架价格: 0
04:46	扫拍价格: 133333自己上架价格: 0
04:46	扫拍价格: 133333自己上架价格: 0
04:46	扫拍价格: 133333自己上架价格: 0
04:46	扫拍价格: 133333自己上架价格: 0
04:46	扫拍价格: 141922自己上架价格: 0
04:47	扫拍价格: 152323自己上架价格: 115000
04:47	扫拍价格: 193202自己上架价格: 0
04:47	扫拍价格: 611111自己上架价格: 110000
04:48	扫拍价格: 111515自己上架价格: 0
04:48	扫拍价格: 151515自己上架价格: 0
04:48	扫拍价格: 151515自己上架价格: 0
04:48	扫拍价格: 151515自己上架价格: 0
04:48	扫拍价格: 200000自己上架价格: 195000
04:48	扫拍价格: 255000自己上架价格: 189984
04:49	！！！大区41 贵州1区角色2结束扫拍
04:49	！！！大区41 贵州1区角色2开始变换
04:51	！！大区41 贵州1区角色2结束变换
04:51	账号41 贵州1区每日任务结束时间： 04:51
04:52	贵州1区-角色2	开始
04:55	账号41 贵州1区每日任务结束时间： 04:55
04:55	贵州1区-角色3	开始
04:58	！！！大区41 贵州1区角色3开始扫拍
04:59	扫拍价格: 40000自己上架价格: 0
04:59	扫拍价格: 46260自己上架价格: 0
04:59	扫拍价格: 92000自己上架价格: 0
04:59	扫拍价格: 146260自己上架价格: 0
04:59	扫拍价格: 146260自己上架价格: 0
05:00	扫拍价格: 146260自己上架价格: 0
05:00	扫拍价格: 146260自己上架价格: 0
05:00	扫拍价格: 146260自己上架价格: 0
05:00	扫拍价格: 146260自己上架价格: 0
05:00	扫拍价格: 850000自己上架价格: 403800
05:00	扫拍价格: 68130自己上架价格: 0
05:01	扫拍价格: 83498自己上架价格: 115000
05:01	扫拍价格: 86813自己上架价格: 0
05:01	扫拍价格: 86813自己上架价格: 0
05:01	扫拍价格: 86813自己上架价格: 0
05:01	扫拍价格: 86813自己上架价格: 0
05:01	扫拍价格: 105990自己上架价格: 115072
05:01	扫拍价格: 111110自己上架价格: 115000
05:01	扫拍价格: 126255自己上架价格: 115512
05:01	扫拍价格: 186813自己上架价格: 0
05:02	扫拍价格: 888888自己上架价格: 250200
05:02	扫拍价格: 911111自己上架价格: 128400
05:02	扫拍价格: 911111自己上架价格: 0
05:02	扫拍价格: 911111自己上架价格: 110000
05:03	扫拍价格: 129250自己上架价格: 0
05:03	扫拍价格: 611111自己上架价格: 115032
05:04	扫拍价格: 65555自己上架价格: 0
05:04	扫拍价格: 103561自己上架价格: 0
05:04	扫拍价格: 103561自己上架价格: 0
05:05	扫拍价格: 118633自己上架价格: 0
05:05	扫拍价格: 118633自己上架价格: 0
05:06	扫拍价格: 86666自己上架价格: 0
05:06	扫拍价格: 86666自己上架价格: 0
05:06	扫拍价格: 86666自己上架价格: 0
05:06	扫拍价格: 86666自己上架价格: 0
05:06	扫拍价格: 86666自己上架价格: 0
05:06	扫拍价格: 158935自己上架价格: 0
05:06	扫拍价格: 158935自己上架价格: 0
05:07	扫拍价格: 611111自己上架价格: 110000
05:07	扫拍价格: 611111自己上架价格: 110000
05:07	扫拍价格: 40000自己上架价格: 0
05:07	扫拍价格: 80113自己上架价格: 0
05:07	扫拍价格: 80113自己上架价格: 0
05:07	扫拍价格: 80113自己上架价格: 0
05:07	扫拍价格: 80113自己上架价格: 0
05:07	扫拍价格: 80113自己上架价格: 0
05:08	扫拍价格: 117630自己上架价格: 0
05:08	扫拍价格: 179758自己上架价格: 110000
05:08	扫拍价格: 500000自己上架价格: 530200
05:09	扫拍价格: 117536自己上架价格: 0
05:09	扫拍价格: 147536自己上架价格: 0
05:10	扫拍价格: 40000自己上架价格: 0
05:10	扫拍价格: 46260自己上架价格: 0
05:10	扫拍价格: 92000自己上架价格: 0
05:10	扫拍价格: 146260自己上架价格: 0
05:10	扫拍价格: 146260自己上架价格: 0
05:11	扫拍价格: 146260自己上架价格: 0
05:11	扫拍价格: 146260自己上架价格: 0
05:11	扫拍价格: 146260自己上架价格: 0
05:11	扫拍价格: 146260自己上架价格: 0
05:11	扫拍价格: 850000自己上架价格: 403800
05:11	扫拍价格: 68130自己上架价格: 0
05:11	扫拍价格: 83498自己上架价格: 115000
05:11	扫拍价格: 86813自己上架价格: 0
05:11	扫拍价格: 86813自己上架价格: 0
05:11	扫拍价格: 86813自己上架价格: 0
05:11	扫拍价格: 86813自己上架价格: 0
05:11	扫拍价格: 105990自己上架价格: 115072
05:12	扫拍价格: 111110自己上架价格: 115000
05:12	扫拍价格: 126255自己上架价格: 115512
05:12	扫拍价格: 186813自己上架价格: 0
05:12	扫拍价格: 888888自己上架价格: 250200
05:12	扫拍价格: 911111自己上架价格: 128400
05:12	扫拍价格: 911111自己上架价格: 0
05:12	扫拍价格: 911111自己上架价格: 110000
05:12	扫拍价格: 1111111自己上架价格: 110000
05:12	！！！大区41 贵州1区角色3结束扫拍
05:12	！！！大区41 贵州1区角色3开始变换
05:14	！！大区41 贵州1区角色3结束变换
05:14	账号41 贵州1区每日任务结束时间： 05:14
05:14	贵州1区-角色3	开始
05:20	账号41 贵州1区每日任务结束时间： 05:20
05:20	贵州1区-角色4	开始
05:30	！！！大区41 贵州1区角色4开始扫拍
05:30	！！！大区41 贵州1区角色4结束扫拍
05:30	！！！大区41 贵州1区角色4开始变换
05:49	！！大区41 贵州1区角色4结束变换
05:49	账号41 贵州1区每日任务结束时间： 05:49
05:49	贵州1区-角色4	开始
05:59	超过上架上限
06:01	账号41 贵州1区每日任务结束时间： 06:01
06:01	贵州1区-角色5	开始
06:05	超过上架上限
06:06	重新开始登陆
06:13	账号42 四川6区每日任务开始时间： 06:13
06:14	账号42角色1 每日任务换角色出错
06:14	重新开始登陆
06:19	账号42 四川6区每日任务开始时间： 06:19
06:28	账号42 四川6区每日任务完成
06:28	账号42 四川6区每日任务结束时间： 06:28
06:28	四川6区-角色1	开始
06:34	超过上架上限
06:35	账号42 四川6区每日任务结束时间： 06:35
06:35	四川6区-角色2	开始
06:40	！！！大区42 四川6区角色2开始扫拍
06:40	！！！大区42 四川6区角色2结束扫拍
06:40	！！！大区42 四川6区角色2开始变换
06:42	！！大区42 四川6区角色2结束变换
06:42	账号42 四川6区每日任务结束时间： 06:42
06:42	四川6区-角色2	开始
06:44	账号42 四川6区每日任务结束时间： 06:44
06:44	四川6区-角色3	开始
06:50	！！！大区42 四川6区角色3开始扫拍
06:52	扫拍价格: 211838自己上架价格: 0
06:52	扫拍价格: 211838自己上架价格: 0
06:52	！！！大区42 四川6区角色3结束扫拍
06:52	！！！大区42 四川6区角色3开始变换
06:54	！！大区42 四川6区角色3结束变换
06:54	账号42 四川6区每日任务结束时间： 06:54
06:54	四川6区-角色3	开始
06:57	账号42 四川6区每日任务结束时间： 06:57
06:57	四川6区-角色4	开始
07:01	！！！大区42 四川6区角色4开始扫拍
07:01	扫拍价格: 59700自己上架价格: 0
07:02	扫拍价格: 51081自己上架价格: 0
07:02	扫拍价格: 51082自己上架价格: 0
07:03	扫拍价格: 51583自己上架价格: 0
07:03	扫拍价格: 51584自己上架价格: 0
07:05	扫拍价格: 50000自己上架价格: 0
07:05	扫拍价格: 55555自己上架价格: 0
07:05	扫拍价格: 68750自己上架价格: 0
07:05	扫拍价格: 70000自己上架价格: 0
07:05	扫拍价格: 100000自己上架价格: 0
07:05	扫拍价格: 120000自己上架价格: 113200
07:05	扫拍价格: 200000自己上架价格: 194600
07:05	扫拍价格: 268750自己上架价格: 0
07:05	扫拍价格: 268750自己上架价格: 0
07:05	扫拍价格: 268750自己上架价格: 0
07:05	扫拍价格: 268750自己上架价格: 0
07:05	扫拍价格: 555555自己上架价格: 0
07:06	扫拍价格: 50000自己上架价格: 0
07:06	扫拍价格: 67000自己上架价格: 0
07:06	扫拍价格: 147573自己上架价格: 0
07:06	扫拍价格: 147573自己上架价格: 0
07:06	扫拍价格: 147573自己上架价格: 0
07:06	扫拍价格: 147573自己上架价格: 0
07:06	扫拍价格: 147573自己上架价格: 0
07:07	扫拍价格: 234459自己上架价格: 0
07:07	扫拍价格: 234459自己上架价格: 0
07:07	扫拍价格: 234459自己上架价格: 0
07:07	扫拍价格: 234459自己上架价格: 0
07:07	扫拍价格: 234459自己上架价格: 0
07:07	扫拍价格: 234459自己上架价格: 0
07:07	扫拍价格: 234459自己上架价格: 0
07:08	！！！大区42 四川6区角色4结束扫拍
07:08	！！！大区42 四川6区角色4开始变换
07:11	！！大区42 四川6区角色4结束变换
07:11	账号42 四川6区每日任务结束时间： 07:11
07:11	四川6区-角色4	开始
07:15	超过上架上限
07:17	账号42 四川6区每日任务结束时间： 07:17
07:17	四川6区-角色5	开始
07:20	！！！大区42 四川6区角色5开始扫拍
07:22	扫拍价格: 98797自己上架价格: 0
07:22	扫拍价格: 98798自己上架价格: 0
07:22	扫拍价格: 98897自己上架价格: 0
07:22	扫拍价格: 98898自己上架价格: 0
07:22	扫拍价格: 106807自己上架价格: 0
07:22	扫拍价格: 106808自己上架价格: 0
07:22	扫拍价格: 106816自己上架价格: 0
07:22	扫拍价格: 106816自己上架价格: 0
07:22	扫拍价格: 106816自己上架价格: 0
07:22	扫拍价格: 44584自己上架价格: 0
07:23	！！！大区42 四川6区角色5结束扫拍
07:23	！！！大区42 四川6区角色5开始变换
07:32	！！大区42 四川6区角色5结束变换
07:32	账号42 四川6区每日任务结束时间： 07:32
07:33	四川6区-角色5	开始
07:37	超过上架上限
07:38	重新开始登陆
07:43	账号40 上海3区每日任务开始时间： 07:43
07:54	账号40 上海3区每日任务完成
07:55	账号40 上海3区每日任务结束时间： 07:55
07:55	上海3区-角色1	开始
07:59	超过上架上限
08:01	账号40 上海3区每日任务结束时间： 08:01
08:01	上海3区-角色2	开始
08:07	！！！大区40 上海3区角色2开始扫拍
08:08	扫拍价格: 80000自己上架价格: 0
08:09	扫拍价格: 102855自己上架价格: 0
08:09	扫拍价格: 211111自己上架价格: 110000
08:09	扫拍价格: 80412自己上架价格: 0
08:10	扫拍价格: 80000自己上架价格: 0
08:10	扫拍价格: 118099自己上架价格: 0
08:10	扫拍价格: 118099自己上架价格: 0
08:10	扫拍价格: 178099自己上架价格: 0
08:11	扫拍价格: 311111自己上架价格: 115000
08:11	扫拍价格: 50000自己上架价格: 0
08:11	扫拍价格: 50000自己上架价格: 0
08:11	扫拍价格: 60000自己上架价格: 0
08:11	扫拍价格: 154961自己上架价格: 0
08:11	扫拍价格: 154961自己上架价格: 0
08:11	扫拍价格: 154961自己上架价格: 0
08:12	扫拍价格: 154961自己上架价格: 0
08:12	扫拍价格: 154961自己上架价格: 0
08:13	扫拍价格: 38888自己上架价格: 0
08:13	扫拍价格: 50000自己上架价格: 0
08:13	！！！大区40 上海3区角色2结束扫拍
08:13	！！！大区40 上海3区角色2开始变换
08:16	！！大区40 上海3区角色2结束变换
08:16	账号40 上海3区每日任务结束时间： 08:16
08:16	上海3区-角色2	开始
08:20	账号40 上海3区每日任务结束时间： 08:20
08:20	上海3区-角色3	开始
08:27	！！！大区40 上海3区角色3开始扫拍
08:27	！！！大区40 上海3区角色3结束扫拍
08:27	！！！大区40 上海3区角色3开始变换
08:30	！！大区40 上海3区角色3结束变换
08:30	账号40 上海3区每日任务结束时间： 08:30
08:30	上海3区-角色3	开始
08:33	超过上架上限
08:34	账号40 上海3区每日任务结束时间： 08:34
08:34	上海3区-角色4	开始
08:41	！！！大区40 上海3区角色4开始扫拍
08:41	扫拍价格: 112383自己上架价格: 149200
08:41	扫拍价格: 128456自己上架价格: 0
08:41	扫拍价格: 129102自己上架价格: 0
08:42	扫拍价格: 311111自己上架价格: 122200
08:42	！！！大区40 上海3区角色4结束扫拍
08:42	！！！大区40 上海3区角色4开始变换
08:45	！！大区40 上海3区角色4结束变换
08:45	账号40 上海3区每日任务结束时间： 08:45
08:45	上海3区-角色4	开始
08:47	账号40 上海3区每日任务结束时间： 08:47
08:47	上海3区-角色5	开始
08:52	超过上架上限
08:53	重新开始登陆
08:59	账号41 贵州1区每日任务开始时间： 08:59
09:04	账号41 贵州1区每日任务完成
09:05	账号41 贵州1区每日任务结束时间： 09:05
09:05	贵州1区-角色1	开始
09:08	！！！大区41 贵州1区角色1开始扫拍
09:08	扫拍价格: 49483自己上架价格: 0
09:08	扫拍价格: 49484自己上架价格: 0
09:08	扫拍价格: 49485自己上架价格: 0
09:08	扫拍价格: 49734自己上架价格: 0
09:08	扫拍价格: 49735自己上架价格: 0
09:09	扫拍价格: 49736自己上架价格: 0
09:09	扫拍价格: 49737自己上架价格: 0
09:09	扫拍价格: 49738自己上架价格: 0
09:09	扫拍价格: 49984自己上架价格: 0
09:09	扫拍价格: 49985自己上架价格: 0
09:09	扫拍价格: 49986自己上架价格: 0
09:09	扫拍价格: 49987自己上架价格: 0
09:09	扫拍价格: 49988自己上架价格: 0
09:09	扫拍价格: 49989自己上架价格: 0
09:09	扫拍价格: 49990自己上架价格: 0
09:09	扫拍价格: 49991自己上架价格: 0
09:09	扫拍价格: 49992自己上架价格: 0
09:09	扫拍价格: 49993自己上架价格: 0
09:09	扫拍价格: 49994自己上架价格: 0
09:09	扫拍价格: 49995自己上架价格: 0
09:09	扫拍价格: 49996自己上架价格: 0
09:09	扫拍价格: 49997自己上架价格: 0
09:09	扫拍价格: 49998自己上架价格: 0
09:09	扫拍价格: 54318自己上架价格: 0
09:09	扫拍价格: 54319自己上架价格: 0
09:09	扫拍价格: 54320自己上架价格: 0
09:09	扫拍价格: 54321自己上架价格: 0
09:09	扫拍价格: 61366自己上架价格: 0
09:09	扫拍价格: 105923自己上架价格: 0
09:10	扫拍价格: 145555自己上架价格: 0
09:10	扫拍价格: 149999自己上架价格: 0
09:14	重新开始登陆
09:21	选频道出错
09:21	重新开始登陆
09:28	金币取仓失败
09:28	账号41 贵州1区每日任务开始时间： 09:28
09:29	！！！大区41 贵州1区角色1开始扫拍
09:29	！！！大区41 贵州1区角色1结束扫拍
09:29	！！！大区41 贵州1区角色1开始变换
09:30	打开物品栏并整理失败-变换前失败
09:30	打开物品栏并整理失败-变换前失败
09:30	由于变换前操作失败导致变换失败
09:31	打开物品栏并整理失败-变换前失败
09:31	打开物品栏并整理失败-变换前失败
09:31	由于变换前操作失败导致变换失败
09:32	打开物品栏并整理失败-变换前失败
09:32	打开物品栏并整理失败-变换前失败
09:32	由于变换前操作失败导致变换失败
09:32	打开物品栏并整理失败-变换前失败
09:33	打开物品栏并整理失败-变换前失败
09:33	由于变换前操作失败导致变换失败
09:33	打开物品栏并整理失败-变换前失败
09:33	打开物品栏并整理失败-变换前失败
09:33	由于变换前操作失败导致变换失败
09:33	！！！大区41 贵州1区角色1变换次数过多，重新登录
09:33	重新开始登陆
09:38	账号41 贵州1区每日任务开始时间： 09:38
09:38	！！！大区41 贵州1区角色1开始变换
09:40	！！大区41 贵州1区角色1结束变换
09:40	账号41 贵州1区每日任务结束时间： 09:40
09:41	贵州1区-角色1	开始
09:41	打开物品栏并整理失败-变换前失败
09:42	上架出错，下一个角色
09:44	账号41角色2 换角色出错
09:44	重新开始登陆
09:49	账号41 贵州1区每日任务开始时间： 09:49
09:49	账号41 贵州1区每日任务结束时间： 09:49
09:49	贵州1区-角色2	开始
09:52	！！！大区41 贵州1区角色2开始扫拍
09:52	！！！大区41 贵州1区角色2结束扫拍
09:52	！！！大区41 贵州1区角色2开始变换
10:00	！！大区41 贵州1区角色2结束变换
10:00	账号41 贵州1区每日任务结束时间： 10:00
10:00	贵州1区-角色2	开始
10:04	账号41 贵州1区每日任务结束时间： 10:04
10:04	贵州1区-角色3	开始
10:08	！！！大区41 贵州1区角色3开始扫拍
10:15	！！！大区41 贵州1区角色3结束扫拍
10:15	！！！大区41 贵州1区角色3开始变换
10:22	！！大区41 贵州1区角色3结束变换
10:22	账号41 贵州1区每日任务结束时间： 10:22
10:22	贵州1区-角色3	开始
10:26	账号41 贵州1区每日任务结束时间： 10:26
10:26	贵州1区-角色4	开始
10:28	超过上架上限
10:30	账号41 贵州1区每日任务结束时间： 10:30
10:30	贵州1区-角色5	开始
10:34	！！！大区41 贵州1区角色5开始扫拍
10:34	！！！大区41 贵州1区角色5结束扫拍
10:34	！！！大区41 贵州1区角色5开始变换
10:36	！！大区41 贵州1区角色5结束变换
10:36	账号41 贵州1区每日任务结束时间： 10:36
10:36	贵州1区-角色5	开始
10:37	超过上架上限
10:38	重新开始登陆
10:43	账号42 四川6区每日任务开始时间： 10:43
10:43	账号42 四川6区每日任务结束时间： 10:43
10:43	四川6区-角色1	开始
10:45	超过上架上限
17:31	重新开始登陆
17:35	账号41 角色1
17:36	金币存仓失败
17:36	金币存仓失败
17:36	魔力结晶存仓失败
17:36	金币存仓失败
17:36	金币存仓失败
17:36	金币存仓失败
17:36	魔力结晶存仓失败
17:37	重新开始登陆
17:40	登录失败
17:40	重新开始登陆
17:46	账号41 角色2
17:46	金币存仓失败
17:46	金币存仓失败
17:47	金币存仓失败
17:47	魔力结晶存仓失败
17:47	金币存仓失败
17:47	金币存仓失败
17:47	金币存仓失败
17:47	魔力结晶存仓失败
17:47	重新开始登陆
17:57	重新开始登陆
18:01	账号41 角色3
18:06	重新开始登陆
18:09	账号41 角色4
18:11	账号41 角色5
18:12	金币存仓失败
18:12	金币存仓失败
18:12	魔力结晶存仓失败
18:12	金币存仓失败
18:12	金币存仓失败
18:12	金币存仓失败
18:12	魔力结晶存仓失败
18:12	重新开始登陆
18:18	账号42 角色1
18:20	账号42 角色2
18:21	金币存仓失败
18:21	魔力结晶存仓失败
18:21	金币存仓失败
18:21	金币存仓失败
18:21	金币存仓失败
18:22	魔力结晶存仓失败
18:22	重新开始登陆
18:26	账号42 角色3
18:27	金币存仓失败
18:27	金币存仓失败
18:27	魔力结晶存仓失败
18:27	金币存仓失败
18:27	金币存仓失败
18:27	金币存仓失败
18:27	魔力结晶存仓失败
18:28	重新开始登陆
18:32	账号42 角色4
18:33	账号42 角色5
18:35	重新开始登陆
18:39	账号40 角色1
18:41	魔力结晶存仓失败
18:42	魔力结晶存仓失败
18:43	账号40 角色2
18:43	金币存仓失败
18:43	金币存仓失败
18:43	魔力结晶存仓失败
18:44	金币存仓失败
18:44	金币存仓失败
18:44	金币存仓失败
18:44	魔力结晶存仓失败
18:44	重新开始登陆
18:48	账号40 角色3
18:49	金币存仓失败
18:50	魔力结晶存仓失败
18:51	金币存仓失败
18:51	魔力结晶存仓失败
18:51	账号40 角色4
18:52	魔力结晶存仓失败
18:52	金币取仓失败
18:52	金币取仓失败
18:52	金币取仓失败
18:52	魔力结晶存仓失败
18:52	重新开始登陆
18:57	账号40 角色5
18:58	金币存仓失败
18:59	魔力结晶存仓失败
19:00	金币存仓失败
19:00	魔力结晶存仓失败
19:00	重新开始登陆
19:04	账号41 角色1
19:04	金币存仓失败
19:05	金币存仓失败
19:05	魔力结晶存仓失败
19:05	金币存仓失败
19:05	金币存仓失败
19:05	金币存仓失败
19:05	魔力结晶存仓失败
19:06	重新开始登陆
19:12	账号41 角色2
19:12	金币存仓失败
19:12	金币存仓失败
19:13	魔力结晶存仓失败
19:13	金币存仓失败
19:13	金币存仓失败
19:13	金币存仓失败
19:13	魔力结晶存仓失败
19:13	重新开始登陆
19:17	账号41 角色3
19:19	账号41 角色4
19:20	魔力结晶存仓失败
19:21	魔力结晶存仓失败
19:21	账号41 角色5
19:22	金币存仓失败
19:22	金币存仓失败
19:22	金币存仓失败
19:22	魔力结晶存仓失败
19:22	金币存仓失败
19:22	金币存仓失败
19:22	金币存仓失败
19:22	魔力结晶存仓失败
19:22	重新开始登陆
19:26	账号42 角色1
19:28	魔力结晶存仓失败
19:29	魔力结晶存仓失败
19:30	账号42 角色2
19:30	金币存仓失败
19:30	金币存仓失败
19:30	金币存仓失败
19:30	魔力结晶存仓失败
19:30	金币存仓失败
19:30	金币存仓失败
19:30	金币存仓失败
19:30	魔力结晶存仓失败
19:31	重新开始登陆
19:35	账号42 角色3
19:37	账号42 角色4
19:38	魔力结晶存仓失败
19:39	魔力结晶存仓失败
19:39	账号42 角色5
19:41	魔力结晶存仓失败
19:42	魔力结晶存仓失败
19:42	重新开始登陆
19:46	账号40 角色1
19:48	魔力结晶存仓失败
19:49	魔力结晶存仓失败
19:50	账号40 角色2
19:51	金币存仓失败
19:51	魔力结晶存仓失败
19:51	金币存仓失败
19:51	金币存仓失败
19:51	金币存仓失败
19:51	魔力结晶存仓失败
19:52	重新开始登陆
19:55	账号40 角色3
19:57	魔力结晶存仓失败
19:58	魔力结晶存仓失败
19:59	账号40 角色4
20:00	魔力结晶存仓失败
20:01	魔力结晶存仓失败
20:01	重新开始登陆
20:04	账号40 角色5
20:06	魔力结晶存仓失败
20:08	魔力结晶存仓失败
20:08	重新开始登陆
20:17	重新开始登陆
20:21	账号41 角色1
20:24	账号41 角色2
20:26	账号41 角色3
20:28	魔力结晶存仓失败
20:29	魔力结晶存仓失败
20:30	账号41 角色4
20:30	魔力结晶存仓失败
20:31	魔力结晶存仓失败
20:32	账号41 角色5
20:33	重新开始登陆
20:37	账号42 角色1
20:39	魔力结晶存仓失败
20:40	魔力结晶存仓失败
20:41	账号42 角色2
20:43	账号42 角色3
20:45	魔力结晶存仓失败
20:46	魔力结晶存仓失败
20:47	账号42 角色4
20:48	魔力结晶存仓失败
21:04	重新开始登陆
21:08	账号41 角色1开始清理
21:13	魔力结晶存仓失败
21:15	魔力结晶存仓失败
21:18	重新开始登陆
21:23	账号41 角色2开始清理
21:28	魔力结晶存仓失败
21:30	魔力结晶存仓失败
21:30	账号41 角色3开始清理
21:33	清理失败
21:35	清理失败
21:36	金币存仓失败
21:36	金币存仓失败
21:36	金币存仓失败
21:37	魔力结晶存仓失败
21:37	金币存仓失败
21:37	金币存仓失败
21:37	金币存仓失败
21:37	魔力结晶存仓失败
21:40	重新开始登陆
21:49	重新开始登陆
21:54	账号41 角色4开始清理
22:00	清理失败
22:01	清理失败
22:01	金币取仓失败
22:01	金币取仓失败
22:01	金币取仓失败
22:01	魔力结晶存仓失败
22:01	金币取仓失败
22:01	金币取仓失败
22:01	金币取仓失败
22:01	魔力结晶存仓失败
22:02	重新开始登陆
22:06	账号41 角色5开始清理
22:09	金币存仓失败
22:10	魔力结晶存仓失败
22:10	金币存仓失败
22:10	金币存仓失败
22:10	金币存仓失败
22:10	魔力结晶存仓失败
22:10	重新开始登陆
22:14	账号42 角色1开始清理
22:18	魔力结晶存仓失败
22:18	金币存仓失败
22:18	金币存仓失败
22:18	金币存仓失败
22:18	魔力结晶存仓失败
22:19	重新开始登陆
22:23	账号42 角色2开始清理
22:28	魔力结晶存仓失败
22:29	魔力结晶存仓失败
22:29	账号42 角色3开始清理
22:34	魔力结晶存仓失败
22:35	魔力结晶存仓失败
22:36	账号42 角色4开始清理
22:40	魔力结晶存仓失败
22:41	魔力结晶存仓失败
22:41	账号42 角色5开始清理
22:46	魔力结晶存仓失败
22:47	魔力结晶存仓失败
22:47	重新开始登陆
22:52	账号40 角色1开始清理
22:56	清理失败
22:57	清理失败
22:59	清理失败
22:59	金币存仓失败
22:59	金币存仓失败
23:00	金币存仓失败
23:00	魔力结晶存仓失败
23:00	金币存仓失败
23:00	金币存仓失败
23:00	金币存仓失败
23:01	魔力结晶存仓失败
23:03	重新开始登陆
23:13	重新开始登陆
23:18	账号40 角色2开始清理
