00:07	账号28 江苏3区每日任务开始时间： 00:07
00:09	账号28角色1 每日任务换角色出错
00:09	重新开始登陆
00:17	重新开始登陆
00:26	重新开始登陆
00:37	重新开始登陆
00:43	重新开始登陆
01:00	重新开始登陆
01:18	选频道出错
01:19	重新开始登陆
01:27	重新开始登陆
01:36	重新开始登陆
01:43	金币取仓失败
01:43	账号29 河北2区每日任务开始时间： 01:43
01:45	账号29角色1 每日任务换角色出错
01:45	重新开始登陆
01:46	重新开始登陆
01:56	重新开始登陆
02:02	登录失败
02:02	重新开始登陆
02:15	选频道出错
02:15	重新开始登陆
02:31	重新开始登陆
02:46	金币取仓失败
02:46	账号29 河北2区每日任务开始时间： 02:46
02:47	账号29角色1 每日任务换角色出错
02:47	重新开始登陆
02:55	重新开始登陆
03:05	重新开始登陆
03:11	登录失败
03:11	重新开始登陆
03:26	重新开始登陆
03:42	重新开始登陆
03:59	账号29 河北2区每日任务开始时间： 03:59
04:08	账号29 河北2区每日任务完成
04:08	账号29 河北2区每日任务结束时间： 04:08
04:08	河北2区-角色1	开始
04:20	！！！大区29 河北2区角色1开始扫拍
04:20	！！！大区29 河北2区角色1结束扫拍
04:20	！！！大区29 河北2区角色1开始变换
04:23	！！大区29 河北2区角色1结束变换
04:26	账号29 河北2区每日任务完成
04:27	账号29 河北2区每日任务结束时间： 04:27
04:27	河北2区-角色1	开始
04:33	！！！大区29 河北2区角色1开始扫拍
04:33	！！！大区29 河北2区角色1结束扫拍
04:33	！！！大区29 河北2区角色1开始变换
04:35	！！大区29 河北2区角色1结束变换
04:38	账号29 河北2区每日任务完成
04:39	账号29 河北2区每日任务结束时间： 04:39
04:39	河北2区-角色1	开始
04:41	！！！大区29 河北2区角色1开始扫拍
04:41	！！！大区29 河北2区角色1结束扫拍
04:41	！！！大区29 河北2区角色1开始变换
04:43	！！大区29 河北2区角色1结束变换
04:47	账号29 河北2区每日任务完成
04:47	账号29 河北2区每日任务结束时间： 04:47
04:47	河北2区-角色1	开始
04:50	！！！大区29 河北2区角色1开始扫拍
04:50	！！！大区29 河北2区角色1结束扫拍
04:50	！！！大区29 河北2区角色1开始变换
04:52	！！大区29 河北2区角色1结束变换
04:56	账号29 河北2区每日任务完成
04:56	账号29 河北2区每日任务结束时间： 04:56
04:56	河北2区-角色1	开始
04:59	！！！大区29 河北2区角色1开始扫拍
04:59	！！！大区29 河北2区角色1结束扫拍
04:59	！！！大区29 河北2区角色1开始变换
05:00	！！大区29 河北2区角色1结束变换
05:04	账号29 河北2区每日任务完成
05:05	账号29 河北2区每日任务结束时间： 05:05
05:05	河北2区-角色1	开始
05:07	！！！大区29 河北2区角色1开始扫拍
05:07	！！！大区29 河北2区角色1结束扫拍
05:07	！！！大区29 河北2区角色1开始变换
05:09	！！大区29 河北2区角色1结束变换
05:13	账号29 河北2区每日任务完成
05:13	账号29 河北2区每日任务结束时间： 05:13
05:13	河北2区-角色1	开始
05:16	！！！大区29 河北2区角色1开始扫拍
05:16	！！！大区29 河北2区角色1结束扫拍
05:16	！！！大区29 河北2区角色1开始变换
05:18	！！大区29 河北2区角色1结束变换
05:21	账号29 河北2区每日任务完成
05:22	账号29 河北2区每日任务结束时间： 05:22
05:22	河北2区-角色1	开始
05:24	！！！大区29 河北2区角色1开始扫拍
05:24	！！！大区29 河北2区角色1结束扫拍
05:24	！！！大区29 河北2区角色1开始变换
05:26	！！大区29 河北2区角色1结束变换
05:30	账号29 河北2区每日任务完成
05:30	账号29 河北2区每日任务结束时间： 05:30
05:30	河北2区-角色1	开始
05:33	！！！大区29 河北2区角色1开始扫拍
05:33	！！！大区29 河北2区角色1结束扫拍
05:33	！！！大区29 河北2区角色1开始变换
05:35	！！大区29 河北2区角色1结束变换
05:38	账号29 河北2区每日任务完成
05:39	账号29 河北2区每日任务结束时间： 05:39
05:39	河北2区-角色1	开始
05:42	！！！大区29 河北2区角色1开始扫拍
05:42	！！！大区29 河北2区角色1结束扫拍
05:42	！！！大区29 河北2区角色1开始变换
05:43	！！大区29 河北2区角色1结束变换
05:47	账号29 河北2区每日任务完成
05:48	账号29 河北2区每日任务结束时间： 05:48
05:48	河北2区-角色1	开始
05:50	！！！大区29 河北2区角色1开始扫拍
05:50	！！！大区29 河北2区角色1结束扫拍
05:50	！！！大区29 河北2区角色1开始变换
05:52	！！大区29 河北2区角色1结束变换
06:00	账号29 河北2区每日任务完成
06:01	账号29 河北2区每日任务结束时间： 06:01
06:01	河北2区-角色1	开始
06:03	！！！大区29 河北2区角色1开始扫拍
06:03	！！！大区29 河北2区角色1结束扫拍
06:03	！！！大区29 河北2区角色1开始变换
06:05	！！大区29 河北2区角色1结束变换
06:10	账号29角色1 每日任务换角色出错
06:10	重新开始登陆
06:16	账号29 河北2区每日任务开始时间： 06:16
06:16	账号29 河北2区每日任务完成
06:17	账号29 河北2区每日任务结束时间： 06:17
06:17	河北2区-角色1	开始
06:19	！！！大区29 河北2区角色1开始扫拍
06:19	！！！大区29 河北2区角色1结束扫拍
06:19	！！！大区29 河北2区角色1开始变换
06:21	！！大区29 河北2区角色1结束变换
06:25	账号29 河北2区每日任务完成
06:26	账号29 河北2区每日任务结束时间： 06:26
06:26	河北2区-角色1	开始
06:28	！！！大区29 河北2区角色1开始扫拍
06:28	！！！大区29 河北2区角色1结束扫拍
06:28	！！！大区29 河北2区角色1开始变换
06:30	！！大区29 河北2区角色1结束变换
06:34	账号29 河北2区每日任务完成
06:34	账号29 河北2区每日任务结束时间： 06:34
06:34	河北2区-角色1	开始
06:37	！！！大区29 河北2区角色1开始扫拍
06:37	！！！大区29 河北2区角色1结束扫拍
06:37	！！！大区29 河北2区角色1开始变换
06:39	！！大区29 河北2区角色1结束变换
06:43	账号29 河北2区每日任务完成
06:43	账号29 河北2区每日任务结束时间： 06:43
06:43	河北2区-角色1	开始
06:46	！！！大区29 河北2区角色1开始扫拍
06:46	！！！大区29 河北2区角色1结束扫拍
06:46	！！！大区29 河北2区角色1开始变换
06:48	！！大区29 河北2区角色1结束变换
06:52	账号29 河北2区每日任务完成
06:52	账号29 河北2区每日任务结束时间： 06:52
06:52	河北2区-角色1	开始
06:55	！！！大区29 河北2区角色1开始扫拍
06:55	！！！大区29 河北2区角色1结束扫拍
06:55	！！！大区29 河北2区角色1开始变换
06:57	！！大区29 河北2区角色1结束变换
07:01	账号29 河北2区每日任务完成
07:01	账号29 河北2区每日任务结束时间： 07:01
07:01	河北2区-角色1	开始
07:04	！！！大区29 河北2区角色1开始扫拍
07:04	！！！大区29 河北2区角色1结束扫拍
07:04	！！！大区29 河北2区角色1开始变换
07:06	！！大区29 河北2区角色1结束变换
07:10	账号29 河北2区每日任务完成
07:10	账号29 河北2区每日任务结束时间： 07:10
07:10	河北2区-角色1	开始
07:13	！！！大区29 河北2区角色1开始扫拍
07:13	！！！大区29 河北2区角色1结束扫拍
07:13	！！！大区29 河北2区角色1开始变换
07:15	！！大区29 河北2区角色1结束变换
07:19	账号29 河北2区每日任务完成
07:19	账号29 河北2区每日任务结束时间： 07:19
07:19	河北2区-角色1	开始
07:22	！！！大区29 河北2区角色1开始扫拍
07:22	！！！大区29 河北2区角色1结束扫拍
07:22	！！！大区29 河北2区角色1开始变换
07:24	！！大区29 河北2区角色1结束变换
07:28	账号29 河北2区每日任务完成
07:28	账号29 河北2区每日任务结束时间： 07:28
07:28	河北2区-角色1	开始
07:31	！！！大区29 河北2区角色1开始扫拍
07:31	！！！大区29 河北2区角色1结束扫拍
07:31	！！！大区29 河北2区角色1开始变换
07:33	！！大区29 河北2区角色1结束变换
07:36	账号29 河北2区每日任务完成
07:37	账号29 河北2区每日任务结束时间： 07:37
07:37	河北2区-角色1	开始
07:40	！！！大区29 河北2区角色1开始扫拍
07:40	！！！大区29 河北2区角色1结束扫拍
07:40	！！！大区29 河北2区角色1开始变换
07:41	！！大区29 河北2区角色1结束变换
07:45	账号29 河北2区每日任务完成
07:46	账号29 河北2区每日任务结束时间： 07:46
07:46	河北2区-角色1	开始
07:48	！！！大区29 河北2区角色1开始扫拍
07:48	！！！大区29 河北2区角色1结束扫拍
07:48	！！！大区29 河北2区角色1开始变换
07:50	！！大区29 河北2区角色1结束变换
07:54	账号29 河北2区每日任务完成
07:55	账号29 河北2区每日任务结束时间： 07:55
07:55	河北2区-角色1	开始
07:57	！！！大区29 河北2区角色1开始扫拍
07:57	！！！大区29 河北2区角色1结束扫拍
07:57	！！！大区29 河北2区角色1开始变换
07:59	！！大区29 河北2区角色1结束变换
08:03	账号29 河北2区每日任务完成
08:04	账号29 河北2区每日任务结束时间： 08:04
08:04	河北2区-角色1	开始
08:06	！！！大区29 河北2区角色1开始扫拍
08:06	！！！大区29 河北2区角色1结束扫拍
08:06	！！！大区29 河北2区角色1开始变换
08:08	！！大区29 河北2区角色1结束变换
08:12	账号29 河北2区每日任务完成
08:12	账号29 河北2区每日任务结束时间： 08:12
08:12	河北2区-角色1	开始
08:15	！！！大区29 河北2区角色1开始扫拍
08:15	！！！大区29 河北2区角色1结束扫拍
08:15	！！！大区29 河北2区角色1开始变换
08:17	！！大区29 河北2区角色1结束变换
08:21	账号29 河北2区每日任务完成
08:21	账号29 河北2区每日任务结束时间： 08:21
08:21	河北2区-角色1	开始
08:24	！！！大区29 河北2区角色1开始扫拍
08:24	！！！大区29 河北2区角色1结束扫拍
08:24	！！！大区29 河北2区角色1开始变换
08:26	！！大区29 河北2区角色1结束变换
08:30	账号29 河北2区每日任务完成
08:30	账号29 河北2区每日任务结束时间： 08:30
08:30	河北2区-角色1	开始
08:33	！！！大区29 河北2区角色1开始扫拍
08:33	！！！大区29 河北2区角色1结束扫拍
08:33	！！！大区29 河北2区角色1开始变换
08:35	！！大区29 河北2区角色1结束变换
08:39	账号29 河北2区每日任务完成
08:40	账号29 河北2区每日任务结束时间： 08:40
08:40	河北2区-角色1	开始
08:42	！！！大区29 河北2区角色1开始扫拍
08:42	！！！大区29 河北2区角色1结束扫拍
08:42	！！！大区29 河北2区角色1开始变换
08:44	！！大区29 河北2区角色1结束变换
08:48	账号29 河北2区每日任务完成
08:49	账号29 河北2区每日任务结束时间： 08:49
08:49	河北2区-角色1	开始
08:51	！！！大区29 河北2区角色1开始扫拍
08:51	！！！大区29 河北2区角色1结束扫拍
08:51	！！！大区29 河北2区角色1开始变换
08:53	！！大区29 河北2区角色1结束变换
08:57	账号29 河北2区每日任务完成
08:57	账号29 河北2区每日任务结束时间： 08:57
08:57	河北2区-角色1	开始
09:00	！！！大区29 河北2区角色1开始扫拍
09:00	！！！大区29 河北2区角色1结束扫拍
09:00	！！！大区29 河北2区角色1开始变换
09:02	！！大区29 河北2区角色1结束变换
09:06	账号29 河北2区每日任务完成
09:06	账号29 河北2区每日任务结束时间： 09:06
09:06	河北2区-角色1	开始
09:09	！！！大区29 河北2区角色1开始扫拍
09:09	！！！大区29 河北2区角色1结束扫拍
09:09	！！！大区29 河北2区角色1开始变换
09:11	！！大区29 河北2区角色1结束变换
09:15	账号29 河北2区每日任务完成
09:15	账号29 河北2区每日任务结束时间： 09:15
09:15	河北2区-角色1	开始
09:18	！！！大区29 河北2区角色1开始扫拍
09:18	！！！大区29 河北2区角色1结束扫拍
09:18	！！！大区29 河北2区角色1开始变换
09:20	！！大区29 河北2区角色1结束变换
09:24	账号29 河北2区每日任务完成
09:24	账号29 河北2区每日任务结束时间： 09:24
09:24	河北2区-角色1	开始
09:27	！！！大区29 河北2区角色1开始扫拍
09:27	！！！大区29 河北2区角色1结束扫拍
09:27	！！！大区29 河北2区角色1开始变换
09:29	！！大区29 河北2区角色1结束变换
09:33	账号29 河北2区每日任务完成
09:33	账号29 河北2区每日任务结束时间： 09:33
09:33	河北2区-角色1	开始
09:36	！！！大区29 河北2区角色1开始扫拍
09:36	！！！大区29 河北2区角色1结束扫拍
09:36	！！！大区29 河北2区角色1开始变换
09:38	！！大区29 河北2区角色1结束变换
09:42	账号29 河北2区每日任务完成
09:42	账号29 河北2区每日任务结束时间： 09:42
09:42	河北2区-角色1	开始
09:45	！！！大区29 河北2区角色1开始扫拍
09:45	！！！大区29 河北2区角色1结束扫拍
09:45	！！！大区29 河北2区角色1开始变换
09:47	！！大区29 河北2区角色1结束变换
09:50	账号29 河北2区每日任务完成
09:51	账号29 河北2区每日任务结束时间： 09:51
09:51	河北2区-角色1	开始
09:54	！！！大区29 河北2区角色1开始扫拍
09:54	！！！大区29 河北2区角色1结束扫拍
09:54	！！！大区29 河北2区角色1开始变换
09:55	！！大区29 河北2区角色1结束变换
09:59	账号29 河北2区每日任务完成
10:00	账号29 河北2区每日任务结束时间： 10:00
10:00	河北2区-角色1	开始
10:03	！！！大区29 河北2区角色1开始扫拍
10:03	！！！大区29 河北2区角色1结束扫拍
10:03	！！！大区29 河北2区角色1开始变换
10:04	！！大区29 河北2区角色1结束变换
10:08	账号29 河北2区每日任务完成
10:09	账号29 河北2区每日任务结束时间： 10:09
10:09	河北2区-角色1	开始
10:12	！！！大区29 河北2区角色1开始扫拍
10:12	！！！大区29 河北2区角色1结束扫拍
10:12	！！！大区29 河北2区角色1开始变换
10:13	！！大区29 河北2区角色1结束变换
10:17	账号29 河北2区每日任务完成
10:18	账号29 河北2区每日任务结束时间： 10:18
10:18	河北2区-角色1	开始
10:21	！！！大区29 河北2区角色1开始扫拍
10:21	！！！大区29 河北2区角色1结束扫拍
10:21	！！！大区29 河北2区角色1开始变换
10:22	！！大区29 河北2区角色1结束变换
10:26	账号29 河北2区每日任务完成
10:27	账号29 河北2区每日任务结束时间： 10:27
10:27	河北2区-角色1	开始
10:30	！！！大区29 河北2区角色1开始扫拍
10:30	！！！大区29 河北2区角色1结束扫拍
10:30	！！！大区29 河北2区角色1开始变换
10:31	！！大区29 河北2区角色1结束变换
